[1.575s] DEBUG:colcon:Command line arguments: ['/usr/bin/colcon', 'list', '-p', '--base-paths', '/home/sang/ros2_ws']
[1.575s] DEBUG:colcon:Parsed command line arguments: Namespace(log_base=None, log_level=None, verb_name='list', build_base='build', ignore_user_meta=False, metas=['./colcon.meta'], base_paths=['/home/sang/ros2_ws'], packages_ignore=None, packages_ignore_regex=None, paths=None, packages_up_to=None, packages_up_to_regex=None, packages_above=None, packages_above_and_dependencies=None, packages_above_depth=None, packages_select_by_dep=None, packages_skip_by_dep=None, packages_skip_up_to=None, packages_select_build_failed=False, packages_skip_build_finished=False, packages_select_test_failures=False, packages_skip_test_passed=False, packages_select=None, packages_skip=None, packages_select_regex=None, packages_skip_regex=None, packages_start=None, packages_end=None, allow_overriding=[], topological_order=False, names_only=False, paths_only=True, topological_graph=False, topological_graph_dot=False, topological_graph_density=False, topological_graph_legend=False, topological_graph_dot_cluster=False, topological_graph_dot_include_skipped=False, mixin_files=None, mixin=None, verb_parser=<colcon_mixin.mixin.mixin_argument.MixinArgumentDecorator object at 0x744d69c9d910>, verb_extension=<colcon_package_information.verb.list.ListVerb object at 0x744d69c9cb60>, main=<bound method ListVerb.main of <colcon_package_information.verb.list.ListVerb object at 0x744d69c9cb60>>, mixin_verb=('list',))
[2.447s] Level 1:colcon.colcon_core.package_discovery:discover_packages(colcon_meta) check parameters
[2.447s] Level 1:colcon.colcon_core.package_discovery:discover_packages(recursive) check parameters
[2.447s] Level 1:colcon.colcon_core.package_discovery:discover_packages(ignore) check parameters
[2.462s] Level 1:colcon.colcon_core.package_discovery:discover_packages(path) check parameters
[2.463s] Level 1:colcon.colcon_core.package_discovery:discover_packages(recursive) discover
[2.463s] INFO:colcon.colcon_core.package_discovery:Crawling recursively for packages in '/home/sang/ros2_ws'
[2.463s] Level 1:colcon.colcon_core.package_identification:_identify(/home/sang/ros2_ws) by extensions ['ignore', 'ignore_ament_install']
[2.463s] Level 1:colcon.colcon_core.package_identification:_identify(/home/sang/ros2_ws) by extension 'ignore'
[2.464s] Level 1:colcon.colcon_core.package_identification:_identify(/home/sang/ros2_ws) by extension 'ignore_ament_install'
[2.473s] Level 1:colcon.colcon_core.package_identification:_identify(/home/sang/ros2_ws) by extensions ['colcon_pkg']
[2.473s] Level 1:colcon.colcon_core.package_identification:_identify(/home/sang/ros2_ws) by extension 'colcon_pkg'
[2.474s] Level 1:colcon.colcon_core.package_identification:_identify(/home/sang/ros2_ws) by extensions ['colcon_meta']
[2.474s] Level 1:colcon.colcon_core.package_identification:_identify(/home/sang/ros2_ws) by extension 'colcon_meta'
[2.474s] Level 1:colcon.colcon_core.package_identification:_identify(/home/sang/ros2_ws) by extensions ['ros']
[2.474s] Level 1:colcon.colcon_core.package_identification:_identify(/home/sang/ros2_ws) by extension 'ros'
[2.846s] Level 1:colcon.colcon_core.package_identification:_identify(/home/sang/ros2_ws) by extensions ['cmake', 'python']
[2.846s] Level 1:colcon.colcon_core.package_identification:_identify(/home/sang/ros2_ws) by extension 'cmake'
[2.847s] Level 1:colcon.colcon_core.package_identification:_identify(/home/sang/ros2_ws) by extension 'python'
[2.847s] Level 1:colcon.colcon_core.package_identification:_identify(/home/sang/ros2_ws) by extensions ['python_setup_py']
[2.847s] Level 1:colcon.colcon_core.package_identification:_identify(/home/sang/ros2_ws) by extension 'python_setup_py'
[2.847s] Level 1:colcon.colcon_core.package_identification:_identify(/home/sang/ros2_ws/build) by extensions ['ignore', 'ignore_ament_install']
[2.847s] Level 1:colcon.colcon_core.package_identification:_identify(/home/sang/ros2_ws/build) by extension 'ignore'
[2.859s] Level 1:colcon.colcon_core.package_identification:_identify(/home/sang/ros2_ws/build) ignored
[2.860s] Level 1:colcon.colcon_core.package_identification:_identify(/home/sang/ros2_ws/install) by extensions ['ignore', 'ignore_ament_install']
[2.860s] Level 1:colcon.colcon_core.package_identification:_identify(/home/sang/ros2_ws/install) by extension 'ignore'
[2.860s] Level 1:colcon.colcon_core.package_identification:_identify(/home/sang/ros2_ws/install) ignored
[2.870s] Level 1:colcon.colcon_core.package_identification:_identify(/home/sang/ros2_ws/log) by extensions ['ignore', 'ignore_ament_install']
[2.870s] Level 1:colcon.colcon_core.package_identification:_identify(/home/sang/ros2_ws/log) by extension 'ignore'
[2.874s] Level 1:colcon.colcon_core.package_identification:_identify(/home/sang/ros2_ws/log) ignored
[2.876s] Level 1:colcon.colcon_core.package_identification:_identify(/home/sang/ros2_ws/src) by extensions ['ignore', 'ignore_ament_install']
[2.876s] Level 1:colcon.colcon_core.package_identification:_identify(/home/sang/ros2_ws/src) by extension 'ignore'
[2.877s] Level 1:colcon.colcon_core.package_identification:_identify(/home/sang/ros2_ws/src) by extension 'ignore_ament_install'
[2.877s] Level 1:colcon.colcon_core.package_identification:_identify(/home/sang/ros2_ws/src) by extensions ['colcon_pkg']
[2.885s] Level 1:colcon.colcon_core.package_identification:_identify(/home/sang/ros2_ws/src) by extension 'colcon_pkg'
[2.885s] Level 1:colcon.colcon_core.package_identification:_identify(/home/sang/ros2_ws/src) by extensions ['colcon_meta']
[2.886s] Level 1:colcon.colcon_core.package_identification:_identify(/home/sang/ros2_ws/src) by extension 'colcon_meta'
[2.886s] Level 1:colcon.colcon_core.package_identification:_identify(/home/sang/ros2_ws/src) by extensions ['ros']
[2.886s] Level 1:colcon.colcon_core.package_identification:_identify(/home/sang/ros2_ws/src) by extension 'ros'
[2.886s] Level 1:colcon.colcon_core.package_identification:_identify(/home/sang/ros2_ws/src) by extensions ['cmake', 'python']
[2.887s] Level 1:colcon.colcon_core.package_identification:_identify(/home/sang/ros2_ws/src) by extension 'cmake'
[2.896s] Level 1:colcon.colcon_core.package_identification:_identify(/home/sang/ros2_ws/src) by extension 'python'
[2.896s] Level 1:colcon.colcon_core.package_identification:_identify(/home/sang/ros2_ws/src) by extensions ['python_setup_py']
[2.896s] Level 1:colcon.colcon_core.package_identification:_identify(/home/sang/ros2_ws/src) by extension 'python_setup_py'
[2.898s] Level 1:colcon.colcon_core.package_identification:_identify(/home/sang/ros2_ws/src/ros2_control_demos) by extensions ['ignore', 'ignore_ament_install']
[2.898s] Level 1:colcon.colcon_core.package_identification:_identify(/home/sang/ros2_ws/src/ros2_control_demos) by extension 'ignore'
[2.898s] Level 1:colcon.colcon_core.package_identification:_identify(/home/sang/ros2_ws/src/ros2_control_demos) by extension 'ignore_ament_install'
[2.898s] Level 1:colcon.colcon_core.package_identification:_identify(/home/sang/ros2_ws/src/ros2_control_demos) by extensions ['colcon_pkg']
[2.898s] Level 1:colcon.colcon_core.package_identification:_identify(/home/sang/ros2_ws/src/ros2_control_demos) by extension 'colcon_pkg'
[2.899s] Level 1:colcon.colcon_core.package_identification:_identify(/home/sang/ros2_ws/src/ros2_control_demos) by extensions ['colcon_meta']
[2.899s] Level 1:colcon.colcon_core.package_identification:_identify(/home/sang/ros2_ws/src/ros2_control_demos) by extension 'colcon_meta'
[2.914s] Level 1:colcon.colcon_core.package_identification:_identify(/home/sang/ros2_ws/src/ros2_control_demos) by extensions ['ros']
[2.914s] Level 1:colcon.colcon_core.package_identification:_identify(/home/sang/ros2_ws/src/ros2_control_demos) by extension 'ros'
[2.915s] Level 1:colcon.colcon_core.package_identification:_identify(/home/sang/ros2_ws/src/ros2_control_demos) by extensions ['cmake', 'python']
[2.915s] Level 1:colcon.colcon_core.package_identification:_identify(/home/sang/ros2_ws/src/ros2_control_demos) by extension 'cmake'
[2.915s] Level 1:colcon.colcon_core.package_identification:_identify(/home/sang/ros2_ws/src/ros2_control_demos) by extension 'python'
[2.915s] Level 1:colcon.colcon_core.package_identification:_identify(/home/sang/ros2_ws/src/ros2_control_demos) by extensions ['python_setup_py']
[2.915s] Level 1:colcon.colcon_core.package_identification:_identify(/home/sang/ros2_ws/src/ros2_control_demos) by extension 'python_setup_py'
[2.931s] Level 1:colcon.colcon_core.package_identification:_identify(/home/sang/ros2_ws/src/ros2_control_demos/Dockerfile) by extensions ['ignore', 'ignore_ament_install']
[2.931s] Level 1:colcon.colcon_core.package_identification:_identify(/home/sang/ros2_ws/src/ros2_control_demos/Dockerfile) by extension 'ignore'
[2.932s] Level 1:colcon.colcon_core.package_identification:_identify(/home/sang/ros2_ws/src/ros2_control_demos/Dockerfile) by extension 'ignore_ament_install'
[2.932s] Level 1:colcon.colcon_core.package_identification:_identify(/home/sang/ros2_ws/src/ros2_control_demos/Dockerfile) by extensions ['colcon_pkg']
[2.932s] Level 1:colcon.colcon_core.package_identification:_identify(/home/sang/ros2_ws/src/ros2_control_demos/Dockerfile) by extension 'colcon_pkg'
[2.932s] Level 1:colcon.colcon_core.package_identification:_identify(/home/sang/ros2_ws/src/ros2_control_demos/Dockerfile) by extensions ['colcon_meta']
[2.932s] Level 1:colcon.colcon_core.package_identification:_identify(/home/sang/ros2_ws/src/ros2_control_demos/Dockerfile) by extension 'colcon_meta'
[2.932s] Level 1:colcon.colcon_core.package_identification:_identify(/home/sang/ros2_ws/src/ros2_control_demos/Dockerfile) by extensions ['ros']
[2.932s] Level 1:colcon.colcon_core.package_identification:_identify(/home/sang/ros2_ws/src/ros2_control_demos/Dockerfile) by extension 'ros'
[2.944s] Level 1:colcon.colcon_core.package_identification:_identify(/home/sang/ros2_ws/src/ros2_control_demos/Dockerfile) by extensions ['cmake', 'python']
[2.944s] Level 1:colcon.colcon_core.package_identification:_identify(/home/sang/ros2_ws/src/ros2_control_demos/Dockerfile) by extension 'cmake'
[2.944s] Level 1:colcon.colcon_core.package_identification:_identify(/home/sang/ros2_ws/src/ros2_control_demos/Dockerfile) by extension 'python'
[2.944s] Level 1:colcon.colcon_core.package_identification:_identify(/home/sang/ros2_ws/src/ros2_control_demos/Dockerfile) by extensions ['python_setup_py']
[2.944s] Level 1:colcon.colcon_core.package_identification:_identify(/home/sang/ros2_ws/src/ros2_control_demos/Dockerfile) by extension 'python_setup_py'
[2.945s] Level 1:colcon.colcon_core.package_identification:_identify(/home/sang/ros2_ws/src/ros2_control_demos/doc) by extensions ['ignore', 'ignore_ament_install']
[2.958s] Level 1:colcon.colcon_core.package_identification:_identify(/home/sang/ros2_ws/src/ros2_control_demos/doc) by extension 'ignore'
[2.958s] Level 1:colcon.colcon_core.package_identification:_identify(/home/sang/ros2_ws/src/ros2_control_demos/doc) by extension 'ignore_ament_install'
[2.959s] Level 1:colcon.colcon_core.package_identification:_identify(/home/sang/ros2_ws/src/ros2_control_demos/doc) by extensions ['colcon_pkg']
[2.959s] Level 1:colcon.colcon_core.package_identification:_identify(/home/sang/ros2_ws/src/ros2_control_demos/doc) by extension 'colcon_pkg'
[2.959s] Level 1:colcon.colcon_core.package_identification:_identify(/home/sang/ros2_ws/src/ros2_control_demos/doc) by extensions ['colcon_meta']
[2.959s] Level 1:colcon.colcon_core.package_identification:_identify(/home/sang/ros2_ws/src/ros2_control_demos/doc) by extension 'colcon_meta'
[2.959s] Level 1:colcon.colcon_core.package_identification:_identify(/home/sang/ros2_ws/src/ros2_control_demos/doc) by extensions ['ros']
[2.959s] Level 1:colcon.colcon_core.package_identification:_identify(/home/sang/ros2_ws/src/ros2_control_demos/doc) by extension 'ros'
[2.960s] Level 1:colcon.colcon_core.package_identification:_identify(/home/sang/ros2_ws/src/ros2_control_demos/doc) by extensions ['cmake', 'python']
[2.960s] Level 1:colcon.colcon_core.package_identification:_identify(/home/sang/ros2_ws/src/ros2_control_demos/doc) by extension 'cmake'
[2.975s] Level 1:colcon.colcon_core.package_identification:_identify(/home/sang/ros2_ws/src/ros2_control_demos/doc) by extension 'python'
[2.975s] Level 1:colcon.colcon_core.package_identification:_identify(/home/sang/ros2_ws/src/ros2_control_demos/doc) by extensions ['python_setup_py']
[2.975s] Level 1:colcon.colcon_core.package_identification:_identify(/home/sang/ros2_ws/src/ros2_control_demos/doc) by extension 'python_setup_py'
[2.975s] Level 1:colcon.colcon_core.package_identification:_identify(/home/sang/ros2_ws/src/ros2_control_demos/example_1) by extensions ['ignore', 'ignore_ament_install']
[2.975s] Level 1:colcon.colcon_core.package_identification:_identify(/home/sang/ros2_ws/src/ros2_control_demos/example_1) by extension 'ignore'
[2.976s] Level 1:colcon.colcon_core.package_identification:_identify(/home/sang/ros2_ws/src/ros2_control_demos/example_1) by extension 'ignore_ament_install'
[2.976s] Level 1:colcon.colcon_core.package_identification:_identify(/home/sang/ros2_ws/src/ros2_control_demos/example_1) by extensions ['colcon_pkg']
[2.976s] Level 1:colcon.colcon_core.package_identification:_identify(/home/sang/ros2_ws/src/ros2_control_demos/example_1) by extension 'colcon_pkg'
[2.984s] Level 1:colcon.colcon_core.package_identification:_identify(/home/sang/ros2_ws/src/ros2_control_demos/example_1) by extensions ['colcon_meta']
[2.984s] Level 1:colcon.colcon_core.package_identification:_identify(/home/sang/ros2_ws/src/ros2_control_demos/example_1) by extension 'colcon_meta'
[2.984s] Level 1:colcon.colcon_core.package_identification:_identify(/home/sang/ros2_ws/src/ros2_control_demos/example_1) by extensions ['ros']
[2.984s] Level 1:colcon.colcon_core.package_identification:_identify(/home/sang/ros2_ws/src/ros2_control_demos/example_1) by extension 'ros'
[3.051s] DEBUG:colcon.colcon_core.package_identification:Package '/home/sang/ros2_ws/src/ros2_control_demos/example_1' with type 'ros.ament_cmake' and name 'ros2_control_demo_example_1'
[3.051s] Level 1:colcon.colcon_core.package_identification:_identify(/home/sang/ros2_ws/src/ros2_control_demos/example_10) by extensions ['ignore', 'ignore_ament_install']
[3.051s] Level 1:colcon.colcon_core.package_identification:_identify(/home/sang/ros2_ws/src/ros2_control_demos/example_10) by extension 'ignore'
[3.052s] Level 1:colcon.colcon_core.package_identification:_identify(/home/sang/ros2_ws/src/ros2_control_demos/example_10) by extension 'ignore_ament_install'
[3.052s] Level 1:colcon.colcon_core.package_identification:_identify(/home/sang/ros2_ws/src/ros2_control_demos/example_10) by extensions ['colcon_pkg']
[3.052s] Level 1:colcon.colcon_core.package_identification:_identify(/home/sang/ros2_ws/src/ros2_control_demos/example_10) by extension 'colcon_pkg'
[3.052s] Level 1:colcon.colcon_core.package_identification:_identify(/home/sang/ros2_ws/src/ros2_control_demos/example_10) by extensions ['colcon_meta']
[3.052s] Level 1:colcon.colcon_core.package_identification:_identify(/home/sang/ros2_ws/src/ros2_control_demos/example_10) by extension 'colcon_meta'
[3.052s] Level 1:colcon.colcon_core.package_identification:_identify(/home/sang/ros2_ws/src/ros2_control_demos/example_10) by extensions ['ros']
[3.053s] Level 1:colcon.colcon_core.package_identification:_identify(/home/sang/ros2_ws/src/ros2_control_demos/example_10) by extension 'ros'
[3.055s] DEBUG:colcon.colcon_core.package_identification:Package '/home/sang/ros2_ws/src/ros2_control_demos/example_10' with type 'ros.ament_cmake' and name 'ros2_control_demo_example_10'
[3.055s] Level 1:colcon.colcon_core.package_identification:_identify(/home/sang/ros2_ws/src/ros2_control_demos/example_11) by extensions ['ignore', 'ignore_ament_install']
[3.056s] Level 1:colcon.colcon_core.package_identification:_identify(/home/sang/ros2_ws/src/ros2_control_demos/example_11) by extension 'ignore'
[3.056s] Level 1:colcon.colcon_core.package_identification:_identify(/home/sang/ros2_ws/src/ros2_control_demos/example_11) by extension 'ignore_ament_install'
[3.056s] Level 1:colcon.colcon_core.package_identification:_identify(/home/sang/ros2_ws/src/ros2_control_demos/example_11) by extensions ['colcon_pkg']
[3.058s] Level 1:colcon.colcon_core.package_identification:_identify(/home/sang/ros2_ws/src/ros2_control_demos/example_11) by extension 'colcon_pkg'
[3.058s] Level 1:colcon.colcon_core.package_identification:_identify(/home/sang/ros2_ws/src/ros2_control_demos/example_11) by extensions ['colcon_meta']
[3.058s] Level 1:colcon.colcon_core.package_identification:_identify(/home/sang/ros2_ws/src/ros2_control_demos/example_11) by extension 'colcon_meta'
[3.059s] Level 1:colcon.colcon_core.package_identification:_identify(/home/sang/ros2_ws/src/ros2_control_demos/example_11) by extensions ['ros']
[3.059s] Level 1:colcon.colcon_core.package_identification:_identify(/home/sang/ros2_ws/src/ros2_control_demos/example_11) by extension 'ros'
[3.085s] DEBUG:colcon.colcon_core.package_identification:Package '/home/sang/ros2_ws/src/ros2_control_demos/example_11' with type 'ros.ament_cmake' and name 'ros2_control_demo_example_11'
[3.085s] Level 1:colcon.colcon_core.package_identification:_identify(/home/sang/ros2_ws/src/ros2_control_demos/example_12) by extensions ['ignore', 'ignore_ament_install']
[3.086s] Level 1:colcon.colcon_core.package_identification:_identify(/home/sang/ros2_ws/src/ros2_control_demos/example_12) by extension 'ignore'
[3.086s] Level 1:colcon.colcon_core.package_identification:_identify(/home/sang/ros2_ws/src/ros2_control_demos/example_12) by extension 'ignore_ament_install'
[3.087s] Level 1:colcon.colcon_core.package_identification:_identify(/home/sang/ros2_ws/src/ros2_control_demos/example_12) by extensions ['colcon_pkg']
[3.087s] Level 1:colcon.colcon_core.package_identification:_identify(/home/sang/ros2_ws/src/ros2_control_demos/example_12) by extension 'colcon_pkg'
[3.087s] Level 1:colcon.colcon_core.package_identification:_identify(/home/sang/ros2_ws/src/ros2_control_demos/example_12) by extensions ['colcon_meta']
[3.087s] Level 1:colcon.colcon_core.package_identification:_identify(/home/sang/ros2_ws/src/ros2_control_demos/example_12) by extension 'colcon_meta'
[3.088s] Level 1:colcon.colcon_core.package_identification:_identify(/home/sang/ros2_ws/src/ros2_control_demos/example_12) by extensions ['ros']
[3.088s] Level 1:colcon.colcon_core.package_identification:_identify(/home/sang/ros2_ws/src/ros2_control_demos/example_12) by extension 'ros'
[3.108s] DEBUG:colcon.colcon_core.package_identification:Package '/home/sang/ros2_ws/src/ros2_control_demos/example_12' with type 'ros.ament_cmake' and name 'ros2_control_demo_example_12'
[3.112s] Level 1:colcon.colcon_core.package_identification:_identify(/home/sang/ros2_ws/src/ros2_control_demos/example_13) by extensions ['ignore', 'ignore_ament_install']
[3.115s] Level 1:colcon.colcon_core.package_identification:_identify(/home/sang/ros2_ws/src/ros2_control_demos/example_13) by extension 'ignore'
[3.115s] Level 1:colcon.colcon_core.package_identification:_identify(/home/sang/ros2_ws/src/ros2_control_demos/example_13) by extension 'ignore_ament_install'
[3.115s] Level 1:colcon.colcon_core.package_identification:_identify(/home/sang/ros2_ws/src/ros2_control_demos/example_13) by extensions ['colcon_pkg']
[3.115s] Level 1:colcon.colcon_core.package_identification:_identify(/home/sang/ros2_ws/src/ros2_control_demos/example_13) by extension 'colcon_pkg'
[3.115s] Level 1:colcon.colcon_core.package_identification:_identify(/home/sang/ros2_ws/src/ros2_control_demos/example_13) by extensions ['colcon_meta']
[3.115s] Level 1:colcon.colcon_core.package_identification:_identify(/home/sang/ros2_ws/src/ros2_control_demos/example_13) by extension 'colcon_meta'
[3.116s] Level 1:colcon.colcon_core.package_identification:_identify(/home/sang/ros2_ws/src/ros2_control_demos/example_13) by extensions ['ros']
[3.116s] Level 1:colcon.colcon_core.package_identification:_identify(/home/sang/ros2_ws/src/ros2_control_demos/example_13) by extension 'ros'
[3.123s] DEBUG:colcon.colcon_core.package_identification:Package '/home/sang/ros2_ws/src/ros2_control_demos/example_13' with type 'ros.ament_cmake' and name 'ros2_control_demo_example_13'
[3.147s] Level 1:colcon.colcon_core.package_identification:_identify(/home/sang/ros2_ws/src/ros2_control_demos/example_14) by extensions ['ignore', 'ignore_ament_install']
[3.148s] Level 1:colcon.colcon_core.package_identification:_identify(/home/sang/ros2_ws/src/ros2_control_demos/example_14) by extension 'ignore'
[3.148s] Level 1:colcon.colcon_core.package_identification:_identify(/home/sang/ros2_ws/src/ros2_control_demos/example_14) by extension 'ignore_ament_install'
[3.148s] Level 1:colcon.colcon_core.package_identification:_identify(/home/sang/ros2_ws/src/ros2_control_demos/example_14) by extensions ['colcon_pkg']
[3.148s] Level 1:colcon.colcon_core.package_identification:_identify(/home/sang/ros2_ws/src/ros2_control_demos/example_14) by extension 'colcon_pkg'
[3.149s] Level 1:colcon.colcon_core.package_identification:_identify(/home/sang/ros2_ws/src/ros2_control_demos/example_14) by extensions ['colcon_meta']
[3.164s] Level 1:colcon.colcon_core.package_identification:_identify(/home/sang/ros2_ws/src/ros2_control_demos/example_14) by extension 'colcon_meta'
[3.165s] Level 1:colcon.colcon_core.package_identification:_identify(/home/sang/ros2_ws/src/ros2_control_demos/example_14) by extensions ['ros']
[3.166s] Level 1:colcon.colcon_core.package_identification:_identify(/home/sang/ros2_ws/src/ros2_control_demos/example_14) by extension 'ros'
[3.189s] DEBUG:colcon.colcon_core.package_identification:Package '/home/sang/ros2_ws/src/ros2_control_demos/example_14' with type 'ros.ament_cmake' and name 'ros2_control_demo_example_14'
[3.190s] Level 1:colcon.colcon_core.package_identification:_identify(/home/sang/ros2_ws/src/ros2_control_demos/example_15) by extensions ['ignore', 'ignore_ament_install']
[3.192s] Level 1:colcon.colcon_core.package_identification:_identify(/home/sang/ros2_ws/src/ros2_control_demos/example_15) by extension 'ignore'
[3.193s] Level 1:colcon.colcon_core.package_identification:_identify(/home/sang/ros2_ws/src/ros2_control_demos/example_15) by extension 'ignore_ament_install'
[3.193s] Level 1:colcon.colcon_core.package_identification:_identify(/home/sang/ros2_ws/src/ros2_control_demos/example_15) by extensions ['colcon_pkg']
[3.193s] Level 1:colcon.colcon_core.package_identification:_identify(/home/sang/ros2_ws/src/ros2_control_demos/example_15) by extension 'colcon_pkg'
[3.193s] Level 1:colcon.colcon_core.package_identification:_identify(/home/sang/ros2_ws/src/ros2_control_demos/example_15) by extensions ['colcon_meta']
[3.193s] Level 1:colcon.colcon_core.package_identification:_identify(/home/sang/ros2_ws/src/ros2_control_demos/example_15) by extension 'colcon_meta'
[3.194s] Level 1:colcon.colcon_core.package_identification:_identify(/home/sang/ros2_ws/src/ros2_control_demos/example_15) by extensions ['ros']
[3.194s] Level 1:colcon.colcon_core.package_identification:_identify(/home/sang/ros2_ws/src/ros2_control_demos/example_15) by extension 'ros'
[3.209s] DEBUG:colcon.colcon_core.package_identification:Package '/home/sang/ros2_ws/src/ros2_control_demos/example_15' with type 'ros.ament_cmake' and name 'ros2_control_demo_example_15'
[3.223s] Level 1:colcon.colcon_core.package_identification:_identify(/home/sang/ros2_ws/src/ros2_control_demos/example_16) by extensions ['ignore', 'ignore_ament_install']
[3.223s] Level 1:colcon.colcon_core.package_identification:_identify(/home/sang/ros2_ws/src/ros2_control_demos/example_16) by extension 'ignore'
[3.224s] Level 1:colcon.colcon_core.package_identification:_identify(/home/sang/ros2_ws/src/ros2_control_demos/example_16) by extension 'ignore_ament_install'
[3.224s] Level 1:colcon.colcon_core.package_identification:_identify(/home/sang/ros2_ws/src/ros2_control_demos/example_16) by extensions ['colcon_pkg']
[3.224s] Level 1:colcon.colcon_core.package_identification:_identify(/home/sang/ros2_ws/src/ros2_control_demos/example_16) by extension 'colcon_pkg'
[3.231s] Level 1:colcon.colcon_core.package_identification:_identify(/home/sang/ros2_ws/src/ros2_control_demos/example_16) by extensions ['colcon_meta']
[3.231s] Level 1:colcon.colcon_core.package_identification:_identify(/home/sang/ros2_ws/src/ros2_control_demos/example_16) by extension 'colcon_meta'
[3.231s] Level 1:colcon.colcon_core.package_identification:_identify(/home/sang/ros2_ws/src/ros2_control_demos/example_16) by extensions ['ros']
[3.232s] Level 1:colcon.colcon_core.package_identification:_identify(/home/sang/ros2_ws/src/ros2_control_demos/example_16) by extension 'ros'
[3.240s] DEBUG:colcon.colcon_core.package_identification:Package '/home/sang/ros2_ws/src/ros2_control_demos/example_16' with type 'ros.ament_cmake' and name 'ros2_control_demo_example_16'
[3.240s] Level 1:colcon.colcon_core.package_identification:_identify(/home/sang/ros2_ws/src/ros2_control_demos/example_2) by extensions ['ignore', 'ignore_ament_install']
[3.240s] Level 1:colcon.colcon_core.package_identification:_identify(/home/sang/ros2_ws/src/ros2_control_demos/example_2) by extension 'ignore'
[3.241s] Level 1:colcon.colcon_core.package_identification:_identify(/home/sang/ros2_ws/src/ros2_control_demos/example_2) by extension 'ignore_ament_install'
[3.241s] Level 1:colcon.colcon_core.package_identification:_identify(/home/sang/ros2_ws/src/ros2_control_demos/example_2) by extensions ['colcon_pkg']
[3.241s] Level 1:colcon.colcon_core.package_identification:_identify(/home/sang/ros2_ws/src/ros2_control_demos/example_2) by extension 'colcon_pkg'
[3.241s] Level 1:colcon.colcon_core.package_identification:_identify(/home/sang/ros2_ws/src/ros2_control_demos/example_2) by extensions ['colcon_meta']
[3.263s] Level 1:colcon.colcon_core.package_identification:_identify(/home/sang/ros2_ws/src/ros2_control_demos/example_2) by extension 'colcon_meta'
[3.263s] Level 1:colcon.colcon_core.package_identification:_identify(/home/sang/ros2_ws/src/ros2_control_demos/example_2) by extensions ['ros']
[3.263s] Level 1:colcon.colcon_core.package_identification:_identify(/home/sang/ros2_ws/src/ros2_control_demos/example_2) by extension 'ros'
[3.268s] DEBUG:colcon.colcon_core.package_identification:Package '/home/sang/ros2_ws/src/ros2_control_demos/example_2' with type 'ros.ament_cmake' and name 'ros2_control_demo_example_2'
[3.268s] Level 1:colcon.colcon_core.package_identification:_identify(/home/sang/ros2_ws/src/ros2_control_demos/example_3) by extensions ['ignore', 'ignore_ament_install']
[3.268s] Level 1:colcon.colcon_core.package_identification:_identify(/home/sang/ros2_ws/src/ros2_control_demos/example_3) by extension 'ignore'
[3.268s] Level 1:colcon.colcon_core.package_identification:_identify(/home/sang/ros2_ws/src/ros2_control_demos/example_3) by extension 'ignore_ament_install'
[3.269s] Level 1:colcon.colcon_core.package_identification:_identify(/home/sang/ros2_ws/src/ros2_control_demos/example_3) by extensions ['colcon_pkg']
[3.269s] Level 1:colcon.colcon_core.package_identification:_identify(/home/sang/ros2_ws/src/ros2_control_demos/example_3) by extension 'colcon_pkg'
[3.269s] Level 1:colcon.colcon_core.package_identification:_identify(/home/sang/ros2_ws/src/ros2_control_demos/example_3) by extensions ['colcon_meta']
[3.269s] Level 1:colcon.colcon_core.package_identification:_identify(/home/sang/ros2_ws/src/ros2_control_demos/example_3) by extension 'colcon_meta'
[3.269s] Level 1:colcon.colcon_core.package_identification:_identify(/home/sang/ros2_ws/src/ros2_control_demos/example_3) by extensions ['ros']
[3.269s] Level 1:colcon.colcon_core.package_identification:_identify(/home/sang/ros2_ws/src/ros2_control_demos/example_3) by extension 'ros'
[3.271s] DEBUG:colcon.colcon_core.package_identification:Package '/home/sang/ros2_ws/src/ros2_control_demos/example_3' with type 'ros.ament_cmake' and name 'ros2_control_demo_example_3'
[3.272s] Level 1:colcon.colcon_core.package_identification:_identify(/home/sang/ros2_ws/src/ros2_control_demos/example_4) by extensions ['ignore', 'ignore_ament_install']
[3.272s] Level 1:colcon.colcon_core.package_identification:_identify(/home/sang/ros2_ws/src/ros2_control_demos/example_4) by extension 'ignore'
[3.272s] Level 1:colcon.colcon_core.package_identification:_identify(/home/sang/ros2_ws/src/ros2_control_demos/example_4) by extension 'ignore_ament_install'
[3.272s] Level 1:colcon.colcon_core.package_identification:_identify(/home/sang/ros2_ws/src/ros2_control_demos/example_4) by extensions ['colcon_pkg']
[3.272s] Level 1:colcon.colcon_core.package_identification:_identify(/home/sang/ros2_ws/src/ros2_control_demos/example_4) by extension 'colcon_pkg'
[3.273s] Level 1:colcon.colcon_core.package_identification:_identify(/home/sang/ros2_ws/src/ros2_control_demos/example_4) by extensions ['colcon_meta']
[3.273s] Level 1:colcon.colcon_core.package_identification:_identify(/home/sang/ros2_ws/src/ros2_control_demos/example_4) by extension 'colcon_meta'
[3.273s] Level 1:colcon.colcon_core.package_identification:_identify(/home/sang/ros2_ws/src/ros2_control_demos/example_4) by extensions ['ros']
[3.276s] Level 1:colcon.colcon_core.package_identification:_identify(/home/sang/ros2_ws/src/ros2_control_demos/example_4) by extension 'ros'
[3.278s] DEBUG:colcon.colcon_core.package_identification:Package '/home/sang/ros2_ws/src/ros2_control_demos/example_4' with type 'ros.ament_cmake' and name 'ros2_control_demo_example_4'
[3.278s] Level 1:colcon.colcon_core.package_identification:_identify(/home/sang/ros2_ws/src/ros2_control_demos/example_5) by extensions ['ignore', 'ignore_ament_install']
[3.278s] Level 1:colcon.colcon_core.package_identification:_identify(/home/sang/ros2_ws/src/ros2_control_demos/example_5) by extension 'ignore'
[3.290s] Level 1:colcon.colcon_core.package_identification:_identify(/home/sang/ros2_ws/src/ros2_control_demos/example_5) by extension 'ignore_ament_install'
[3.290s] Level 1:colcon.colcon_core.package_identification:_identify(/home/sang/ros2_ws/src/ros2_control_demos/example_5) by extensions ['colcon_pkg']
[3.290s] Level 1:colcon.colcon_core.package_identification:_identify(/home/sang/ros2_ws/src/ros2_control_demos/example_5) by extension 'colcon_pkg'
[3.300s] Level 1:colcon.colcon_core.package_identification:_identify(/home/sang/ros2_ws/src/ros2_control_demos/example_5) by extensions ['colcon_meta']
[3.300s] Level 1:colcon.colcon_core.package_identification:_identify(/home/sang/ros2_ws/src/ros2_control_demos/example_5) by extension 'colcon_meta'
[3.300s] Level 1:colcon.colcon_core.package_identification:_identify(/home/sang/ros2_ws/src/ros2_control_demos/example_5) by extensions ['ros']
[3.301s] Level 1:colcon.colcon_core.package_identification:_identify(/home/sang/ros2_ws/src/ros2_control_demos/example_5) by extension 'ros'
[3.312s] DEBUG:colcon.colcon_core.package_identification:Package '/home/sang/ros2_ws/src/ros2_control_demos/example_5' with type 'ros.ament_cmake' and name 'ros2_control_demo_example_5'
[3.319s] Level 1:colcon.colcon_core.package_identification:_identify(/home/sang/ros2_ws/src/ros2_control_demos/example_6) by extensions ['ignore', 'ignore_ament_install']
[3.319s] Level 1:colcon.colcon_core.package_identification:_identify(/home/sang/ros2_ws/src/ros2_control_demos/example_6) by extension 'ignore'
[3.320s] Level 1:colcon.colcon_core.package_identification:_identify(/home/sang/ros2_ws/src/ros2_control_demos/example_6) by extension 'ignore_ament_install'
[3.320s] Level 1:colcon.colcon_core.package_identification:_identify(/home/sang/ros2_ws/src/ros2_control_demos/example_6) by extensions ['colcon_pkg']
[3.320s] Level 1:colcon.colcon_core.package_identification:_identify(/home/sang/ros2_ws/src/ros2_control_demos/example_6) by extension 'colcon_pkg'
[3.320s] Level 1:colcon.colcon_core.package_identification:_identify(/home/sang/ros2_ws/src/ros2_control_demos/example_6) by extensions ['colcon_meta']
[3.320s] Level 1:colcon.colcon_core.package_identification:_identify(/home/sang/ros2_ws/src/ros2_control_demos/example_6) by extension 'colcon_meta'
[3.320s] Level 1:colcon.colcon_core.package_identification:_identify(/home/sang/ros2_ws/src/ros2_control_demos/example_6) by extensions ['ros']
[3.321s] Level 1:colcon.colcon_core.package_identification:_identify(/home/sang/ros2_ws/src/ros2_control_demos/example_6) by extension 'ros'
[3.339s] DEBUG:colcon.colcon_core.package_identification:Package '/home/sang/ros2_ws/src/ros2_control_demos/example_6' with type 'ros.ament_cmake' and name 'ros2_control_demo_example_6'
[3.340s] Level 1:colcon.colcon_core.package_identification:_identify(/home/sang/ros2_ws/src/ros2_control_demos/example_7) by extensions ['ignore', 'ignore_ament_install']
[3.340s] Level 1:colcon.colcon_core.package_identification:_identify(/home/sang/ros2_ws/src/ros2_control_demos/example_7) by extension 'ignore'
[3.340s] Level 1:colcon.colcon_core.package_identification:_identify(/home/sang/ros2_ws/src/ros2_control_demos/example_7) by extension 'ignore_ament_install'
[3.341s] Level 1:colcon.colcon_core.package_identification:_identify(/home/sang/ros2_ws/src/ros2_control_demos/example_7) by extensions ['colcon_pkg']
[3.341s] Level 1:colcon.colcon_core.package_identification:_identify(/home/sang/ros2_ws/src/ros2_control_demos/example_7) by extension 'colcon_pkg'
[3.353s] Level 1:colcon.colcon_core.package_identification:_identify(/home/sang/ros2_ws/src/ros2_control_demos/example_7) by extensions ['colcon_meta']
[3.358s] Level 1:colcon.colcon_core.package_identification:_identify(/home/sang/ros2_ws/src/ros2_control_demos/example_7) by extension 'colcon_meta'
[3.358s] Level 1:colcon.colcon_core.package_identification:_identify(/home/sang/ros2_ws/src/ros2_control_demos/example_7) by extensions ['ros']
[3.358s] Level 1:colcon.colcon_core.package_identification:_identify(/home/sang/ros2_ws/src/ros2_control_demos/example_7) by extension 'ros'
[3.398s] DEBUG:colcon.colcon_core.package_identification:Package '/home/sang/ros2_ws/src/ros2_control_demos/example_7' with type 'ros.ament_cmake' and name 'ros2_control_demo_example_7'
[3.399s] Level 1:colcon.colcon_core.package_identification:_identify(/home/sang/ros2_ws/src/ros2_control_demos/example_8) by extensions ['ignore', 'ignore_ament_install']
[3.405s] Level 1:colcon.colcon_core.package_identification:_identify(/home/sang/ros2_ws/src/ros2_control_demos/example_8) by extension 'ignore'
[3.406s] Level 1:colcon.colcon_core.package_identification:_identify(/home/sang/ros2_ws/src/ros2_control_demos/example_8) by extension 'ignore_ament_install'
[3.406s] Level 1:colcon.colcon_core.package_identification:_identify(/home/sang/ros2_ws/src/ros2_control_demos/example_8) by extensions ['colcon_pkg']
[3.406s] Level 1:colcon.colcon_core.package_identification:_identify(/home/sang/ros2_ws/src/ros2_control_demos/example_8) by extension 'colcon_pkg'
[3.406s] Level 1:colcon.colcon_core.package_identification:_identify(/home/sang/ros2_ws/src/ros2_control_demos/example_8) by extensions ['colcon_meta']
[3.406s] Level 1:colcon.colcon_core.package_identification:_identify(/home/sang/ros2_ws/src/ros2_control_demos/example_8) by extension 'colcon_meta'
[3.407s] Level 1:colcon.colcon_core.package_identification:_identify(/home/sang/ros2_ws/src/ros2_control_demos/example_8) by extensions ['ros']
[3.407s] Level 1:colcon.colcon_core.package_identification:_identify(/home/sang/ros2_ws/src/ros2_control_demos/example_8) by extension 'ros'
[3.420s] DEBUG:colcon.colcon_core.package_identification:Package '/home/sang/ros2_ws/src/ros2_control_demos/example_8' with type 'ros.ament_cmake' and name 'ros2_control_demo_example_8'
[3.420s] Level 1:colcon.colcon_core.package_identification:_identify(/home/sang/ros2_ws/src/ros2_control_demos/example_9) by extensions ['ignore', 'ignore_ament_install']
[3.421s] Level 1:colcon.colcon_core.package_identification:_identify(/home/sang/ros2_ws/src/ros2_control_demos/example_9) by extension 'ignore'
[3.421s] Level 1:colcon.colcon_core.package_identification:_identify(/home/sang/ros2_ws/src/ros2_control_demos/example_9) by extension 'ignore_ament_install'
[3.421s] Level 1:colcon.colcon_core.package_identification:_identify(/home/sang/ros2_ws/src/ros2_control_demos/example_9) by extensions ['colcon_pkg']
[3.434s] Level 1:colcon.colcon_core.package_identification:_identify(/home/sang/ros2_ws/src/ros2_control_demos/example_9) by extension 'colcon_pkg'
[3.434s] Level 1:colcon.colcon_core.package_identification:_identify(/home/sang/ros2_ws/src/ros2_control_demos/example_9) by extensions ['colcon_meta']
[3.434s] Level 1:colcon.colcon_core.package_identification:_identify(/home/sang/ros2_ws/src/ros2_control_demos/example_9) by extension 'colcon_meta'
[3.434s] Level 1:colcon.colcon_core.package_identification:_identify(/home/sang/ros2_ws/src/ros2_control_demos/example_9) by extensions ['ros']
[3.434s] Level 1:colcon.colcon_core.package_identification:_identify(/home/sang/ros2_ws/src/ros2_control_demos/example_9) by extension 'ros'
[3.442s] DEBUG:colcon.colcon_core.package_identification:Package '/home/sang/ros2_ws/src/ros2_control_demos/example_9' with type 'ros.ament_cmake' and name 'ros2_control_demo_example_9'
[3.442s] Level 1:colcon.colcon_core.package_identification:_identify(/home/sang/ros2_ws/src/ros2_control_demos/ros2_control_demo_description) by extensions ['ignore', 'ignore_ament_install']
[3.443s] Level 1:colcon.colcon_core.package_identification:_identify(/home/sang/ros2_ws/src/ros2_control_demos/ros2_control_demo_description) by extension 'ignore'
[3.443s] Level 1:colcon.colcon_core.package_identification:_identify(/home/sang/ros2_ws/src/ros2_control_demos/ros2_control_demo_description) by extension 'ignore_ament_install'
[3.443s] Level 1:colcon.colcon_core.package_identification:_identify(/home/sang/ros2_ws/src/ros2_control_demos/ros2_control_demo_description) by extensions ['colcon_pkg']
[3.443s] Level 1:colcon.colcon_core.package_identification:_identify(/home/sang/ros2_ws/src/ros2_control_demos/ros2_control_demo_description) by extension 'colcon_pkg'
[3.443s] Level 1:colcon.colcon_core.package_identification:_identify(/home/sang/ros2_ws/src/ros2_control_demos/ros2_control_demo_description) by extensions ['colcon_meta']
[3.443s] Level 1:colcon.colcon_core.package_identification:_identify(/home/sang/ros2_ws/src/ros2_control_demos/ros2_control_demo_description) by extension 'colcon_meta'
[3.444s] Level 1:colcon.colcon_core.package_identification:_identify(/home/sang/ros2_ws/src/ros2_control_demos/ros2_control_demo_description) by extensions ['ros']
[3.444s] Level 1:colcon.colcon_core.package_identification:_identify(/home/sang/ros2_ws/src/ros2_control_demos/ros2_control_demo_description) by extension 'ros'
[3.444s] DEBUG:colcon.colcon_core.package_identification:Package '/home/sang/ros2_ws/src/ros2_control_demos/ros2_control_demo_description' with type 'ros.ament_cmake' and name 'ros2_control_demo_description'
[3.445s] Level 1:colcon.colcon_core.package_identification:_identify(/home/sang/ros2_ws/src/ros2_control_demos/ros2_control_demos) by extensions ['ignore', 'ignore_ament_install']
[3.445s] Level 1:colcon.colcon_core.package_identification:_identify(/home/sang/ros2_ws/src/ros2_control_demos/ros2_control_demos) by extension 'ignore'
[3.445s] Level 1:colcon.colcon_core.package_identification:_identify(/home/sang/ros2_ws/src/ros2_control_demos/ros2_control_demos) by extension 'ignore_ament_install'
[3.445s] Level 1:colcon.colcon_core.package_identification:_identify(/home/sang/ros2_ws/src/ros2_control_demos/ros2_control_demos) by extensions ['colcon_pkg']
[3.445s] Level 1:colcon.colcon_core.package_identification:_identify(/home/sang/ros2_ws/src/ros2_control_demos/ros2_control_demos) by extension 'colcon_pkg'
[3.445s] Level 1:colcon.colcon_core.package_identification:_identify(/home/sang/ros2_ws/src/ros2_control_demos/ros2_control_demos) by extensions ['colcon_meta']
[3.445s] Level 1:colcon.colcon_core.package_identification:_identify(/home/sang/ros2_ws/src/ros2_control_demos/ros2_control_demos) by extension 'colcon_meta'
[3.445s] Level 1:colcon.colcon_core.package_identification:_identify(/home/sang/ros2_ws/src/ros2_control_demos/ros2_control_demos) by extensions ['ros']
[3.445s] Level 1:colcon.colcon_core.package_identification:_identify(/home/sang/ros2_ws/src/ros2_control_demos/ros2_control_demos) by extension 'ros'
[3.448s] DEBUG:colcon.colcon_core.package_identification:Package '/home/sang/ros2_ws/src/ros2_control_demos/ros2_control_demos' with type 'ros.ament_cmake' and name 'ros2_control_demos'
[3.449s] Level 1:colcon.colcon_core.package_discovery:discover_packages(recursive) using defaults
