[0.048s] Invoking command in '/home/sang/ros2_ws/build/ros2_control_demo_example_16': AMENT_PREFIX_PATH=/home/sang/ros2_ws/install/ros2_control_demo_description:${AMENT_PREFIX_PATH} CMAKE_PREFIX_PATH=/home/sang/ros2_ws/install/ros2_control_demo_description:/opt/ros/jazzy/opt/gz_sim_vendor:/opt/ros/jazzy/opt/gz_sensors_vendor:/opt/ros/jazzy/opt/gz_physics_vendor:/opt/ros/jazzy/opt/sdformat_vendor:/opt/ros/jazzy/opt/gz_gui_vendor:/opt/ros/jazzy/opt/gz_transport_vendor:/opt/ros/jazzy/opt/gz_rendering_vendor:/opt/ros/jazzy/opt/gz_plugin_vendor:/opt/ros/jazzy/opt/gz_fuel_tools_vendor:/opt/ros/jazzy/opt/gz_msgs_vendor:/opt/ros/jazzy/opt/gz_common_vendor:/opt/ros/jazzy/opt/gz_math_vendor:/opt/ros/jazzy/opt/gz_utils_vendor:/opt/ros/jazzy/opt/gz_tools_vendor:/opt/ros/jazzy/opt/gz_ogre_next_vendor:/opt/ros/jazzy/opt/gz_dartsim_vendor:/opt/ros/jazzy/opt/gz_cmake_vendor:/opt/ros/jazzy DEBUGINFOD_URLS=https://debuginfod.ubuntu.com /usr/bin/cmake --build /home/sang/ros2_ws/build/ros2_control_demo_example_16 -- -j2 -l2
[0.378s] [100%] Built target ros2_control_demo_example_16
[0.440s] Invoked command in '/home/sang/ros2_ws/build/ros2_control_demo_example_16' returned '0': AMENT_PREFIX_PATH=/home/sang/ros2_ws/install/ros2_control_demo_description:${AMENT_PREFIX_PATH} CMAKE_PREFIX_PATH=/home/sang/ros2_ws/install/ros2_control_demo_description:/opt/ros/jazzy/opt/gz_sim_vendor:/opt/ros/jazzy/opt/gz_sensors_vendor:/opt/ros/jazzy/opt/gz_physics_vendor:/opt/ros/jazzy/opt/sdformat_vendor:/opt/ros/jazzy/opt/gz_gui_vendor:/opt/ros/jazzy/opt/gz_transport_vendor:/opt/ros/jazzy/opt/gz_rendering_vendor:/opt/ros/jazzy/opt/gz_plugin_vendor:/opt/ros/jazzy/opt/gz_fuel_tools_vendor:/opt/ros/jazzy/opt/gz_msgs_vendor:/opt/ros/jazzy/opt/gz_common_vendor:/opt/ros/jazzy/opt/gz_math_vendor:/opt/ros/jazzy/opt/gz_utils_vendor:/opt/ros/jazzy/opt/gz_tools_vendor:/opt/ros/jazzy/opt/gz_ogre_next_vendor:/opt/ros/jazzy/opt/gz_dartsim_vendor:/opt/ros/jazzy/opt/gz_cmake_vendor:/opt/ros/jazzy DEBUGINFOD_URLS=https://debuginfod.ubuntu.com /usr/bin/cmake --build /home/sang/ros2_ws/build/ros2_control_demo_example_16 -- -j2 -l2
[0.444s] Invoking command in '/home/sang/ros2_ws/build/ros2_control_demo_example_16': AMENT_PREFIX_PATH=/home/sang/ros2_ws/install/ros2_control_demo_description:${AMENT_PREFIX_PATH} CMAKE_PREFIX_PATH=/home/sang/ros2_ws/install/ros2_control_demo_description:/opt/ros/jazzy/opt/gz_sim_vendor:/opt/ros/jazzy/opt/gz_sensors_vendor:/opt/ros/jazzy/opt/gz_physics_vendor:/opt/ros/jazzy/opt/sdformat_vendor:/opt/ros/jazzy/opt/gz_gui_vendor:/opt/ros/jazzy/opt/gz_transport_vendor:/opt/ros/jazzy/opt/gz_rendering_vendor:/opt/ros/jazzy/opt/gz_plugin_vendor:/opt/ros/jazzy/opt/gz_fuel_tools_vendor:/opt/ros/jazzy/opt/gz_msgs_vendor:/opt/ros/jazzy/opt/gz_common_vendor:/opt/ros/jazzy/opt/gz_math_vendor:/opt/ros/jazzy/opt/gz_utils_vendor:/opt/ros/jazzy/opt/gz_tools_vendor:/opt/ros/jazzy/opt/gz_ogre_next_vendor:/opt/ros/jazzy/opt/gz_dartsim_vendor:/opt/ros/jazzy/opt/gz_cmake_vendor:/opt/ros/jazzy DEBUGINFOD_URLS=https://debuginfod.ubuntu.com /usr/bin/cmake --install /home/sang/ros2_ws/build/ros2_control_demo_example_16
[0.479s] -- Install configuration: ""
[0.480s] -- Execute custom install script
[0.482s] -- Up-to-date symlink: /home/sang/ros2_ws/install/ros2_control_demo_example_16/share/ros2_control_demo_example_16//ros2_control_demo_example_16.xml
[0.485s] -- Up-to-date symlink: /home/sang/ros2_ws/install/ros2_control_demo_example_16/include/ros2_control_demo_example_16/ros2_control_demo_example_16/diffbot_system.hpp
[0.485s] -- Up-to-date symlink: /home/sang/ros2_ws/install/ros2_control_demo_example_16/share/ros2_control_demo_example_16/launch/view_robot.launch.py
[0.487s] -- Up-to-date symlink: /home/sang/ros2_ws/install/ros2_control_demo_example_16/share/ros2_control_demo_example_16/ros2_control/diffbot.ros2_control.xacro
[0.488s] -- Up-to-date symlink: /home/sang/ros2_ws/install/ros2_control_demo_example_16/share/ros2_control_demo_example_16/urdf/diffbot.urdf.xacro
[0.489s] -- Up-to-date symlink: /home/sang/ros2_ws/install/ros2_control_demo_example_16/share/ros2_control_demo_example_16/launch/demo_test.launch.py
[0.491s] -- Up-to-date symlink: /home/sang/ros2_ws/install/ros2_control_demo_example_16/share/ros2_control_demo_example_16/launch/demo_test_helper.py
[0.492s] -- Up-to-date symlink: /home/sang/ros2_ws/install/ros2_control_demo_example_16/share/ros2_control_demo_example_16/launch/diffbot.launch.py
[0.493s] -- Up-to-date symlink: /home/sang/ros2_ws/install/ros2_control_demo_example_16/share/ros2_control_demo_example_16/config/diffbot_chained_controllers.yaml
[0.496s] -- Up-to-date symlink: /home/sang/ros2_ws/install/ros2_control_demo_example_16/share/ros2_control_demo_example_16/config/plotjuggler.xml
[0.497s] -- Up-to-date symlink: /home/sang/ros2_ws/install/ros2_control_demo_example_16/share/ros2_control_demo_example_16/environment/library_path.sh
[0.497s] -- Up-to-date symlink: /home/sang/ros2_ws/install/ros2_control_demo_example_16/share/ros2_control_demo_example_16/environment/library_path.dsv
[0.498s] -- Up-to-date symlink: /home/sang/ros2_ws/install/ros2_control_demo_example_16/share/ament_index/resource_index/package_run_dependencies/ros2_control_demo_example_16
[0.498s] -- Up-to-date symlink: /home/sang/ros2_ws/install/ros2_control_demo_example_16/share/ament_index/resource_index/parent_prefix_path/ros2_control_demo_example_16
[0.498s] -- Up-to-date symlink: /home/sang/ros2_ws/install/ros2_control_demo_example_16/share/ros2_control_demo_example_16/environment/ament_prefix_path.sh
[0.500s] -- Up-to-date symlink: /home/sang/ros2_ws/install/ros2_control_demo_example_16/share/ros2_control_demo_example_16/environment/ament_prefix_path.dsv
[0.500s] -- Up-to-date symlink: /home/sang/ros2_ws/install/ros2_control_demo_example_16/share/ros2_control_demo_example_16/environment/path.sh
[0.500s] -- Up-to-date symlink: /home/sang/ros2_ws/install/ros2_control_demo_example_16/share/ros2_control_demo_example_16/environment/path.dsv
[0.501s] -- Up-to-date symlink: /home/sang/ros2_ws/install/ros2_control_demo_example_16/share/ros2_control_demo_example_16/local_setup.bash
[0.502s] -- Up-to-date symlink: /home/sang/ros2_ws/install/ros2_control_demo_example_16/share/ros2_control_demo_example_16/local_setup.sh
[0.503s] -- Up-to-date symlink: /home/sang/ros2_ws/install/ros2_control_demo_example_16/share/ros2_control_demo_example_16/local_setup.zsh
[0.504s] -- Up-to-date symlink: /home/sang/ros2_ws/install/ros2_control_demo_example_16/share/ros2_control_demo_example_16/local_setup.dsv
[0.505s] -- Symlinking: /home/sang/ros2_ws/install/ros2_control_demo_example_16/share/ros2_control_demo_example_16/package.dsv
[0.561s] -- Up-to-date symlink: /home/sang/ros2_ws/install/ros2_control_demo_example_16/share/ament_index/resource_index/packages/ros2_control_demo_example_16
[0.561s] -- Up-to-date symlink: /home/sang/ros2_ws/install/ros2_control_demo_example_16/share/ament_index/resource_index/hardware_interface__pluginlib__plugin/ros2_control_demo_example_16
[0.565s] -- Up-to-date symlink: /home/sang/ros2_ws/install/ros2_control_demo_example_16/share/ros2_control_demo_example_16/cmake/ament_cmake_export_targets-extras.cmake
[0.566s] -- Up-to-date symlink: /home/sang/ros2_ws/install/ros2_control_demo_example_16/share/ros2_control_demo_example_16/cmake/ament_cmake_export_dependencies-extras.cmake
[0.566s] -- Up-to-date symlink: /home/sang/ros2_ws/install/ros2_control_demo_example_16/share/ros2_control_demo_example_16/cmake/ros2_control_demo_example_16Config.cmake
[0.567s] -- Up-to-date symlink: /home/sang/ros2_ws/install/ros2_control_demo_example_16/share/ros2_control_demo_example_16/cmake/ros2_control_demo_example_16Config-version.cmake
[0.567s] -- Up-to-date symlink: /home/sang/ros2_ws/install/ros2_control_demo_example_16/share/ros2_control_demo_example_16/package.xml
[0.573s] -- Up-to-date: /home/sang/ros2_ws/install/ros2_control_demo_example_16/lib/libros2_control_demo_example_16.so
[0.573s] -- Up-to-date: /home/sang/ros2_ws/install/ros2_control_demo_example_16/share/ros2_control_demo_example_16/cmake/export_ros2_control_demo_example_16Export.cmake
[0.574s] -- Up-to-date: /home/sang/ros2_ws/install/ros2_control_demo_example_16/share/ros2_control_demo_example_16/cmake/export_ros2_control_demo_example_16Export-noconfig.cmake
[0.580s] Invoked command in '/home/sang/ros2_ws/build/ros2_control_demo_example_16' returned '0': AMENT_PREFIX_PATH=/home/sang/ros2_ws/install/ros2_control_demo_description:${AMENT_PREFIX_PATH} CMAKE_PREFIX_PATH=/home/sang/ros2_ws/install/ros2_control_demo_description:/opt/ros/jazzy/opt/gz_sim_vendor:/opt/ros/jazzy/opt/gz_sensors_vendor:/opt/ros/jazzy/opt/gz_physics_vendor:/opt/ros/jazzy/opt/sdformat_vendor:/opt/ros/jazzy/opt/gz_gui_vendor:/opt/ros/jazzy/opt/gz_transport_vendor:/opt/ros/jazzy/opt/gz_rendering_vendor:/opt/ros/jazzy/opt/gz_plugin_vendor:/opt/ros/jazzy/opt/gz_fuel_tools_vendor:/opt/ros/jazzy/opt/gz_msgs_vendor:/opt/ros/jazzy/opt/gz_common_vendor:/opt/ros/jazzy/opt/gz_math_vendor:/opt/ros/jazzy/opt/gz_utils_vendor:/opt/ros/jazzy/opt/gz_tools_vendor:/opt/ros/jazzy/opt/gz_ogre_next_vendor:/opt/ros/jazzy/opt/gz_dartsim_vendor:/opt/ros/jazzy/opt/gz_cmake_vendor:/opt/ros/jazzy DEBUGINFOD_URLS=https://debuginfod.ubuntu.com /usr/bin/cmake --install /home/sang/ros2_ws/build/ros2_control_demo_example_16
