[0.041s] Invoking command in '/home/sang/ros2_ws/build/ros2_control_demo_example_14': AMENT_PREFIX_PATH=/home/sang/ros2_ws/install/ros2_control_demo_description:${AMENT_PREFIX_PATH} CMAKE_PREFIX_PATH=/home/sang/ros2_ws/install/ros2_control_demo_description:/opt/ros/jazzy/opt/gz_sim_vendor:/opt/ros/jazzy/opt/gz_sensors_vendor:/opt/ros/jazzy/opt/gz_physics_vendor:/opt/ros/jazzy/opt/sdformat_vendor:/opt/ros/jazzy/opt/gz_gui_vendor:/opt/ros/jazzy/opt/gz_transport_vendor:/opt/ros/jazzy/opt/gz_rendering_vendor:/opt/ros/jazzy/opt/gz_plugin_vendor:/opt/ros/jazzy/opt/gz_fuel_tools_vendor:/opt/ros/jazzy/opt/gz_msgs_vendor:/opt/ros/jazzy/opt/gz_common_vendor:/opt/ros/jazzy/opt/gz_math_vendor:/opt/ros/jazzy/opt/gz_utils_vendor:/opt/ros/jazzy/opt/gz_tools_vendor:/opt/ros/jazzy/opt/gz_ogre_next_vendor:/opt/ros/jazzy/opt/gz_dartsim_vendor:/opt/ros/jazzy/opt/gz_cmake_vendor:/opt/ros/jazzy DEBUGINFOD_URLS=https://debuginfod.ubuntu.com /usr/bin/cmake /home/sang/ros2_ws/src/ros2_control_demos/example_14 -DAMENT_CMAKE_SYMLINK_INSTALL=1 -DCMAKE_INSTALL_PREFIX=/home/sang/ros2_ws/install/ros2_control_demo_example_14
[0.115s] -- Found ros2_control_cmake: 0.1.1 (/opt/ros/jazzy/share/ros2_control_cmake/cmake)
[0.120s] -- Compiler warnings enabled for GNU
[0.121s] -- Detected GCC Version: 13.3.0 (Major: 13, Minor: 3)
[0.121s] -- Found controller_manager: 4.27.0 (/opt/ros/jazzy/share/controller_manager/cmake)
[0.826s] -- Override CMake install command with custom implementation using symlinks instead of copying resources
[0.964s] -- Found rosidl_generator_c: 4.6.5 (/opt/ros/jazzy/share/rosidl_generator_c/cmake)
[0.983s] -- Found rosidl_generator_cpp: 4.6.5 (/opt/ros/jazzy/share/rosidl_generator_cpp/cmake)
[1.010s] -- Using all available rosidl_typesupport_c: rosidl_typesupport_fastrtps_c;rosidl_typesupport_introspection_c
[1.053s] -- Using all available rosidl_typesupport_cpp: rosidl_typesupport_fastrtps_cpp;rosidl_typesupport_introspection_cpp
[1.194s] -- Found rmw_implementation_cmake: 7.3.2 (/opt/ros/jazzy/share/rmw_implementation_cmake/cmake)
[1.197s] -- Found rmw_fastrtps_cpp: 8.4.2 (/opt/ros/jazzy/share/rmw_fastrtps_cpp/cmake)
[1.407s] -- Using RMW implementation 'rmw_fastrtps_cpp' as default
[2.305s] -- Found ament_cmake_pytest: 2.5.3 (/opt/ros/jazzy/share/ament_cmake_pytest/cmake)
[5.766s] -- Configuring done (5.7s)
[5.959s] -- Generating done (0.2s)
[5.981s] -- Build files have been written to: /home/sang/ros2_ws/build/ros2_control_demo_example_14
[6.027s] Invoked command in '/home/sang/ros2_ws/build/ros2_control_demo_example_14' returned '0': AMENT_PREFIX_PATH=/home/sang/ros2_ws/install/ros2_control_demo_description:${AMENT_PREFIX_PATH} CMAKE_PREFIX_PATH=/home/sang/ros2_ws/install/ros2_control_demo_description:/opt/ros/jazzy/opt/gz_sim_vendor:/opt/ros/jazzy/opt/gz_sensors_vendor:/opt/ros/jazzy/opt/gz_physics_vendor:/opt/ros/jazzy/opt/sdformat_vendor:/opt/ros/jazzy/opt/gz_gui_vendor:/opt/ros/jazzy/opt/gz_transport_vendor:/opt/ros/jazzy/opt/gz_rendering_vendor:/opt/ros/jazzy/opt/gz_plugin_vendor:/opt/ros/jazzy/opt/gz_fuel_tools_vendor:/opt/ros/jazzy/opt/gz_msgs_vendor:/opt/ros/jazzy/opt/gz_common_vendor:/opt/ros/jazzy/opt/gz_math_vendor:/opt/ros/jazzy/opt/gz_utils_vendor:/opt/ros/jazzy/opt/gz_tools_vendor:/opt/ros/jazzy/opt/gz_ogre_next_vendor:/opt/ros/jazzy/opt/gz_dartsim_vendor:/opt/ros/jazzy/opt/gz_cmake_vendor:/opt/ros/jazzy DEBUGINFOD_URLS=https://debuginfod.ubuntu.com /usr/bin/cmake /home/sang/ros2_ws/src/ros2_control_demos/example_14 -DAMENT_CMAKE_SYMLINK_INSTALL=1 -DCMAKE_INSTALL_PREFIX=/home/sang/ros2_ws/install/ros2_control_demo_example_14
[6.027s] Invoking command in '/home/sang/ros2_ws/build/ros2_control_demo_example_14': AMENT_PREFIX_PATH=/home/sang/ros2_ws/install/ros2_control_demo_description:${AMENT_PREFIX_PATH} CMAKE_PREFIX_PATH=/home/sang/ros2_ws/install/ros2_control_demo_description:/opt/ros/jazzy/opt/gz_sim_vendor:/opt/ros/jazzy/opt/gz_sensors_vendor:/opt/ros/jazzy/opt/gz_physics_vendor:/opt/ros/jazzy/opt/sdformat_vendor:/opt/ros/jazzy/opt/gz_gui_vendor:/opt/ros/jazzy/opt/gz_transport_vendor:/opt/ros/jazzy/opt/gz_rendering_vendor:/opt/ros/jazzy/opt/gz_plugin_vendor:/opt/ros/jazzy/opt/gz_fuel_tools_vendor:/opt/ros/jazzy/opt/gz_msgs_vendor:/opt/ros/jazzy/opt/gz_common_vendor:/opt/ros/jazzy/opt/gz_math_vendor:/opt/ros/jazzy/opt/gz_utils_vendor:/opt/ros/jazzy/opt/gz_tools_vendor:/opt/ros/jazzy/opt/gz_ogre_next_vendor:/opt/ros/jazzy/opt/gz_dartsim_vendor:/opt/ros/jazzy/opt/gz_cmake_vendor:/opt/ros/jazzy DEBUGINFOD_URLS=https://debuginfod.ubuntu.com /usr/bin/cmake --build /home/sang/ros2_ws/build/ros2_control_demo_example_14 -- -j2 -l2
[6.406s] [100%] Built target ros2_control_demo_example_14
[6.467s] Invoked command in '/home/sang/ros2_ws/build/ros2_control_demo_example_14' returned '0': AMENT_PREFIX_PATH=/home/sang/ros2_ws/install/ros2_control_demo_description:${AMENT_PREFIX_PATH} CMAKE_PREFIX_PATH=/home/sang/ros2_ws/install/ros2_control_demo_description:/opt/ros/jazzy/opt/gz_sim_vendor:/opt/ros/jazzy/opt/gz_sensors_vendor:/opt/ros/jazzy/opt/gz_physics_vendor:/opt/ros/jazzy/opt/sdformat_vendor:/opt/ros/jazzy/opt/gz_gui_vendor:/opt/ros/jazzy/opt/gz_transport_vendor:/opt/ros/jazzy/opt/gz_rendering_vendor:/opt/ros/jazzy/opt/gz_plugin_vendor:/opt/ros/jazzy/opt/gz_fuel_tools_vendor:/opt/ros/jazzy/opt/gz_msgs_vendor:/opt/ros/jazzy/opt/gz_common_vendor:/opt/ros/jazzy/opt/gz_math_vendor:/opt/ros/jazzy/opt/gz_utils_vendor:/opt/ros/jazzy/opt/gz_tools_vendor:/opt/ros/jazzy/opt/gz_ogre_next_vendor:/opt/ros/jazzy/opt/gz_dartsim_vendor:/opt/ros/jazzy/opt/gz_cmake_vendor:/opt/ros/jazzy DEBUGINFOD_URLS=https://debuginfod.ubuntu.com /usr/bin/cmake --build /home/sang/ros2_ws/build/ros2_control_demo_example_14 -- -j2 -l2
[6.472s] Invoking command in '/home/sang/ros2_ws/build/ros2_control_demo_example_14': AMENT_PREFIX_PATH=/home/sang/ros2_ws/install/ros2_control_demo_description:${AMENT_PREFIX_PATH} CMAKE_PREFIX_PATH=/home/sang/ros2_ws/install/ros2_control_demo_description:/opt/ros/jazzy/opt/gz_sim_vendor:/opt/ros/jazzy/opt/gz_sensors_vendor:/opt/ros/jazzy/opt/gz_physics_vendor:/opt/ros/jazzy/opt/sdformat_vendor:/opt/ros/jazzy/opt/gz_gui_vendor:/opt/ros/jazzy/opt/gz_transport_vendor:/opt/ros/jazzy/opt/gz_rendering_vendor:/opt/ros/jazzy/opt/gz_plugin_vendor:/opt/ros/jazzy/opt/gz_fuel_tools_vendor:/opt/ros/jazzy/opt/gz_msgs_vendor:/opt/ros/jazzy/opt/gz_common_vendor:/opt/ros/jazzy/opt/gz_math_vendor:/opt/ros/jazzy/opt/gz_utils_vendor:/opt/ros/jazzy/opt/gz_tools_vendor:/opt/ros/jazzy/opt/gz_ogre_next_vendor:/opt/ros/jazzy/opt/gz_dartsim_vendor:/opt/ros/jazzy/opt/gz_cmake_vendor:/opt/ros/jazzy DEBUGINFOD_URLS=https://debuginfod.ubuntu.com /usr/bin/cmake --install /home/sang/ros2_ws/build/ros2_control_demo_example_14
[6.519s] -- Install configuration: ""
[6.520s] -- Execute custom install script
[6.521s] -- Up-to-date symlink: /home/sang/ros2_ws/install/ros2_control_demo_example_14/share/ros2_control_demo_example_14//ros2_control_demo_example_14.xml
[6.528s] -- Up-to-date symlink: /home/sang/ros2_ws/install/ros2_control_demo_example_14/include/ros2_control_demo_example_14/ros2_control_demo_example_14/rrbot_actuator_without_feedback.hpp
[6.528s] -- Up-to-date symlink: /home/sang/ros2_ws/install/ros2_control_demo_example_14/include/ros2_control_demo_example_14/ros2_control_demo_example_14/rrbot_sensor_for_position_feedback.hpp
[6.538s] -- Up-to-date symlink: /home/sang/ros2_ws/install/ros2_control_demo_example_14/share/ros2_control_demo_example_14/launch/view_robot.launch.py
[6.541s] -- Up-to-date symlink: /home/sang/ros2_ws/install/ros2_control_demo_example_14/share/ros2_control_demo_example_14/ros2_control/rrbot_modular_actuators_without_feedback_sensors_for_position_feedback.ros2_control.xacro
[6.544s] -- Up-to-date symlink: /home/sang/ros2_ws/install/ros2_control_demo_example_14/share/ros2_control_demo_example_14/urdf/rrbot_modular_actuators_without_feedback_sensors_for_position_feedback.urdf.xacro
[6.547s] -- Up-to-date symlink: /home/sang/ros2_ws/install/ros2_control_demo_example_14/share/ros2_control_demo_example_14/launch/rrbot_modular_actuators_without_feedback_sensors_for_position_feedback.launch.py
[6.553s] -- Up-to-date symlink: /home/sang/ros2_ws/install/ros2_control_demo_example_14/share/ros2_control_demo_example_14/config/rrbot_modular_actuators_without_feedback_sensors_for_position_feedback.yaml
[6.554s] -- Up-to-date symlink: /home/sang/ros2_ws/install/ros2_control_demo_example_14/share/ros2_control_demo_example_14/environment/library_path.sh
[6.558s] -- Up-to-date symlink: /home/sang/ros2_ws/install/ros2_control_demo_example_14/share/ros2_control_demo_example_14/environment/library_path.dsv
[6.559s] -- Up-to-date symlink: /home/sang/ros2_ws/install/ros2_control_demo_example_14/share/ament_index/resource_index/package_run_dependencies/ros2_control_demo_example_14
[6.563s] -- Up-to-date symlink: /home/sang/ros2_ws/install/ros2_control_demo_example_14/share/ament_index/resource_index/parent_prefix_path/ros2_control_demo_example_14
[6.567s] -- Up-to-date symlink: /home/sang/ros2_ws/install/ros2_control_demo_example_14/share/ros2_control_demo_example_14/environment/ament_prefix_path.sh
[6.568s] -- Up-to-date symlink: /home/sang/ros2_ws/install/ros2_control_demo_example_14/share/ros2_control_demo_example_14/environment/ament_prefix_path.dsv
[6.570s] -- Up-to-date symlink: /home/sang/ros2_ws/install/ros2_control_demo_example_14/share/ros2_control_demo_example_14/environment/path.sh
[6.573s] -- Up-to-date symlink: /home/sang/ros2_ws/install/ros2_control_demo_example_14/share/ros2_control_demo_example_14/environment/path.dsv
[6.576s] -- Up-to-date symlink: /home/sang/ros2_ws/install/ros2_control_demo_example_14/share/ros2_control_demo_example_14/local_setup.bash
[6.578s] -- Up-to-date symlink: /home/sang/ros2_ws/install/ros2_control_demo_example_14/share/ros2_control_demo_example_14/local_setup.sh
[6.580s] -- Up-to-date symlink: /home/sang/ros2_ws/install/ros2_control_demo_example_14/share/ros2_control_demo_example_14/local_setup.zsh
[6.582s] -- Up-to-date symlink: /home/sang/ros2_ws/install/ros2_control_demo_example_14/share/ros2_control_demo_example_14/local_setup.dsv
[6.584s] -- Symlinking: /home/sang/ros2_ws/install/ros2_control_demo_example_14/share/ros2_control_demo_example_14/package.dsv
[6.645s] -- Up-to-date symlink: /home/sang/ros2_ws/install/ros2_control_demo_example_14/share/ament_index/resource_index/packages/ros2_control_demo_example_14
[6.648s] -- Up-to-date symlink: /home/sang/ros2_ws/install/ros2_control_demo_example_14/share/ament_index/resource_index/hardware_interface__pluginlib__plugin/ros2_control_demo_example_14
[6.651s] -- Up-to-date symlink: /home/sang/ros2_ws/install/ros2_control_demo_example_14/share/ros2_control_demo_example_14/cmake/ament_cmake_export_targets-extras.cmake
[6.652s] -- Up-to-date symlink: /home/sang/ros2_ws/install/ros2_control_demo_example_14/share/ros2_control_demo_example_14/cmake/ament_cmake_export_dependencies-extras.cmake
[6.655s] -- Up-to-date symlink: /home/sang/ros2_ws/install/ros2_control_demo_example_14/share/ros2_control_demo_example_14/cmake/ros2_control_demo_example_14Config.cmake
[6.658s] -- Up-to-date symlink: /home/sang/ros2_ws/install/ros2_control_demo_example_14/share/ros2_control_demo_example_14/cmake/ros2_control_demo_example_14Config-version.cmake
[6.658s] -- Up-to-date symlink: /home/sang/ros2_ws/install/ros2_control_demo_example_14/share/ros2_control_demo_example_14/package.xml
[6.665s] -- Up-to-date: /home/sang/ros2_ws/install/ros2_control_demo_example_14/lib/libros2_control_demo_example_14.so
[6.668s] -- Up-to-date: /home/sang/ros2_ws/install/ros2_control_demo_example_14/share/ros2_control_demo_example_14/cmake/export_ros2_control_demo_example_14Export.cmake
[6.669s] -- Up-to-date: /home/sang/ros2_ws/install/ros2_control_demo_example_14/share/ros2_control_demo_example_14/cmake/export_ros2_control_demo_example_14Export-noconfig.cmake
[6.678s] Invoked command in '/home/sang/ros2_ws/build/ros2_control_demo_example_14' returned '0': AMENT_PREFIX_PATH=/home/sang/ros2_ws/install/ros2_control_demo_description:${AMENT_PREFIX_PATH} CMAKE_PREFIX_PATH=/home/sang/ros2_ws/install/ros2_control_demo_description:/opt/ros/jazzy/opt/gz_sim_vendor:/opt/ros/jazzy/opt/gz_sensors_vendor:/opt/ros/jazzy/opt/gz_physics_vendor:/opt/ros/jazzy/opt/sdformat_vendor:/opt/ros/jazzy/opt/gz_gui_vendor:/opt/ros/jazzy/opt/gz_transport_vendor:/opt/ros/jazzy/opt/gz_rendering_vendor:/opt/ros/jazzy/opt/gz_plugin_vendor:/opt/ros/jazzy/opt/gz_fuel_tools_vendor:/opt/ros/jazzy/opt/gz_msgs_vendor:/opt/ros/jazzy/opt/gz_common_vendor:/opt/ros/jazzy/opt/gz_math_vendor:/opt/ros/jazzy/opt/gz_utils_vendor:/opt/ros/jazzy/opt/gz_tools_vendor:/opt/ros/jazzy/opt/gz_ogre_next_vendor:/opt/ros/jazzy/opt/gz_dartsim_vendor:/opt/ros/jazzy/opt/gz_cmake_vendor:/opt/ros/jazzy DEBUGINFOD_URLS=https://debuginfod.ubuntu.com /usr/bin/cmake --install /home/sang/ros2_ws/build/ros2_control_demo_example_14
