[0.168s] Invoking command in '/home/sang/ros2_ws/build/ros2_control_demo_example_9': AMENT_PREFIX_PATH=/home/sang/ros2_ws/install/ros2_control_demo_description:${AMENT_PREFIX_PATH} CMAKE_PREFIX_PATH=/home/sang/ros2_ws/install/ros2_control_demo_description:/opt/ros/jazzy/opt/gz_sim_vendor:/opt/ros/jazzy/opt/gz_sensors_vendor:/opt/ros/jazzy/opt/gz_physics_vendor:/opt/ros/jazzy/opt/sdformat_vendor:/opt/ros/jazzy/opt/gz_gui_vendor:/opt/ros/jazzy/opt/gz_transport_vendor:/opt/ros/jazzy/opt/gz_rendering_vendor:/opt/ros/jazzy/opt/gz_plugin_vendor:/opt/ros/jazzy/opt/gz_fuel_tools_vendor:/opt/ros/jazzy/opt/gz_msgs_vendor:/opt/ros/jazzy/opt/gz_common_vendor:/opt/ros/jazzy/opt/gz_math_vendor:/opt/ros/jazzy/opt/gz_utils_vendor:/opt/ros/jazzy/opt/gz_tools_vendor:/opt/ros/jazzy/opt/gz_ogre_next_vendor:/opt/ros/jazzy/opt/gz_dartsim_vendor:/opt/ros/jazzy/opt/gz_cmake_vendor:/opt/ros/jazzy DEBUGINFOD_URLS=https://debuginfod.ubuntu.com /usr/bin/cmake --build /home/sang/ros2_ws/build/ros2_control_demo_example_9 -- -j2 -l2
[0.725s] [100%] Built target ros2_control_demo_example_9
[0.775s] Invoked command in '/home/sang/ros2_ws/build/ros2_control_demo_example_9' returned '0': AMENT_PREFIX_PATH=/home/sang/ros2_ws/install/ros2_control_demo_description:${AMENT_PREFIX_PATH} CMAKE_PREFIX_PATH=/home/sang/ros2_ws/install/ros2_control_demo_description:/opt/ros/jazzy/opt/gz_sim_vendor:/opt/ros/jazzy/opt/gz_sensors_vendor:/opt/ros/jazzy/opt/gz_physics_vendor:/opt/ros/jazzy/opt/sdformat_vendor:/opt/ros/jazzy/opt/gz_gui_vendor:/opt/ros/jazzy/opt/gz_transport_vendor:/opt/ros/jazzy/opt/gz_rendering_vendor:/opt/ros/jazzy/opt/gz_plugin_vendor:/opt/ros/jazzy/opt/gz_fuel_tools_vendor:/opt/ros/jazzy/opt/gz_msgs_vendor:/opt/ros/jazzy/opt/gz_common_vendor:/opt/ros/jazzy/opt/gz_math_vendor:/opt/ros/jazzy/opt/gz_utils_vendor:/opt/ros/jazzy/opt/gz_tools_vendor:/opt/ros/jazzy/opt/gz_ogre_next_vendor:/opt/ros/jazzy/opt/gz_dartsim_vendor:/opt/ros/jazzy/opt/gz_cmake_vendor:/opt/ros/jazzy DEBUGINFOD_URLS=https://debuginfod.ubuntu.com /usr/bin/cmake --build /home/sang/ros2_ws/build/ros2_control_demo_example_9 -- -j2 -l2
[0.779s] Invoking command in '/home/sang/ros2_ws/build/ros2_control_demo_example_9': AMENT_PREFIX_PATH=/home/sang/ros2_ws/install/ros2_control_demo_description:${AMENT_PREFIX_PATH} CMAKE_PREFIX_PATH=/home/sang/ros2_ws/install/ros2_control_demo_description:/opt/ros/jazzy/opt/gz_sim_vendor:/opt/ros/jazzy/opt/gz_sensors_vendor:/opt/ros/jazzy/opt/gz_physics_vendor:/opt/ros/jazzy/opt/sdformat_vendor:/opt/ros/jazzy/opt/gz_gui_vendor:/opt/ros/jazzy/opt/gz_transport_vendor:/opt/ros/jazzy/opt/gz_rendering_vendor:/opt/ros/jazzy/opt/gz_plugin_vendor:/opt/ros/jazzy/opt/gz_fuel_tools_vendor:/opt/ros/jazzy/opt/gz_msgs_vendor:/opt/ros/jazzy/opt/gz_common_vendor:/opt/ros/jazzy/opt/gz_math_vendor:/opt/ros/jazzy/opt/gz_utils_vendor:/opt/ros/jazzy/opt/gz_tools_vendor:/opt/ros/jazzy/opt/gz_ogre_next_vendor:/opt/ros/jazzy/opt/gz_dartsim_vendor:/opt/ros/jazzy/opt/gz_cmake_vendor:/opt/ros/jazzy DEBUGINFOD_URLS=https://debuginfod.ubuntu.com /usr/bin/cmake --install /home/sang/ros2_ws/build/ros2_control_demo_example_9
[0.838s] -- Install configuration: ""
[0.842s] -- Execute custom install script
[0.842s] -- Up-to-date symlink: /home/sang/ros2_ws/install/ros2_control_demo_example_9/share/ros2_control_demo_example_9//ros2_control_demo_example_9.xml
[0.847s] -- Up-to-date symlink: /home/sang/ros2_ws/install/ros2_control_demo_example_9/include/ros2_control_demo_example_9/ros2_control_demo_example_9/rrbot.hpp
[0.848s] -- Up-to-date symlink: /home/sang/ros2_ws/install/ros2_control_demo_example_9/share/ros2_control_demo_example_9/launch/view_robot.launch.py
[0.855s] -- Up-to-date symlink: /home/sang/ros2_ws/install/ros2_control_demo_example_9/share/ros2_control_demo_example_9/ros2_control/rrbot.ros2_control.xacro
[0.855s] -- Up-to-date symlink: /home/sang/ros2_ws/install/ros2_control_demo_example_9/share/ros2_control_demo_example_9/urdf/rrbot.urdf.xacro
[0.855s] -- Up-to-date symlink: /home/sang/ros2_ws/install/ros2_control_demo_example_9/share/ros2_control_demo_example_9/gazebo/rrbot.gazebo.xacro
[0.858s] -- Up-to-date symlink: /home/sang/ros2_ws/install/ros2_control_demo_example_9/share/ros2_control_demo_example_9/launch/rrbot.launch.py
[0.859s] -- Up-to-date symlink: /home/sang/ros2_ws/install/ros2_control_demo_example_9/share/ros2_control_demo_example_9/launch/rrbot_gazebo.launch.py
[0.859s] -- Up-to-date symlink: /home/sang/ros2_ws/install/ros2_control_demo_example_9/share/ros2_control_demo_example_9/launch/test_forward_position_controller.launch.py
[0.860s] -- Up-to-date symlink: /home/sang/ros2_ws/install/ros2_control_demo_example_9/share/ros2_control_demo_example_9/config/rrbot_controllers.yaml
[0.860s] -- Up-to-date symlink: /home/sang/ros2_ws/install/ros2_control_demo_example_9/share/ros2_control_demo_example_9/config/rrbot_forward_position_publisher.yaml
[0.860s] -- Up-to-date symlink: /home/sang/ros2_ws/install/ros2_control_demo_example_9/share/ros2_control_demo_example_9/environment/library_path.sh
[0.865s] -- Up-to-date symlink: /home/sang/ros2_ws/install/ros2_control_demo_example_9/share/ros2_control_demo_example_9/environment/library_path.dsv
[0.866s] -- Up-to-date symlink: /home/sang/ros2_ws/install/ros2_control_demo_example_9/share/ament_index/resource_index/package_run_dependencies/ros2_control_demo_example_9
[0.868s] -- Up-to-date symlink: /home/sang/ros2_ws/install/ros2_control_demo_example_9/share/ament_index/resource_index/parent_prefix_path/ros2_control_demo_example_9
[0.870s] -- Up-to-date symlink: /home/sang/ros2_ws/install/ros2_control_demo_example_9/share/ros2_control_demo_example_9/environment/ament_prefix_path.sh
[0.870s] -- Up-to-date symlink: /home/sang/ros2_ws/install/ros2_control_demo_example_9/share/ros2_control_demo_example_9/environment/ament_prefix_path.dsv
[0.874s] -- Up-to-date symlink: /home/sang/ros2_ws/install/ros2_control_demo_example_9/share/ros2_control_demo_example_9/environment/path.sh
[0.874s] -- Up-to-date symlink: /home/sang/ros2_ws/install/ros2_control_demo_example_9/share/ros2_control_demo_example_9/environment/path.dsv
[0.874s] -- Up-to-date symlink: /home/sang/ros2_ws/install/ros2_control_demo_example_9/share/ros2_control_demo_example_9/local_setup.bash
[0.877s] -- Up-to-date symlink: /home/sang/ros2_ws/install/ros2_control_demo_example_9/share/ros2_control_demo_example_9/local_setup.sh
[0.877s] -- Up-to-date symlink: /home/sang/ros2_ws/install/ros2_control_demo_example_9/share/ros2_control_demo_example_9/local_setup.zsh
[0.881s] -- Up-to-date symlink: /home/sang/ros2_ws/install/ros2_control_demo_example_9/share/ros2_control_demo_example_9/local_setup.dsv
[0.882s] -- Symlinking: /home/sang/ros2_ws/install/ros2_control_demo_example_9/share/ros2_control_demo_example_9/package.dsv
[0.949s] -- Up-to-date symlink: /home/sang/ros2_ws/install/ros2_control_demo_example_9/share/ament_index/resource_index/packages/ros2_control_demo_example_9
[0.949s] -- Up-to-date symlink: /home/sang/ros2_ws/install/ros2_control_demo_example_9/share/ament_index/resource_index/hardware_interface__pluginlib__plugin/ros2_control_demo_example_9
[0.949s] -- Up-to-date symlink: /home/sang/ros2_ws/install/ros2_control_demo_example_9/share/ros2_control_demo_example_9/cmake/ament_cmake_export_targets-extras.cmake
[0.951s] -- Up-to-date symlink: /home/sang/ros2_ws/install/ros2_control_demo_example_9/share/ros2_control_demo_example_9/cmake/ament_cmake_export_dependencies-extras.cmake
[0.951s] -- Up-to-date symlink: /home/sang/ros2_ws/install/ros2_control_demo_example_9/share/ros2_control_demo_example_9/cmake/ros2_control_demo_example_9Config.cmake
[0.953s] -- Up-to-date symlink: /home/sang/ros2_ws/install/ros2_control_demo_example_9/share/ros2_control_demo_example_9/cmake/ros2_control_demo_example_9Config-version.cmake
[0.953s] -- Up-to-date symlink: /home/sang/ros2_ws/install/ros2_control_demo_example_9/share/ros2_control_demo_example_9/package.xml
[0.956s] -- Up-to-date: /home/sang/ros2_ws/install/ros2_control_demo_example_9/lib/libros2_control_demo_example_9.so
[0.957s] -- Up-to-date: /home/sang/ros2_ws/install/ros2_control_demo_example_9/share/ros2_control_demo_example_9/cmake/export_ros2_control_demo_example_9Export.cmake
[0.959s] -- Up-to-date: /home/sang/ros2_ws/install/ros2_control_demo_example_9/share/ros2_control_demo_example_9/cmake/export_ros2_control_demo_example_9Export-noconfig.cmake
[0.964s] Invoked command in '/home/sang/ros2_ws/build/ros2_control_demo_example_9' returned '0': AMENT_PREFIX_PATH=/home/sang/ros2_ws/install/ros2_control_demo_description:${AMENT_PREFIX_PATH} CMAKE_PREFIX_PATH=/home/sang/ros2_ws/install/ros2_control_demo_description:/opt/ros/jazzy/opt/gz_sim_vendor:/opt/ros/jazzy/opt/gz_sensors_vendor:/opt/ros/jazzy/opt/gz_physics_vendor:/opt/ros/jazzy/opt/sdformat_vendor:/opt/ros/jazzy/opt/gz_gui_vendor:/opt/ros/jazzy/opt/gz_transport_vendor:/opt/ros/jazzy/opt/gz_rendering_vendor:/opt/ros/jazzy/opt/gz_plugin_vendor:/opt/ros/jazzy/opt/gz_fuel_tools_vendor:/opt/ros/jazzy/opt/gz_msgs_vendor:/opt/ros/jazzy/opt/gz_common_vendor:/opt/ros/jazzy/opt/gz_math_vendor:/opt/ros/jazzy/opt/gz_utils_vendor:/opt/ros/jazzy/opt/gz_tools_vendor:/opt/ros/jazzy/opt/gz_ogre_next_vendor:/opt/ros/jazzy/opt/gz_dartsim_vendor:/opt/ros/jazzy/opt/gz_cmake_vendor:/opt/ros/jazzy DEBUGINFOD_URLS=https://debuginfod.ubuntu.com /usr/bin/cmake --install /home/sang/ros2_ws/build/ros2_control_demo_example_9
