[0.070s] Invoking command in '/home/sang/ros2_ws/build/ros2_control_demo_example_7': CMAKE_PREFIX_PATH=/home/sang/ros2_ws/install/ros2_control_demo_description:/home/sang/ros2_ws/install/ros2_control_demos:/home/sang/ros2_ws/install/ros2_control_demo_example_9:/home/sang/ros2_ws/install/ros2_control_demo_example_8:/home/sang/ros2_ws/install/ros2_control_demo_example_7:/home/sang/ros2_ws/install/ros2_control_demo_example_6:/home/sang/ros2_ws/install/ros2_control_demo_example_15:/home/sang/ros2_ws/install/ros2_control_demo_example_13:/home/sang/ros2_ws/install/ros2_control_demo_example_5:/home/sang/ros2_ws/install/ros2_control_demo_example_4:/home/sang/ros2_ws/install/ros2_control_demo_example_3:/home/sang/ros2_ws/install/ros2_control_demo_example_2:/home/sang/ros2_ws/install/ros2_control_demo_example_16:/home/sang/ros2_ws/install/ros2_control_demo_example_14:/home/sang/ros2_ws/install/ros2_control_demo_example_12:/home/sang/ros2_ws/install/ros2_control_demo_example_11:/home/sang/ros2_ws/install/ros2_control_demo_example_10:/home/sang/ros2_ws/install/ros2_control_demo_example_1:/opt/ros/jazzy/opt/gz_sim_vendor:/opt/ros/jazzy/opt/gz_sensors_vendor:/opt/ros/jazzy/opt/gz_physics_vendor:/opt/ros/jazzy/opt/sdformat_vendor:/opt/ros/jazzy/opt/gz_gui_vendor:/opt/ros/jazzy/opt/gz_transport_vendor:/opt/ros/jazzy/opt/gz_rendering_vendor:/opt/ros/jazzy/opt/gz_plugin_vendor:/opt/ros/jazzy/opt/gz_fuel_tools_vendor:/opt/ros/jazzy/opt/gz_msgs_vendor:/opt/ros/jazzy/opt/gz_common_vendor:/opt/ros/jazzy/opt/gz_math_vendor:/opt/ros/jazzy/opt/gz_utils_vendor:/opt/ros/jazzy/opt/gz_tools_vendor:/opt/ros/jazzy/opt/gz_ogre_next_vendor:/opt/ros/jazzy/opt/gz_dartsim_vendor:/opt/ros/jazzy/opt/gz_cmake_vendor:/opt/ros/jazzy DEBUGINFOD_URLS=https://debuginfod.ubuntu.com /usr/bin/cmake /home/sang/ros2_ws/src/ros2_control_demos/example_7 -DCMAKE_INSTALL_PREFIX=/home/sang/ros2_ws/install/ros2_control_demo_example_7
[0.157s] -- Found ros2_control_cmake: 0.1.1 (/opt/ros/jazzy/share/ros2_control_cmake/cmake)
[0.162s] -- Compiler warnings enabled for GNU
[0.163s] -- Detected GCC Version: 13.3.0 (Major: 13, Minor: 3)
[0.163s] -- Found controller_manager: 4.27.0 (/opt/ros/jazzy/share/controller_manager/cmake)
[1.020s] -- Override CMake install command with custom implementation using symlinks instead of copying resources
[1.163s] -- Found rosidl_generator_c: 4.6.5 (/opt/ros/jazzy/share/rosidl_generator_c/cmake)
[1.195s] -- Found rosidl_generator_cpp: 4.6.5 (/opt/ros/jazzy/share/rosidl_generator_cpp/cmake)
[1.231s] -- Using all available rosidl_typesupport_c: rosidl_typesupport_fastrtps_c;rosidl_typesupport_introspection_c
[1.268s] -- Using all available rosidl_typesupport_cpp: rosidl_typesupport_fastrtps_cpp;rosidl_typesupport_introspection_cpp
[1.414s] -- Found rmw_implementation_cmake: 7.3.2 (/opt/ros/jazzy/share/rmw_implementation_cmake/cmake)
[1.416s] -- Found rmw_fastrtps_cpp: 8.4.2 (/opt/ros/jazzy/share/rmw_fastrtps_cpp/cmake)
[1.645s] -- Using RMW implementation 'rmw_fastrtps_cpp' as default
[2.610s] -- Found kdl_parser: 2.11.0 (/opt/ros/jazzy/share/kdl_parser/cmake)
[2.626s] -- Found eigen3_cmake_module: 0.3.0 (/opt/ros/jazzy/share/eigen3_cmake_module/cmake)
[2.633s] -- Ensuring Eigen3 include directory is part of orocos-kdl CMake target
[2.666s] -- Found ament_cmake_pytest: 2.5.3 (/opt/ros/jazzy/share/ament_cmake_pytest/cmake)
[6.447s] -- Configuring done (6.3s)
[6.707s] -- Generating done (0.2s)
[6.749s] -- Build files have been written to: /home/sang/ros2_ws/build/ros2_control_demo_example_7
[6.797s] Invoked command in '/home/sang/ros2_ws/build/ros2_control_demo_example_7' returned '0': CMAKE_PREFIX_PATH=/home/sang/ros2_ws/install/ros2_control_demo_description:/home/sang/ros2_ws/install/ros2_control_demos:/home/sang/ros2_ws/install/ros2_control_demo_example_9:/home/sang/ros2_ws/install/ros2_control_demo_example_8:/home/sang/ros2_ws/install/ros2_control_demo_example_7:/home/sang/ros2_ws/install/ros2_control_demo_example_6:/home/sang/ros2_ws/install/ros2_control_demo_example_15:/home/sang/ros2_ws/install/ros2_control_demo_example_13:/home/sang/ros2_ws/install/ros2_control_demo_example_5:/home/sang/ros2_ws/install/ros2_control_demo_example_4:/home/sang/ros2_ws/install/ros2_control_demo_example_3:/home/sang/ros2_ws/install/ros2_control_demo_example_2:/home/sang/ros2_ws/install/ros2_control_demo_example_16:/home/sang/ros2_ws/install/ros2_control_demo_example_14:/home/sang/ros2_ws/install/ros2_control_demo_example_12:/home/sang/ros2_ws/install/ros2_control_demo_example_11:/home/sang/ros2_ws/install/ros2_control_demo_example_10:/home/sang/ros2_ws/install/ros2_control_demo_example_1:/opt/ros/jazzy/opt/gz_sim_vendor:/opt/ros/jazzy/opt/gz_sensors_vendor:/opt/ros/jazzy/opt/gz_physics_vendor:/opt/ros/jazzy/opt/sdformat_vendor:/opt/ros/jazzy/opt/gz_gui_vendor:/opt/ros/jazzy/opt/gz_transport_vendor:/opt/ros/jazzy/opt/gz_rendering_vendor:/opt/ros/jazzy/opt/gz_plugin_vendor:/opt/ros/jazzy/opt/gz_fuel_tools_vendor:/opt/ros/jazzy/opt/gz_msgs_vendor:/opt/ros/jazzy/opt/gz_common_vendor:/opt/ros/jazzy/opt/gz_math_vendor:/opt/ros/jazzy/opt/gz_utils_vendor:/opt/ros/jazzy/opt/gz_tools_vendor:/opt/ros/jazzy/opt/gz_ogre_next_vendor:/opt/ros/jazzy/opt/gz_dartsim_vendor:/opt/ros/jazzy/opt/gz_cmake_vendor:/opt/ros/jazzy DEBUGINFOD_URLS=https://debuginfod.ubuntu.com /usr/bin/cmake /home/sang/ros2_ws/src/ros2_control_demos/example_7 -DCMAKE_INSTALL_PREFIX=/home/sang/ros2_ws/install/ros2_control_demo_example_7
[6.802s] Invoking command in '/home/sang/ros2_ws/build/ros2_control_demo_example_7': CMAKE_PREFIX_PATH=/home/sang/ros2_ws/install/ros2_control_demo_description:/home/sang/ros2_ws/install/ros2_control_demos:/home/sang/ros2_ws/install/ros2_control_demo_example_9:/home/sang/ros2_ws/install/ros2_control_demo_example_8:/home/sang/ros2_ws/install/ros2_control_demo_example_7:/home/sang/ros2_ws/install/ros2_control_demo_example_6:/home/sang/ros2_ws/install/ros2_control_demo_example_15:/home/sang/ros2_ws/install/ros2_control_demo_example_13:/home/sang/ros2_ws/install/ros2_control_demo_example_5:/home/sang/ros2_ws/install/ros2_control_demo_example_4:/home/sang/ros2_ws/install/ros2_control_demo_example_3:/home/sang/ros2_ws/install/ros2_control_demo_example_2:/home/sang/ros2_ws/install/ros2_control_demo_example_16:/home/sang/ros2_ws/install/ros2_control_demo_example_14:/home/sang/ros2_ws/install/ros2_control_demo_example_12:/home/sang/ros2_ws/install/ros2_control_demo_example_11:/home/sang/ros2_ws/install/ros2_control_demo_example_10:/home/sang/ros2_ws/install/ros2_control_demo_example_1:/opt/ros/jazzy/opt/gz_sim_vendor:/opt/ros/jazzy/opt/gz_sensors_vendor:/opt/ros/jazzy/opt/gz_physics_vendor:/opt/ros/jazzy/opt/sdformat_vendor:/opt/ros/jazzy/opt/gz_gui_vendor:/opt/ros/jazzy/opt/gz_transport_vendor:/opt/ros/jazzy/opt/gz_rendering_vendor:/opt/ros/jazzy/opt/gz_plugin_vendor:/opt/ros/jazzy/opt/gz_fuel_tools_vendor:/opt/ros/jazzy/opt/gz_msgs_vendor:/opt/ros/jazzy/opt/gz_common_vendor:/opt/ros/jazzy/opt/gz_math_vendor:/opt/ros/jazzy/opt/gz_utils_vendor:/opt/ros/jazzy/opt/gz_tools_vendor:/opt/ros/jazzy/opt/gz_ogre_next_vendor:/opt/ros/jazzy/opt/gz_dartsim_vendor:/opt/ros/jazzy/opt/gz_cmake_vendor:/opt/ros/jazzy DEBUGINFOD_URLS=https://debuginfod.ubuntu.com /usr/bin/cmake --build /home/sang/ros2_ws/build/ros2_control_demo_example_7 -- -j2 -l2
[7.352s] [ 40%] Built target send_trajectory
[7.437s] [100%] Built target ros2_control_demo_example_7
[7.533s] Invoked command in '/home/sang/ros2_ws/build/ros2_control_demo_example_7' returned '0': CMAKE_PREFIX_PATH=/home/sang/ros2_ws/install/ros2_control_demo_description:/home/sang/ros2_ws/install/ros2_control_demos:/home/sang/ros2_ws/install/ros2_control_demo_example_9:/home/sang/ros2_ws/install/ros2_control_demo_example_8:/home/sang/ros2_ws/install/ros2_control_demo_example_7:/home/sang/ros2_ws/install/ros2_control_demo_example_6:/home/sang/ros2_ws/install/ros2_control_demo_example_15:/home/sang/ros2_ws/install/ros2_control_demo_example_13:/home/sang/ros2_ws/install/ros2_control_demo_example_5:/home/sang/ros2_ws/install/ros2_control_demo_example_4:/home/sang/ros2_ws/install/ros2_control_demo_example_3:/home/sang/ros2_ws/install/ros2_control_demo_example_2:/home/sang/ros2_ws/install/ros2_control_demo_example_16:/home/sang/ros2_ws/install/ros2_control_demo_example_14:/home/sang/ros2_ws/install/ros2_control_demo_example_12:/home/sang/ros2_ws/install/ros2_control_demo_example_11:/home/sang/ros2_ws/install/ros2_control_demo_example_10:/home/sang/ros2_ws/install/ros2_control_demo_example_1:/opt/ros/jazzy/opt/gz_sim_vendor:/opt/ros/jazzy/opt/gz_sensors_vendor:/opt/ros/jazzy/opt/gz_physics_vendor:/opt/ros/jazzy/opt/sdformat_vendor:/opt/ros/jazzy/opt/gz_gui_vendor:/opt/ros/jazzy/opt/gz_transport_vendor:/opt/ros/jazzy/opt/gz_rendering_vendor:/opt/ros/jazzy/opt/gz_plugin_vendor:/opt/ros/jazzy/opt/gz_fuel_tools_vendor:/opt/ros/jazzy/opt/gz_msgs_vendor:/opt/ros/jazzy/opt/gz_common_vendor:/opt/ros/jazzy/opt/gz_math_vendor:/opt/ros/jazzy/opt/gz_utils_vendor:/opt/ros/jazzy/opt/gz_tools_vendor:/opt/ros/jazzy/opt/gz_ogre_next_vendor:/opt/ros/jazzy/opt/gz_dartsim_vendor:/opt/ros/jazzy/opt/gz_cmake_vendor:/opt/ros/jazzy DEBUGINFOD_URLS=https://debuginfod.ubuntu.com /usr/bin/cmake --build /home/sang/ros2_ws/build/ros2_control_demo_example_7 -- -j2 -l2
[7.536s] Invoking command in '/home/sang/ros2_ws/build/ros2_control_demo_example_7': CMAKE_PREFIX_PATH=/home/sang/ros2_ws/install/ros2_control_demo_description:/home/sang/ros2_ws/install/ros2_control_demos:/home/sang/ros2_ws/install/ros2_control_demo_example_9:/home/sang/ros2_ws/install/ros2_control_demo_example_8:/home/sang/ros2_ws/install/ros2_control_demo_example_7:/home/sang/ros2_ws/install/ros2_control_demo_example_6:/home/sang/ros2_ws/install/ros2_control_demo_example_15:/home/sang/ros2_ws/install/ros2_control_demo_example_13:/home/sang/ros2_ws/install/ros2_control_demo_example_5:/home/sang/ros2_ws/install/ros2_control_demo_example_4:/home/sang/ros2_ws/install/ros2_control_demo_example_3:/home/sang/ros2_ws/install/ros2_control_demo_example_2:/home/sang/ros2_ws/install/ros2_control_demo_example_16:/home/sang/ros2_ws/install/ros2_control_demo_example_14:/home/sang/ros2_ws/install/ros2_control_demo_example_12:/home/sang/ros2_ws/install/ros2_control_demo_example_11:/home/sang/ros2_ws/install/ros2_control_demo_example_10:/home/sang/ros2_ws/install/ros2_control_demo_example_1:/opt/ros/jazzy/opt/gz_sim_vendor:/opt/ros/jazzy/opt/gz_sensors_vendor:/opt/ros/jazzy/opt/gz_physics_vendor:/opt/ros/jazzy/opt/sdformat_vendor:/opt/ros/jazzy/opt/gz_gui_vendor:/opt/ros/jazzy/opt/gz_transport_vendor:/opt/ros/jazzy/opt/gz_rendering_vendor:/opt/ros/jazzy/opt/gz_plugin_vendor:/opt/ros/jazzy/opt/gz_fuel_tools_vendor:/opt/ros/jazzy/opt/gz_msgs_vendor:/opt/ros/jazzy/opt/gz_common_vendor:/opt/ros/jazzy/opt/gz_math_vendor:/opt/ros/jazzy/opt/gz_utils_vendor:/opt/ros/jazzy/opt/gz_tools_vendor:/opt/ros/jazzy/opt/gz_ogre_next_vendor:/opt/ros/jazzy/opt/gz_dartsim_vendor:/opt/ros/jazzy/opt/gz_cmake_vendor:/opt/ros/jazzy DEBUGINFOD_URLS=https://debuginfod.ubuntu.com /usr/bin/cmake --install /home/sang/ros2_ws/build/ros2_control_demo_example_7
[7.612s] -- Install configuration: ""
[7.612s] -- Execute custom install script
[7.613s] -- Up-to-date symlink: /home/sang/ros2_ws/install/ros2_control_demo_example_7/share/ros2_control_demo_example_7//ros2_control_demo_example_7.xml
[7.613s] -- Up-to-date symlink: /home/sang/ros2_ws/install/ros2_control_demo_example_7/share/ros2_control_demo_example_7//ros2_control_demo_example_7.xml
[7.617s] -- Up-to-date symlink: /home/sang/ros2_ws/install/ros2_control_demo_example_7/include/ros2_control_demo_example_7/ros2_control_demo_example_7/r6bot_hardware.hpp
[7.622s] -- Up-to-date symlink: /home/sang/ros2_ws/install/ros2_control_demo_example_7/share/ros2_control_demo_example_7/launch/view_r6bot.launch.py
[7.625s] -- Up-to-date symlink: /home/sang/ros2_ws/install/ros2_control_demo_example_7/share/ros2_control_demo_example_7/ros2_control/r6bot.ros2_control.xacro
[7.631s] -- Up-to-date symlink: /home/sang/ros2_ws/install/ros2_control_demo_example_7/share/ros2_control_demo_example_7/urdf/r6bot.urdf.xacro
[7.632s] -- Up-to-date symlink: /home/sang/ros2_ws/install/ros2_control_demo_example_7/share/ros2_control_demo_example_7/launch/r6bot_controller.launch.py
[7.633s] -- Up-to-date symlink: /home/sang/ros2_ws/install/ros2_control_demo_example_7/share/ros2_control_demo_example_7/launch/send_trajectory.launch.py
[7.638s] -- Up-to-date symlink: /home/sang/ros2_ws/install/ros2_control_demo_example_7/share/ros2_control_demo_example_7/config/r6bot_controller.yaml
[7.643s] -- Up-to-date symlink: /home/sang/ros2_ws/install/ros2_control_demo_example_7/lib/ros2_control_demo_example_7/send_trajectory
[7.643s] -- Up-to-date symlink: /home/sang/ros2_ws/install/ros2_control_demo_example_7/share/ros2_control_demo_example_7/environment/library_path.sh
[7.644s] -- Up-to-date symlink: /home/sang/ros2_ws/install/ros2_control_demo_example_7/share/ros2_control_demo_example_7/environment/library_path.dsv
[7.649s] -- Up-to-date symlink: /home/sang/ros2_ws/install/ros2_control_demo_example_7/share/ament_index/resource_index/package_run_dependencies/ros2_control_demo_example_7
[7.649s] -- Up-to-date symlink: /home/sang/ros2_ws/install/ros2_control_demo_example_7/share/ament_index/resource_index/parent_prefix_path/ros2_control_demo_example_7
[7.651s] -- Up-to-date symlink: /home/sang/ros2_ws/install/ros2_control_demo_example_7/share/ros2_control_demo_example_7/environment/ament_prefix_path.sh
[7.651s] -- Up-to-date symlink: /home/sang/ros2_ws/install/ros2_control_demo_example_7/share/ros2_control_demo_example_7/environment/ament_prefix_path.dsv
[7.653s] -- Up-to-date symlink: /home/sang/ros2_ws/install/ros2_control_demo_example_7/share/ros2_control_demo_example_7/environment/path.sh
[7.654s] -- Up-to-date symlink: /home/sang/ros2_ws/install/ros2_control_demo_example_7/share/ros2_control_demo_example_7/environment/path.dsv
[7.657s] -- Up-to-date symlink: /home/sang/ros2_ws/install/ros2_control_demo_example_7/share/ros2_control_demo_example_7/local_setup.bash
[7.658s] -- Up-to-date symlink: /home/sang/ros2_ws/install/ros2_control_demo_example_7/share/ros2_control_demo_example_7/local_setup.sh
[7.661s] -- Up-to-date symlink: /home/sang/ros2_ws/install/ros2_control_demo_example_7/share/ros2_control_demo_example_7/local_setup.zsh
[7.664s] -- Up-to-date symlink: /home/sang/ros2_ws/install/ros2_control_demo_example_7/share/ros2_control_demo_example_7/local_setup.dsv
[7.664s] -- Symlinking: /home/sang/ros2_ws/install/ros2_control_demo_example_7/share/ros2_control_demo_example_7/package.dsv
[7.745s] -- Up-to-date symlink: /home/sang/ros2_ws/install/ros2_control_demo_example_7/share/ament_index/resource_index/packages/ros2_control_demo_example_7
[7.746s] -- Up-to-date symlink: /home/sang/ros2_ws/install/ros2_control_demo_example_7/share/ament_index/resource_index/hardware_interface__pluginlib__plugin/ros2_control_demo_example_7
[7.751s] -- Up-to-date symlink: /home/sang/ros2_ws/install/ros2_control_demo_example_7/share/ament_index/resource_index/controller_interface__pluginlib__plugin/ros2_control_demo_example_7
[7.754s] -- Up-to-date symlink: /home/sang/ros2_ws/install/ros2_control_demo_example_7/share/ros2_control_demo_example_7/cmake/ament_cmake_export_targets-extras.cmake
[7.756s] -- Up-to-date symlink: /home/sang/ros2_ws/install/ros2_control_demo_example_7/share/ros2_control_demo_example_7/cmake/ament_cmake_export_dependencies-extras.cmake
[7.761s] -- Up-to-date symlink: /home/sang/ros2_ws/install/ros2_control_demo_example_7/share/ros2_control_demo_example_7/cmake/ros2_control_demo_example_7Config.cmake
[7.763s] -- Up-to-date symlink: /home/sang/ros2_ws/install/ros2_control_demo_example_7/share/ros2_control_demo_example_7/cmake/ros2_control_demo_example_7Config-version.cmake
[7.765s] -- Up-to-date symlink: /home/sang/ros2_ws/install/ros2_control_demo_example_7/share/ros2_control_demo_example_7/package.xml
[7.773s] -- Up-to-date: /home/sang/ros2_ws/install/ros2_control_demo_example_7/lib/libros2_control_demo_example_7.so
[7.778s] -- Up-to-date: /home/sang/ros2_ws/install/ros2_control_demo_example_7/share/ros2_control_demo_example_7/cmake/export_ros2_control_demo_example_7Export.cmake
[7.780s] -- Up-to-date: /home/sang/ros2_ws/install/ros2_control_demo_example_7/share/ros2_control_demo_example_7/cmake/export_ros2_control_demo_example_7Export-noconfig.cmake
[7.793s] Invoked command in '/home/sang/ros2_ws/build/ros2_control_demo_example_7' returned '0': CMAKE_PREFIX_PATH=/home/sang/ros2_ws/install/ros2_control_demo_description:/home/sang/ros2_ws/install/ros2_control_demos:/home/sang/ros2_ws/install/ros2_control_demo_example_9:/home/sang/ros2_ws/install/ros2_control_demo_example_8:/home/sang/ros2_ws/install/ros2_control_demo_example_7:/home/sang/ros2_ws/install/ros2_control_demo_example_6:/home/sang/ros2_ws/install/ros2_control_demo_example_15:/home/sang/ros2_ws/install/ros2_control_demo_example_13:/home/sang/ros2_ws/install/ros2_control_demo_example_5:/home/sang/ros2_ws/install/ros2_control_demo_example_4:/home/sang/ros2_ws/install/ros2_control_demo_example_3:/home/sang/ros2_ws/install/ros2_control_demo_example_2:/home/sang/ros2_ws/install/ros2_control_demo_example_16:/home/sang/ros2_ws/install/ros2_control_demo_example_14:/home/sang/ros2_ws/install/ros2_control_demo_example_12:/home/sang/ros2_ws/install/ros2_control_demo_example_11:/home/sang/ros2_ws/install/ros2_control_demo_example_10:/home/sang/ros2_ws/install/ros2_control_demo_example_1:/opt/ros/jazzy/opt/gz_sim_vendor:/opt/ros/jazzy/opt/gz_sensors_vendor:/opt/ros/jazzy/opt/gz_physics_vendor:/opt/ros/jazzy/opt/sdformat_vendor:/opt/ros/jazzy/opt/gz_gui_vendor:/opt/ros/jazzy/opt/gz_transport_vendor:/opt/ros/jazzy/opt/gz_rendering_vendor:/opt/ros/jazzy/opt/gz_plugin_vendor:/opt/ros/jazzy/opt/gz_fuel_tools_vendor:/opt/ros/jazzy/opt/gz_msgs_vendor:/opt/ros/jazzy/opt/gz_common_vendor:/opt/ros/jazzy/opt/gz_math_vendor:/opt/ros/jazzy/opt/gz_utils_vendor:/opt/ros/jazzy/opt/gz_tools_vendor:/opt/ros/jazzy/opt/gz_ogre_next_vendor:/opt/ros/jazzy/opt/gz_dartsim_vendor:/opt/ros/jazzy/opt/gz_cmake_vendor:/opt/ros/jazzy DEBUGINFOD_URLS=https://debuginfod.ubuntu.com /usr/bin/cmake --install /home/sang/ros2_ws/build/ros2_control_demo_example_7
