[0.063s] Invoking command in '/home/sang/ros2_ws/build/dorna_robot': CMAKE_PREFIX_PATH=/home/sang/ros2_ws/install/ros2_control_demo_description:/home/sang/ros2_ws/install/ros2_control_demos:/home/sang/ros2_ws/install/ros2_control_demo_example_9:/home/sang/ros2_ws/install/ros2_control_demo_example_8:/home/sang/ros2_ws/install/ros2_control_demo_example_7:/home/sang/ros2_ws/install/ros2_control_demo_example_6:/home/sang/ros2_ws/install/ros2_control_demo_example_15:/home/sang/ros2_ws/install/ros2_control_demo_example_13:/home/sang/ros2_ws/install/ros2_control_demo_example_5:/home/sang/ros2_ws/install/ros2_control_demo_example_4:/home/sang/ros2_ws/install/ros2_control_demo_example_3:/home/sang/ros2_ws/install/ros2_control_demo_example_2:/home/sang/ros2_ws/install/ros2_control_demo_example_16:/home/sang/ros2_ws/install/ros2_control_demo_example_14:/home/sang/ros2_ws/install/ros2_control_demo_example_12:/home/sang/ros2_ws/install/ros2_control_demo_example_11:/home/sang/ros2_ws/install/ros2_control_demo_example_10:/home/sang/ros2_ws/install/ros2_control_demo_example_1:/home/sang/ros2_ws/install/dorna_robot:/home/sang/ros2_ws/install/my_first_pkg:/home/sang/ros2_ws/install/mec_mobile:/home/sang/ros2_ws/install/mec_mobile_description:/home/sang/ros2_ws/install/four_ws_control:/home/sang/ros2_ws/install/diffbot_description:/opt/ros/jazzy/opt/gz_sim_vendor:/opt/ros/jazzy/opt/gz_sensors_vendor:/opt/ros/jazzy/opt/gz_physics_vendor:/opt/ros/jazzy/opt/sdformat_vendor:/opt/ros/jazzy/opt/gz_gui_vendor:/opt/ros/jazzy/opt/gz_transport_vendor:/opt/ros/jazzy/opt/gz_rendering_vendor:/opt/ros/jazzy/opt/gz_plugin_vendor:/opt/ros/jazzy/opt/gz_fuel_tools_vendor:/opt/ros/jazzy/opt/gz_msgs_vendor:/opt/ros/jazzy/opt/gz_common_vendor:/opt/ros/jazzy/opt/gz_math_vendor:/opt/ros/jazzy/opt/gz_utils_vendor:/opt/ros/jazzy/opt/gz_tools_vendor:/opt/ros/jazzy/opt/gz_ogre_next_vendor:/opt/ros/jazzy/opt/gz_dartsim_vendor:/opt/ros/jazzy/opt/gz_cmake_vendor:/opt/ros/jazzy DEBUGINFOD_URLS=https://debuginfod.ubuntu.com /usr/bin/cmake --build /home/sang/ros2_ws/build/dorna_robot -- -j2 -l2
[0.268s] -- Found ros2_control_cmake: 0.1.1 (/opt/ros/jazzy/share/ros2_control_cmake/cmake)
[0.270s] -- Compiler warnings enabled for GNU
[0.271s] -- Detected GCC Version: 13.3.0 (Major: 13, Minor: 3)
[0.271s] -- Found controller_manager: 4.27.0 (/opt/ros/jazzy/share/controller_manager/cmake)
[0.884s] -- Override CMake install command with custom implementation using symlinks instead of copying resources
[0.983s] -- Found rosidl_generator_c: 4.6.5 (/opt/ros/jazzy/share/rosidl_generator_c/cmake)
[1.002s] -- Found rosidl_generator_cpp: 4.6.5 (/opt/ros/jazzy/share/rosidl_generator_cpp/cmake)
[1.030s] -- Using all available rosidl_typesupport_c: rosidl_typesupport_fastrtps_c;rosidl_typesupport_introspection_c
[1.060s] -- Using all available rosidl_typesupport_cpp: rosidl_typesupport_fastrtps_cpp;rosidl_typesupport_introspection_cpp
[1.181s] -- Found rmw_implementation_cmake: 7.3.2 (/opt/ros/jazzy/share/rmw_implementation_cmake/cmake)
[1.185s] -- Found rmw_fastrtps_cpp: 8.4.2 (/opt/ros/jazzy/share/rmw_fastrtps_cpp/cmake)
[1.370s] -- Using RMW implementation 'rmw_fastrtps_cpp' as default
[2.000s] -- Found ament_cmake_pytest: 2.5.3 (/opt/ros/jazzy/share/ament_cmake_pytest/cmake)
[2.280s] -- Configuring done (2.0s)
[2.430s] -- Generating done (0.1s)
[2.445s] -- Build files have been written to: /home/sang/ros2_ws/build/dorna_robot
[2.784s] [100%] Built target dorna_hardware_interface
[2.836s] Invoked command in '/home/sang/ros2_ws/build/dorna_robot' returned '0': CMAKE_PREFIX_PATH=/home/sang/ros2_ws/install/ros2_control_demo_description:/home/sang/ros2_ws/install/ros2_control_demos:/home/sang/ros2_ws/install/ros2_control_demo_example_9:/home/sang/ros2_ws/install/ros2_control_demo_example_8:/home/sang/ros2_ws/install/ros2_control_demo_example_7:/home/sang/ros2_ws/install/ros2_control_demo_example_6:/home/sang/ros2_ws/install/ros2_control_demo_example_15:/home/sang/ros2_ws/install/ros2_control_demo_example_13:/home/sang/ros2_ws/install/ros2_control_demo_example_5:/home/sang/ros2_ws/install/ros2_control_demo_example_4:/home/sang/ros2_ws/install/ros2_control_demo_example_3:/home/sang/ros2_ws/install/ros2_control_demo_example_2:/home/sang/ros2_ws/install/ros2_control_demo_example_16:/home/sang/ros2_ws/install/ros2_control_demo_example_14:/home/sang/ros2_ws/install/ros2_control_demo_example_12:/home/sang/ros2_ws/install/ros2_control_demo_example_11:/home/sang/ros2_ws/install/ros2_control_demo_example_10:/home/sang/ros2_ws/install/ros2_control_demo_example_1:/home/sang/ros2_ws/install/dorna_robot:/home/sang/ros2_ws/install/my_first_pkg:/home/sang/ros2_ws/install/mec_mobile:/home/sang/ros2_ws/install/mec_mobile_description:/home/sang/ros2_ws/install/four_ws_control:/home/sang/ros2_ws/install/diffbot_description:/opt/ros/jazzy/opt/gz_sim_vendor:/opt/ros/jazzy/opt/gz_sensors_vendor:/opt/ros/jazzy/opt/gz_physics_vendor:/opt/ros/jazzy/opt/sdformat_vendor:/opt/ros/jazzy/opt/gz_gui_vendor:/opt/ros/jazzy/opt/gz_transport_vendor:/opt/ros/jazzy/opt/gz_rendering_vendor:/opt/ros/jazzy/opt/gz_plugin_vendor:/opt/ros/jazzy/opt/gz_fuel_tools_vendor:/opt/ros/jazzy/opt/gz_msgs_vendor:/opt/ros/jazzy/opt/gz_common_vendor:/opt/ros/jazzy/opt/gz_math_vendor:/opt/ros/jazzy/opt/gz_utils_vendor:/opt/ros/jazzy/opt/gz_tools_vendor:/opt/ros/jazzy/opt/gz_ogre_next_vendor:/opt/ros/jazzy/opt/gz_dartsim_vendor:/opt/ros/jazzy/opt/gz_cmake_vendor:/opt/ros/jazzy DEBUGINFOD_URLS=https://debuginfod.ubuntu.com /usr/bin/cmake --build /home/sang/ros2_ws/build/dorna_robot -- -j2 -l2
[2.884s] Invoking command in '/home/sang/ros2_ws/build/dorna_robot': CMAKE_PREFIX_PATH=/home/sang/ros2_ws/install/ros2_control_demo_description:/home/sang/ros2_ws/install/ros2_control_demos:/home/sang/ros2_ws/install/ros2_control_demo_example_9:/home/sang/ros2_ws/install/ros2_control_demo_example_8:/home/sang/ros2_ws/install/ros2_control_demo_example_7:/home/sang/ros2_ws/install/ros2_control_demo_example_6:/home/sang/ros2_ws/install/ros2_control_demo_example_15:/home/sang/ros2_ws/install/ros2_control_demo_example_13:/home/sang/ros2_ws/install/ros2_control_demo_example_5:/home/sang/ros2_ws/install/ros2_control_demo_example_4:/home/sang/ros2_ws/install/ros2_control_demo_example_3:/home/sang/ros2_ws/install/ros2_control_demo_example_2:/home/sang/ros2_ws/install/ros2_control_demo_example_16:/home/sang/ros2_ws/install/ros2_control_demo_example_14:/home/sang/ros2_ws/install/ros2_control_demo_example_12:/home/sang/ros2_ws/install/ros2_control_demo_example_11:/home/sang/ros2_ws/install/ros2_control_demo_example_10:/home/sang/ros2_ws/install/ros2_control_demo_example_1:/home/sang/ros2_ws/install/dorna_robot:/home/sang/ros2_ws/install/my_first_pkg:/home/sang/ros2_ws/install/mec_mobile:/home/sang/ros2_ws/install/mec_mobile_description:/home/sang/ros2_ws/install/four_ws_control:/home/sang/ros2_ws/install/diffbot_description:/opt/ros/jazzy/opt/gz_sim_vendor:/opt/ros/jazzy/opt/gz_sensors_vendor:/opt/ros/jazzy/opt/gz_physics_vendor:/opt/ros/jazzy/opt/sdformat_vendor:/opt/ros/jazzy/opt/gz_gui_vendor:/opt/ros/jazzy/opt/gz_transport_vendor:/opt/ros/jazzy/opt/gz_rendering_vendor:/opt/ros/jazzy/opt/gz_plugin_vendor:/opt/ros/jazzy/opt/gz_fuel_tools_vendor:/opt/ros/jazzy/opt/gz_msgs_vendor:/opt/ros/jazzy/opt/gz_common_vendor:/opt/ros/jazzy/opt/gz_math_vendor:/opt/ros/jazzy/opt/gz_utils_vendor:/opt/ros/jazzy/opt/gz_tools_vendor:/opt/ros/jazzy/opt/gz_ogre_next_vendor:/opt/ros/jazzy/opt/gz_dartsim_vendor:/opt/ros/jazzy/opt/gz_cmake_vendor:/opt/ros/jazzy DEBUGINFOD_URLS=https://debuginfod.ubuntu.com /usr/bin/cmake --install /home/sang/ros2_ws/build/dorna_robot
[2.930s] -- Install configuration: ""
[2.932s] -- Execute custom install script
[2.934s] -- Up-to-date symlink: /home/sang/ros2_ws/install/dorna_robot/share/dorna_robot//dorna_ros2_control_hwI_plugin.xml
[2.934s] -- Up-to-date symlink: /home/sang/ros2_ws/install/dorna_robot/include/ros2_control_hwI/ros2_control_hwI/dorna_hardware_interface.hpp
[2.937s] -- Up-to-date symlink: /home/sang/ros2_ws/install/dorna_robot/share/dorna_robot/launch/view_robot.launch.py
[2.938s] -- Up-to-date symlink: /home/sang/ros2_ws/install/dorna_robot/share/dorna_robot/ros2_control/dorna.ros2_control.xacro
[2.940s] -- Up-to-date symlink: /home/sang/ros2_ws/install/dorna_robot/share/dorna_robot/urdf/dorna.materials.xacro
[2.941s] -- Up-to-date symlink: /home/sang/ros2_ws/install/dorna_robot/share/dorna_robot/urdf/dorna.urdf.xacro
[2.942s] -- Up-to-date symlink: /home/sang/ros2_ws/install/dorna_robot/share/dorna_robot/urdf/dorna_macro.xacro
[2.944s] -- Up-to-date symlink: /home/sang/ros2_ws/install/dorna_robot/share/dorna_robot/rviz/dorna_world.rviz
[2.946s] -- Up-to-date symlink: /home/sang/ros2_ws/install/dorna_robot/share/dorna_robot/base_link.STL
[2.947s] -- Up-to-date symlink: /home/sang/ros2_ws/install/dorna_robot/share/dorna_robot/link1.STL
[2.951s] -- Up-to-date symlink: /home/sang/ros2_ws/install/dorna_robot/share/dorna_robot/link2.STL
[2.951s] -- Up-to-date symlink: /home/sang/ros2_ws/install/dorna_robot/share/dorna_robot/link3.STL
[2.951s] -- Up-to-date symlink: /home/sang/ros2_ws/install/dorna_robot/share/dorna_robot/link4.STL
[2.952s] -- Up-to-date symlink: /home/sang/ros2_ws/install/dorna_robot/share/dorna_robot/launch/control.launch
[2.953s] -- Up-to-date symlink: /home/sang/ros2_ws/install/dorna_robot/share/dorna_robot/launch/display.launch
[2.954s] -- Up-to-date symlink: /home/sang/ros2_ws/install/dorna_robot/share/dorna_robot/launch/gazebo.launch
[2.956s] -- Up-to-date symlink: /home/sang/ros2_ws/install/dorna_robot/share/dorna_robot/launch/main.launch
[2.957s] -- Up-to-date symlink: /home/sang/ros2_ws/install/dorna_robot/share/dorna_robot/config/controllers.yaml
[2.958s] -- Up-to-date symlink: /home/sang/ros2_ws/install/dorna_robot/share/dorna_robot/environment/library_path.sh
[2.961s] -- Up-to-date symlink: /home/sang/ros2_ws/install/dorna_robot/share/dorna_robot/environment/library_path.dsv
[2.962s] -- Up-to-date symlink: /home/sang/ros2_ws/install/dorna_robot/share/ament_index/resource_index/package_run_dependencies/dorna_robot
[2.964s] -- Up-to-date symlink: /home/sang/ros2_ws/install/dorna_robot/share/ament_index/resource_index/parent_prefix_path/dorna_robot
[2.965s] -- Up-to-date symlink: /home/sang/ros2_ws/install/dorna_robot/share/dorna_robot/environment/ament_prefix_path.sh
[2.966s] -- Up-to-date symlink: /home/sang/ros2_ws/install/dorna_robot/share/dorna_robot/environment/ament_prefix_path.dsv
[2.968s] -- Up-to-date symlink: /home/sang/ros2_ws/install/dorna_robot/share/dorna_robot/environment/path.sh
[2.968s] -- Up-to-date symlink: /home/sang/ros2_ws/install/dorna_robot/share/dorna_robot/environment/path.dsv
[2.969s] -- Up-to-date symlink: /home/sang/ros2_ws/install/dorna_robot/share/dorna_robot/local_setup.bash
[2.970s] -- Up-to-date symlink: /home/sang/ros2_ws/install/dorna_robot/share/dorna_robot/local_setup.sh
[2.971s] -- Up-to-date symlink: /home/sang/ros2_ws/install/dorna_robot/share/dorna_robot/local_setup.zsh
[2.971s] -- Up-to-date symlink: /home/sang/ros2_ws/install/dorna_robot/share/dorna_robot/local_setup.dsv
[2.972s] -- Symlinking: /home/sang/ros2_ws/install/dorna_robot/share/dorna_robot/package.dsv
[3.013s] -- Up-to-date symlink: /home/sang/ros2_ws/install/dorna_robot/share/ament_index/resource_index/packages/dorna_robot
[3.015s] -- Up-to-date symlink: /home/sang/ros2_ws/install/dorna_robot/share/ament_index/resource_index/dorna_hardware_interface__pluginlib__plugin/dorna_robot
[3.015s] -- Up-to-date symlink: /home/sang/ros2_ws/install/dorna_robot/share/dorna_robot/cmake/ament_cmake_export_targets-extras.cmake
[3.017s] -- Up-to-date symlink: /home/sang/ros2_ws/install/dorna_robot/share/dorna_robot/cmake/ament_cmake_export_dependencies-extras.cmake
[3.018s] -- Up-to-date symlink: /home/sang/ros2_ws/install/dorna_robot/share/dorna_robot/cmake/dorna_robotConfig.cmake
[3.019s] -- Up-to-date symlink: /home/sang/ros2_ws/install/dorna_robot/share/dorna_robot/cmake/dorna_robotConfig-version.cmake
[3.020s] -- Up-to-date symlink: /home/sang/ros2_ws/install/dorna_robot/share/dorna_robot/package.xml
[3.022s] -- Up-to-date: /home/sang/ros2_ws/install/dorna_robot/lib/libdorna_hardware_interface.so
[3.023s] -- Up-to-date: /home/sang/ros2_ws/install/dorna_robot/share/dorna_robot/cmake/export_dorna_hardware_interfaceExport.cmake
[3.024s] -- Up-to-date: /home/sang/ros2_ws/install/dorna_robot/share/dorna_robot/cmake/export_dorna_hardware_interfaceExport-noconfig.cmake
[3.030s] Invoked command in '/home/sang/ros2_ws/build/dorna_robot' returned '0': CMAKE_PREFIX_PATH=/home/sang/ros2_ws/install/ros2_control_demo_description:/home/sang/ros2_ws/install/ros2_control_demos:/home/sang/ros2_ws/install/ros2_control_demo_example_9:/home/sang/ros2_ws/install/ros2_control_demo_example_8:/home/sang/ros2_ws/install/ros2_control_demo_example_7:/home/sang/ros2_ws/install/ros2_control_demo_example_6:/home/sang/ros2_ws/install/ros2_control_demo_example_15:/home/sang/ros2_ws/install/ros2_control_demo_example_13:/home/sang/ros2_ws/install/ros2_control_demo_example_5:/home/sang/ros2_ws/install/ros2_control_demo_example_4:/home/sang/ros2_ws/install/ros2_control_demo_example_3:/home/sang/ros2_ws/install/ros2_control_demo_example_2:/home/sang/ros2_ws/install/ros2_control_demo_example_16:/home/sang/ros2_ws/install/ros2_control_demo_example_14:/home/sang/ros2_ws/install/ros2_control_demo_example_12:/home/sang/ros2_ws/install/ros2_control_demo_example_11:/home/sang/ros2_ws/install/ros2_control_demo_example_10:/home/sang/ros2_ws/install/ros2_control_demo_example_1:/home/sang/ros2_ws/install/dorna_robot:/home/sang/ros2_ws/install/my_first_pkg:/home/sang/ros2_ws/install/mec_mobile:/home/sang/ros2_ws/install/mec_mobile_description:/home/sang/ros2_ws/install/four_ws_control:/home/sang/ros2_ws/install/diffbot_description:/opt/ros/jazzy/opt/gz_sim_vendor:/opt/ros/jazzy/opt/gz_sensors_vendor:/opt/ros/jazzy/opt/gz_physics_vendor:/opt/ros/jazzy/opt/sdformat_vendor:/opt/ros/jazzy/opt/gz_gui_vendor:/opt/ros/jazzy/opt/gz_transport_vendor:/opt/ros/jazzy/opt/gz_rendering_vendor:/opt/ros/jazzy/opt/gz_plugin_vendor:/opt/ros/jazzy/opt/gz_fuel_tools_vendor:/opt/ros/jazzy/opt/gz_msgs_vendor:/opt/ros/jazzy/opt/gz_common_vendor:/opt/ros/jazzy/opt/gz_math_vendor:/opt/ros/jazzy/opt/gz_utils_vendor:/opt/ros/jazzy/opt/gz_tools_vendor:/opt/ros/jazzy/opt/gz_ogre_next_vendor:/opt/ros/jazzy/opt/gz_dartsim_vendor:/opt/ros/jazzy/opt/gz_cmake_vendor:/opt/ros/jazzy DEBUGINFOD_URLS=https://debuginfod.ubuntu.com /usr/bin/cmake --install /home/sang/ros2_ws/build/dorna_robot
