[0.047s] Invoking command in '/home/sang/ros2_ws/build/ros2_control_demo_example_5': AMENT_PREFIX_PATH=/home/sang/ros2_ws/install/ros2_control_demo_description:${AMENT_PREFIX_PATH} CMAKE_PREFIX_PATH=/home/sang/ros2_ws/install/ros2_control_demo_description:/opt/ros/jazzy/opt/gz_sim_vendor:/opt/ros/jazzy/opt/gz_sensors_vendor:/opt/ros/jazzy/opt/gz_physics_vendor:/opt/ros/jazzy/opt/sdformat_vendor:/opt/ros/jazzy/opt/gz_gui_vendor:/opt/ros/jazzy/opt/gz_transport_vendor:/opt/ros/jazzy/opt/gz_rendering_vendor:/opt/ros/jazzy/opt/gz_plugin_vendor:/opt/ros/jazzy/opt/gz_fuel_tools_vendor:/opt/ros/jazzy/opt/gz_msgs_vendor:/opt/ros/jazzy/opt/gz_common_vendor:/opt/ros/jazzy/opt/gz_math_vendor:/opt/ros/jazzy/opt/gz_utils_vendor:/opt/ros/jazzy/opt/gz_tools_vendor:/opt/ros/jazzy/opt/gz_ogre_next_vendor:/opt/ros/jazzy/opt/gz_dartsim_vendor:/opt/ros/jazzy/opt/gz_cmake_vendor:/opt/ros/jazzy DEBUGINFOD_URLS=https://debuginfod.ubuntu.com /usr/bin/cmake /home/sang/ros2_ws/src/ros2_control_demos/example_5 -DAMENT_CMAKE_SYMLINK_INSTALL=1 -DCMAKE_INSTALL_PREFIX=/home/sang/ros2_ws/install/ros2_control_demo_example_5
[0.125s] -- Found ros2_control_cmake: 0.1.1 (/opt/ros/jazzy/share/ros2_control_cmake/cmake)
[0.128s] -- Compiler warnings enabled for GNU
[0.128s] -- Detected GCC Version: 13.3.0 (Major: 13, Minor: 3)
[0.128s] -- Found controller_manager: 4.27.0 (/opt/ros/jazzy/share/controller_manager/cmake)
[0.793s] -- Override CMake install command with custom implementation using symlinks instead of copying resources
[0.925s] -- Found rosidl_generator_c: 4.6.5 (/opt/ros/jazzy/share/rosidl_generator_c/cmake)
[0.962s] -- Found rosidl_generator_cpp: 4.6.5 (/opt/ros/jazzy/share/rosidl_generator_cpp/cmake)
[0.998s] -- Using all available rosidl_typesupport_c: rosidl_typesupport_fastrtps_c;rosidl_typesupport_introspection_c
[1.044s] -- Using all available rosidl_typesupport_cpp: rosidl_typesupport_fastrtps_cpp;rosidl_typesupport_introspection_cpp
[1.180s] -- Found rmw_implementation_cmake: 7.3.2 (/opt/ros/jazzy/share/rmw_implementation_cmake/cmake)
[1.183s] -- Found rmw_fastrtps_cpp: 8.4.2 (/opt/ros/jazzy/share/rmw_fastrtps_cpp/cmake)
[1.399s] -- Using RMW implementation 'rmw_fastrtps_cpp' as default
[2.273s] -- Found ament_cmake_pytest: 2.5.3 (/opt/ros/jazzy/share/ament_cmake_pytest/cmake)
[6.180s] -- Configuring done (6.1s)
[6.355s] -- Generating done (0.1s)
[6.370s] -- Build files have been written to: /home/sang/ros2_ws/build/ros2_control_demo_example_5
[6.405s] Invoked command in '/home/sang/ros2_ws/build/ros2_control_demo_example_5' returned '0': AMENT_PREFIX_PATH=/home/sang/ros2_ws/install/ros2_control_demo_description:${AMENT_PREFIX_PATH} CMAKE_PREFIX_PATH=/home/sang/ros2_ws/install/ros2_control_demo_description:/opt/ros/jazzy/opt/gz_sim_vendor:/opt/ros/jazzy/opt/gz_sensors_vendor:/opt/ros/jazzy/opt/gz_physics_vendor:/opt/ros/jazzy/opt/sdformat_vendor:/opt/ros/jazzy/opt/gz_gui_vendor:/opt/ros/jazzy/opt/gz_transport_vendor:/opt/ros/jazzy/opt/gz_rendering_vendor:/opt/ros/jazzy/opt/gz_plugin_vendor:/opt/ros/jazzy/opt/gz_fuel_tools_vendor:/opt/ros/jazzy/opt/gz_msgs_vendor:/opt/ros/jazzy/opt/gz_common_vendor:/opt/ros/jazzy/opt/gz_math_vendor:/opt/ros/jazzy/opt/gz_utils_vendor:/opt/ros/jazzy/opt/gz_tools_vendor:/opt/ros/jazzy/opt/gz_ogre_next_vendor:/opt/ros/jazzy/opt/gz_dartsim_vendor:/opt/ros/jazzy/opt/gz_cmake_vendor:/opt/ros/jazzy DEBUGINFOD_URLS=https://debuginfod.ubuntu.com /usr/bin/cmake /home/sang/ros2_ws/src/ros2_control_demos/example_5 -DAMENT_CMAKE_SYMLINK_INSTALL=1 -DCMAKE_INSTALL_PREFIX=/home/sang/ros2_ws/install/ros2_control_demo_example_5
[6.406s] Invoking command in '/home/sang/ros2_ws/build/ros2_control_demo_example_5': AMENT_PREFIX_PATH=/home/sang/ros2_ws/install/ros2_control_demo_description:${AMENT_PREFIX_PATH} CMAKE_PREFIX_PATH=/home/sang/ros2_ws/install/ros2_control_demo_description:/opt/ros/jazzy/opt/gz_sim_vendor:/opt/ros/jazzy/opt/gz_sensors_vendor:/opt/ros/jazzy/opt/gz_physics_vendor:/opt/ros/jazzy/opt/sdformat_vendor:/opt/ros/jazzy/opt/gz_gui_vendor:/opt/ros/jazzy/opt/gz_transport_vendor:/opt/ros/jazzy/opt/gz_rendering_vendor:/opt/ros/jazzy/opt/gz_plugin_vendor:/opt/ros/jazzy/opt/gz_fuel_tools_vendor:/opt/ros/jazzy/opt/gz_msgs_vendor:/opt/ros/jazzy/opt/gz_common_vendor:/opt/ros/jazzy/opt/gz_math_vendor:/opt/ros/jazzy/opt/gz_utils_vendor:/opt/ros/jazzy/opt/gz_tools_vendor:/opt/ros/jazzy/opt/gz_ogre_next_vendor:/opt/ros/jazzy/opt/gz_dartsim_vendor:/opt/ros/jazzy/opt/gz_cmake_vendor:/opt/ros/jazzy DEBUGINFOD_URLS=https://debuginfod.ubuntu.com /usr/bin/cmake --build /home/sang/ros2_ws/build/ros2_control_demo_example_5 -- -j2 -l2
[6.744s] [100%] Built target ros2_control_demo_example_5
[6.803s] Invoked command in '/home/sang/ros2_ws/build/ros2_control_demo_example_5' returned '0': AMENT_PREFIX_PATH=/home/sang/ros2_ws/install/ros2_control_demo_description:${AMENT_PREFIX_PATH} CMAKE_PREFIX_PATH=/home/sang/ros2_ws/install/ros2_control_demo_description:/opt/ros/jazzy/opt/gz_sim_vendor:/opt/ros/jazzy/opt/gz_sensors_vendor:/opt/ros/jazzy/opt/gz_physics_vendor:/opt/ros/jazzy/opt/sdformat_vendor:/opt/ros/jazzy/opt/gz_gui_vendor:/opt/ros/jazzy/opt/gz_transport_vendor:/opt/ros/jazzy/opt/gz_rendering_vendor:/opt/ros/jazzy/opt/gz_plugin_vendor:/opt/ros/jazzy/opt/gz_fuel_tools_vendor:/opt/ros/jazzy/opt/gz_msgs_vendor:/opt/ros/jazzy/opt/gz_common_vendor:/opt/ros/jazzy/opt/gz_math_vendor:/opt/ros/jazzy/opt/gz_utils_vendor:/opt/ros/jazzy/opt/gz_tools_vendor:/opt/ros/jazzy/opt/gz_ogre_next_vendor:/opt/ros/jazzy/opt/gz_dartsim_vendor:/opt/ros/jazzy/opt/gz_cmake_vendor:/opt/ros/jazzy DEBUGINFOD_URLS=https://debuginfod.ubuntu.com /usr/bin/cmake --build /home/sang/ros2_ws/build/ros2_control_demo_example_5 -- -j2 -l2
[6.805s] Invoking command in '/home/sang/ros2_ws/build/ros2_control_demo_example_5': AMENT_PREFIX_PATH=/home/sang/ros2_ws/install/ros2_control_demo_description:${AMENT_PREFIX_PATH} CMAKE_PREFIX_PATH=/home/sang/ros2_ws/install/ros2_control_demo_description:/opt/ros/jazzy/opt/gz_sim_vendor:/opt/ros/jazzy/opt/gz_sensors_vendor:/opt/ros/jazzy/opt/gz_physics_vendor:/opt/ros/jazzy/opt/sdformat_vendor:/opt/ros/jazzy/opt/gz_gui_vendor:/opt/ros/jazzy/opt/gz_transport_vendor:/opt/ros/jazzy/opt/gz_rendering_vendor:/opt/ros/jazzy/opt/gz_plugin_vendor:/opt/ros/jazzy/opt/gz_fuel_tools_vendor:/opt/ros/jazzy/opt/gz_msgs_vendor:/opt/ros/jazzy/opt/gz_common_vendor:/opt/ros/jazzy/opt/gz_math_vendor:/opt/ros/jazzy/opt/gz_utils_vendor:/opt/ros/jazzy/opt/gz_tools_vendor:/opt/ros/jazzy/opt/gz_ogre_next_vendor:/opt/ros/jazzy/opt/gz_dartsim_vendor:/opt/ros/jazzy/opt/gz_cmake_vendor:/opt/ros/jazzy DEBUGINFOD_URLS=https://debuginfod.ubuntu.com /usr/bin/cmake --install /home/sang/ros2_ws/build/ros2_control_demo_example_5
[6.842s] -- Install configuration: ""
[6.843s] -- Execute custom install script
[6.846s] -- Up-to-date symlink: /home/sang/ros2_ws/install/ros2_control_demo_example_5/share/ros2_control_demo_example_5//ros2_control_demo_example_5.xml
[6.851s] -- Up-to-date symlink: /home/sang/ros2_ws/install/ros2_control_demo_example_5/include/ros2_control_demo_example_5/ros2_control_demo_example_5/external_rrbot_force_torque_sensor.hpp
[6.853s] -- Up-to-date symlink: /home/sang/ros2_ws/install/ros2_control_demo_example_5/include/ros2_control_demo_example_5/ros2_control_demo_example_5/rrbot.hpp
[6.864s] -- Up-to-date symlink: /home/sang/ros2_ws/install/ros2_control_demo_example_5/share/ros2_control_demo_example_5/launch/view_robot.launch.py
[6.870s] -- Up-to-date symlink: /home/sang/ros2_ws/install/ros2_control_demo_example_5/share/ros2_control_demo_example_5/ros2_control/external_rrbot_force_torque_sensor.ros2_control.xacro
[6.871s] -- Up-to-date symlink: /home/sang/ros2_ws/install/ros2_control_demo_example_5/share/ros2_control_demo_example_5/ros2_control/rrbot_system_position_only.ros2_control.xacro
[6.874s] -- Up-to-date symlink: /home/sang/ros2_ws/install/ros2_control_demo_example_5/share/ros2_control_demo_example_5/urdf/rrbot_system_with_external_sensor.urdf.xacro
[6.877s] -- Up-to-date symlink: /home/sang/ros2_ws/install/ros2_control_demo_example_5/share/ros2_control_demo_example_5/rviz/rrbot.rviz
[6.881s] -- Up-to-date symlink: /home/sang/ros2_ws/install/ros2_control_demo_example_5/share/ros2_control_demo_example_5/launch/rrbot_system_with_external_sensor.launch.py
[6.883s] -- Up-to-date symlink: /home/sang/ros2_ws/install/ros2_control_demo_example_5/share/ros2_control_demo_example_5/launch/test_forward_position_controller.launch.py
[6.889s] -- Up-to-date symlink: /home/sang/ros2_ws/install/ros2_control_demo_example_5/share/ros2_control_demo_example_5/config/rrbot_forward_position_publisher.yaml
[6.889s] -- Up-to-date symlink: /home/sang/ros2_ws/install/ros2_control_demo_example_5/share/ros2_control_demo_example_5/config/rrbot_with_external_sensor_controllers.yaml
[6.891s] -- Up-to-date symlink: /home/sang/ros2_ws/install/ros2_control_demo_example_5/share/ros2_control_demo_example_5/environment/library_path.sh
[6.895s] -- Up-to-date symlink: /home/sang/ros2_ws/install/ros2_control_demo_example_5/share/ros2_control_demo_example_5/environment/library_path.dsv
[6.896s] -- Up-to-date symlink: /home/sang/ros2_ws/install/ros2_control_demo_example_5/share/ament_index/resource_index/package_run_dependencies/ros2_control_demo_example_5
[6.900s] -- Up-to-date symlink: /home/sang/ros2_ws/install/ros2_control_demo_example_5/share/ament_index/resource_index/parent_prefix_path/ros2_control_demo_example_5
[6.901s] -- Up-to-date symlink: /home/sang/ros2_ws/install/ros2_control_demo_example_5/share/ros2_control_demo_example_5/environment/ament_prefix_path.sh
[6.901s] -- Up-to-date symlink: /home/sang/ros2_ws/install/ros2_control_demo_example_5/share/ros2_control_demo_example_5/environment/ament_prefix_path.dsv
[6.905s] -- Up-to-date symlink: /home/sang/ros2_ws/install/ros2_control_demo_example_5/share/ros2_control_demo_example_5/environment/path.sh
[6.907s] -- Up-to-date symlink: /home/sang/ros2_ws/install/ros2_control_demo_example_5/share/ros2_control_demo_example_5/environment/path.dsv
[6.910s] -- Up-to-date symlink: /home/sang/ros2_ws/install/ros2_control_demo_example_5/share/ros2_control_demo_example_5/local_setup.bash
[6.912s] -- Up-to-date symlink: /home/sang/ros2_ws/install/ros2_control_demo_example_5/share/ros2_control_demo_example_5/local_setup.sh
[6.915s] -- Up-to-date symlink: /home/sang/ros2_ws/install/ros2_control_demo_example_5/share/ros2_control_demo_example_5/local_setup.zsh
[6.917s] -- Up-to-date symlink: /home/sang/ros2_ws/install/ros2_control_demo_example_5/share/ros2_control_demo_example_5/local_setup.dsv
[6.919s] -- Symlinking: /home/sang/ros2_ws/install/ros2_control_demo_example_5/share/ros2_control_demo_example_5/package.dsv
[6.979s] -- Up-to-date symlink: /home/sang/ros2_ws/install/ros2_control_demo_example_5/share/ament_index/resource_index/packages/ros2_control_demo_example_5
[6.981s] -- Up-to-date symlink: /home/sang/ros2_ws/install/ros2_control_demo_example_5/share/ament_index/resource_index/hardware_interface__pluginlib__plugin/ros2_control_demo_example_5
[6.984s] -- Up-to-date symlink: /home/sang/ros2_ws/install/ros2_control_demo_example_5/share/ros2_control_demo_example_5/cmake/ament_cmake_export_targets-extras.cmake
[6.986s] -- Up-to-date symlink: /home/sang/ros2_ws/install/ros2_control_demo_example_5/share/ros2_control_demo_example_5/cmake/ament_cmake_export_dependencies-extras.cmake
[6.988s] -- Up-to-date symlink: /home/sang/ros2_ws/install/ros2_control_demo_example_5/share/ros2_control_demo_example_5/cmake/ros2_control_demo_example_5Config.cmake
[6.990s] -- Up-to-date symlink: /home/sang/ros2_ws/install/ros2_control_demo_example_5/share/ros2_control_demo_example_5/cmake/ros2_control_demo_example_5Config-version.cmake
[6.991s] -- Up-to-date symlink: /home/sang/ros2_ws/install/ros2_control_demo_example_5/share/ros2_control_demo_example_5/package.xml
[6.996s] -- Up-to-date: /home/sang/ros2_ws/install/ros2_control_demo_example_5/lib/libros2_control_demo_example_5.so
[7.001s] -- Up-to-date: /home/sang/ros2_ws/install/ros2_control_demo_example_5/share/ros2_control_demo_example_5/cmake/export_ros2_control_demo_example_5Export.cmake
[7.001s] -- Up-to-date: /home/sang/ros2_ws/install/ros2_control_demo_example_5/share/ros2_control_demo_example_5/cmake/export_ros2_control_demo_example_5Export-noconfig.cmake
[7.010s] Invoked command in '/home/sang/ros2_ws/build/ros2_control_demo_example_5' returned '0': AMENT_PREFIX_PATH=/home/sang/ros2_ws/install/ros2_control_demo_description:${AMENT_PREFIX_PATH} CMAKE_PREFIX_PATH=/home/sang/ros2_ws/install/ros2_control_demo_description:/opt/ros/jazzy/opt/gz_sim_vendor:/opt/ros/jazzy/opt/gz_sensors_vendor:/opt/ros/jazzy/opt/gz_physics_vendor:/opt/ros/jazzy/opt/sdformat_vendor:/opt/ros/jazzy/opt/gz_gui_vendor:/opt/ros/jazzy/opt/gz_transport_vendor:/opt/ros/jazzy/opt/gz_rendering_vendor:/opt/ros/jazzy/opt/gz_plugin_vendor:/opt/ros/jazzy/opt/gz_fuel_tools_vendor:/opt/ros/jazzy/opt/gz_msgs_vendor:/opt/ros/jazzy/opt/gz_common_vendor:/opt/ros/jazzy/opt/gz_math_vendor:/opt/ros/jazzy/opt/gz_utils_vendor:/opt/ros/jazzy/opt/gz_tools_vendor:/opt/ros/jazzy/opt/gz_ogre_next_vendor:/opt/ros/jazzy/opt/gz_dartsim_vendor:/opt/ros/jazzy/opt/gz_cmake_vendor:/opt/ros/jazzy DEBUGINFOD_URLS=https://debuginfod.ubuntu.com /usr/bin/cmake --install /home/sang/ros2_ws/build/ros2_control_demo_example_5
