[0.046s] Invoking command in '/home/sang/ros2_ws/build/mec_mobile_description': CMAKE_PREFIX_PATH=${CMAKE_PREFIX_PATH}:/opt/ros/jazzy DEBUGINFOD_URLS=https://debuginfod.ubuntu.com /usr/bin/cmake /home/sang/ros2_ws/src/mec_mobile/mec_mobile_description -DCMAKE_INSTALL_PREFIX=/home/sang/ros2_ws/install/mec_mobile_description
[0.282s] -- The C compiler identification is GNU 13.3.0
[0.502s] -- The CXX compiler identification is GNU 13.3.0
[0.597s] -- Detecting C compiler ABI info
[1.049s] -- Detecting C compiler ABI info - done
[1.072s] -- Check for working C compiler: /usr/bin/cc - skipped
[1.072s] -- Detecting C compile features
[1.073s] -- Detecting C compile features - done
[1.116s] -- Detecting CXX compiler ABI info
[1.676s] -- Detecting CXX compiler ABI info - done
[1.703s] -- Check for working CXX compiler: /usr/bin/c++ - skipped
[1.704s] -- Detecting CXX compile features
[1.706s] -- Detecting CXX compile features - done
[1.755s] -- Found ament_cmake: 2.5.3 (/opt/ros/jazzy/share/ament_cmake/cmake)
[2.489s] -- Found Python3: /usr/bin/python3 (found version "3.12.3") found components: Interpreter 
[3.179s] -- Found urdf_tutorial: 1.1.0 (/opt/ros/jazzy/share/urdf_tutorial/cmake)
[3.215s] -- Found ament_lint_auto: 0.17.2 (/opt/ros/jazzy/share/ament_lint_auto/cmake)
[3.718s] -- Added test 'lint_cmake' to check CMake code style
[3.741s] -- Added test 'xmllint' to check XML markup files
[3.754s] -- Configuring done (3.7s)
[3.768s] -- Generating done (0.0s)
[3.775s] -- Build files have been written to: /home/sang/ros2_ws/build/mec_mobile_description
[3.796s] Invoked command in '/home/sang/ros2_ws/build/mec_mobile_description' returned '0': CMAKE_PREFIX_PATH=${CMAKE_PREFIX_PATH}:/opt/ros/jazzy DEBUGINFOD_URLS=https://debuginfod.ubuntu.com /usr/bin/cmake /home/sang/ros2_ws/src/mec_mobile/mec_mobile_description -DCMAKE_INSTALL_PREFIX=/home/sang/ros2_ws/install/mec_mobile_description
[3.797s] Invoking command in '/home/sang/ros2_ws/build/mec_mobile_description': CMAKE_PREFIX_PATH=${CMAKE_PREFIX_PATH}:/opt/ros/jazzy DEBUGINFOD_URLS=https://debuginfod.ubuntu.com /usr/bin/cmake --build /home/sang/ros2_ws/build/mec_mobile_description -- -j2 -l2
[4.040s] Invoked command in '/home/sang/ros2_ws/build/mec_mobile_description' returned '0': CMAKE_PREFIX_PATH=${CMAKE_PREFIX_PATH}:/opt/ros/jazzy DEBUGINFOD_URLS=https://debuginfod.ubuntu.com /usr/bin/cmake --build /home/sang/ros2_ws/build/mec_mobile_description -- -j2 -l2
[4.044s] Invoking command in '/home/sang/ros2_ws/build/mec_mobile_description': CMAKE_PREFIX_PATH=${CMAKE_PREFIX_PATH}:/opt/ros/jazzy DEBUGINFOD_URLS=https://debuginfod.ubuntu.com /usr/bin/cmake --install /home/sang/ros2_ws/build/mec_mobile_description
[4.096s] -- Install configuration: ""
[4.098s] -- Installing: /home/sang/ros2_ws/install/mec_mobile_description/share/mec_mobile_description/meshes
[4.119s] -- Installing: /home/sang/ros2_ws/install/mec_mobile_description/share/mec_mobile_description/meshes/robot_3d
[4.120s] -- Installing: /home/sang/ros2_ws/install/mec_mobile_description/share/mec_mobile_description/meshes/robot_3d/visual
[4.120s] -- Installing: /home/sang/ros2_ws/install/mec_mobile_description/share/mec_mobile_description/meshes/robot_3d/visual/laser_link.STL
[4.135s] -- Installing: /home/sang/ros2_ws/install/mec_mobile_description/share/mec_mobile_description/meshes/robot_3d/visual/back_right_wheel_X3.STL
[4.144s] -- Installing: /home/sang/ros2_ws/install/mec_mobile_description/share/mec_mobile_description/meshes/robot_3d/visual/base_link_X3.STL
[4.148s] -- Installing: /home/sang/ros2_ws/install/mec_mobile_description/share/mec_mobile_description/meshes/robot_3d/visual/camera_link.STL
[4.151s] -- Installing: /home/sang/ros2_ws/install/mec_mobile_description/share/mec_mobile_description/meshes/robot_3d/visual/back_left_wheel_X3.STL
[4.161s] -- Installing: /home/sang/ros2_ws/install/mec_mobile_description/share/mec_mobile_description/meshes/robot_3d/visual/front_left_wheel_X3.STL
[4.177s] -- Installing: /home/sang/ros2_ws/install/mec_mobile_description/share/mec_mobile_description/meshes/robot_3d/visual/front_right_wheel_X3.STL
[4.187s] -- Installing: /home/sang/ros2_ws/install/mec_mobile_description/share/mec_mobile_description/meshes/intel_realsense
[4.188s] -- Installing: /home/sang/ros2_ws/install/mec_mobile_description/share/mec_mobile_description/meshes/intel_realsense/visual
[4.190s] -- Installing: /home/sang/ros2_ws/install/mec_mobile_description/share/mec_mobile_description/meshes/intel_realsense/visual/d435.stl
[4.226s] -- Installing: /home/sang/ros2_ws/install/mec_mobile_description/share/mec_mobile_description/meshes/rplidar
[4.227s] -- Installing: /home/sang/ros2_ws/install/mec_mobile_description/share/mec_mobile_description/meshes/rplidar/rplidar_s2.stl
[4.232s] -- Installing: /home/sang/ros2_ws/install/mec_mobile_description/share/mec_mobile_description/urdf
[4.234s] -- Installing: /home/sang/ros2_ws/install/mec_mobile_description/share/mec_mobile_description/urdf/sensors
[4.235s] -- Installing: /home/sang/ros2_ws/install/mec_mobile_description/share/mec_mobile_description/urdf/sensors/lidar.urdf.xacro
[4.235s] -- Installing: /home/sang/ros2_ws/install/mec_mobile_description/share/mec_mobile_description/urdf/sensors/rgbd_camera.urdf.xacro
[4.237s] -- Installing: /home/sang/ros2_ws/install/mec_mobile_description/share/mec_mobile_description/urdf/sensors/imu.urdf.xacro
[4.238s] -- Installing: /home/sang/ros2_ws/install/mec_mobile_description/share/mec_mobile_description/urdf/mech
[4.240s] -- Installing: /home/sang/ros2_ws/install/mec_mobile_description/share/mec_mobile_description/urdf/mech/robot_3d_base.urdf.xacro
[4.241s] -- Installing: /home/sang/ros2_ws/install/mec_mobile_description/share/mec_mobile_description/urdf/mech/mecanum_wheel.urdf.xacro
[4.241s] -- Installing: /home/sang/ros2_ws/install/mec_mobile_description/share/mec_mobile_description/urdf/materials.xacro
[4.244s] -- Installing: /home/sang/ros2_ws/install/mec_mobile_description/share/mec_mobile_description/urdf/robots
[4.245s] -- Installing: /home/sang/ros2_ws/install/mec_mobile_description/share/mec_mobile_description/urdf/robots/robot_3d.urdf.xacro
[4.246s] -- Installing: /home/sang/ros2_ws/install/mec_mobile_description/share/ament_index/resource_index/package_run_dependencies/mec_mobile_description
[4.247s] -- Installing: /home/sang/ros2_ws/install/mec_mobile_description/share/ament_index/resource_index/parent_prefix_path/mec_mobile_description
[4.247s] -- Installing: /home/sang/ros2_ws/install/mec_mobile_description/share/mec_mobile_description/environment/ament_prefix_path.sh
[4.247s] -- Installing: /home/sang/ros2_ws/install/mec_mobile_description/share/mec_mobile_description/environment/ament_prefix_path.dsv
[4.250s] -- Installing: /home/sang/ros2_ws/install/mec_mobile_description/share/mec_mobile_description/environment/path.sh
[4.250s] -- Installing: /home/sang/ros2_ws/install/mec_mobile_description/share/mec_mobile_description/environment/path.dsv
[4.250s] -- Installing: /home/sang/ros2_ws/install/mec_mobile_description/share/mec_mobile_description/local_setup.bash
[4.251s] -- Installing: /home/sang/ros2_ws/install/mec_mobile_description/share/mec_mobile_description/local_setup.sh
[4.251s] -- Installing: /home/sang/ros2_ws/install/mec_mobile_description/share/mec_mobile_description/local_setup.zsh
[4.252s] -- Installing: /home/sang/ros2_ws/install/mec_mobile_description/share/mec_mobile_description/local_setup.dsv
[4.256s] -- Installing: /home/sang/ros2_ws/install/mec_mobile_description/share/mec_mobile_description/package.dsv
[4.256s] -- Installing: /home/sang/ros2_ws/install/mec_mobile_description/share/ament_index/resource_index/packages/mec_mobile_description
[4.256s] -- Installing: /home/sang/ros2_ws/install/mec_mobile_description/share/mec_mobile_description/cmake/mec_mobile_descriptionConfig.cmake
[4.257s] -- Installing: /home/sang/ros2_ws/install/mec_mobile_description/share/mec_mobile_description/cmake/mec_mobile_descriptionConfig-version.cmake
[4.257s] -- Installing: /home/sang/ros2_ws/install/mec_mobile_description/share/mec_mobile_description/package.xml
[4.260s] Invoked command in '/home/sang/ros2_ws/build/mec_mobile_description' returned '0': CMAKE_PREFIX_PATH=${CMAKE_PREFIX_PATH}:/opt/ros/jazzy DEBUGINFOD_URLS=https://debuginfod.ubuntu.com /usr/bin/cmake --install /home/sang/ros2_ws/build/mec_mobile_description
