[0.072s] Invoking command in '/home/sang/ros2_ws/build/dorna_robot': CMAKE_PREFIX_PATH=/home/sang/ros2_ws/install/ros2_control_demo_description:/home/sang/ros2_ws/install/ros2_control_demos:/home/sang/ros2_ws/install/ros2_control_demo_example_9:/home/sang/ros2_ws/install/ros2_control_demo_example_8:/home/sang/ros2_ws/install/ros2_control_demo_example_7:/home/sang/ros2_ws/install/ros2_control_demo_example_6:/home/sang/ros2_ws/install/ros2_control_demo_example_15:/home/sang/ros2_ws/install/ros2_control_demo_example_13:/home/sang/ros2_ws/install/ros2_control_demo_example_5:/home/sang/ros2_ws/install/ros2_control_demo_example_4:/home/sang/ros2_ws/install/ros2_control_demo_example_3:/home/sang/ros2_ws/install/ros2_control_demo_example_2:/home/sang/ros2_ws/install/ros2_control_demo_example_16:/home/sang/ros2_ws/install/ros2_control_demo_example_14:/home/sang/ros2_ws/install/ros2_control_demo_example_12:/home/sang/ros2_ws/install/ros2_control_demo_example_11:/home/sang/ros2_ws/install/ros2_control_demo_example_10:/home/sang/ros2_ws/install/ros2_control_demo_example_1:/home/sang/ros2_ws/install/dorna_robot:/home/sang/ros2_ws/install/my_first_pkg:/home/sang/ros2_ws/install/mec_mobile:/home/sang/ros2_ws/install/mec_mobile_description:/home/sang/ros2_ws/install/four_ws_control:/home/sang/ros2_ws/install/diffbot_description:/opt/ros/jazzy/opt/gz_sim_vendor:/opt/ros/jazzy/opt/gz_sensors_vendor:/opt/ros/jazzy/opt/gz_physics_vendor:/opt/ros/jazzy/opt/sdformat_vendor:/opt/ros/jazzy/opt/gz_gui_vendor:/opt/ros/jazzy/opt/gz_transport_vendor:/opt/ros/jazzy/opt/gz_rendering_vendor:/opt/ros/jazzy/opt/gz_plugin_vendor:/opt/ros/jazzy/opt/gz_fuel_tools_vendor:/opt/ros/jazzy/opt/gz_msgs_vendor:/opt/ros/jazzy/opt/gz_common_vendor:/opt/ros/jazzy/opt/gz_math_vendor:/opt/ros/jazzy/opt/gz_utils_vendor:/opt/ros/jazzy/opt/gz_tools_vendor:/opt/ros/jazzy/opt/gz_ogre_next_vendor:/opt/ros/jazzy/opt/gz_dartsim_vendor:/opt/ros/jazzy/opt/gz_cmake_vendor:/opt/ros/jazzy DEBUGINFOD_URLS=https://debuginfod.ubuntu.com /usr/bin/cmake --build /home/sang/ros2_ws/build/dorna_robot -- -j2 -l2
[0.245s] -- Found ros2_control_cmake: 0.1.1 (/opt/ros/jazzy/share/ros2_control_cmake/cmake)
[0.248s] -- Compiler warnings enabled for GNU
[0.248s] -- Detected GCC Version: 13.3.0 (Major: 13, Minor: 3)
[0.251s] -- Found controller_manager: 4.27.0 (/opt/ros/jazzy/share/controller_manager/cmake)
[1.274s] -- Found rosidl_generator_c: 4.6.5 (/opt/ros/jazzy/share/rosidl_generator_c/cmake)
[1.316s] -- Found rosidl_generator_cpp: 4.6.5 (/opt/ros/jazzy/share/rosidl_generator_cpp/cmake)
[1.389s] -- Using all available rosidl_typesupport_c: rosidl_typesupport_fastrtps_c;rosidl_typesupport_introspection_c
[1.460s] -- Using all available rosidl_typesupport_cpp: rosidl_typesupport_fastrtps_cpp;rosidl_typesupport_introspection_cpp
[1.722s] -- Found rmw_implementation_cmake: 7.3.2 (/opt/ros/jazzy/share/rmw_implementation_cmake/cmake)
[1.736s] -- Found rmw_fastrtps_cpp: 8.4.2 (/opt/ros/jazzy/share/rmw_fastrtps_cpp/cmake)
[1.966s] -- Using RMW implementation 'rmw_fastrtps_cpp' as default
[2.905s] -- Found ament_cmake_pytest: 2.5.3 (/opt/ros/jazzy/share/ament_cmake_pytest/cmake)
[3.095s] -- Configuring done (2.9s)
[3.211s] -- Generating done (0.1s)
[3.220s] -- Build files have been written to: /home/sang/ros2_ws/build/dorna_robot
[3.416s] [100%] Built target dorna_hardware_interface
[3.459s] Invoked command in '/home/sang/ros2_ws/build/dorna_robot' returned '0': CMAKE_PREFIX_PATH=/home/sang/ros2_ws/install/ros2_control_demo_description:/home/sang/ros2_ws/install/ros2_control_demos:/home/sang/ros2_ws/install/ros2_control_demo_example_9:/home/sang/ros2_ws/install/ros2_control_demo_example_8:/home/sang/ros2_ws/install/ros2_control_demo_example_7:/home/sang/ros2_ws/install/ros2_control_demo_example_6:/home/sang/ros2_ws/install/ros2_control_demo_example_15:/home/sang/ros2_ws/install/ros2_control_demo_example_13:/home/sang/ros2_ws/install/ros2_control_demo_example_5:/home/sang/ros2_ws/install/ros2_control_demo_example_4:/home/sang/ros2_ws/install/ros2_control_demo_example_3:/home/sang/ros2_ws/install/ros2_control_demo_example_2:/home/sang/ros2_ws/install/ros2_control_demo_example_16:/home/sang/ros2_ws/install/ros2_control_demo_example_14:/home/sang/ros2_ws/install/ros2_control_demo_example_12:/home/sang/ros2_ws/install/ros2_control_demo_example_11:/home/sang/ros2_ws/install/ros2_control_demo_example_10:/home/sang/ros2_ws/install/ros2_control_demo_example_1:/home/sang/ros2_ws/install/dorna_robot:/home/sang/ros2_ws/install/my_first_pkg:/home/sang/ros2_ws/install/mec_mobile:/home/sang/ros2_ws/install/mec_mobile_description:/home/sang/ros2_ws/install/four_ws_control:/home/sang/ros2_ws/install/diffbot_description:/opt/ros/jazzy/opt/gz_sim_vendor:/opt/ros/jazzy/opt/gz_sensors_vendor:/opt/ros/jazzy/opt/gz_physics_vendor:/opt/ros/jazzy/opt/sdformat_vendor:/opt/ros/jazzy/opt/gz_gui_vendor:/opt/ros/jazzy/opt/gz_transport_vendor:/opt/ros/jazzy/opt/gz_rendering_vendor:/opt/ros/jazzy/opt/gz_plugin_vendor:/opt/ros/jazzy/opt/gz_fuel_tools_vendor:/opt/ros/jazzy/opt/gz_msgs_vendor:/opt/ros/jazzy/opt/gz_common_vendor:/opt/ros/jazzy/opt/gz_math_vendor:/opt/ros/jazzy/opt/gz_utils_vendor:/opt/ros/jazzy/opt/gz_tools_vendor:/opt/ros/jazzy/opt/gz_ogre_next_vendor:/opt/ros/jazzy/opt/gz_dartsim_vendor:/opt/ros/jazzy/opt/gz_cmake_vendor:/opt/ros/jazzy DEBUGINFOD_URLS=https://debuginfod.ubuntu.com /usr/bin/cmake --build /home/sang/ros2_ws/build/dorna_robot -- -j2 -l2
[3.462s] Invoking command in '/home/sang/ros2_ws/build/dorna_robot': CMAKE_PREFIX_PATH=/home/sang/ros2_ws/install/ros2_control_demo_description:/home/sang/ros2_ws/install/ros2_control_demos:/home/sang/ros2_ws/install/ros2_control_demo_example_9:/home/sang/ros2_ws/install/ros2_control_demo_example_8:/home/sang/ros2_ws/install/ros2_control_demo_example_7:/home/sang/ros2_ws/install/ros2_control_demo_example_6:/home/sang/ros2_ws/install/ros2_control_demo_example_15:/home/sang/ros2_ws/install/ros2_control_demo_example_13:/home/sang/ros2_ws/install/ros2_control_demo_example_5:/home/sang/ros2_ws/install/ros2_control_demo_example_4:/home/sang/ros2_ws/install/ros2_control_demo_example_3:/home/sang/ros2_ws/install/ros2_control_demo_example_2:/home/sang/ros2_ws/install/ros2_control_demo_example_16:/home/sang/ros2_ws/install/ros2_control_demo_example_14:/home/sang/ros2_ws/install/ros2_control_demo_example_12:/home/sang/ros2_ws/install/ros2_control_demo_example_11:/home/sang/ros2_ws/install/ros2_control_demo_example_10:/home/sang/ros2_ws/install/ros2_control_demo_example_1:/home/sang/ros2_ws/install/dorna_robot:/home/sang/ros2_ws/install/my_first_pkg:/home/sang/ros2_ws/install/mec_mobile:/home/sang/ros2_ws/install/mec_mobile_description:/home/sang/ros2_ws/install/four_ws_control:/home/sang/ros2_ws/install/diffbot_description:/opt/ros/jazzy/opt/gz_sim_vendor:/opt/ros/jazzy/opt/gz_sensors_vendor:/opt/ros/jazzy/opt/gz_physics_vendor:/opt/ros/jazzy/opt/sdformat_vendor:/opt/ros/jazzy/opt/gz_gui_vendor:/opt/ros/jazzy/opt/gz_transport_vendor:/opt/ros/jazzy/opt/gz_rendering_vendor:/opt/ros/jazzy/opt/gz_plugin_vendor:/opt/ros/jazzy/opt/gz_fuel_tools_vendor:/opt/ros/jazzy/opt/gz_msgs_vendor:/opt/ros/jazzy/opt/gz_common_vendor:/opt/ros/jazzy/opt/gz_math_vendor:/opt/ros/jazzy/opt/gz_utils_vendor:/opt/ros/jazzy/opt/gz_tools_vendor:/opt/ros/jazzy/opt/gz_ogre_next_vendor:/opt/ros/jazzy/opt/gz_dartsim_vendor:/opt/ros/jazzy/opt/gz_cmake_vendor:/opt/ros/jazzy DEBUGINFOD_URLS=https://debuginfod.ubuntu.com /usr/bin/cmake --install /home/sang/ros2_ws/build/dorna_robot
[3.505s] -- Install configuration: ""
[3.507s] -- Up-to-date: /home/sang/ros2_ws/install/dorna_robot/share/dorna_robot/dorna_ros2_control_hwI_plugin.xml
[3.508s] -- Up-to-date: /home/sang/ros2_ws/install/dorna_robot/include/ros2_control_hwI
[3.509s] -- Up-to-date: /home/sang/ros2_ws/install/dorna_robot/include/ros2_control_hwI/ros2_control_hwI
[3.510s] -- Up-to-date: /home/sang/ros2_ws/install/dorna_robot/include/ros2_control_hwI/ros2_control_hwI/dorna_hardware_interface.hpp
[3.510s] -- Installing: /home/sang/ros2_ws/install/dorna_robot/share/dorna_robot/launch
[3.510s] -- Installing: /home/sang/ros2_ws/install/dorna_robot/share/dorna_robot/launch/view_robot.launch.py
[3.512s] -- Installing: /home/sang/ros2_ws/install/dorna_robot/share/dorna_robot/ros2_control
[3.512s] -- Installing: /home/sang/ros2_ws/install/dorna_robot/share/dorna_robot/ros2_control/dorna.ros2_control.xacro
[3.513s] -- Installing: /home/sang/ros2_ws/install/dorna_robot/share/dorna_robot/urdf
[3.514s] -- Installing: /home/sang/ros2_ws/install/dorna_robot/share/dorna_robot/urdf/dorna.urdf.xacro
[3.515s] -- Installing: /home/sang/ros2_ws/install/dorna_robot/share/dorna_robot/urdf/dorna_macro.xacro
[3.515s] -- Installing: /home/sang/ros2_ws/install/dorna_robot/share/dorna_robot/urdf/dorna.materials.xacro
[3.516s] -- Installing: /home/sang/ros2_ws/install/dorna_robot/share/dorna_robot/gazebo
[3.517s] -- Up-to-date: /home/sang/ros2_ws/install/dorna_robot/share/dorna_robot/launch
[3.517s] -- Installing: /home/sang/ros2_ws/install/dorna_robot/share/dorna_robot/launch/main.launch
[3.518s] -- Installing: /home/sang/ros2_ws/install/dorna_robot/share/dorna_robot/launch/control.launch
[3.519s] -- Installing: /home/sang/ros2_ws/install/dorna_robot/share/dorna_robot/launch/display.launch
[3.520s] -- Installing: /home/sang/ros2_ws/install/dorna_robot/share/dorna_robot/launch/gazebo.launch
[3.520s] -- Installing: /home/sang/ros2_ws/install/dorna_robot/share/dorna_robot/config
[3.521s] -- Installing: /home/sang/ros2_ws/install/dorna_robot/share/dorna_robot/config/controllers.yaml
[3.521s] -- Up-to-date: /home/sang/ros2_ws/install/dorna_robot/lib/libdorna_hardware_interface.so
[3.522s] -- Up-to-date: /home/sang/ros2_ws/install/dorna_robot/share/dorna_robot/environment/library_path.sh
[3.523s] -- Up-to-date: /home/sang/ros2_ws/install/dorna_robot/share/dorna_robot/environment/library_path.dsv
[3.523s] -- Up-to-date: /home/sang/ros2_ws/install/dorna_robot/share/ament_index/resource_index/package_run_dependencies/dorna_robot
[3.524s] -- Installing: /home/sang/ros2_ws/install/dorna_robot/share/ament_index/resource_index/parent_prefix_path/dorna_robot
[3.524s] -- Up-to-date: /home/sang/ros2_ws/install/dorna_robot/share/dorna_robot/environment/ament_prefix_path.sh
[3.525s] -- Up-to-date: /home/sang/ros2_ws/install/dorna_robot/share/dorna_robot/environment/ament_prefix_path.dsv
[3.525s] -- Up-to-date: /home/sang/ros2_ws/install/dorna_robot/share/dorna_robot/environment/path.sh
[3.525s] -- Up-to-date: /home/sang/ros2_ws/install/dorna_robot/share/dorna_robot/environment/path.dsv
[3.526s] -- Up-to-date: /home/sang/ros2_ws/install/dorna_robot/share/dorna_robot/local_setup.bash
[3.526s] -- Up-to-date: /home/sang/ros2_ws/install/dorna_robot/share/dorna_robot/local_setup.sh
[3.528s] -- Up-to-date: /home/sang/ros2_ws/install/dorna_robot/share/dorna_robot/local_setup.zsh
[3.528s] -- Up-to-date: /home/sang/ros2_ws/install/dorna_robot/share/dorna_robot/local_setup.dsv
[3.529s] -- Installing: /home/sang/ros2_ws/install/dorna_robot/share/dorna_robot/package.dsv
[3.531s] -- Up-to-date: /home/sang/ros2_ws/install/dorna_robot/share/ament_index/resource_index/packages/dorna_robot
[3.532s] -- Up-to-date: /home/sang/ros2_ws/install/dorna_robot/share/ament_index/resource_index/dorna_hardware_interface__pluginlib__plugin/dorna_robot
[3.532s] -- Up-to-date: /home/sang/ros2_ws/install/dorna_robot/share/dorna_robot/cmake/export_dorna_hardware_interfaceExport.cmake
[3.533s] -- Up-to-date: /home/sang/ros2_ws/install/dorna_robot/share/dorna_robot/cmake/export_dorna_hardware_interfaceExport-noconfig.cmake
[3.533s] -- Up-to-date: /home/sang/ros2_ws/install/dorna_robot/share/dorna_robot/cmake/ament_cmake_export_targets-extras.cmake
[3.534s] -- Up-to-date: /home/sang/ros2_ws/install/dorna_robot/share/dorna_robot/cmake/ament_cmake_export_dependencies-extras.cmake
[3.534s] -- Up-to-date: /home/sang/ros2_ws/install/dorna_robot/share/dorna_robot/cmake/dorna_robotConfig.cmake
[3.535s] -- Up-to-date: /home/sang/ros2_ws/install/dorna_robot/share/dorna_robot/cmake/dorna_robotConfig-version.cmake
[3.535s] -- Up-to-date: /home/sang/ros2_ws/install/dorna_robot/share/dorna_robot/package.xml
[3.536s] Invoked command in '/home/sang/ros2_ws/build/dorna_robot' returned '0': CMAKE_PREFIX_PATH=/home/sang/ros2_ws/install/ros2_control_demo_description:/home/sang/ros2_ws/install/ros2_control_demos:/home/sang/ros2_ws/install/ros2_control_demo_example_9:/home/sang/ros2_ws/install/ros2_control_demo_example_8:/home/sang/ros2_ws/install/ros2_control_demo_example_7:/home/sang/ros2_ws/install/ros2_control_demo_example_6:/home/sang/ros2_ws/install/ros2_control_demo_example_15:/home/sang/ros2_ws/install/ros2_control_demo_example_13:/home/sang/ros2_ws/install/ros2_control_demo_example_5:/home/sang/ros2_ws/install/ros2_control_demo_example_4:/home/sang/ros2_ws/install/ros2_control_demo_example_3:/home/sang/ros2_ws/install/ros2_control_demo_example_2:/home/sang/ros2_ws/install/ros2_control_demo_example_16:/home/sang/ros2_ws/install/ros2_control_demo_example_14:/home/sang/ros2_ws/install/ros2_control_demo_example_12:/home/sang/ros2_ws/install/ros2_control_demo_example_11:/home/sang/ros2_ws/install/ros2_control_demo_example_10:/home/sang/ros2_ws/install/ros2_control_demo_example_1:/home/sang/ros2_ws/install/dorna_robot:/home/sang/ros2_ws/install/my_first_pkg:/home/sang/ros2_ws/install/mec_mobile:/home/sang/ros2_ws/install/mec_mobile_description:/home/sang/ros2_ws/install/four_ws_control:/home/sang/ros2_ws/install/diffbot_description:/opt/ros/jazzy/opt/gz_sim_vendor:/opt/ros/jazzy/opt/gz_sensors_vendor:/opt/ros/jazzy/opt/gz_physics_vendor:/opt/ros/jazzy/opt/sdformat_vendor:/opt/ros/jazzy/opt/gz_gui_vendor:/opt/ros/jazzy/opt/gz_transport_vendor:/opt/ros/jazzy/opt/gz_rendering_vendor:/opt/ros/jazzy/opt/gz_plugin_vendor:/opt/ros/jazzy/opt/gz_fuel_tools_vendor:/opt/ros/jazzy/opt/gz_msgs_vendor:/opt/ros/jazzy/opt/gz_common_vendor:/opt/ros/jazzy/opt/gz_math_vendor:/opt/ros/jazzy/opt/gz_utils_vendor:/opt/ros/jazzy/opt/gz_tools_vendor:/opt/ros/jazzy/opt/gz_ogre_next_vendor:/opt/ros/jazzy/opt/gz_dartsim_vendor:/opt/ros/jazzy/opt/gz_cmake_vendor:/opt/ros/jazzy DEBUGINFOD_URLS=https://debuginfod.ubuntu.com /usr/bin/cmake --install /home/sang/ros2_ws/build/dorna_robot
