-- Found ros2_control_cmake: 0.1.1 (/opt/ros/jazzy/share/ros2_control_cmake/cmake)
-- Compiler warnings enabled for GNU
-- Detected GCC Version: 13.3.0 (Major: 13, Minor: 3)
-- Found controller_manager: 4.27.0 (/opt/ros/jazzy/share/controller_manager/cmake)
-- Override CMake install command with custom implementation using symlinks instead of copying resources
-- Found rosidl_generator_c: 4.6.5 (/opt/ros/jazzy/share/rosidl_generator_c/cmake)
-- Found rosidl_generator_cpp: 4.6.5 (/opt/ros/jazzy/share/rosidl_generator_cpp/cmake)
-- Using all available rosidl_typesupport_c: rosidl_typesupport_fastrtps_c;rosidl_typesupport_introspection_c
-- Using all available rosidl_typesupport_cpp: rosidl_typesupport_fastrtps_cpp;rosidl_typesupport_introspection_cpp
-- Found rmw_implementation_cmake: 7.3.2 (/opt/ros/jazzy/share/rmw_implementation_cmake/cmake)
-- Found rmw_fastrtps_cpp: 8.4.2 (/opt/ros/jazzy/share/rmw_fastrtps_cpp/cmake)
-- Using RMW implementation 'rmw_fastrtps_cpp' as default
-- Found transmission_interface: 4.27.0 (/opt/ros/jazzy/share/transmission_interface/cmake)
-- Found ament_cmake_pytest: 2.5.3 (/opt/ros/jazzy/share/ament_cmake_pytest/cmake)
-- Configuring done (6.1s)
-- Generating done (0.1s)
-- Build files have been written to: /home/sang/ros2_ws/build/ros2_control_demo_example_8
[100%] Built target ros2_control_demo_example_8
-- Install configuration: ""
-- Execute custom install script
-- Up-to-date symlink: /home/sang/ros2_ws/install/ros2_control_demo_example_8/share/ros2_control_demo_example_8//ros2_control_demo_example_8.xml
-- Up-to-date symlink: /home/sang/ros2_ws/install/ros2_control_demo_example_8/include/ros2_control_demo_example_8/ros2_control_demo_example_8/rrbot_transmissions_system_position_only.hpp
-- Up-to-date symlink: /home/sang/ros2_ws/install/ros2_control_demo_example_8/share/ros2_control_demo_example_8/launch/view_robot.launch.py
-- Up-to-date symlink: /home/sang/ros2_ws/install/ros2_control_demo_example_8/share/ros2_control_demo_example_8/ros2_control/rrbot_transmissions_system_position_only.ros2_control.xacro
-- Up-to-date symlink: /home/sang/ros2_ws/install/ros2_control_demo_example_8/share/ros2_control_demo_example_8/urdf/rrbot_transmissions_system_position_only.urdf.xacro
-- Up-to-date symlink: /home/sang/ros2_ws/install/ros2_control_demo_example_8/share/ros2_control_demo_example_8/launch/rrbot_transmissions_system_position_only.launch.py
-- Up-to-date symlink: /home/sang/ros2_ws/install/ros2_control_demo_example_8/share/ros2_control_demo_example_8/launch/test_forward_position_controller.launch.py
-- Up-to-date symlink: /home/sang/ros2_ws/install/ros2_control_demo_example_8/share/ros2_control_demo_example_8/config/rrbot_controllers.yaml
-- Up-to-date symlink: /home/sang/ros2_ws/install/ros2_control_demo_example_8/share/ros2_control_demo_example_8/config/rrbot_forward_position_publisher.yaml
-- Up-to-date symlink: /home/sang/ros2_ws/install/ros2_control_demo_example_8/share/ros2_control_demo_example_8/environment/library_path.sh
-- Up-to-date symlink: /home/sang/ros2_ws/install/ros2_control_demo_example_8/share/ros2_control_demo_example_8/environment/library_path.dsv
-- Up-to-date symlink: /home/sang/ros2_ws/install/ros2_control_demo_example_8/share/ament_index/resource_index/package_run_dependencies/ros2_control_demo_example_8
-- Up-to-date symlink: /home/sang/ros2_ws/install/ros2_control_demo_example_8/share/ament_index/resource_index/parent_prefix_path/ros2_control_demo_example_8
-- Up-to-date symlink: /home/sang/ros2_ws/install/ros2_control_demo_example_8/share/ros2_control_demo_example_8/environment/ament_prefix_path.sh
-- Up-to-date symlink: /home/sang/ros2_ws/install/ros2_control_demo_example_8/share/ros2_control_demo_example_8/environment/ament_prefix_path.dsv
-- Up-to-date symlink: /home/sang/ros2_ws/install/ros2_control_demo_example_8/share/ros2_control_demo_example_8/environment/path.sh
-- Up-to-date symlink: /home/sang/ros2_ws/install/ros2_control_demo_example_8/share/ros2_control_demo_example_8/environment/path.dsv
-- Up-to-date symlink: /home/sang/ros2_ws/install/ros2_control_demo_example_8/share/ros2_control_demo_example_8/local_setup.bash
-- Up-to-date symlink: /home/sang/ros2_ws/install/ros2_control_demo_example_8/share/ros2_control_demo_example_8/local_setup.sh
-- Up-to-date symlink: /home/sang/ros2_ws/install/ros2_control_demo_example_8/share/ros2_control_demo_example_8/local_setup.zsh
-- Up-to-date symlink: /home/sang/ros2_ws/install/ros2_control_demo_example_8/share/ros2_control_demo_example_8/local_setup.dsv
-- Symlinking: /home/sang/ros2_ws/install/ros2_control_demo_example_8/share/ros2_control_demo_example_8/package.dsv
-- Up-to-date symlink: /home/sang/ros2_ws/install/ros2_control_demo_example_8/share/ament_index/resource_index/packages/ros2_control_demo_example_8
-- Up-to-date symlink: /home/sang/ros2_ws/install/ros2_control_demo_example_8/share/ament_index/resource_index/hardware_interface__pluginlib__plugin/ros2_control_demo_example_8
-- Up-to-date symlink: /home/sang/ros2_ws/install/ros2_control_demo_example_8/share/ros2_control_demo_example_8/cmake/ament_cmake_export_targets-extras.cmake
-- Up-to-date symlink: /home/sang/ros2_ws/install/ros2_control_demo_example_8/share/ros2_control_demo_example_8/cmake/ament_cmake_export_dependencies-extras.cmake
-- Up-to-date symlink: /home/sang/ros2_ws/install/ros2_control_demo_example_8/share/ros2_control_demo_example_8/cmake/ros2_control_demo_example_8Config.cmake
-- Up-to-date symlink: /home/sang/ros2_ws/install/ros2_control_demo_example_8/share/ros2_control_demo_example_8/cmake/ros2_control_demo_example_8Config-version.cmake
-- Up-to-date symlink: /home/sang/ros2_ws/install/ros2_control_demo_example_8/share/ros2_control_demo_example_8/package.xml
-- Up-to-date: /home/sang/ros2_ws/install/ros2_control_demo_example_8/lib/libros2_control_demo_example_8.so
-- Up-to-date: /home/sang/ros2_ws/install/ros2_control_demo_example_8/share/ros2_control_demo_example_8/cmake/export_ros2_control_demo_example_8Export.cmake
-- Up-to-date: /home/sang/ros2_ws/install/ros2_control_demo_example_8/share/ros2_control_demo_example_8/cmake/export_ros2_control_demo_example_8Export-noconfig.cmake
