[0.039s] Invoking command in '/home/sang/ros2_ws/build/ros2_control_demo_example_12': AMENT_PREFIX_PATH=/home/sang/ros2_ws/install/ros2_control_demo_description:${AMENT_PREFIX_PATH} CMAKE_PREFIX_PATH=/home/sang/ros2_ws/install/ros2_control_demo_description:/opt/ros/jazzy/opt/gz_sim_vendor:/opt/ros/jazzy/opt/gz_sensors_vendor:/opt/ros/jazzy/opt/gz_physics_vendor:/opt/ros/jazzy/opt/sdformat_vendor:/opt/ros/jazzy/opt/gz_gui_vendor:/opt/ros/jazzy/opt/gz_transport_vendor:/opt/ros/jazzy/opt/gz_rendering_vendor:/opt/ros/jazzy/opt/gz_plugin_vendor:/opt/ros/jazzy/opt/gz_fuel_tools_vendor:/opt/ros/jazzy/opt/gz_msgs_vendor:/opt/ros/jazzy/opt/gz_common_vendor:/opt/ros/jazzy/opt/gz_math_vendor:/opt/ros/jazzy/opt/gz_utils_vendor:/opt/ros/jazzy/opt/gz_tools_vendor:/opt/ros/jazzy/opt/gz_ogre_next_vendor:/opt/ros/jazzy/opt/gz_dartsim_vendor:/opt/ros/jazzy/opt/gz_cmake_vendor:/opt/ros/jazzy DEBUGINFOD_URLS=https://debuginfod.ubuntu.com /usr/bin/cmake --build /home/sang/ros2_ws/build/ros2_control_demo_example_12 -- -j2 -l2
[0.384s] [ 33%] Built target passthrough_controller_parameters
[0.397s] [ 66%] Built target ros2_control_demo_example_12
[0.524s] [100%] Built target passthrough_controller
[0.619s] Invoked command in '/home/sang/ros2_ws/build/ros2_control_demo_example_12' returned '0': AMENT_PREFIX_PATH=/home/sang/ros2_ws/install/ros2_control_demo_description:${AMENT_PREFIX_PATH} CMAKE_PREFIX_PATH=/home/sang/ros2_ws/install/ros2_control_demo_description:/opt/ros/jazzy/opt/gz_sim_vendor:/opt/ros/jazzy/opt/gz_sensors_vendor:/opt/ros/jazzy/opt/gz_physics_vendor:/opt/ros/jazzy/opt/sdformat_vendor:/opt/ros/jazzy/opt/gz_gui_vendor:/opt/ros/jazzy/opt/gz_transport_vendor:/opt/ros/jazzy/opt/gz_rendering_vendor:/opt/ros/jazzy/opt/gz_plugin_vendor:/opt/ros/jazzy/opt/gz_fuel_tools_vendor:/opt/ros/jazzy/opt/gz_msgs_vendor:/opt/ros/jazzy/opt/gz_common_vendor:/opt/ros/jazzy/opt/gz_math_vendor:/opt/ros/jazzy/opt/gz_utils_vendor:/opt/ros/jazzy/opt/gz_tools_vendor:/opt/ros/jazzy/opt/gz_ogre_next_vendor:/opt/ros/jazzy/opt/gz_dartsim_vendor:/opt/ros/jazzy/opt/gz_cmake_vendor:/opt/ros/jazzy DEBUGINFOD_URLS=https://debuginfod.ubuntu.com /usr/bin/cmake --build /home/sang/ros2_ws/build/ros2_control_demo_example_12 -- -j2 -l2
[0.621s] Invoking command in '/home/sang/ros2_ws/build/ros2_control_demo_example_12': AMENT_PREFIX_PATH=/home/sang/ros2_ws/install/ros2_control_demo_description:${AMENT_PREFIX_PATH} CMAKE_PREFIX_PATH=/home/sang/ros2_ws/install/ros2_control_demo_description:/opt/ros/jazzy/opt/gz_sim_vendor:/opt/ros/jazzy/opt/gz_sensors_vendor:/opt/ros/jazzy/opt/gz_physics_vendor:/opt/ros/jazzy/opt/sdformat_vendor:/opt/ros/jazzy/opt/gz_gui_vendor:/opt/ros/jazzy/opt/gz_transport_vendor:/opt/ros/jazzy/opt/gz_rendering_vendor:/opt/ros/jazzy/opt/gz_plugin_vendor:/opt/ros/jazzy/opt/gz_fuel_tools_vendor:/opt/ros/jazzy/opt/gz_msgs_vendor:/opt/ros/jazzy/opt/gz_common_vendor:/opt/ros/jazzy/opt/gz_math_vendor:/opt/ros/jazzy/opt/gz_utils_vendor:/opt/ros/jazzy/opt/gz_tools_vendor:/opt/ros/jazzy/opt/gz_ogre_next_vendor:/opt/ros/jazzy/opt/gz_dartsim_vendor:/opt/ros/jazzy/opt/gz_cmake_vendor:/opt/ros/jazzy DEBUGINFOD_URLS=https://debuginfod.ubuntu.com /usr/bin/cmake --install /home/sang/ros2_ws/build/ros2_control_demo_example_12
[0.665s] -- Install configuration: ""
[0.667s] -- Execute custom install script
[0.669s] -- Up-to-date symlink: /home/sang/ros2_ws/install/ros2_control_demo_example_12/share/ros2_control_demo_example_12//ros2_control_demo_example_12.xml
[0.670s] -- Up-to-date symlink: /home/sang/ros2_ws/install/ros2_control_demo_example_12/include/ros2_control_demo_example_12/passthrough_controller_parameters.hpp
[0.671s] -- Up-to-date symlink: /home/sang/ros2_ws/install/ros2_control_demo_example_12/share/ros2_control_demo_example_12//passthrough_controller.xml
[0.674s] -- Up-to-date symlink: /home/sang/ros2_ws/install/ros2_control_demo_example_12/include/ros2_control_demo_example_12/ros2_control_demo_example_12/rrbot.hpp
[0.676s] -- Up-to-date symlink: /home/sang/ros2_ws/install/ros2_control_demo_example_12/share/ros2_control_demo_example_12/launch/view_robot.launch.py
[0.693s] -- Up-to-date symlink: /home/sang/ros2_ws/install/ros2_control_demo_example_12/share/ros2_control_demo_example_12/ros2_control/rrbot.ros2_control.xacro
[0.693s] -- Up-to-date symlink: /home/sang/ros2_ws/install/ros2_control_demo_example_12/share/ros2_control_demo_example_12/urdf/rrbot.urdf.xacro
[0.694s] -- Up-to-date symlink: /home/sang/ros2_ws/install/ros2_control_demo_example_12/share/ros2_control_demo_example_12/launch/launch_chained_controllers.launch.py
[0.696s] -- Up-to-date symlink: /home/sang/ros2_ws/install/ros2_control_demo_example_12/share/ros2_control_demo_example_12/launch/rrbot.launch.py
[0.697s] -- Up-to-date symlink: /home/sang/ros2_ws/install/ros2_control_demo_example_12/share/ros2_control_demo_example_12/config/rrbot_chained_controllers.yaml
[0.697s] -- Up-to-date symlink: /home/sang/ros2_ws/install/ros2_control_demo_example_12/include/passthrough_controller/passthrough_controller/passthrough_controller.hpp
[0.697s] -- Up-to-date symlink: /home/sang/ros2_ws/install/ros2_control_demo_example_12/share/ros2_control_demo_example_12/environment/library_path.sh
[0.698s] -- Up-to-date symlink: /home/sang/ros2_ws/install/ros2_control_demo_example_12/share/ros2_control_demo_example_12/environment/library_path.dsv
[0.698s] -- Up-to-date symlink: /home/sang/ros2_ws/install/ros2_control_demo_example_12/share/ament_index/resource_index/package_run_dependencies/ros2_control_demo_example_12
[0.700s] -- Up-to-date symlink: /home/sang/ros2_ws/install/ros2_control_demo_example_12/share/ament_index/resource_index/parent_prefix_path/ros2_control_demo_example_12
[0.700s] -- Up-to-date symlink: /home/sang/ros2_ws/install/ros2_control_demo_example_12/share/ros2_control_demo_example_12/environment/ament_prefix_path.sh
[0.701s] -- Up-to-date symlink: /home/sang/ros2_ws/install/ros2_control_demo_example_12/share/ros2_control_demo_example_12/environment/ament_prefix_path.dsv
[0.701s] -- Up-to-date symlink: /home/sang/ros2_ws/install/ros2_control_demo_example_12/share/ros2_control_demo_example_12/environment/path.sh
[0.702s] -- Up-to-date symlink: /home/sang/ros2_ws/install/ros2_control_demo_example_12/share/ros2_control_demo_example_12/environment/path.dsv
[0.702s] -- Up-to-date symlink: /home/sang/ros2_ws/install/ros2_control_demo_example_12/share/ros2_control_demo_example_12/local_setup.bash
[0.702s] -- Up-to-date symlink: /home/sang/ros2_ws/install/ros2_control_demo_example_12/share/ros2_control_demo_example_12/local_setup.sh
[0.703s] -- Up-to-date symlink: /home/sang/ros2_ws/install/ros2_control_demo_example_12/share/ros2_control_demo_example_12/local_setup.zsh
[0.705s] -- Up-to-date symlink: /home/sang/ros2_ws/install/ros2_control_demo_example_12/share/ros2_control_demo_example_12/local_setup.dsv
[0.706s] -- Symlinking: /home/sang/ros2_ws/install/ros2_control_demo_example_12/share/ros2_control_demo_example_12/package.dsv
[0.744s] -- Up-to-date symlink: /home/sang/ros2_ws/install/ros2_control_demo_example_12/share/ament_index/resource_index/packages/ros2_control_demo_example_12
[0.746s] -- Up-to-date symlink: /home/sang/ros2_ws/install/ros2_control_demo_example_12/share/ament_index/resource_index/hardware_interface__pluginlib__plugin/ros2_control_demo_example_12
[0.749s] -- Up-to-date symlink: /home/sang/ros2_ws/install/ros2_control_demo_example_12/share/ament_index/resource_index/controller_interface__pluginlib__plugin/ros2_control_demo_example_12
[0.751s] -- Up-to-date symlink: /home/sang/ros2_ws/install/ros2_control_demo_example_12/share/ros2_control_demo_example_12/cmake/ament_cmake_export_dependencies-extras.cmake
[0.756s] -- Up-to-date symlink: /home/sang/ros2_ws/install/ros2_control_demo_example_12/share/ros2_control_demo_example_12/cmake/ament_cmake_export_targets-extras.cmake
[0.760s] -- Up-to-date symlink: /home/sang/ros2_ws/install/ros2_control_demo_example_12/share/ros2_control_demo_example_12/cmake/ros2_control_demo_example_12Config.cmake
[0.761s] -- Up-to-date symlink: /home/sang/ros2_ws/install/ros2_control_demo_example_12/share/ros2_control_demo_example_12/cmake/ros2_control_demo_example_12Config-version.cmake
[0.761s] -- Up-to-date symlink: /home/sang/ros2_ws/install/ros2_control_demo_example_12/share/ros2_control_demo_example_12/package.xml
[0.762s] -- Up-to-date: /home/sang/ros2_ws/install/ros2_control_demo_example_12/lib/libros2_control_demo_example_12.so
[0.767s] -- Up-to-date: /home/sang/ros2_ws/install/ros2_control_demo_example_12/lib/libpassthrough_controller.so
[0.768s] -- Up-to-date: /home/sang/ros2_ws/install/ros2_control_demo_example_12/share/ros2_control_demo_example_12/cmake/export_passthrough_controllerExport.cmake
[0.770s] -- Up-to-date: /home/sang/ros2_ws/install/ros2_control_demo_example_12/share/ros2_control_demo_example_12/cmake/export_passthrough_controllerExport-noconfig.cmake
[0.770s] -- Up-to-date: /home/sang/ros2_ws/install/ros2_control_demo_example_12/share/ros2_control_demo_example_12/cmake/export_ros2_control_demo_example_12Export.cmake
[0.770s] -- Up-to-date: /home/sang/ros2_ws/install/ros2_control_demo_example_12/share/ros2_control_demo_example_12/cmake/export_ros2_control_demo_example_12Export-noconfig.cmake
[0.777s] Invoked command in '/home/sang/ros2_ws/build/ros2_control_demo_example_12' returned '0': AMENT_PREFIX_PATH=/home/sang/ros2_ws/install/ros2_control_demo_description:${AMENT_PREFIX_PATH} CMAKE_PREFIX_PATH=/home/sang/ros2_ws/install/ros2_control_demo_description:/opt/ros/jazzy/opt/gz_sim_vendor:/opt/ros/jazzy/opt/gz_sensors_vendor:/opt/ros/jazzy/opt/gz_physics_vendor:/opt/ros/jazzy/opt/sdformat_vendor:/opt/ros/jazzy/opt/gz_gui_vendor:/opt/ros/jazzy/opt/gz_transport_vendor:/opt/ros/jazzy/opt/gz_rendering_vendor:/opt/ros/jazzy/opt/gz_plugin_vendor:/opt/ros/jazzy/opt/gz_fuel_tools_vendor:/opt/ros/jazzy/opt/gz_msgs_vendor:/opt/ros/jazzy/opt/gz_common_vendor:/opt/ros/jazzy/opt/gz_math_vendor:/opt/ros/jazzy/opt/gz_utils_vendor:/opt/ros/jazzy/opt/gz_tools_vendor:/opt/ros/jazzy/opt/gz_ogre_next_vendor:/opt/ros/jazzy/opt/gz_dartsim_vendor:/opt/ros/jazzy/opt/gz_cmake_vendor:/opt/ros/jazzy DEBUGINFOD_URLS=https://debuginfod.ubuntu.com /usr/bin/cmake --install /home/sang/ros2_ws/build/ros2_control_demo_example_12
