[0.046s] Invoking command in '/home/sang/ros2_ws/build/dorna_robot': AMENT_PREFIX_PATH=/home/sang/ros2_ws/install/ros2_control_demo_description:${AMENT_PREFIX_PATH} CMAKE_PREFIX_PATH=/home/sang/ros2_ws/install/ros2_control_demo_description:/opt/ros/jazzy/opt/gz_sim_vendor:/opt/ros/jazzy/opt/gz_sensors_vendor:/opt/ros/jazzy/opt/gz_physics_vendor:/opt/ros/jazzy/opt/sdformat_vendor:/opt/ros/jazzy/opt/gz_gui_vendor:/opt/ros/jazzy/opt/gz_transport_vendor:/opt/ros/jazzy/opt/gz_rendering_vendor:/opt/ros/jazzy/opt/gz_plugin_vendor:/opt/ros/jazzy/opt/gz_fuel_tools_vendor:/opt/ros/jazzy/opt/gz_msgs_vendor:/opt/ros/jazzy/opt/gz_common_vendor:/opt/ros/jazzy/opt/gz_math_vendor:/opt/ros/jazzy/opt/gz_utils_vendor:/opt/ros/jazzy/opt/gz_tools_vendor:/opt/ros/jazzy/opt/gz_ogre_next_vendor:/opt/ros/jazzy/opt/gz_dartsim_vendor:/opt/ros/jazzy/opt/gz_cmake_vendor:/opt/ros/jazzy DEBUGINFOD_URLS=https://debuginfod.ubuntu.com /usr/bin/cmake --build /home/sang/ros2_ws/build/dorna_robot -- -j2 -l2
[0.375s] [ 50%] [32mBuilding CXX object CMakeFiles/dorna_hardware_interface.dir/hardware/dorna_hardware_interface.cpp.o[0m
[5.696s] [01m[K/home/sang/ros2_ws/src/dorna_robot/hardware/dorna_hardware_interface.cpp:17:21:[m[K [01;31m[Kerror: [m[K‘[01m[KCallbackReturn[m[K’ in namespace ‘[01m[Khardware_interface[m[K’ does not name a type
[5.697s]    17 | hardware_interface::[01;31m[KCallbackReturn[m[K DornaPositionControl::on_init(
[5.698s]       |                     [01;31m[K^~~~~~~~~~~~~~[m[K
[5.698s] [01m[K/home/sang/ros2_ws/src/dorna_robot/hardware/dorna_hardware_interface.cpp:73:21:[m[K [01;31m[Kerror: [m[K‘[01m[KCallbackReturn[m[K’ in namespace ‘[01m[Khardware_interface[m[K’ does not name a type
[5.699s]    73 | hardware_interface::[01;31m[KCallbackReturn[m[K DornaPositionControl::on_configure(
[5.699s]       |                     [01;31m[K^~~~~~~~~~~~~~[m[K
[5.699s] [01m[K/home/sang/ros2_ws/src/dorna_robot/hardware/dorna_hardware_interface.cpp:100:21:[m[K [01;31m[Kerror: [m[K‘[01m[KCallbackReturn[m[K’ in namespace ‘[01m[Khardware_interface[m[K’ does not name a type
[5.700s]   100 | hardware_interface::[01;31m[KCallbackReturn[m[K DornaPositionControl::on_activate(
[5.701s]       |                     [01;31m[K^~~~~~~~~~~~~~[m[K
[5.702s] [01m[K/home/sang/ros2_ws/src/dorna_robot/hardware/dorna_hardware_interface.cpp:124:21:[m[K [01;31m[Kerror: [m[K‘[01m[KCallbackReturn[m[K’ in namespace ‘[01m[Khardware_interface[m[K’ does not name a type
[5.702s]   124 | hardware_interface::[01;31m[KCallbackReturn[m[K DornaPositionControl::on_deactivate(
[5.702s]       |                     [01;31m[K^~~~~~~~~~~~~~[m[K
[5.703s] [01m[K/home/sang/ros2_ws/src/dorna_robot/hardware/dorna_hardware_interface.cpp:142:21:[m[K [01;31m[Kerror: [m[K‘[01m[Kreturn_type[m[K’ in namespace ‘[01m[Khardware_interface[m[K’ does not name a type
[5.703s]   142 | hardware_interface::[01;31m[Kreturn_type[m[K DornaPositionControl::read(
[5.703s]       |                     [01;31m[K^~~~~~~~~~~[m[K
[5.704s] [01m[K/home/sang/ros2_ws/src/dorna_robot/hardware/dorna_hardware_interface.cpp:163:21:[m[K [01;31m[Kerror: [m[K‘[01m[Kreturn_type[m[K’ in namespace ‘[01m[Khardware_interface[m[K’ does not name a type
[5.704s]   163 | hardware_interface::[01;31m[Kreturn_type[m[K DornaPositionControl::write(
[5.704s]       |                     [01;31m[K^~~~~~~~~~~[m[K
[5.738s] In file included from [01m[K/opt/ros/jazzy/include/class_loader/class_loader/class_loader.hpp:56[m[K,
[5.738s]                  from [01m[K/opt/ros/jazzy/include/pluginlib/pluginlib/class_list_macros.hpp:40[m[K,
[5.738s]                  from [01m[K/home/sang/ros2_ws/src/dorna_robot/hardware/dorna_hardware_interface.cpp:184[m[K:
[5.739s] [01m[K/home/sang/ros2_ws/src/dorna_robot/hardware/dorna_hardware_interface.cpp:187:29:[m[K [01;31m[Kerror: [m[K‘[01m[KDornaPositionControl[m[K’ in namespace ‘[01m[Kdorna_hardware_interface[m[K’ does not name a type
[5.742s]   187 |   dorna_hardware_interface::[01;31m[KDornaPositionControl[m[K, hardware_interface::SystemInterface)
[5.743s]       |                             [01;31m[K^~~~~~~~~~~~~~~~~~~~[m[K
[5.743s] [01m[K/home/sang/ros2_ws/src/dorna_robot/hardware/dorna_hardware_interface.cpp:187:71:[m[K [01;31m[Kerror: [m[K‘[01m[KSystemInterface[m[K’ in namespace ‘[01m[Khardware_interface[m[K’ does not name a type
[5.743s]   187 | rdware_interface::DornaPositionControl, hardware_interface::[01;31m[KSystemInterface[m[K)
[5.744s]       |                                                             [01;31m[K^~~~~~~~~~~~~~~[m[K
[5.744s] 
[5.750s] [01m[K/home/sang/ros2_ws/src/dorna_robot/hardware/dorna_hardware_interface.cpp:[m[K In constructor ‘[01m[K{anonymous}::ProxyExec0::[01;32m[KProxyExec0[m[K()[m[K’:
[5.751s] [01m[K/home/sang/ros2_ws/src/dorna_robot/hardware/dorna_hardware_interface.cpp:186:1:[m[K [01;31m[Kerror: [m[K‘[01m[K_derived[m[K’ was not declared in this scope
[5.752s]   186 | [01;31m[KPLUGINLIB_EXPORT_CLASS[m[K(
[5.752s]       | [01;31m[K^~~~~~~~~~~~~~~~~~~~~~[m[K
[5.758s] [01m[K/home/sang/ros2_ws/src/dorna_robot/hardware/dorna_hardware_interface.cpp:186:1:[m[K [01;31m[Kerror: [m[K‘[01m[K_base[m[K’ was not declared in this scope; did you mean ‘[01m[K__bases[m[K’?
[5.758s]   186 | [01;31m[KPLUGINLIB_EXPORT_CLASS[m[K(
[5.759s]       | [01;31m[K^~~~~~~~~~~~~~~~~~~~~~[m[K
[5.760s] [01m[K/home/sang/ros2_ws/src/dorna_robot/hardware/dorna_hardware_interface.cpp:186:1:[m[K [01;31m[Kerror: [m[Kno matching function for call to ‘[01m[KregisterPlugin<<expression error>, <expression error> >(const char [47], const char [36])[m[K’
[5.760s]   186 | [01;31m[KPLUGINLIB_EXPORT_CLASS[m[K(
[5.760s]       | [01;31m[K^~~~~~~~~~~~~~~~~~~~~~[m[K
[5.762s] In file included from [01m[K/opt/ros/jazzy/include/class_loader/class_loader/class_loader.hpp:55[m[K:
[5.762s] [01m[K/opt/ros/jazzy/include/class_loader/class_loader/class_loader_core.hpp:241:1:[m[K [01;36m[Knote: [m[Kcandidate: ‘[01m[Ktemplate<class Derived, class Base> class_loader::impl::UniquePtr<class_loader::impl::AbstractMetaObjectBase> class_loader::impl::[01;32m[KregisterPlugin[m[K(const std::string&, const std::string&)[m[K’
[5.762s]   241 | [01;36m[KregisterPlugin[m[K(const std::string & class_name, const std::string & base_class_name)
[5.763s]       | [01;36m[K^~~~~~~~~~~~~~[m[K
[5.763s] [01m[K/opt/ros/jazzy/include/class_loader/class_loader/class_loader_core.hpp:241:1:[m[K [01;36m[Knote: [m[K  template argument deduction/substitution failed:
[5.764s] [01m[K/home/sang/ros2_ws/src/dorna_robot/hardware/dorna_hardware_interface.cpp:186:1:[m[K [01;31m[Kerror: [m[Ktemplate argument 1 is invalid
[5.768s]   186 | [01;31m[KPLUGINLIB_EXPORT_CLASS[m[K(
[5.768s]       | [01;31m[K^~~~~~~~~~~~~~~~~~~~~~[m[K
[5.770s] [01m[K/home/sang/ros2_ws/src/dorna_robot/hardware/dorna_hardware_interface.cpp:186:1:[m[K [01;31m[Kerror: [m[Ktemplate argument 2 is invalid
[6.694s] gmake[2]: *** [CMakeFiles/dorna_hardware_interface.dir/build.make:76: CMakeFiles/dorna_hardware_interface.dir/hardware/dorna_hardware_interface.cpp.o] Error 1
[6.696s] gmake[1]: *** [CMakeFiles/Makefile2:137: CMakeFiles/dorna_hardware_interface.dir/all] Error 2
[6.697s] gmake: *** [Makefile:146: all] Error 2
[6.703s] Invoked command in '/home/sang/ros2_ws/build/dorna_robot' returned '2': AMENT_PREFIX_PATH=/home/sang/ros2_ws/install/ros2_control_demo_description:${AMENT_PREFIX_PATH} CMAKE_PREFIX_PATH=/home/sang/ros2_ws/install/ros2_control_demo_description:/opt/ros/jazzy/opt/gz_sim_vendor:/opt/ros/jazzy/opt/gz_sensors_vendor:/opt/ros/jazzy/opt/gz_physics_vendor:/opt/ros/jazzy/opt/sdformat_vendor:/opt/ros/jazzy/opt/gz_gui_vendor:/opt/ros/jazzy/opt/gz_transport_vendor:/opt/ros/jazzy/opt/gz_rendering_vendor:/opt/ros/jazzy/opt/gz_plugin_vendor:/opt/ros/jazzy/opt/gz_fuel_tools_vendor:/opt/ros/jazzy/opt/gz_msgs_vendor:/opt/ros/jazzy/opt/gz_common_vendor:/opt/ros/jazzy/opt/gz_math_vendor:/opt/ros/jazzy/opt/gz_utils_vendor:/opt/ros/jazzy/opt/gz_tools_vendor:/opt/ros/jazzy/opt/gz_ogre_next_vendor:/opt/ros/jazzy/opt/gz_dartsim_vendor:/opt/ros/jazzy/opt/gz_cmake_vendor:/opt/ros/jazzy DEBUGINFOD_URLS=https://debuginfod.ubuntu.com /usr/bin/cmake --build /home/sang/ros2_ws/build/dorna_robot -- -j2 -l2
