[0.070s] Invoking command in '/home/sang/ros2_ws/build/ros2_control_demo_description': CMAKE_PREFIX_PATH=${CMAKE_PREFIX_PATH}:/opt/ros/jazzy DEBUGINFOD_URLS=https://debuginfod.ubuntu.com /usr/bin/cmake --build /home/sang/ros2_ws/build/ros2_control_demo_description -- -j2 -l2
[0.354s] Invoked command in '/home/sang/ros2_ws/build/ros2_control_demo_description' returned '0': CMAKE_PREFIX_PATH=${CMAKE_PREFIX_PATH}:/opt/ros/jazzy DEBUGINFOD_URLS=https://debuginfod.ubuntu.com /usr/bin/cmake --build /home/sang/ros2_ws/build/ros2_control_demo_description -- -j2 -l2
[0.426s] Invoking command in '/home/sang/ros2_ws/build/ros2_control_demo_description': CMAKE_PREFIX_PATH=${CMAKE_PREFIX_PATH}:/opt/ros/jazzy DEBUGINFOD_URLS=https://debuginfod.ubuntu.com /usr/bin/cmake --install /home/sang/ros2_ws/build/ros2_control_demo_description
[0.483s] -- Install configuration: ""
[0.485s] -- Execute custom install script
[0.491s] -- Up-to-date symlink: /home/sang/ros2_ws/install/ros2_control_demo_description/share/ros2_control_demo_description/rrbot/urdf/rrbot.materials.xacro
[0.491s] -- Up-to-date symlink: /home/sang/ros2_ws/install/ros2_control_demo_description/share/ros2_control_demo_description/rrbot/urdf/rrbot_description.urdf.xacro
[0.497s] -- Up-to-date symlink: /home/sang/ros2_ws/install/ros2_control_demo_description/share/ros2_control_demo_description/rrbot/rviz/rrbot.rviz
[0.497s] -- Up-to-date symlink: /home/sang/ros2_ws/install/ros2_control_demo_description/share/ros2_control_demo_description/diffbot/urdf/diffbot.materials.xacro
[0.503s] -- Up-to-date symlink: /home/sang/ros2_ws/install/ros2_control_demo_description/share/ros2_control_demo_description/diffbot/urdf/diffbot_description.urdf.xacro
[0.503s] -- Up-to-date symlink: /home/sang/ros2_ws/install/ros2_control_demo_description/share/ros2_control_demo_description/diffbot/rviz/diffbot.rviz
[0.506s] -- Up-to-date symlink: /home/sang/ros2_ws/install/ros2_control_demo_description/share/ros2_control_demo_description/diffbot/rviz/diffbot_view.rviz
[0.507s] -- Up-to-date symlink: /home/sang/ros2_ws/install/ros2_control_demo_description/share/ros2_control_demo_description/carlikebot/urdf/carlikebot.materials.xacro
[0.507s] -- Up-to-date symlink: /home/sang/ros2_ws/install/ros2_control_demo_description/share/ros2_control_demo_description/carlikebot/urdf/carlikebot_description.urdf.xacro
[0.507s] -- Up-to-date symlink: /home/sang/ros2_ws/install/ros2_control_demo_description/share/ros2_control_demo_description/carlikebot/rviz/carlikebot.rviz
[0.509s] -- Up-to-date symlink: /home/sang/ros2_ws/install/ros2_control_demo_description/share/ros2_control_demo_description/carlikebot/rviz/carlikebot_view.rviz
[0.510s] -- Up-to-date symlink: /home/sang/ros2_ws/install/ros2_control_demo_description/share/ros2_control_demo_description/r3bot/urdf/threedofbot_description.urdf.xacro
[0.512s] -- Up-to-date symlink: /home/sang/ros2_ws/install/ros2_control_demo_description/share/ros2_control_demo_description/r6bot/meshes/collision/link_0.stl
[0.512s] -- Up-to-date symlink: /home/sang/ros2_ws/install/ros2_control_demo_description/share/ros2_control_demo_description/r6bot/meshes/collision/link_1.stl
[0.513s] -- Up-to-date symlink: /home/sang/ros2_ws/install/ros2_control_demo_description/share/ros2_control_demo_description/r6bot/meshes/collision/link_2.stl
[0.515s] -- Up-to-date symlink: /home/sang/ros2_ws/install/ros2_control_demo_description/share/ros2_control_demo_description/r6bot/meshes/collision/link_3.stl
[0.518s] -- Up-to-date symlink: /home/sang/ros2_ws/install/ros2_control_demo_description/share/ros2_control_demo_description/r6bot/meshes/collision/link_4.stl
[0.518s] -- Up-to-date symlink: /home/sang/ros2_ws/install/ros2_control_demo_description/share/ros2_control_demo_description/r6bot/meshes/collision/link_5.stl
[0.521s] -- Up-to-date symlink: /home/sang/ros2_ws/install/ros2_control_demo_description/share/ros2_control_demo_description/r6bot/meshes/collision/link_6.stl
[0.521s] -- Up-to-date symlink: /home/sang/ros2_ws/install/ros2_control_demo_description/share/ros2_control_demo_description/r6bot/meshes/visual/link_0.dae
[0.523s] -- Up-to-date symlink: /home/sang/ros2_ws/install/ros2_control_demo_description/share/ros2_control_demo_description/r6bot/meshes/visual/link_1.dae
[0.527s] -- Up-to-date symlink: /home/sang/ros2_ws/install/ros2_control_demo_description/share/ros2_control_demo_description/r6bot/meshes/visual/link_2.dae
[0.528s] -- Up-to-date symlink: /home/sang/ros2_ws/install/ros2_control_demo_description/share/ros2_control_demo_description/r6bot/meshes/visual/link_3.dae
[0.529s] -- Up-to-date symlink: /home/sang/ros2_ws/install/ros2_control_demo_description/share/ros2_control_demo_description/r6bot/meshes/visual/link_4.dae
[0.536s] -- Up-to-date symlink: /home/sang/ros2_ws/install/ros2_control_demo_description/share/ros2_control_demo_description/r6bot/meshes/visual/link_5.dae
[0.536s] -- Up-to-date symlink: /home/sang/ros2_ws/install/ros2_control_demo_description/share/ros2_control_demo_description/r6bot/meshes/visual/link_6.dae
[0.537s] -- Up-to-date symlink: /home/sang/ros2_ws/install/ros2_control_demo_description/share/ros2_control_demo_description/r6bot/srdf/r6bot.srdf
[0.537s] -- Up-to-date symlink: /home/sang/ros2_ws/install/ros2_control_demo_description/share/ros2_control_demo_description/r6bot/urdf/inc/create_link.xacro
[0.539s] -- Up-to-date symlink: /home/sang/ros2_ws/install/ros2_control_demo_description/share/ros2_control_demo_description/r6bot/urdf/r6bot_description.urdf.xacro
[0.541s] -- Up-to-date symlink: /home/sang/ros2_ws/install/ros2_control_demo_description/share/ros2_control_demo_description/r6bot/rviz/view_robot.rviz
[0.543s] -- Up-to-date symlink: /home/sang/ros2_ws/install/ros2_control_demo_description/share/ament_index/resource_index/package_run_dependencies/ros2_control_demo_description
[0.545s] -- Up-to-date symlink: /home/sang/ros2_ws/install/ros2_control_demo_description/share/ament_index/resource_index/parent_prefix_path/ros2_control_demo_description
[0.549s] -- Up-to-date symlink: /home/sang/ros2_ws/install/ros2_control_demo_description/share/ros2_control_demo_description/environment/ament_prefix_path.sh
[0.551s] -- Up-to-date symlink: /home/sang/ros2_ws/install/ros2_control_demo_description/share/ros2_control_demo_description/environment/ament_prefix_path.dsv
[0.551s] -- Up-to-date symlink: /home/sang/ros2_ws/install/ros2_control_demo_description/share/ros2_control_demo_description/environment/path.sh
[0.555s] -- Up-to-date symlink: /home/sang/ros2_ws/install/ros2_control_demo_description/share/ros2_control_demo_description/environment/path.dsv
[0.556s] -- Up-to-date symlink: /home/sang/ros2_ws/install/ros2_control_demo_description/share/ros2_control_demo_description/local_setup.bash
[0.559s] -- Up-to-date symlink: /home/sang/ros2_ws/install/ros2_control_demo_description/share/ros2_control_demo_description/local_setup.sh
[0.560s] -- Up-to-date symlink: /home/sang/ros2_ws/install/ros2_control_demo_description/share/ros2_control_demo_description/local_setup.zsh
[0.562s] -- Up-to-date symlink: /home/sang/ros2_ws/install/ros2_control_demo_description/share/ros2_control_demo_description/local_setup.dsv
[0.564s] -- Symlinking: /home/sang/ros2_ws/install/ros2_control_demo_description/share/ros2_control_demo_description/package.dsv
[0.626s] -- Up-to-date symlink: /home/sang/ros2_ws/install/ros2_control_demo_description/share/ament_index/resource_index/packages/ros2_control_demo_description
[0.630s] -- Up-to-date symlink: /home/sang/ros2_ws/install/ros2_control_demo_description/share/ros2_control_demo_description/cmake/ros2_control_demo_descriptionConfig.cmake
[0.630s] -- Up-to-date symlink: /home/sang/ros2_ws/install/ros2_control_demo_description/share/ros2_control_demo_description/cmake/ros2_control_demo_descriptionConfig-version.cmake
[0.631s] -- Up-to-date symlink: /home/sang/ros2_ws/install/ros2_control_demo_description/share/ros2_control_demo_description/package.xml
[0.641s] Invoked command in '/home/sang/ros2_ws/build/ros2_control_demo_description' returned '0': CMAKE_PREFIX_PATH=${CMAKE_PREFIX_PATH}:/opt/ros/jazzy DEBUGINFOD_URLS=https://debuginfod.ubuntu.com /usr/bin/cmake --install /home/sang/ros2_ws/build/ros2_control_demo_description
