[0.079s] Invoking command in '/home/sang/ros2_ws/build/ros2_control_demo_example_15': AMENT_PREFIX_PATH=/home/sang/ros2_ws/install/ros2_control_demo_example_5:/home/sang/ros2_ws/install/ros2_control_demo_example_1:/home/sang/ros2_ws/install/ros2_control_demo_description:${AMENT_PREFIX_PATH} CMAKE_PREFIX_PATH=/home/sang/ros2_ws/install/ros2_control_demo_example_5:/home/sang/ros2_ws/install/ros2_control_demo_example_1:/home/sang/ros2_ws/install/ros2_control_demo_description:/opt/ros/jazzy/opt/gz_sim_vendor:/opt/ros/jazzy/opt/gz_sensors_vendor:/opt/ros/jazzy/opt/gz_physics_vendor:/opt/ros/jazzy/opt/sdformat_vendor:/opt/ros/jazzy/opt/gz_gui_vendor:/opt/ros/jazzy/opt/gz_transport_vendor:/opt/ros/jazzy/opt/gz_rendering_vendor:/opt/ros/jazzy/opt/gz_plugin_vendor:/opt/ros/jazzy/opt/gz_fuel_tools_vendor:/opt/ros/jazzy/opt/gz_msgs_vendor:/opt/ros/jazzy/opt/gz_common_vendor:/opt/ros/jazzy/opt/gz_math_vendor:/opt/ros/jazzy/opt/gz_utils_vendor:/opt/ros/jazzy/opt/gz_tools_vendor:/opt/ros/jazzy/opt/gz_ogre_next_vendor:/opt/ros/jazzy/opt/gz_dartsim_vendor:/opt/ros/jazzy/opt/gz_cmake_vendor:/opt/ros/jazzy DEBUGINFOD_URLS=https://debuginfod.ubuntu.com LD_LIBRARY_PATH=/home/sang/ros2_ws/install/ros2_control_demo_example_5/lib:/home/sang/ros2_ws/install/ros2_control_demo_example_1/lib:${LD_LIBRARY_PATH} /usr/bin/cmake --build /home/sang/ros2_ws/build/ros2_control_demo_example_15 -- -j2 -l2
[0.314s] Invoked command in '/home/sang/ros2_ws/build/ros2_control_demo_example_15' returned '0': AMENT_PREFIX_PATH=/home/sang/ros2_ws/install/ros2_control_demo_example_5:/home/sang/ros2_ws/install/ros2_control_demo_example_1:/home/sang/ros2_ws/install/ros2_control_demo_description:${AMENT_PREFIX_PATH} CMAKE_PREFIX_PATH=/home/sang/ros2_ws/install/ros2_control_demo_example_5:/home/sang/ros2_ws/install/ros2_control_demo_example_1:/home/sang/ros2_ws/install/ros2_control_demo_description:/opt/ros/jazzy/opt/gz_sim_vendor:/opt/ros/jazzy/opt/gz_sensors_vendor:/opt/ros/jazzy/opt/gz_physics_vendor:/opt/ros/jazzy/opt/sdformat_vendor:/opt/ros/jazzy/opt/gz_gui_vendor:/opt/ros/jazzy/opt/gz_transport_vendor:/opt/ros/jazzy/opt/gz_rendering_vendor:/opt/ros/jazzy/opt/gz_plugin_vendor:/opt/ros/jazzy/opt/gz_fuel_tools_vendor:/opt/ros/jazzy/opt/gz_msgs_vendor:/opt/ros/jazzy/opt/gz_common_vendor:/opt/ros/jazzy/opt/gz_math_vendor:/opt/ros/jazzy/opt/gz_utils_vendor:/opt/ros/jazzy/opt/gz_tools_vendor:/opt/ros/jazzy/opt/gz_ogre_next_vendor:/opt/ros/jazzy/opt/gz_dartsim_vendor:/opt/ros/jazzy/opt/gz_cmake_vendor:/opt/ros/jazzy DEBUGINFOD_URLS=https://debuginfod.ubuntu.com LD_LIBRARY_PATH=/home/sang/ros2_ws/install/ros2_control_demo_example_5/lib:/home/sang/ros2_ws/install/ros2_control_demo_example_1/lib:${LD_LIBRARY_PATH} /usr/bin/cmake --build /home/sang/ros2_ws/build/ros2_control_demo_example_15 -- -j2 -l2
[0.317s] Invoking command in '/home/sang/ros2_ws/build/ros2_control_demo_example_15': AMENT_PREFIX_PATH=/home/sang/ros2_ws/install/ros2_control_demo_example_5:/home/sang/ros2_ws/install/ros2_control_demo_example_1:/home/sang/ros2_ws/install/ros2_control_demo_description:${AMENT_PREFIX_PATH} CMAKE_PREFIX_PATH=/home/sang/ros2_ws/install/ros2_control_demo_example_5:/home/sang/ros2_ws/install/ros2_control_demo_example_1:/home/sang/ros2_ws/install/ros2_control_demo_description:/opt/ros/jazzy/opt/gz_sim_vendor:/opt/ros/jazzy/opt/gz_sensors_vendor:/opt/ros/jazzy/opt/gz_physics_vendor:/opt/ros/jazzy/opt/sdformat_vendor:/opt/ros/jazzy/opt/gz_gui_vendor:/opt/ros/jazzy/opt/gz_transport_vendor:/opt/ros/jazzy/opt/gz_rendering_vendor:/opt/ros/jazzy/opt/gz_plugin_vendor:/opt/ros/jazzy/opt/gz_fuel_tools_vendor:/opt/ros/jazzy/opt/gz_msgs_vendor:/opt/ros/jazzy/opt/gz_common_vendor:/opt/ros/jazzy/opt/gz_math_vendor:/opt/ros/jazzy/opt/gz_utils_vendor:/opt/ros/jazzy/opt/gz_tools_vendor:/opt/ros/jazzy/opt/gz_ogre_next_vendor:/opt/ros/jazzy/opt/gz_dartsim_vendor:/opt/ros/jazzy/opt/gz_cmake_vendor:/opt/ros/jazzy DEBUGINFOD_URLS=https://debuginfod.ubuntu.com LD_LIBRARY_PATH=/home/sang/ros2_ws/install/ros2_control_demo_example_5/lib:/home/sang/ros2_ws/install/ros2_control_demo_example_1/lib:${LD_LIBRARY_PATH} /usr/bin/cmake --install /home/sang/ros2_ws/build/ros2_control_demo_example_15
[0.354s] -- Install configuration: ""
[0.358s] -- Execute custom install script
[0.359s] -- Up-to-date symlink: /home/sang/ros2_ws/install/ros2_control_demo_example_15/share/ros2_control_demo_example_15/rviz/multi_controller_manager.rviz
[0.360s] -- Up-to-date symlink: /home/sang/ros2_ws/install/ros2_control_demo_example_15/share/ros2_control_demo_example_15/rviz/rrbot_namespace.rviz
[0.362s] -- Up-to-date symlink: /home/sang/ros2_ws/install/ros2_control_demo_example_15/share/ros2_control_demo_example_15/launch/multi_controller_manager_example_two_rrbots.launch.py
[0.364s] -- Up-to-date symlink: /home/sang/ros2_ws/install/ros2_control_demo_example_15/share/ros2_control_demo_example_15/launch/rrbot_base.launch.py
[0.366s] -- Up-to-date symlink: /home/sang/ros2_ws/install/ros2_control_demo_example_15/share/ros2_control_demo_example_15/launch/rrbot_namespace.launch.py
[0.368s] -- Up-to-date symlink: /home/sang/ros2_ws/install/ros2_control_demo_example_15/share/ros2_control_demo_example_15/launch/test_forward_position_controller.launch.py
[0.371s] -- Up-to-date symlink: /home/sang/ros2_ws/install/ros2_control_demo_example_15/share/ros2_control_demo_example_15/launch/test_joint_trajectory_controller.launch.py
[0.372s] -- Up-to-date symlink: /home/sang/ros2_ws/install/ros2_control_demo_example_15/share/ros2_control_demo_example_15/launch/test_multi_controller_manager_forward_position_controller.launch.py
[0.375s] -- Up-to-date symlink: /home/sang/ros2_ws/install/ros2_control_demo_example_15/share/ros2_control_demo_example_15/launch/test_multi_controller_manager_joint_trajectory_controller.launch.py
[0.376s] -- Up-to-date symlink: /home/sang/ros2_ws/install/ros2_control_demo_example_15/share/ros2_control_demo_example_15/config/multi_controller_manager_forward_position_publisher.yaml
[0.379s] -- Up-to-date symlink: /home/sang/ros2_ws/install/ros2_control_demo_example_15/share/ros2_control_demo_example_15/config/multi_controller_manager_joint_trajectory_publisher.yaml
[0.381s] -- Up-to-date symlink: /home/sang/ros2_ws/install/ros2_control_demo_example_15/share/ros2_control_demo_example_15/config/multi_controller_manager_rrbot_generic_controllers.yaml
[0.383s] -- Up-to-date symlink: /home/sang/ros2_ws/install/ros2_control_demo_example_15/share/ros2_control_demo_example_15/config/rrbot_namespace_controllers.yaml
[0.385s] -- Up-to-date symlink: /home/sang/ros2_ws/install/ros2_control_demo_example_15/share/ros2_control_demo_example_15/config/rrbot_namespace_forward_position_publisher.yaml
[0.386s] -- Up-to-date symlink: /home/sang/ros2_ws/install/ros2_control_demo_example_15/share/ros2_control_demo_example_15/config/rrbot_namespace_joint_trajectory_publisher.yaml
[0.388s] -- Up-to-date symlink: /home/sang/ros2_ws/install/ros2_control_demo_example_15/share/ament_index/resource_index/package_run_dependencies/ros2_control_demo_example_15
[0.391s] -- Up-to-date symlink: /home/sang/ros2_ws/install/ros2_control_demo_example_15/share/ament_index/resource_index/parent_prefix_path/ros2_control_demo_example_15
[0.393s] -- Up-to-date symlink: /home/sang/ros2_ws/install/ros2_control_demo_example_15/share/ros2_control_demo_example_15/environment/ament_prefix_path.sh
[0.397s] -- Up-to-date symlink: /home/sang/ros2_ws/install/ros2_control_demo_example_15/share/ros2_control_demo_example_15/environment/ament_prefix_path.dsv
[0.397s] -- Up-to-date symlink: /home/sang/ros2_ws/install/ros2_control_demo_example_15/share/ros2_control_demo_example_15/environment/path.sh
[0.399s] -- Up-to-date symlink: /home/sang/ros2_ws/install/ros2_control_demo_example_15/share/ros2_control_demo_example_15/environment/path.dsv
[0.401s] -- Up-to-date symlink: /home/sang/ros2_ws/install/ros2_control_demo_example_15/share/ros2_control_demo_example_15/local_setup.bash
[0.405s] -- Up-to-date symlink: /home/sang/ros2_ws/install/ros2_control_demo_example_15/share/ros2_control_demo_example_15/local_setup.sh
[0.408s] -- Up-to-date symlink: /home/sang/ros2_ws/install/ros2_control_demo_example_15/share/ros2_control_demo_example_15/local_setup.zsh
[0.413s] -- Up-to-date symlink: /home/sang/ros2_ws/install/ros2_control_demo_example_15/share/ros2_control_demo_example_15/local_setup.dsv
[0.413s] -- Symlinking: /home/sang/ros2_ws/install/ros2_control_demo_example_15/share/ros2_control_demo_example_15/package.dsv
[0.472s] -- Up-to-date symlink: /home/sang/ros2_ws/install/ros2_control_demo_example_15/share/ament_index/resource_index/packages/ros2_control_demo_example_15
[0.475s] -- Up-to-date symlink: /home/sang/ros2_ws/install/ros2_control_demo_example_15/share/ros2_control_demo_example_15/cmake/ros2_control_demo_example_15Config.cmake
[0.476s] -- Up-to-date symlink: /home/sang/ros2_ws/install/ros2_control_demo_example_15/share/ros2_control_demo_example_15/cmake/ros2_control_demo_example_15Config-version.cmake
[0.476s] -- Up-to-date symlink: /home/sang/ros2_ws/install/ros2_control_demo_example_15/share/ros2_control_demo_example_15/package.xml
[0.482s] Invoked command in '/home/sang/ros2_ws/build/ros2_control_demo_example_15' returned '0': AMENT_PREFIX_PATH=/home/sang/ros2_ws/install/ros2_control_demo_example_5:/home/sang/ros2_ws/install/ros2_control_demo_example_1:/home/sang/ros2_ws/install/ros2_control_demo_description:${AMENT_PREFIX_PATH} CMAKE_PREFIX_PATH=/home/sang/ros2_ws/install/ros2_control_demo_example_5:/home/sang/ros2_ws/install/ros2_control_demo_example_1:/home/sang/ros2_ws/install/ros2_control_demo_description:/opt/ros/jazzy/opt/gz_sim_vendor:/opt/ros/jazzy/opt/gz_sensors_vendor:/opt/ros/jazzy/opt/gz_physics_vendor:/opt/ros/jazzy/opt/sdformat_vendor:/opt/ros/jazzy/opt/gz_gui_vendor:/opt/ros/jazzy/opt/gz_transport_vendor:/opt/ros/jazzy/opt/gz_rendering_vendor:/opt/ros/jazzy/opt/gz_plugin_vendor:/opt/ros/jazzy/opt/gz_fuel_tools_vendor:/opt/ros/jazzy/opt/gz_msgs_vendor:/opt/ros/jazzy/opt/gz_common_vendor:/opt/ros/jazzy/opt/gz_math_vendor:/opt/ros/jazzy/opt/gz_utils_vendor:/opt/ros/jazzy/opt/gz_tools_vendor:/opt/ros/jazzy/opt/gz_ogre_next_vendor:/opt/ros/jazzy/opt/gz_dartsim_vendor:/opt/ros/jazzy/opt/gz_cmake_vendor:/opt/ros/jazzy DEBUGINFOD_URLS=https://debuginfod.ubuntu.com LD_LIBRARY_PATH=/home/sang/ros2_ws/install/ros2_control_demo_example_5/lib:/home/sang/ros2_ws/install/ros2_control_demo_example_1/lib:${LD_LIBRARY_PATH} /usr/bin/cmake --install /home/sang/ros2_ws/build/ros2_control_demo_example_15
