[0.090s] Invoking command in '/home/sang/ros2_ws/build/ros2_control_demo_example_15': AMENT_PREFIX_PATH=/home/sang/ros2_ws/install/ros2_control_demo_example_5:/home/sang/ros2_ws/install/ros2_control_demo_example_1:/home/sang/ros2_ws/install/ros2_control_demo_description:${AMENT_PREFIX_PATH} CMAKE_PREFIX_PATH=/home/sang/ros2_ws/install/ros2_control_demo_example_5:/home/sang/ros2_ws/install/ros2_control_demo_example_1:/home/sang/ros2_ws/install/ros2_control_demo_description:/opt/ros/jazzy/opt/gz_sim_vendor:/opt/ros/jazzy/opt/gz_sensors_vendor:/opt/ros/jazzy/opt/gz_physics_vendor:/opt/ros/jazzy/opt/sdformat_vendor:/opt/ros/jazzy/opt/gz_gui_vendor:/opt/ros/jazzy/opt/gz_transport_vendor:/opt/ros/jazzy/opt/gz_rendering_vendor:/opt/ros/jazzy/opt/gz_plugin_vendor:/opt/ros/jazzy/opt/gz_fuel_tools_vendor:/opt/ros/jazzy/opt/gz_msgs_vendor:/opt/ros/jazzy/opt/gz_common_vendor:/opt/ros/jazzy/opt/gz_math_vendor:/opt/ros/jazzy/opt/gz_utils_vendor:/opt/ros/jazzy/opt/gz_tools_vendor:/opt/ros/jazzy/opt/gz_ogre_next_vendor:/opt/ros/jazzy/opt/gz_dartsim_vendor:/opt/ros/jazzy/opt/gz_cmake_vendor:/opt/ros/jazzy DEBUGINFOD_URLS=https://debuginfod.ubuntu.com LD_LIBRARY_PATH=/home/sang/ros2_ws/install/ros2_control_demo_example_5/lib:/home/sang/ros2_ws/install/ros2_control_demo_example_1/lib:${LD_LIBRARY_PATH} /usr/bin/cmake --build /home/sang/ros2_ws/build/ros2_control_demo_example_15 -- -j2 -l2
[0.473s] Invoked command in '/home/sang/ros2_ws/build/ros2_control_demo_example_15' returned '0': AMENT_PREFIX_PATH=/home/sang/ros2_ws/install/ros2_control_demo_example_5:/home/sang/ros2_ws/install/ros2_control_demo_example_1:/home/sang/ros2_ws/install/ros2_control_demo_description:${AMENT_PREFIX_PATH} CMAKE_PREFIX_PATH=/home/sang/ros2_ws/install/ros2_control_demo_example_5:/home/sang/ros2_ws/install/ros2_control_demo_example_1:/home/sang/ros2_ws/install/ros2_control_demo_description:/opt/ros/jazzy/opt/gz_sim_vendor:/opt/ros/jazzy/opt/gz_sensors_vendor:/opt/ros/jazzy/opt/gz_physics_vendor:/opt/ros/jazzy/opt/sdformat_vendor:/opt/ros/jazzy/opt/gz_gui_vendor:/opt/ros/jazzy/opt/gz_transport_vendor:/opt/ros/jazzy/opt/gz_rendering_vendor:/opt/ros/jazzy/opt/gz_plugin_vendor:/opt/ros/jazzy/opt/gz_fuel_tools_vendor:/opt/ros/jazzy/opt/gz_msgs_vendor:/opt/ros/jazzy/opt/gz_common_vendor:/opt/ros/jazzy/opt/gz_math_vendor:/opt/ros/jazzy/opt/gz_utils_vendor:/opt/ros/jazzy/opt/gz_tools_vendor:/opt/ros/jazzy/opt/gz_ogre_next_vendor:/opt/ros/jazzy/opt/gz_dartsim_vendor:/opt/ros/jazzy/opt/gz_cmake_vendor:/opt/ros/jazzy DEBUGINFOD_URLS=https://debuginfod.ubuntu.com LD_LIBRARY_PATH=/home/sang/ros2_ws/install/ros2_control_demo_example_5/lib:/home/sang/ros2_ws/install/ros2_control_demo_example_1/lib:${LD_LIBRARY_PATH} /usr/bin/cmake --build /home/sang/ros2_ws/build/ros2_control_demo_example_15 -- -j2 -l2
[0.480s] Invoking command in '/home/sang/ros2_ws/build/ros2_control_demo_example_15': AMENT_PREFIX_PATH=/home/sang/ros2_ws/install/ros2_control_demo_example_5:/home/sang/ros2_ws/install/ros2_control_demo_example_1:/home/sang/ros2_ws/install/ros2_control_demo_description:${AMENT_PREFIX_PATH} CMAKE_PREFIX_PATH=/home/sang/ros2_ws/install/ros2_control_demo_example_5:/home/sang/ros2_ws/install/ros2_control_demo_example_1:/home/sang/ros2_ws/install/ros2_control_demo_description:/opt/ros/jazzy/opt/gz_sim_vendor:/opt/ros/jazzy/opt/gz_sensors_vendor:/opt/ros/jazzy/opt/gz_physics_vendor:/opt/ros/jazzy/opt/sdformat_vendor:/opt/ros/jazzy/opt/gz_gui_vendor:/opt/ros/jazzy/opt/gz_transport_vendor:/opt/ros/jazzy/opt/gz_rendering_vendor:/opt/ros/jazzy/opt/gz_plugin_vendor:/opt/ros/jazzy/opt/gz_fuel_tools_vendor:/opt/ros/jazzy/opt/gz_msgs_vendor:/opt/ros/jazzy/opt/gz_common_vendor:/opt/ros/jazzy/opt/gz_math_vendor:/opt/ros/jazzy/opt/gz_utils_vendor:/opt/ros/jazzy/opt/gz_tools_vendor:/opt/ros/jazzy/opt/gz_ogre_next_vendor:/opt/ros/jazzy/opt/gz_dartsim_vendor:/opt/ros/jazzy/opt/gz_cmake_vendor:/opt/ros/jazzy DEBUGINFOD_URLS=https://debuginfod.ubuntu.com LD_LIBRARY_PATH=/home/sang/ros2_ws/install/ros2_control_demo_example_5/lib:/home/sang/ros2_ws/install/ros2_control_demo_example_1/lib:${LD_LIBRARY_PATH} /usr/bin/cmake --install /home/sang/ros2_ws/build/ros2_control_demo_example_15
[0.563s] -- Install configuration: ""
[0.565s] -- Execute custom install script
[0.574s] -- Up-to-date symlink: /home/sang/ros2_ws/install/ros2_control_demo_example_15/share/ros2_control_demo_example_15/rviz/multi_controller_manager.rviz
[0.580s] -- Up-to-date symlink: /home/sang/ros2_ws/install/ros2_control_demo_example_15/share/ros2_control_demo_example_15/rviz/rrbot_namespace.rviz
[0.581s] -- Up-to-date symlink: /home/sang/ros2_ws/install/ros2_control_demo_example_15/share/ros2_control_demo_example_15/launch/multi_controller_manager_example_two_rrbots.launch.py
[0.586s] -- Up-to-date symlink: /home/sang/ros2_ws/install/ros2_control_demo_example_15/share/ros2_control_demo_example_15/launch/rrbot_base.launch.py
[0.587s] -- Up-to-date symlink: /home/sang/ros2_ws/install/ros2_control_demo_example_15/share/ros2_control_demo_example_15/launch/rrbot_namespace.launch.py
[0.591s] -- Up-to-date symlink: /home/sang/ros2_ws/install/ros2_control_demo_example_15/share/ros2_control_demo_example_15/launch/test_forward_position_controller.launch.py
[0.594s] -- Up-to-date symlink: /home/sang/ros2_ws/install/ros2_control_demo_example_15/share/ros2_control_demo_example_15/launch/test_joint_trajectory_controller.launch.py
[0.596s] -- Up-to-date symlink: /home/sang/ros2_ws/install/ros2_control_demo_example_15/share/ros2_control_demo_example_15/launch/test_multi_controller_manager_forward_position_controller.launch.py
[0.599s] -- Up-to-date symlink: /home/sang/ros2_ws/install/ros2_control_demo_example_15/share/ros2_control_demo_example_15/launch/test_multi_controller_manager_joint_trajectory_controller.launch.py
[0.605s] -- Up-to-date symlink: /home/sang/ros2_ws/install/ros2_control_demo_example_15/share/ros2_control_demo_example_15/config/multi_controller_manager_forward_position_publisher.yaml
[0.609s] -- Up-to-date symlink: /home/sang/ros2_ws/install/ros2_control_demo_example_15/share/ros2_control_demo_example_15/config/multi_controller_manager_joint_trajectory_publisher.yaml
[0.613s] -- Up-to-date symlink: /home/sang/ros2_ws/install/ros2_control_demo_example_15/share/ros2_control_demo_example_15/config/multi_controller_manager_rrbot_generic_controllers.yaml
[0.617s] -- Up-to-date symlink: /home/sang/ros2_ws/install/ros2_control_demo_example_15/share/ros2_control_demo_example_15/config/rrbot_namespace_controllers.yaml
[0.618s] -- Up-to-date symlink: /home/sang/ros2_ws/install/ros2_control_demo_example_15/share/ros2_control_demo_example_15/config/rrbot_namespace_forward_position_publisher.yaml
[0.618s] -- Up-to-date symlink: /home/sang/ros2_ws/install/ros2_control_demo_example_15/share/ros2_control_demo_example_15/config/rrbot_namespace_joint_trajectory_publisher.yaml
[0.624s] -- Up-to-date symlink: /home/sang/ros2_ws/install/ros2_control_demo_example_15/share/ament_index/resource_index/package_run_dependencies/ros2_control_demo_example_15
[0.628s] -- Up-to-date symlink: /home/sang/ros2_ws/install/ros2_control_demo_example_15/share/ament_index/resource_index/parent_prefix_path/ros2_control_demo_example_15
[0.632s] -- Up-to-date symlink: /home/sang/ros2_ws/install/ros2_control_demo_example_15/share/ros2_control_demo_example_15/environment/ament_prefix_path.sh
[0.633s] -- Up-to-date symlink: /home/sang/ros2_ws/install/ros2_control_demo_example_15/share/ros2_control_demo_example_15/environment/ament_prefix_path.dsv
[0.640s] -- Up-to-date symlink: /home/sang/ros2_ws/install/ros2_control_demo_example_15/share/ros2_control_demo_example_15/environment/path.sh
[0.641s] -- Up-to-date symlink: /home/sang/ros2_ws/install/ros2_control_demo_example_15/share/ros2_control_demo_example_15/environment/path.dsv
[0.641s] -- Up-to-date symlink: /home/sang/ros2_ws/install/ros2_control_demo_example_15/share/ros2_control_demo_example_15/local_setup.bash
[0.651s] -- Up-to-date symlink: /home/sang/ros2_ws/install/ros2_control_demo_example_15/share/ros2_control_demo_example_15/local_setup.sh
[0.657s] -- Up-to-date symlink: /home/sang/ros2_ws/install/ros2_control_demo_example_15/share/ros2_control_demo_example_15/local_setup.zsh
[0.657s] -- Up-to-date symlink: /home/sang/ros2_ws/install/ros2_control_demo_example_15/share/ros2_control_demo_example_15/local_setup.dsv
[0.663s] -- Symlinking: /home/sang/ros2_ws/install/ros2_control_demo_example_15/share/ros2_control_demo_example_15/package.dsv
[0.760s] -- Up-to-date symlink: /home/sang/ros2_ws/install/ros2_control_demo_example_15/share/ament_index/resource_index/packages/ros2_control_demo_example_15
[0.765s] -- Up-to-date symlink: /home/sang/ros2_ws/install/ros2_control_demo_example_15/share/ros2_control_demo_example_15/cmake/ros2_control_demo_example_15Config.cmake
[0.768s] -- Up-to-date symlink: /home/sang/ros2_ws/install/ros2_control_demo_example_15/share/ros2_control_demo_example_15/cmake/ros2_control_demo_example_15Config-version.cmake
[0.771s] -- Up-to-date symlink: /home/sang/ros2_ws/install/ros2_control_demo_example_15/share/ros2_control_demo_example_15/package.xml
[0.788s] Invoked command in '/home/sang/ros2_ws/build/ros2_control_demo_example_15' returned '0': AMENT_PREFIX_PATH=/home/sang/ros2_ws/install/ros2_control_demo_example_5:/home/sang/ros2_ws/install/ros2_control_demo_example_1:/home/sang/ros2_ws/install/ros2_control_demo_description:${AMENT_PREFIX_PATH} CMAKE_PREFIX_PATH=/home/sang/ros2_ws/install/ros2_control_demo_example_5:/home/sang/ros2_ws/install/ros2_control_demo_example_1:/home/sang/ros2_ws/install/ros2_control_demo_description:/opt/ros/jazzy/opt/gz_sim_vendor:/opt/ros/jazzy/opt/gz_sensors_vendor:/opt/ros/jazzy/opt/gz_physics_vendor:/opt/ros/jazzy/opt/sdformat_vendor:/opt/ros/jazzy/opt/gz_gui_vendor:/opt/ros/jazzy/opt/gz_transport_vendor:/opt/ros/jazzy/opt/gz_rendering_vendor:/opt/ros/jazzy/opt/gz_plugin_vendor:/opt/ros/jazzy/opt/gz_fuel_tools_vendor:/opt/ros/jazzy/opt/gz_msgs_vendor:/opt/ros/jazzy/opt/gz_common_vendor:/opt/ros/jazzy/opt/gz_math_vendor:/opt/ros/jazzy/opt/gz_utils_vendor:/opt/ros/jazzy/opt/gz_tools_vendor:/opt/ros/jazzy/opt/gz_ogre_next_vendor:/opt/ros/jazzy/opt/gz_dartsim_vendor:/opt/ros/jazzy/opt/gz_cmake_vendor:/opt/ros/jazzy DEBUGINFOD_URLS=https://debuginfod.ubuntu.com LD_LIBRARY_PATH=/home/sang/ros2_ws/install/ros2_control_demo_example_5/lib:/home/sang/ros2_ws/install/ros2_control_demo_example_1/lib:${LD_LIBRARY_PATH} /usr/bin/cmake --install /home/sang/ros2_ws/build/ros2_control_demo_example_15
