[0.080s] Invoking command in '/home/sang/ros2_ws/build/ros2_control_demo_example_8': AMENT_PREFIX_PATH=/home/sang/ros2_ws/install/ros2_control_demo_description:${AMENT_PREFIX_PATH} CMAKE_PREFIX_PATH=/home/sang/ros2_ws/install/ros2_control_demo_description:/opt/ros/jazzy/opt/gz_sim_vendor:/opt/ros/jazzy/opt/gz_sensors_vendor:/opt/ros/jazzy/opt/gz_physics_vendor:/opt/ros/jazzy/opt/sdformat_vendor:/opt/ros/jazzy/opt/gz_gui_vendor:/opt/ros/jazzy/opt/gz_transport_vendor:/opt/ros/jazzy/opt/gz_rendering_vendor:/opt/ros/jazzy/opt/gz_plugin_vendor:/opt/ros/jazzy/opt/gz_fuel_tools_vendor:/opt/ros/jazzy/opt/gz_msgs_vendor:/opt/ros/jazzy/opt/gz_common_vendor:/opt/ros/jazzy/opt/gz_math_vendor:/opt/ros/jazzy/opt/gz_utils_vendor:/opt/ros/jazzy/opt/gz_tools_vendor:/opt/ros/jazzy/opt/gz_ogre_next_vendor:/opt/ros/jazzy/opt/gz_dartsim_vendor:/opt/ros/jazzy/opt/gz_cmake_vendor:/opt/ros/jazzy DEBUGINFOD_URLS=https://debuginfod.ubuntu.com /usr/bin/cmake --build /home/sang/ros2_ws/build/ros2_control_demo_example_8 -- -j2 -l2
[0.744s] [100%] Built target ros2_control_demo_example_8
[0.787s] Invoked command in '/home/sang/ros2_ws/build/ros2_control_demo_example_8' returned '0': AMENT_PREFIX_PATH=/home/sang/ros2_ws/install/ros2_control_demo_description:${AMENT_PREFIX_PATH} CMAKE_PREFIX_PATH=/home/sang/ros2_ws/install/ros2_control_demo_description:/opt/ros/jazzy/opt/gz_sim_vendor:/opt/ros/jazzy/opt/gz_sensors_vendor:/opt/ros/jazzy/opt/gz_physics_vendor:/opt/ros/jazzy/opt/sdformat_vendor:/opt/ros/jazzy/opt/gz_gui_vendor:/opt/ros/jazzy/opt/gz_transport_vendor:/opt/ros/jazzy/opt/gz_rendering_vendor:/opt/ros/jazzy/opt/gz_plugin_vendor:/opt/ros/jazzy/opt/gz_fuel_tools_vendor:/opt/ros/jazzy/opt/gz_msgs_vendor:/opt/ros/jazzy/opt/gz_common_vendor:/opt/ros/jazzy/opt/gz_math_vendor:/opt/ros/jazzy/opt/gz_utils_vendor:/opt/ros/jazzy/opt/gz_tools_vendor:/opt/ros/jazzy/opt/gz_ogre_next_vendor:/opt/ros/jazzy/opt/gz_dartsim_vendor:/opt/ros/jazzy/opt/gz_cmake_vendor:/opt/ros/jazzy DEBUGINFOD_URLS=https://debuginfod.ubuntu.com /usr/bin/cmake --build /home/sang/ros2_ws/build/ros2_control_demo_example_8 -- -j2 -l2
[0.794s] Invoking command in '/home/sang/ros2_ws/build/ros2_control_demo_example_8': AMENT_PREFIX_PATH=/home/sang/ros2_ws/install/ros2_control_demo_description:${AMENT_PREFIX_PATH} CMAKE_PREFIX_PATH=/home/sang/ros2_ws/install/ros2_control_demo_description:/opt/ros/jazzy/opt/gz_sim_vendor:/opt/ros/jazzy/opt/gz_sensors_vendor:/opt/ros/jazzy/opt/gz_physics_vendor:/opt/ros/jazzy/opt/sdformat_vendor:/opt/ros/jazzy/opt/gz_gui_vendor:/opt/ros/jazzy/opt/gz_transport_vendor:/opt/ros/jazzy/opt/gz_rendering_vendor:/opt/ros/jazzy/opt/gz_plugin_vendor:/opt/ros/jazzy/opt/gz_fuel_tools_vendor:/opt/ros/jazzy/opt/gz_msgs_vendor:/opt/ros/jazzy/opt/gz_common_vendor:/opt/ros/jazzy/opt/gz_math_vendor:/opt/ros/jazzy/opt/gz_utils_vendor:/opt/ros/jazzy/opt/gz_tools_vendor:/opt/ros/jazzy/opt/gz_ogre_next_vendor:/opt/ros/jazzy/opt/gz_dartsim_vendor:/opt/ros/jazzy/opt/gz_cmake_vendor:/opt/ros/jazzy DEBUGINFOD_URLS=https://debuginfod.ubuntu.com /usr/bin/cmake --install /home/sang/ros2_ws/build/ros2_control_demo_example_8
[0.841s] -- Install configuration: ""
[0.846s] -- Execute custom install script
[0.850s] -- Up-to-date symlink: /home/sang/ros2_ws/install/ros2_control_demo_example_8/share/ros2_control_demo_example_8//ros2_control_demo_example_8.xml
[0.857s] -- Up-to-date symlink: /home/sang/ros2_ws/install/ros2_control_demo_example_8/include/ros2_control_demo_example_8/ros2_control_demo_example_8/rrbot_transmissions_system_position_only.hpp
[0.864s] -- Up-to-date symlink: /home/sang/ros2_ws/install/ros2_control_demo_example_8/share/ros2_control_demo_example_8/launch/view_robot.launch.py
[0.866s] -- Up-to-date symlink: /home/sang/ros2_ws/install/ros2_control_demo_example_8/share/ros2_control_demo_example_8/ros2_control/rrbot_transmissions_system_position_only.ros2_control.xacro
[0.872s] -- Up-to-date symlink: /home/sang/ros2_ws/install/ros2_control_demo_example_8/share/ros2_control_demo_example_8/urdf/rrbot_transmissions_system_position_only.urdf.xacro
[0.877s] -- Up-to-date symlink: /home/sang/ros2_ws/install/ros2_control_demo_example_8/share/ros2_control_demo_example_8/launch/rrbot_transmissions_system_position_only.launch.py
[0.879s] -- Up-to-date symlink: /home/sang/ros2_ws/install/ros2_control_demo_example_8/share/ros2_control_demo_example_8/launch/test_forward_position_controller.launch.py
[0.886s] -- Up-to-date symlink: /home/sang/ros2_ws/install/ros2_control_demo_example_8/share/ros2_control_demo_example_8/config/rrbot_controllers.yaml
[0.889s] -- Up-to-date symlink: /home/sang/ros2_ws/install/ros2_control_demo_example_8/share/ros2_control_demo_example_8/config/rrbot_forward_position_publisher.yaml
[0.893s] -- Up-to-date symlink: /home/sang/ros2_ws/install/ros2_control_demo_example_8/share/ros2_control_demo_example_8/environment/library_path.sh
[0.895s] -- Up-to-date symlink: /home/sang/ros2_ws/install/ros2_control_demo_example_8/share/ros2_control_demo_example_8/environment/library_path.dsv
[0.900s] -- Up-to-date symlink: /home/sang/ros2_ws/install/ros2_control_demo_example_8/share/ament_index/resource_index/package_run_dependencies/ros2_control_demo_example_8
[0.903s] -- Up-to-date symlink: /home/sang/ros2_ws/install/ros2_control_demo_example_8/share/ament_index/resource_index/parent_prefix_path/ros2_control_demo_example_8
[0.906s] -- Up-to-date symlink: /home/sang/ros2_ws/install/ros2_control_demo_example_8/share/ros2_control_demo_example_8/environment/ament_prefix_path.sh
[0.907s] -- Up-to-date symlink: /home/sang/ros2_ws/install/ros2_control_demo_example_8/share/ros2_control_demo_example_8/environment/ament_prefix_path.dsv
[0.910s] -- Up-to-date symlink: /home/sang/ros2_ws/install/ros2_control_demo_example_8/share/ros2_control_demo_example_8/environment/path.sh
[0.912s] -- Up-to-date symlink: /home/sang/ros2_ws/install/ros2_control_demo_example_8/share/ros2_control_demo_example_8/environment/path.dsv
[0.914s] -- Up-to-date symlink: /home/sang/ros2_ws/install/ros2_control_demo_example_8/share/ros2_control_demo_example_8/local_setup.bash
[0.916s] -- Up-to-date symlink: /home/sang/ros2_ws/install/ros2_control_demo_example_8/share/ros2_control_demo_example_8/local_setup.sh
[0.918s] -- Up-to-date symlink: /home/sang/ros2_ws/install/ros2_control_demo_example_8/share/ros2_control_demo_example_8/local_setup.zsh
[0.920s] -- Up-to-date symlink: /home/sang/ros2_ws/install/ros2_control_demo_example_8/share/ros2_control_demo_example_8/local_setup.dsv
[0.922s] -- Symlinking: /home/sang/ros2_ws/install/ros2_control_demo_example_8/share/ros2_control_demo_example_8/package.dsv
[0.969s] -- Up-to-date symlink: /home/sang/ros2_ws/install/ros2_control_demo_example_8/share/ament_index/resource_index/packages/ros2_control_demo_example_8
[0.978s] -- Up-to-date symlink: /home/sang/ros2_ws/install/ros2_control_demo_example_8/share/ament_index/resource_index/hardware_interface__pluginlib__plugin/ros2_control_demo_example_8
[0.981s] -- Up-to-date symlink: /home/sang/ros2_ws/install/ros2_control_demo_example_8/share/ros2_control_demo_example_8/cmake/ament_cmake_export_targets-extras.cmake
[0.981s] -- Up-to-date symlink: /home/sang/ros2_ws/install/ros2_control_demo_example_8/share/ros2_control_demo_example_8/cmake/ament_cmake_export_dependencies-extras.cmake
[0.988s] -- Up-to-date symlink: /home/sang/ros2_ws/install/ros2_control_demo_example_8/share/ros2_control_demo_example_8/cmake/ros2_control_demo_example_8Config.cmake
[0.988s] -- Up-to-date symlink: /home/sang/ros2_ws/install/ros2_control_demo_example_8/share/ros2_control_demo_example_8/cmake/ros2_control_demo_example_8Config-version.cmake
[0.993s] -- Up-to-date symlink: /home/sang/ros2_ws/install/ros2_control_demo_example_8/share/ros2_control_demo_example_8/package.xml
[0.999s] -- Up-to-date: /home/sang/ros2_ws/install/ros2_control_demo_example_8/lib/libros2_control_demo_example_8.so
[1.011s] -- Up-to-date: /home/sang/ros2_ws/install/ros2_control_demo_example_8/share/ros2_control_demo_example_8/cmake/export_ros2_control_demo_example_8Export.cmake
[1.011s] -- Up-to-date: /home/sang/ros2_ws/install/ros2_control_demo_example_8/share/ros2_control_demo_example_8/cmake/export_ros2_control_demo_example_8Export-noconfig.cmake
[1.037s] Invoked command in '/home/sang/ros2_ws/build/ros2_control_demo_example_8' returned '0': AMENT_PREFIX_PATH=/home/sang/ros2_ws/install/ros2_control_demo_description:${AMENT_PREFIX_PATH} CMAKE_PREFIX_PATH=/home/sang/ros2_ws/install/ros2_control_demo_description:/opt/ros/jazzy/opt/gz_sim_vendor:/opt/ros/jazzy/opt/gz_sensors_vendor:/opt/ros/jazzy/opt/gz_physics_vendor:/opt/ros/jazzy/opt/sdformat_vendor:/opt/ros/jazzy/opt/gz_gui_vendor:/opt/ros/jazzy/opt/gz_transport_vendor:/opt/ros/jazzy/opt/gz_rendering_vendor:/opt/ros/jazzy/opt/gz_plugin_vendor:/opt/ros/jazzy/opt/gz_fuel_tools_vendor:/opt/ros/jazzy/opt/gz_msgs_vendor:/opt/ros/jazzy/opt/gz_common_vendor:/opt/ros/jazzy/opt/gz_math_vendor:/opt/ros/jazzy/opt/gz_utils_vendor:/opt/ros/jazzy/opt/gz_tools_vendor:/opt/ros/jazzy/opt/gz_ogre_next_vendor:/opt/ros/jazzy/opt/gz_dartsim_vendor:/opt/ros/jazzy/opt/gz_cmake_vendor:/opt/ros/jazzy DEBUGINFOD_URLS=https://debuginfod.ubuntu.com /usr/bin/cmake --install /home/sang/ros2_ws/build/ros2_control_demo_example_8
