[0.061s] Invoking command in '/home/sang/ros2_ws/build/ros2_control_demo_example_12': CMAKE_PREFIX_PATH=/home/sang/ros2_ws/install/ros2_control_demo_description:/home/sang/ros2_ws/install/ros2_control_demos:/home/sang/ros2_ws/install/ros2_control_demo_example_9:/home/sang/ros2_ws/install/ros2_control_demo_example_8:/home/sang/ros2_ws/install/ros2_control_demo_example_7:/home/sang/ros2_ws/install/ros2_control_demo_example_6:/home/sang/ros2_ws/install/ros2_control_demo_example_15:/home/sang/ros2_ws/install/ros2_control_demo_example_13:/home/sang/ros2_ws/install/ros2_control_demo_example_5:/home/sang/ros2_ws/install/ros2_control_demo_example_4:/home/sang/ros2_ws/install/ros2_control_demo_example_3:/home/sang/ros2_ws/install/ros2_control_demo_example_2:/home/sang/ros2_ws/install/ros2_control_demo_example_16:/home/sang/ros2_ws/install/ros2_control_demo_example_14:/home/sang/ros2_ws/install/ros2_control_demo_example_12:/home/sang/ros2_ws/install/ros2_control_demo_example_11:/home/sang/ros2_ws/install/ros2_control_demo_example_10:/home/sang/ros2_ws/install/ros2_control_demo_example_1:/opt/ros/jazzy/opt/gz_sim_vendor:/opt/ros/jazzy/opt/gz_sensors_vendor:/opt/ros/jazzy/opt/gz_physics_vendor:/opt/ros/jazzy/opt/sdformat_vendor:/opt/ros/jazzy/opt/gz_gui_vendor:/opt/ros/jazzy/opt/gz_transport_vendor:/opt/ros/jazzy/opt/gz_rendering_vendor:/opt/ros/jazzy/opt/gz_plugin_vendor:/opt/ros/jazzy/opt/gz_fuel_tools_vendor:/opt/ros/jazzy/opt/gz_msgs_vendor:/opt/ros/jazzy/opt/gz_common_vendor:/opt/ros/jazzy/opt/gz_math_vendor:/opt/ros/jazzy/opt/gz_utils_vendor:/opt/ros/jazzy/opt/gz_tools_vendor:/opt/ros/jazzy/opt/gz_ogre_next_vendor:/opt/ros/jazzy/opt/gz_dartsim_vendor:/opt/ros/jazzy/opt/gz_cmake_vendor:/opt/ros/jazzy DEBUGINFOD_URLS=https://debuginfod.ubuntu.com /usr/bin/cmake /home/sang/ros2_ws/src/ros2_control_demos/example_12 -DCMAKE_INSTALL_PREFIX=/home/sang/ros2_ws/install/ros2_control_demo_example_12
[0.134s] -- Found ros2_control_cmake: 0.1.1 (/opt/ros/jazzy/share/ros2_control_cmake/cmake)
[0.136s] -- Compiler warnings enabled for GNU
[0.137s] -- Detected GCC Version: 13.3.0 (Major: 13, Minor: 3)
[0.138s] -- Found controller_manager: 4.27.0 (/opt/ros/jazzy/share/controller_manager/cmake)
[0.804s] -- Override CMake install command with custom implementation using symlinks instead of copying resources
[0.929s] -- Found rosidl_generator_c: 4.6.5 (/opt/ros/jazzy/share/rosidl_generator_c/cmake)
[0.959s] -- Found rosidl_generator_cpp: 4.6.5 (/opt/ros/jazzy/share/rosidl_generator_cpp/cmake)
[1.003s] -- Using all available rosidl_typesupport_c: rosidl_typesupport_fastrtps_c;rosidl_typesupport_introspection_c
[1.045s] -- Using all available rosidl_typesupport_cpp: rosidl_typesupport_fastrtps_cpp;rosidl_typesupport_introspection_cpp
[1.222s] -- Found rmw_implementation_cmake: 7.3.2 (/opt/ros/jazzy/share/rmw_implementation_cmake/cmake)
[1.229s] -- Found rmw_fastrtps_cpp: 8.4.2 (/opt/ros/jazzy/share/rmw_fastrtps_cpp/cmake)
[1.431s] -- Using RMW implementation 'rmw_fastrtps_cpp' as default
[2.388s] -- Found ament_cmake_pytest: 2.5.3 (/opt/ros/jazzy/share/ament_cmake_pytest/cmake)
[5.944s] -- Configuring done (5.8s)
[6.212s] -- Generating done (0.2s)
[6.234s] -- Build files have been written to: /home/sang/ros2_ws/build/ros2_control_demo_example_12
[6.276s] Invoked command in '/home/sang/ros2_ws/build/ros2_control_demo_example_12' returned '0': CMAKE_PREFIX_PATH=/home/sang/ros2_ws/install/ros2_control_demo_description:/home/sang/ros2_ws/install/ros2_control_demos:/home/sang/ros2_ws/install/ros2_control_demo_example_9:/home/sang/ros2_ws/install/ros2_control_demo_example_8:/home/sang/ros2_ws/install/ros2_control_demo_example_7:/home/sang/ros2_ws/install/ros2_control_demo_example_6:/home/sang/ros2_ws/install/ros2_control_demo_example_15:/home/sang/ros2_ws/install/ros2_control_demo_example_13:/home/sang/ros2_ws/install/ros2_control_demo_example_5:/home/sang/ros2_ws/install/ros2_control_demo_example_4:/home/sang/ros2_ws/install/ros2_control_demo_example_3:/home/sang/ros2_ws/install/ros2_control_demo_example_2:/home/sang/ros2_ws/install/ros2_control_demo_example_16:/home/sang/ros2_ws/install/ros2_control_demo_example_14:/home/sang/ros2_ws/install/ros2_control_demo_example_12:/home/sang/ros2_ws/install/ros2_control_demo_example_11:/home/sang/ros2_ws/install/ros2_control_demo_example_10:/home/sang/ros2_ws/install/ros2_control_demo_example_1:/opt/ros/jazzy/opt/gz_sim_vendor:/opt/ros/jazzy/opt/gz_sensors_vendor:/opt/ros/jazzy/opt/gz_physics_vendor:/opt/ros/jazzy/opt/sdformat_vendor:/opt/ros/jazzy/opt/gz_gui_vendor:/opt/ros/jazzy/opt/gz_transport_vendor:/opt/ros/jazzy/opt/gz_rendering_vendor:/opt/ros/jazzy/opt/gz_plugin_vendor:/opt/ros/jazzy/opt/gz_fuel_tools_vendor:/opt/ros/jazzy/opt/gz_msgs_vendor:/opt/ros/jazzy/opt/gz_common_vendor:/opt/ros/jazzy/opt/gz_math_vendor:/opt/ros/jazzy/opt/gz_utils_vendor:/opt/ros/jazzy/opt/gz_tools_vendor:/opt/ros/jazzy/opt/gz_ogre_next_vendor:/opt/ros/jazzy/opt/gz_dartsim_vendor:/opt/ros/jazzy/opt/gz_cmake_vendor:/opt/ros/jazzy DEBUGINFOD_URLS=https://debuginfod.ubuntu.com /usr/bin/cmake /home/sang/ros2_ws/src/ros2_control_demos/example_12 -DCMAKE_INSTALL_PREFIX=/home/sang/ros2_ws/install/ros2_control_demo_example_12
[6.279s] Invoking command in '/home/sang/ros2_ws/build/ros2_control_demo_example_12': CMAKE_PREFIX_PATH=/home/sang/ros2_ws/install/ros2_control_demo_description:/home/sang/ros2_ws/install/ros2_control_demos:/home/sang/ros2_ws/install/ros2_control_demo_example_9:/home/sang/ros2_ws/install/ros2_control_demo_example_8:/home/sang/ros2_ws/install/ros2_control_demo_example_7:/home/sang/ros2_ws/install/ros2_control_demo_example_6:/home/sang/ros2_ws/install/ros2_control_demo_example_15:/home/sang/ros2_ws/install/ros2_control_demo_example_13:/home/sang/ros2_ws/install/ros2_control_demo_example_5:/home/sang/ros2_ws/install/ros2_control_demo_example_4:/home/sang/ros2_ws/install/ros2_control_demo_example_3:/home/sang/ros2_ws/install/ros2_control_demo_example_2:/home/sang/ros2_ws/install/ros2_control_demo_example_16:/home/sang/ros2_ws/install/ros2_control_demo_example_14:/home/sang/ros2_ws/install/ros2_control_demo_example_12:/home/sang/ros2_ws/install/ros2_control_demo_example_11:/home/sang/ros2_ws/install/ros2_control_demo_example_10:/home/sang/ros2_ws/install/ros2_control_demo_example_1:/opt/ros/jazzy/opt/gz_sim_vendor:/opt/ros/jazzy/opt/gz_sensors_vendor:/opt/ros/jazzy/opt/gz_physics_vendor:/opt/ros/jazzy/opt/sdformat_vendor:/opt/ros/jazzy/opt/gz_gui_vendor:/opt/ros/jazzy/opt/gz_transport_vendor:/opt/ros/jazzy/opt/gz_rendering_vendor:/opt/ros/jazzy/opt/gz_plugin_vendor:/opt/ros/jazzy/opt/gz_fuel_tools_vendor:/opt/ros/jazzy/opt/gz_msgs_vendor:/opt/ros/jazzy/opt/gz_common_vendor:/opt/ros/jazzy/opt/gz_math_vendor:/opt/ros/jazzy/opt/gz_utils_vendor:/opt/ros/jazzy/opt/gz_tools_vendor:/opt/ros/jazzy/opt/gz_ogre_next_vendor:/opt/ros/jazzy/opt/gz_dartsim_vendor:/opt/ros/jazzy/opt/gz_cmake_vendor:/opt/ros/jazzy DEBUGINFOD_URLS=https://debuginfod.ubuntu.com /usr/bin/cmake --build /home/sang/ros2_ws/build/ros2_control_demo_example_12 -- -j2 -l2
[6.742s] [ 33%] Built target passthrough_controller_parameters
[6.755s] [ 66%] Built target ros2_control_demo_example_12
[6.942s] [100%] Built target passthrough_controller
[7.007s] Invoked command in '/home/sang/ros2_ws/build/ros2_control_demo_example_12' returned '0': CMAKE_PREFIX_PATH=/home/sang/ros2_ws/install/ros2_control_demo_description:/home/sang/ros2_ws/install/ros2_control_demos:/home/sang/ros2_ws/install/ros2_control_demo_example_9:/home/sang/ros2_ws/install/ros2_control_demo_example_8:/home/sang/ros2_ws/install/ros2_control_demo_example_7:/home/sang/ros2_ws/install/ros2_control_demo_example_6:/home/sang/ros2_ws/install/ros2_control_demo_example_15:/home/sang/ros2_ws/install/ros2_control_demo_example_13:/home/sang/ros2_ws/install/ros2_control_demo_example_5:/home/sang/ros2_ws/install/ros2_control_demo_example_4:/home/sang/ros2_ws/install/ros2_control_demo_example_3:/home/sang/ros2_ws/install/ros2_control_demo_example_2:/home/sang/ros2_ws/install/ros2_control_demo_example_16:/home/sang/ros2_ws/install/ros2_control_demo_example_14:/home/sang/ros2_ws/install/ros2_control_demo_example_12:/home/sang/ros2_ws/install/ros2_control_demo_example_11:/home/sang/ros2_ws/install/ros2_control_demo_example_10:/home/sang/ros2_ws/install/ros2_control_demo_example_1:/opt/ros/jazzy/opt/gz_sim_vendor:/opt/ros/jazzy/opt/gz_sensors_vendor:/opt/ros/jazzy/opt/gz_physics_vendor:/opt/ros/jazzy/opt/sdformat_vendor:/opt/ros/jazzy/opt/gz_gui_vendor:/opt/ros/jazzy/opt/gz_transport_vendor:/opt/ros/jazzy/opt/gz_rendering_vendor:/opt/ros/jazzy/opt/gz_plugin_vendor:/opt/ros/jazzy/opt/gz_fuel_tools_vendor:/opt/ros/jazzy/opt/gz_msgs_vendor:/opt/ros/jazzy/opt/gz_common_vendor:/opt/ros/jazzy/opt/gz_math_vendor:/opt/ros/jazzy/opt/gz_utils_vendor:/opt/ros/jazzy/opt/gz_tools_vendor:/opt/ros/jazzy/opt/gz_ogre_next_vendor:/opt/ros/jazzy/opt/gz_dartsim_vendor:/opt/ros/jazzy/opt/gz_cmake_vendor:/opt/ros/jazzy DEBUGINFOD_URLS=https://debuginfod.ubuntu.com /usr/bin/cmake --build /home/sang/ros2_ws/build/ros2_control_demo_example_12 -- -j2 -l2
[7.009s] Invoking command in '/home/sang/ros2_ws/build/ros2_control_demo_example_12': CMAKE_PREFIX_PATH=/home/sang/ros2_ws/install/ros2_control_demo_description:/home/sang/ros2_ws/install/ros2_control_demos:/home/sang/ros2_ws/install/ros2_control_demo_example_9:/home/sang/ros2_ws/install/ros2_control_demo_example_8:/home/sang/ros2_ws/install/ros2_control_demo_example_7:/home/sang/ros2_ws/install/ros2_control_demo_example_6:/home/sang/ros2_ws/install/ros2_control_demo_example_15:/home/sang/ros2_ws/install/ros2_control_demo_example_13:/home/sang/ros2_ws/install/ros2_control_demo_example_5:/home/sang/ros2_ws/install/ros2_control_demo_example_4:/home/sang/ros2_ws/install/ros2_control_demo_example_3:/home/sang/ros2_ws/install/ros2_control_demo_example_2:/home/sang/ros2_ws/install/ros2_control_demo_example_16:/home/sang/ros2_ws/install/ros2_control_demo_example_14:/home/sang/ros2_ws/install/ros2_control_demo_example_12:/home/sang/ros2_ws/install/ros2_control_demo_example_11:/home/sang/ros2_ws/install/ros2_control_demo_example_10:/home/sang/ros2_ws/install/ros2_control_demo_example_1:/opt/ros/jazzy/opt/gz_sim_vendor:/opt/ros/jazzy/opt/gz_sensors_vendor:/opt/ros/jazzy/opt/gz_physics_vendor:/opt/ros/jazzy/opt/sdformat_vendor:/opt/ros/jazzy/opt/gz_gui_vendor:/opt/ros/jazzy/opt/gz_transport_vendor:/opt/ros/jazzy/opt/gz_rendering_vendor:/opt/ros/jazzy/opt/gz_plugin_vendor:/opt/ros/jazzy/opt/gz_fuel_tools_vendor:/opt/ros/jazzy/opt/gz_msgs_vendor:/opt/ros/jazzy/opt/gz_common_vendor:/opt/ros/jazzy/opt/gz_math_vendor:/opt/ros/jazzy/opt/gz_utils_vendor:/opt/ros/jazzy/opt/gz_tools_vendor:/opt/ros/jazzy/opt/gz_ogre_next_vendor:/opt/ros/jazzy/opt/gz_dartsim_vendor:/opt/ros/jazzy/opt/gz_cmake_vendor:/opt/ros/jazzy DEBUGINFOD_URLS=https://debuginfod.ubuntu.com /usr/bin/cmake --install /home/sang/ros2_ws/build/ros2_control_demo_example_12
[7.064s] -- Install configuration: ""
[7.066s] -- Execute custom install script
[7.067s] -- Up-to-date symlink: /home/sang/ros2_ws/install/ros2_control_demo_example_12/share/ros2_control_demo_example_12//ros2_control_demo_example_12.xml
[7.077s] -- Up-to-date symlink: /home/sang/ros2_ws/install/ros2_control_demo_example_12/include/ros2_control_demo_example_12/passthrough_controller_parameters.hpp
[7.077s] -- Up-to-date symlink: /home/sang/ros2_ws/install/ros2_control_demo_example_12/share/ros2_control_demo_example_12//passthrough_controller.xml
[7.081s] -- Up-to-date symlink: /home/sang/ros2_ws/install/ros2_control_demo_example_12/include/ros2_control_demo_example_12/ros2_control_demo_example_12/rrbot.hpp
[7.087s] -- Up-to-date symlink: /home/sang/ros2_ws/install/ros2_control_demo_example_12/share/ros2_control_demo_example_12/launch/view_robot.launch.py
[7.090s] -- Up-to-date symlink: /home/sang/ros2_ws/install/ros2_control_demo_example_12/share/ros2_control_demo_example_12/ros2_control/rrbot.ros2_control.xacro
[7.095s] -- Up-to-date symlink: /home/sang/ros2_ws/install/ros2_control_demo_example_12/share/ros2_control_demo_example_12/urdf/rrbot.urdf.xacro
[7.099s] -- Up-to-date symlink: /home/sang/ros2_ws/install/ros2_control_demo_example_12/share/ros2_control_demo_example_12/launch/launch_chained_controllers.launch.py
[7.101s] -- Up-to-date symlink: /home/sang/ros2_ws/install/ros2_control_demo_example_12/share/ros2_control_demo_example_12/launch/rrbot.launch.py
[7.104s] -- Up-to-date symlink: /home/sang/ros2_ws/install/ros2_control_demo_example_12/share/ros2_control_demo_example_12/config/rrbot_chained_controllers.yaml
[7.109s] -- Up-to-date symlink: /home/sang/ros2_ws/install/ros2_control_demo_example_12/include/passthrough_controller/passthrough_controller/passthrough_controller.hpp
[7.111s] -- Up-to-date symlink: /home/sang/ros2_ws/install/ros2_control_demo_example_12/share/ros2_control_demo_example_12/environment/library_path.sh
[7.113s] -- Up-to-date symlink: /home/sang/ros2_ws/install/ros2_control_demo_example_12/share/ros2_control_demo_example_12/environment/library_path.dsv
[7.115s] -- Up-to-date symlink: /home/sang/ros2_ws/install/ros2_control_demo_example_12/share/ament_index/resource_index/package_run_dependencies/ros2_control_demo_example_12
[7.119s] -- Up-to-date symlink: /home/sang/ros2_ws/install/ros2_control_demo_example_12/share/ament_index/resource_index/parent_prefix_path/ros2_control_demo_example_12
[7.122s] -- Up-to-date symlink: /home/sang/ros2_ws/install/ros2_control_demo_example_12/share/ros2_control_demo_example_12/environment/ament_prefix_path.sh
[7.124s] -- Up-to-date symlink: /home/sang/ros2_ws/install/ros2_control_demo_example_12/share/ros2_control_demo_example_12/environment/ament_prefix_path.dsv
[7.127s] -- Up-to-date symlink: /home/sang/ros2_ws/install/ros2_control_demo_example_12/share/ros2_control_demo_example_12/environment/path.sh
[7.128s] -- Up-to-date symlink: /home/sang/ros2_ws/install/ros2_control_demo_example_12/share/ros2_control_demo_example_12/environment/path.dsv
[7.134s] -- Up-to-date symlink: /home/sang/ros2_ws/install/ros2_control_demo_example_12/share/ros2_control_demo_example_12/local_setup.bash
[7.135s] -- Up-to-date symlink: /home/sang/ros2_ws/install/ros2_control_demo_example_12/share/ros2_control_demo_example_12/local_setup.sh
[7.138s] -- Up-to-date symlink: /home/sang/ros2_ws/install/ros2_control_demo_example_12/share/ros2_control_demo_example_12/local_setup.zsh
[7.139s] -- Up-to-date symlink: /home/sang/ros2_ws/install/ros2_control_demo_example_12/share/ros2_control_demo_example_12/local_setup.dsv
[7.141s] -- Symlinking: /home/sang/ros2_ws/install/ros2_control_demo_example_12/share/ros2_control_demo_example_12/package.dsv
[7.203s] -- Up-to-date symlink: /home/sang/ros2_ws/install/ros2_control_demo_example_12/share/ament_index/resource_index/packages/ros2_control_demo_example_12
[7.204s] -- Up-to-date symlink: /home/sang/ros2_ws/install/ros2_control_demo_example_12/share/ament_index/resource_index/hardware_interface__pluginlib__plugin/ros2_control_demo_example_12
[7.204s] -- Up-to-date symlink: /home/sang/ros2_ws/install/ros2_control_demo_example_12/share/ament_index/resource_index/controller_interface__pluginlib__plugin/ros2_control_demo_example_12
[7.208s] -- Up-to-date symlink: /home/sang/ros2_ws/install/ros2_control_demo_example_12/share/ros2_control_demo_example_12/cmake/ament_cmake_export_dependencies-extras.cmake
[7.209s] -- Up-to-date symlink: /home/sang/ros2_ws/install/ros2_control_demo_example_12/share/ros2_control_demo_example_12/cmake/ament_cmake_export_targets-extras.cmake
[7.215s] -- Up-to-date symlink: /home/sang/ros2_ws/install/ros2_control_demo_example_12/share/ros2_control_demo_example_12/cmake/ros2_control_demo_example_12Config.cmake
[7.215s] -- Up-to-date symlink: /home/sang/ros2_ws/install/ros2_control_demo_example_12/share/ros2_control_demo_example_12/cmake/ros2_control_demo_example_12Config-version.cmake
[7.216s] -- Up-to-date symlink: /home/sang/ros2_ws/install/ros2_control_demo_example_12/share/ros2_control_demo_example_12/package.xml
[7.222s] -- Up-to-date: /home/sang/ros2_ws/install/ros2_control_demo_example_12/lib/libros2_control_demo_example_12.so
[7.227s] -- Up-to-date: /home/sang/ros2_ws/install/ros2_control_demo_example_12/lib/libpassthrough_controller.so
[7.232s] -- Up-to-date: /home/sang/ros2_ws/install/ros2_control_demo_example_12/share/ros2_control_demo_example_12/cmake/export_passthrough_controllerExport.cmake
[7.235s] -- Up-to-date: /home/sang/ros2_ws/install/ros2_control_demo_example_12/share/ros2_control_demo_example_12/cmake/export_passthrough_controllerExport-noconfig.cmake
[7.236s] -- Up-to-date: /home/sang/ros2_ws/install/ros2_control_demo_example_12/share/ros2_control_demo_example_12/cmake/export_ros2_control_demo_example_12Export.cmake
[7.236s] -- Up-to-date: /home/sang/ros2_ws/install/ros2_control_demo_example_12/share/ros2_control_demo_example_12/cmake/export_ros2_control_demo_example_12Export-noconfig.cmake
[7.243s] Invoked command in '/home/sang/ros2_ws/build/ros2_control_demo_example_12' returned '0': CMAKE_PREFIX_PATH=/home/sang/ros2_ws/install/ros2_control_demo_description:/home/sang/ros2_ws/install/ros2_control_demos:/home/sang/ros2_ws/install/ros2_control_demo_example_9:/home/sang/ros2_ws/install/ros2_control_demo_example_8:/home/sang/ros2_ws/install/ros2_control_demo_example_7:/home/sang/ros2_ws/install/ros2_control_demo_example_6:/home/sang/ros2_ws/install/ros2_control_demo_example_15:/home/sang/ros2_ws/install/ros2_control_demo_example_13:/home/sang/ros2_ws/install/ros2_control_demo_example_5:/home/sang/ros2_ws/install/ros2_control_demo_example_4:/home/sang/ros2_ws/install/ros2_control_demo_example_3:/home/sang/ros2_ws/install/ros2_control_demo_example_2:/home/sang/ros2_ws/install/ros2_control_demo_example_16:/home/sang/ros2_ws/install/ros2_control_demo_example_14:/home/sang/ros2_ws/install/ros2_control_demo_example_12:/home/sang/ros2_ws/install/ros2_control_demo_example_11:/home/sang/ros2_ws/install/ros2_control_demo_example_10:/home/sang/ros2_ws/install/ros2_control_demo_example_1:/opt/ros/jazzy/opt/gz_sim_vendor:/opt/ros/jazzy/opt/gz_sensors_vendor:/opt/ros/jazzy/opt/gz_physics_vendor:/opt/ros/jazzy/opt/sdformat_vendor:/opt/ros/jazzy/opt/gz_gui_vendor:/opt/ros/jazzy/opt/gz_transport_vendor:/opt/ros/jazzy/opt/gz_rendering_vendor:/opt/ros/jazzy/opt/gz_plugin_vendor:/opt/ros/jazzy/opt/gz_fuel_tools_vendor:/opt/ros/jazzy/opt/gz_msgs_vendor:/opt/ros/jazzy/opt/gz_common_vendor:/opt/ros/jazzy/opt/gz_math_vendor:/opt/ros/jazzy/opt/gz_utils_vendor:/opt/ros/jazzy/opt/gz_tools_vendor:/opt/ros/jazzy/opt/gz_ogre_next_vendor:/opt/ros/jazzy/opt/gz_dartsim_vendor:/opt/ros/jazzy/opt/gz_cmake_vendor:/opt/ros/jazzy DEBUGINFOD_URLS=https://debuginfod.ubuntu.com /usr/bin/cmake --install /home/sang/ros2_ws/build/ros2_control_demo_example_12
