[0.037s] Invoking command in '/home/sang/ros2_ws/build/ros2_control_demo_example_16': AMENT_PREFIX_PATH=/home/sang/ros2_ws/install/ros2_control_demo_description:${AMENT_PREFIX_PATH} CMAKE_PREFIX_PATH=/home/sang/ros2_ws/install/ros2_control_demo_description:/opt/ros/jazzy/opt/gz_sim_vendor:/opt/ros/jazzy/opt/gz_sensors_vendor:/opt/ros/jazzy/opt/gz_physics_vendor:/opt/ros/jazzy/opt/sdformat_vendor:/opt/ros/jazzy/opt/gz_gui_vendor:/opt/ros/jazzy/opt/gz_transport_vendor:/opt/ros/jazzy/opt/gz_rendering_vendor:/opt/ros/jazzy/opt/gz_plugin_vendor:/opt/ros/jazzy/opt/gz_fuel_tools_vendor:/opt/ros/jazzy/opt/gz_msgs_vendor:/opt/ros/jazzy/opt/gz_common_vendor:/opt/ros/jazzy/opt/gz_math_vendor:/opt/ros/jazzy/opt/gz_utils_vendor:/opt/ros/jazzy/opt/gz_tools_vendor:/opt/ros/jazzy/opt/gz_ogre_next_vendor:/opt/ros/jazzy/opt/gz_dartsim_vendor:/opt/ros/jazzy/opt/gz_cmake_vendor:/opt/ros/jazzy DEBUGINFOD_URLS=https://debuginfod.ubuntu.com /usr/bin/cmake --build /home/sang/ros2_ws/build/ros2_control_demo_example_16 -- -j2 -l2
[0.333s] [100%] Built target ros2_control_demo_example_16
[0.383s] Invoked command in '/home/sang/ros2_ws/build/ros2_control_demo_example_16' returned '0': AMENT_PREFIX_PATH=/home/sang/ros2_ws/install/ros2_control_demo_description:${AMENT_PREFIX_PATH} CMAKE_PREFIX_PATH=/home/sang/ros2_ws/install/ros2_control_demo_description:/opt/ros/jazzy/opt/gz_sim_vendor:/opt/ros/jazzy/opt/gz_sensors_vendor:/opt/ros/jazzy/opt/gz_physics_vendor:/opt/ros/jazzy/opt/sdformat_vendor:/opt/ros/jazzy/opt/gz_gui_vendor:/opt/ros/jazzy/opt/gz_transport_vendor:/opt/ros/jazzy/opt/gz_rendering_vendor:/opt/ros/jazzy/opt/gz_plugin_vendor:/opt/ros/jazzy/opt/gz_fuel_tools_vendor:/opt/ros/jazzy/opt/gz_msgs_vendor:/opt/ros/jazzy/opt/gz_common_vendor:/opt/ros/jazzy/opt/gz_math_vendor:/opt/ros/jazzy/opt/gz_utils_vendor:/opt/ros/jazzy/opt/gz_tools_vendor:/opt/ros/jazzy/opt/gz_ogre_next_vendor:/opt/ros/jazzy/opt/gz_dartsim_vendor:/opt/ros/jazzy/opt/gz_cmake_vendor:/opt/ros/jazzy DEBUGINFOD_URLS=https://debuginfod.ubuntu.com /usr/bin/cmake --build /home/sang/ros2_ws/build/ros2_control_demo_example_16 -- -j2 -l2
[0.388s] Invoking command in '/home/sang/ros2_ws/build/ros2_control_demo_example_16': AMENT_PREFIX_PATH=/home/sang/ros2_ws/install/ros2_control_demo_description:${AMENT_PREFIX_PATH} CMAKE_PREFIX_PATH=/home/sang/ros2_ws/install/ros2_control_demo_description:/opt/ros/jazzy/opt/gz_sim_vendor:/opt/ros/jazzy/opt/gz_sensors_vendor:/opt/ros/jazzy/opt/gz_physics_vendor:/opt/ros/jazzy/opt/sdformat_vendor:/opt/ros/jazzy/opt/gz_gui_vendor:/opt/ros/jazzy/opt/gz_transport_vendor:/opt/ros/jazzy/opt/gz_rendering_vendor:/opt/ros/jazzy/opt/gz_plugin_vendor:/opt/ros/jazzy/opt/gz_fuel_tools_vendor:/opt/ros/jazzy/opt/gz_msgs_vendor:/opt/ros/jazzy/opt/gz_common_vendor:/opt/ros/jazzy/opt/gz_math_vendor:/opt/ros/jazzy/opt/gz_utils_vendor:/opt/ros/jazzy/opt/gz_tools_vendor:/opt/ros/jazzy/opt/gz_ogre_next_vendor:/opt/ros/jazzy/opt/gz_dartsim_vendor:/opt/ros/jazzy/opt/gz_cmake_vendor:/opt/ros/jazzy DEBUGINFOD_URLS=https://debuginfod.ubuntu.com /usr/bin/cmake --install /home/sang/ros2_ws/build/ros2_control_demo_example_16
[0.440s] -- Install configuration: ""
[0.442s] -- Execute custom install script
[0.445s] -- Up-to-date symlink: /home/sang/ros2_ws/install/ros2_control_demo_example_16/share/ros2_control_demo_example_16//ros2_control_demo_example_16.xml
[0.449s] -- Up-to-date symlink: /home/sang/ros2_ws/install/ros2_control_demo_example_16/include/ros2_control_demo_example_16/ros2_control_demo_example_16/diffbot_system.hpp
[0.453s] -- Up-to-date symlink: /home/sang/ros2_ws/install/ros2_control_demo_example_16/share/ros2_control_demo_example_16/launch/view_robot.launch.py
[0.455s] -- Up-to-date symlink: /home/sang/ros2_ws/install/ros2_control_demo_example_16/share/ros2_control_demo_example_16/ros2_control/diffbot.ros2_control.xacro
[0.458s] -- Up-to-date symlink: /home/sang/ros2_ws/install/ros2_control_demo_example_16/share/ros2_control_demo_example_16/urdf/diffbot.urdf.xacro
[0.459s] -- Up-to-date symlink: /home/sang/ros2_ws/install/ros2_control_demo_example_16/share/ros2_control_demo_example_16/launch/demo_test.launch.py
[0.461s] -- Up-to-date symlink: /home/sang/ros2_ws/install/ros2_control_demo_example_16/share/ros2_control_demo_example_16/launch/demo_test_helper.py
[0.463s] -- Up-to-date symlink: /home/sang/ros2_ws/install/ros2_control_demo_example_16/share/ros2_control_demo_example_16/launch/diffbot.launch.py
[0.464s] -- Up-to-date symlink: /home/sang/ros2_ws/install/ros2_control_demo_example_16/share/ros2_control_demo_example_16/config/diffbot_chained_controllers.yaml
[0.466s] -- Up-to-date symlink: /home/sang/ros2_ws/install/ros2_control_demo_example_16/share/ros2_control_demo_example_16/config/plotjuggler.xml
[0.468s] -- Up-to-date symlink: /home/sang/ros2_ws/install/ros2_control_demo_example_16/share/ros2_control_demo_example_16/environment/library_path.sh
[0.470s] -- Up-to-date symlink: /home/sang/ros2_ws/install/ros2_control_demo_example_16/share/ros2_control_demo_example_16/environment/library_path.dsv
[0.471s] -- Up-to-date symlink: /home/sang/ros2_ws/install/ros2_control_demo_example_16/share/ament_index/resource_index/package_run_dependencies/ros2_control_demo_example_16
[0.475s] -- Up-to-date symlink: /home/sang/ros2_ws/install/ros2_control_demo_example_16/share/ament_index/resource_index/parent_prefix_path/ros2_control_demo_example_16
[0.476s] -- Up-to-date symlink: /home/sang/ros2_ws/install/ros2_control_demo_example_16/share/ros2_control_demo_example_16/environment/ament_prefix_path.sh
[0.480s] -- Up-to-date symlink: /home/sang/ros2_ws/install/ros2_control_demo_example_16/share/ros2_control_demo_example_16/environment/ament_prefix_path.dsv
[0.480s] -- Up-to-date symlink: /home/sang/ros2_ws/install/ros2_control_demo_example_16/share/ros2_control_demo_example_16/environment/path.sh
[0.483s] -- Up-to-date symlink: /home/sang/ros2_ws/install/ros2_control_demo_example_16/share/ros2_control_demo_example_16/environment/path.dsv
[0.486s] -- Up-to-date symlink: /home/sang/ros2_ws/install/ros2_control_demo_example_16/share/ros2_control_demo_example_16/local_setup.bash
[0.486s] -- Up-to-date symlink: /home/sang/ros2_ws/install/ros2_control_demo_example_16/share/ros2_control_demo_example_16/local_setup.sh
[0.487s] -- Up-to-date symlink: /home/sang/ros2_ws/install/ros2_control_demo_example_16/share/ros2_control_demo_example_16/local_setup.zsh
[0.490s] -- Up-to-date symlink: /home/sang/ros2_ws/install/ros2_control_demo_example_16/share/ros2_control_demo_example_16/local_setup.dsv
[0.490s] -- Symlinking: /home/sang/ros2_ws/install/ros2_control_demo_example_16/share/ros2_control_demo_example_16/package.dsv
[0.546s] -- Up-to-date symlink: /home/sang/ros2_ws/install/ros2_control_demo_example_16/share/ament_index/resource_index/packages/ros2_control_demo_example_16
[0.549s] -- Up-to-date symlink: /home/sang/ros2_ws/install/ros2_control_demo_example_16/share/ament_index/resource_index/hardware_interface__pluginlib__plugin/ros2_control_demo_example_16
[0.551s] -- Up-to-date symlink: /home/sang/ros2_ws/install/ros2_control_demo_example_16/share/ros2_control_demo_example_16/cmake/ament_cmake_export_targets-extras.cmake
[0.552s] -- Up-to-date symlink: /home/sang/ros2_ws/install/ros2_control_demo_example_16/share/ros2_control_demo_example_16/cmake/ament_cmake_export_dependencies-extras.cmake
[0.554s] -- Up-to-date symlink: /home/sang/ros2_ws/install/ros2_control_demo_example_16/share/ros2_control_demo_example_16/cmake/ros2_control_demo_example_16Config.cmake
[0.555s] -- Up-to-date symlink: /home/sang/ros2_ws/install/ros2_control_demo_example_16/share/ros2_control_demo_example_16/cmake/ros2_control_demo_example_16Config-version.cmake
[0.557s] -- Up-to-date symlink: /home/sang/ros2_ws/install/ros2_control_demo_example_16/share/ros2_control_demo_example_16/package.xml
[0.563s] -- Up-to-date: /home/sang/ros2_ws/install/ros2_control_demo_example_16/lib/libros2_control_demo_example_16.so
[0.571s] -- Up-to-date: /home/sang/ros2_ws/install/ros2_control_demo_example_16/share/ros2_control_demo_example_16/cmake/export_ros2_control_demo_example_16Export.cmake
[0.573s] -- Up-to-date: /home/sang/ros2_ws/install/ros2_control_demo_example_16/share/ros2_control_demo_example_16/cmake/export_ros2_control_demo_example_16Export-noconfig.cmake
[0.580s] Invoked command in '/home/sang/ros2_ws/build/ros2_control_demo_example_16' returned '0': AMENT_PREFIX_PATH=/home/sang/ros2_ws/install/ros2_control_demo_description:${AMENT_PREFIX_PATH} CMAKE_PREFIX_PATH=/home/sang/ros2_ws/install/ros2_control_demo_description:/opt/ros/jazzy/opt/gz_sim_vendor:/opt/ros/jazzy/opt/gz_sensors_vendor:/opt/ros/jazzy/opt/gz_physics_vendor:/opt/ros/jazzy/opt/sdformat_vendor:/opt/ros/jazzy/opt/gz_gui_vendor:/opt/ros/jazzy/opt/gz_transport_vendor:/opt/ros/jazzy/opt/gz_rendering_vendor:/opt/ros/jazzy/opt/gz_plugin_vendor:/opt/ros/jazzy/opt/gz_fuel_tools_vendor:/opt/ros/jazzy/opt/gz_msgs_vendor:/opt/ros/jazzy/opt/gz_common_vendor:/opt/ros/jazzy/opt/gz_math_vendor:/opt/ros/jazzy/opt/gz_utils_vendor:/opt/ros/jazzy/opt/gz_tools_vendor:/opt/ros/jazzy/opt/gz_ogre_next_vendor:/opt/ros/jazzy/opt/gz_dartsim_vendor:/opt/ros/jazzy/opt/gz_cmake_vendor:/opt/ros/jazzy DEBUGINFOD_URLS=https://debuginfod.ubuntu.com /usr/bin/cmake --install /home/sang/ros2_ws/build/ros2_control_demo_example_16
