[100%] Built target dorna_hardware_interface
-- Install configuration: ""
-- Up-to-date: /home/sang/ros2_ws/install/dorna_robot/share/dorna_robot/dorna_ros2_control_hwI_plugin.xml
-- Up-to-date: /home/sang/ros2_ws/install/dorna_robot/include/ros2_control_hwI
-- Up-to-date: /home/sang/ros2_ws/install/dorna_robot/include/ros2_control_hwI/ros2_control_hwI
-- Up-to-date: /home/sang/ros2_ws/install/dorna_robot/include/ros2_control_hwI/ros2_control_hwI/dorna_hardware_interface.hpp
-- Up-to-date: /home/sang/ros2_ws/install/dorna_robot/share/dorna_hardware_interface/launch
-- Up-to-date: /home/sang/ros2_ws/install/dorna_robot/share/dorna_hardware_interface/launch/view_robot.launch.py
-- Up-to-date: /home/sang/ros2_ws/install/dorna_robot/share/dorna_hardware_interface/ros2_control
-- Up-to-date: /home/sang/ros2_ws/install/dorna_robot/share/dorna_hardware_interface/ros2_control/dorna.ros2_control.xacro
-- Up-to-date: /home/sang/ros2_ws/install/dorna_robot/share/dorna_hardware_interface/urdf
-- Up-to-date: /home/sang/ros2_ws/install/dorna_robot/share/dorna_hardware_interface/urdf/dorna.urdf.xacro
-- Up-to-date: /home/sang/ros2_ws/install/dorna_robot/share/dorna_hardware_interface/urdf/dorna_macro.xacro
-- Up-to-date: /home/sang/ros2_ws/install/dorna_robot/share/dorna_hardware_interface/urdf/dorna.materials.xacro
-- Up-to-date: /home/sang/ros2_ws/install/dorna_robot/share/dorna_hardware_interface/gazebo
-- Up-to-date: /home/sang/ros2_ws/install/dorna_robot/share/dorna_hardware_interface/launch
-- Up-to-date: /home/sang/ros2_ws/install/dorna_robot/share/dorna_hardware_interface/launch/main.launch
-- Up-to-date: /home/sang/ros2_ws/install/dorna_robot/share/dorna_hardware_interface/launch/control.launch
-- Up-to-date: /home/sang/ros2_ws/install/dorna_robot/share/dorna_hardware_interface/launch/display.launch
-- Up-to-date: /home/sang/ros2_ws/install/dorna_robot/share/dorna_hardware_interface/launch/gazebo.launch
-- Up-to-date: /home/sang/ros2_ws/install/dorna_robot/share/dorna_hardware_interface/config
-- Up-to-date: /home/sang/ros2_ws/install/dorna_robot/share/dorna_hardware_interface/config/controllers.yaml
-- Up-to-date: /home/sang/ros2_ws/install/dorna_robot/lib/libdorna_hardware_interface.so
-- Up-to-date: /home/sang/ros2_ws/install/dorna_robot/share/dorna_robot/environment/library_path.sh
-- Up-to-date: /home/sang/ros2_ws/install/dorna_robot/share/dorna_robot/environment/library_path.dsv
-- Up-to-date: /home/sang/ros2_ws/install/dorna_robot/share/ament_index/resource_index/package_run_dependencies/dorna_robot
-- Up-to-date: /home/sang/ros2_ws/install/dorna_robot/share/ament_index/resource_index/parent_prefix_path/dorna_robot
-- Up-to-date: /home/sang/ros2_ws/install/dorna_robot/share/dorna_robot/environment/ament_prefix_path.sh
-- Up-to-date: /home/sang/ros2_ws/install/dorna_robot/share/dorna_robot/environment/ament_prefix_path.dsv
-- Up-to-date: /home/sang/ros2_ws/install/dorna_robot/share/dorna_robot/environment/path.sh
-- Up-to-date: /home/sang/ros2_ws/install/dorna_robot/share/dorna_robot/environment/path.dsv
-- Up-to-date: /home/sang/ros2_ws/install/dorna_robot/share/dorna_robot/local_setup.bash
-- Up-to-date: /home/sang/ros2_ws/install/dorna_robot/share/dorna_robot/local_setup.sh
-- Up-to-date: /home/sang/ros2_ws/install/dorna_robot/share/dorna_robot/local_setup.zsh
-- Up-to-date: /home/sang/ros2_ws/install/dorna_robot/share/dorna_robot/local_setup.dsv
-- Installing: /home/sang/ros2_ws/install/dorna_robot/share/dorna_robot/package.dsv
-- Up-to-date: /home/sang/ros2_ws/install/dorna_robot/share/ament_index/resource_index/packages/dorna_robot
-- Up-to-date: /home/sang/ros2_ws/install/dorna_robot/share/ament_index/resource_index/dorna_hardware_interface__pluginlib__plugin/dorna_robot
-- Up-to-date: /home/sang/ros2_ws/install/dorna_robot/share/dorna_robot/cmake/export_dorna_hardware_interfaceExport.cmake
-- Up-to-date: /home/sang/ros2_ws/install/dorna_robot/share/dorna_robot/cmake/export_dorna_hardware_interfaceExport-noconfig.cmake
-- Up-to-date: /home/sang/ros2_ws/install/dorna_robot/share/dorna_robot/cmake/ament_cmake_export_targets-extras.cmake
-- Up-to-date: /home/sang/ros2_ws/install/dorna_robot/share/dorna_robot/cmake/ament_cmake_export_dependencies-extras.cmake
-- Up-to-date: /home/sang/ros2_ws/install/dorna_robot/share/dorna_robot/cmake/dorna_robotConfig.cmake
-- Up-to-date: /home/sang/ros2_ws/install/dorna_robot/share/dorna_robot/cmake/dorna_robotConfig-version.cmake
-- Up-to-date: /home/sang/ros2_ws/install/dorna_robot/share/dorna_robot/package.xml
