[0.043s] Invoking command in '/home/sang/ros2_ws/build/dorna_robot': AMENT_PREFIX_PATH=/home/sang/ros2_ws/install/ros2_control_demo_description:${AMENT_PREFIX_PATH} CMAKE_PREFIX_PATH=/home/sang/ros2_ws/install/ros2_control_demo_description:/opt/ros/jazzy/opt/gz_sim_vendor:/opt/ros/jazzy/opt/gz_sensors_vendor:/opt/ros/jazzy/opt/gz_physics_vendor:/opt/ros/jazzy/opt/sdformat_vendor:/opt/ros/jazzy/opt/gz_gui_vendor:/opt/ros/jazzy/opt/gz_transport_vendor:/opt/ros/jazzy/opt/gz_rendering_vendor:/opt/ros/jazzy/opt/gz_plugin_vendor:/opt/ros/jazzy/opt/gz_fuel_tools_vendor:/opt/ros/jazzy/opt/gz_msgs_vendor:/opt/ros/jazzy/opt/gz_common_vendor:/opt/ros/jazzy/opt/gz_math_vendor:/opt/ros/jazzy/opt/gz_utils_vendor:/opt/ros/jazzy/opt/gz_tools_vendor:/opt/ros/jazzy/opt/gz_ogre_next_vendor:/opt/ros/jazzy/opt/gz_dartsim_vendor:/opt/ros/jazzy/opt/gz_cmake_vendor:/opt/ros/jazzy DEBUGINFOD_URLS=https://debuginfod.ubuntu.com /usr/bin/cmake --build /home/sang/ros2_ws/build/dorna_robot -- -j2 -l2
[0.454s] [100%] Built target dorna_hardware_interface
[0.513s] Invoked command in '/home/sang/ros2_ws/build/dorna_robot' returned '0': AMENT_PREFIX_PATH=/home/sang/ros2_ws/install/ros2_control_demo_description:${AMENT_PREFIX_PATH} CMAKE_PREFIX_PATH=/home/sang/ros2_ws/install/ros2_control_demo_description:/opt/ros/jazzy/opt/gz_sim_vendor:/opt/ros/jazzy/opt/gz_sensors_vendor:/opt/ros/jazzy/opt/gz_physics_vendor:/opt/ros/jazzy/opt/sdformat_vendor:/opt/ros/jazzy/opt/gz_gui_vendor:/opt/ros/jazzy/opt/gz_transport_vendor:/opt/ros/jazzy/opt/gz_rendering_vendor:/opt/ros/jazzy/opt/gz_plugin_vendor:/opt/ros/jazzy/opt/gz_fuel_tools_vendor:/opt/ros/jazzy/opt/gz_msgs_vendor:/opt/ros/jazzy/opt/gz_common_vendor:/opt/ros/jazzy/opt/gz_math_vendor:/opt/ros/jazzy/opt/gz_utils_vendor:/opt/ros/jazzy/opt/gz_tools_vendor:/opt/ros/jazzy/opt/gz_ogre_next_vendor:/opt/ros/jazzy/opt/gz_dartsim_vendor:/opt/ros/jazzy/opt/gz_cmake_vendor:/opt/ros/jazzy DEBUGINFOD_URLS=https://debuginfod.ubuntu.com /usr/bin/cmake --build /home/sang/ros2_ws/build/dorna_robot -- -j2 -l2
[0.518s] Invoking command in '/home/sang/ros2_ws/build/dorna_robot': AMENT_PREFIX_PATH=/home/sang/ros2_ws/install/ros2_control_demo_description:${AMENT_PREFIX_PATH} CMAKE_PREFIX_PATH=/home/sang/ros2_ws/install/ros2_control_demo_description:/opt/ros/jazzy/opt/gz_sim_vendor:/opt/ros/jazzy/opt/gz_sensors_vendor:/opt/ros/jazzy/opt/gz_physics_vendor:/opt/ros/jazzy/opt/sdformat_vendor:/opt/ros/jazzy/opt/gz_gui_vendor:/opt/ros/jazzy/opt/gz_transport_vendor:/opt/ros/jazzy/opt/gz_rendering_vendor:/opt/ros/jazzy/opt/gz_plugin_vendor:/opt/ros/jazzy/opt/gz_fuel_tools_vendor:/opt/ros/jazzy/opt/gz_msgs_vendor:/opt/ros/jazzy/opt/gz_common_vendor:/opt/ros/jazzy/opt/gz_math_vendor:/opt/ros/jazzy/opt/gz_utils_vendor:/opt/ros/jazzy/opt/gz_tools_vendor:/opt/ros/jazzy/opt/gz_ogre_next_vendor:/opt/ros/jazzy/opt/gz_dartsim_vendor:/opt/ros/jazzy/opt/gz_cmake_vendor:/opt/ros/jazzy DEBUGINFOD_URLS=https://debuginfod.ubuntu.com /usr/bin/cmake --install /home/sang/ros2_ws/build/dorna_robot
[0.561s] -- Install configuration: ""
[0.566s] -- Up-to-date: /home/sang/ros2_ws/install/dorna_robot/share/dorna_robot/dorna_ros2_control_hwI_plugin.xml
[0.566s] -- Up-to-date: /home/sang/ros2_ws/install/dorna_robot/include/ros2_control_hwI
[0.567s] -- Up-to-date: /home/sang/ros2_ws/install/dorna_robot/include/ros2_control_hwI/ros2_control_hwI
[0.573s] -- Up-to-date: /home/sang/ros2_ws/install/dorna_robot/include/ros2_control_hwI/ros2_control_hwI/dorna_hardware_interface.hpp
[0.573s] -- Up-to-date: /home/sang/ros2_ws/install/dorna_robot/share/dorna_hardware_interface/launch
[0.573s] -- Up-to-date: /home/sang/ros2_ws/install/dorna_robot/share/dorna_hardware_interface/launch/view_robot.launch.py
[0.574s] -- Up-to-date: /home/sang/ros2_ws/install/dorna_robot/share/dorna_hardware_interface/ros2_control
[0.574s] -- Up-to-date: /home/sang/ros2_ws/install/dorna_robot/share/dorna_hardware_interface/ros2_control/dorna.ros2_control.xacro
[0.578s] -- Up-to-date: /home/sang/ros2_ws/install/dorna_robot/share/dorna_hardware_interface/urdf
[0.578s] -- Up-to-date: /home/sang/ros2_ws/install/dorna_robot/share/dorna_hardware_interface/urdf/dorna.urdf.xacro
[0.578s] -- Up-to-date: /home/sang/ros2_ws/install/dorna_robot/share/dorna_hardware_interface/urdf/dorna_macro.xacro
[0.579s] -- Up-to-date: /home/sang/ros2_ws/install/dorna_robot/share/dorna_hardware_interface/urdf/dorna.materials.xacro
[0.579s] -- Up-to-date: /home/sang/ros2_ws/install/dorna_robot/share/dorna_hardware_interface/gazebo
[0.584s] -- Up-to-date: /home/sang/ros2_ws/install/dorna_robot/share/dorna_hardware_interface/launch
[0.585s] -- Up-to-date: /home/sang/ros2_ws/install/dorna_robot/share/dorna_hardware_interface/launch/main.launch
[0.585s] -- Up-to-date: /home/sang/ros2_ws/install/dorna_robot/share/dorna_hardware_interface/launch/control.launch
[0.589s] -- Up-to-date: /home/sang/ros2_ws/install/dorna_robot/share/dorna_hardware_interface/launch/display.launch
[0.589s] -- Up-to-date: /home/sang/ros2_ws/install/dorna_robot/share/dorna_hardware_interface/launch/gazebo.launch
[0.589s] -- Up-to-date: /home/sang/ros2_ws/install/dorna_robot/share/dorna_hardware_interface/config
[0.590s] -- Up-to-date: /home/sang/ros2_ws/install/dorna_robot/share/dorna_hardware_interface/config/controllers.yaml
[0.590s] -- Up-to-date: /home/sang/ros2_ws/install/dorna_robot/lib/libdorna_hardware_interface.so
[0.591s] -- Up-to-date: /home/sang/ros2_ws/install/dorna_robot/share/dorna_robot/environment/library_path.sh
[0.592s] -- Up-to-date: /home/sang/ros2_ws/install/dorna_robot/share/dorna_robot/environment/library_path.dsv
[0.594s] -- Up-to-date: /home/sang/ros2_ws/install/dorna_robot/share/ament_index/resource_index/package_run_dependencies/dorna_robot
[0.597s] -- Up-to-date: /home/sang/ros2_ws/install/dorna_robot/share/ament_index/resource_index/parent_prefix_path/dorna_robot
[0.597s] -- Up-to-date: /home/sang/ros2_ws/install/dorna_robot/share/dorna_robot/environment/ament_prefix_path.sh
[0.599s] -- Up-to-date: /home/sang/ros2_ws/install/dorna_robot/share/dorna_robot/environment/ament_prefix_path.dsv
[0.600s] -- Up-to-date: /home/sang/ros2_ws/install/dorna_robot/share/dorna_robot/environment/path.sh
[0.602s] -- Up-to-date: /home/sang/ros2_ws/install/dorna_robot/share/dorna_robot/environment/path.dsv
[0.603s] -- Up-to-date: /home/sang/ros2_ws/install/dorna_robot/share/dorna_robot/local_setup.bash
[0.603s] -- Up-to-date: /home/sang/ros2_ws/install/dorna_robot/share/dorna_robot/local_setup.sh
[0.603s] -- Up-to-date: /home/sang/ros2_ws/install/dorna_robot/share/dorna_robot/local_setup.zsh
[0.604s] -- Up-to-date: /home/sang/ros2_ws/install/dorna_robot/share/dorna_robot/local_setup.dsv
[0.604s] -- Installing: /home/sang/ros2_ws/install/dorna_robot/share/dorna_robot/package.dsv
[0.608s] -- Up-to-date: /home/sang/ros2_ws/install/dorna_robot/share/ament_index/resource_index/packages/dorna_robot
[0.608s] -- Up-to-date: /home/sang/ros2_ws/install/dorna_robot/share/ament_index/resource_index/dorna_hardware_interface__pluginlib__plugin/dorna_robot
[0.609s] -- Up-to-date: /home/sang/ros2_ws/install/dorna_robot/share/dorna_robot/cmake/export_dorna_hardware_interfaceExport.cmake
[0.611s] -- Up-to-date: /home/sang/ros2_ws/install/dorna_robot/share/dorna_robot/cmake/export_dorna_hardware_interfaceExport-noconfig.cmake
[0.611s] -- Up-to-date: /home/sang/ros2_ws/install/dorna_robot/share/dorna_robot/cmake/ament_cmake_export_targets-extras.cmake
[0.613s] -- Up-to-date: /home/sang/ros2_ws/install/dorna_robot/share/dorna_robot/cmake/ament_cmake_export_dependencies-extras.cmake
[0.613s] -- Up-to-date: /home/sang/ros2_ws/install/dorna_robot/share/dorna_robot/cmake/dorna_robotConfig.cmake
[0.616s] -- Up-to-date: /home/sang/ros2_ws/install/dorna_robot/share/dorna_robot/cmake/dorna_robotConfig-version.cmake
[0.616s] -- Up-to-date: /home/sang/ros2_ws/install/dorna_robot/share/dorna_robot/package.xml
[0.624s] Invoked command in '/home/sang/ros2_ws/build/dorna_robot' returned '0': AMENT_PREFIX_PATH=/home/sang/ros2_ws/install/ros2_control_demo_description:${AMENT_PREFIX_PATH} CMAKE_PREFIX_PATH=/home/sang/ros2_ws/install/ros2_control_demo_description:/opt/ros/jazzy/opt/gz_sim_vendor:/opt/ros/jazzy/opt/gz_sensors_vendor:/opt/ros/jazzy/opt/gz_physics_vendor:/opt/ros/jazzy/opt/sdformat_vendor:/opt/ros/jazzy/opt/gz_gui_vendor:/opt/ros/jazzy/opt/gz_transport_vendor:/opt/ros/jazzy/opt/gz_rendering_vendor:/opt/ros/jazzy/opt/gz_plugin_vendor:/opt/ros/jazzy/opt/gz_fuel_tools_vendor:/opt/ros/jazzy/opt/gz_msgs_vendor:/opt/ros/jazzy/opt/gz_common_vendor:/opt/ros/jazzy/opt/gz_math_vendor:/opt/ros/jazzy/opt/gz_utils_vendor:/opt/ros/jazzy/opt/gz_tools_vendor:/opt/ros/jazzy/opt/gz_ogre_next_vendor:/opt/ros/jazzy/opt/gz_dartsim_vendor:/opt/ros/jazzy/opt/gz_cmake_vendor:/opt/ros/jazzy DEBUGINFOD_URLS=https://debuginfod.ubuntu.com /usr/bin/cmake --install /home/sang/ros2_ws/build/dorna_robot
