[0.057s] Invoking command in '/home/sang/ros2_ws/build/ros2_control_demo_example_12': AMENT_PREFIX_PATH=/home/sang/ros2_ws/install/ros2_control_demo_description:${AMENT_PREFIX_PATH} CMAKE_PREFIX_PATH=/home/sang/ros2_ws/install/ros2_control_demo_description:/opt/ros/jazzy/opt/gz_sim_vendor:/opt/ros/jazzy/opt/gz_sensors_vendor:/opt/ros/jazzy/opt/gz_physics_vendor:/opt/ros/jazzy/opt/sdformat_vendor:/opt/ros/jazzy/opt/gz_gui_vendor:/opt/ros/jazzy/opt/gz_transport_vendor:/opt/ros/jazzy/opt/gz_rendering_vendor:/opt/ros/jazzy/opt/gz_plugin_vendor:/opt/ros/jazzy/opt/gz_fuel_tools_vendor:/opt/ros/jazzy/opt/gz_msgs_vendor:/opt/ros/jazzy/opt/gz_common_vendor:/opt/ros/jazzy/opt/gz_math_vendor:/opt/ros/jazzy/opt/gz_utils_vendor:/opt/ros/jazzy/opt/gz_tools_vendor:/opt/ros/jazzy/opt/gz_ogre_next_vendor:/opt/ros/jazzy/opt/gz_dartsim_vendor:/opt/ros/jazzy/opt/gz_cmake_vendor:/opt/ros/jazzy DEBUGINFOD_URLS=https://debuginfod.ubuntu.com /usr/bin/cmake --build /home/sang/ros2_ws/build/ros2_control_demo_example_12 -- -j2 -l2
[0.521s] [ 33%] Built target ros2_control_demo_example_12
[0.730s] [ 66%] Built target passthrough_controller_parameters
[1.015s] [100%] Built target passthrough_controller
[1.111s] Invoked command in '/home/sang/ros2_ws/build/ros2_control_demo_example_12' returned '0': AMENT_PREFIX_PATH=/home/sang/ros2_ws/install/ros2_control_demo_description:${AMENT_PREFIX_PATH} CMAKE_PREFIX_PATH=/home/sang/ros2_ws/install/ros2_control_demo_description:/opt/ros/jazzy/opt/gz_sim_vendor:/opt/ros/jazzy/opt/gz_sensors_vendor:/opt/ros/jazzy/opt/gz_physics_vendor:/opt/ros/jazzy/opt/sdformat_vendor:/opt/ros/jazzy/opt/gz_gui_vendor:/opt/ros/jazzy/opt/gz_transport_vendor:/opt/ros/jazzy/opt/gz_rendering_vendor:/opt/ros/jazzy/opt/gz_plugin_vendor:/opt/ros/jazzy/opt/gz_fuel_tools_vendor:/opt/ros/jazzy/opt/gz_msgs_vendor:/opt/ros/jazzy/opt/gz_common_vendor:/opt/ros/jazzy/opt/gz_math_vendor:/opt/ros/jazzy/opt/gz_utils_vendor:/opt/ros/jazzy/opt/gz_tools_vendor:/opt/ros/jazzy/opt/gz_ogre_next_vendor:/opt/ros/jazzy/opt/gz_dartsim_vendor:/opt/ros/jazzy/opt/gz_cmake_vendor:/opt/ros/jazzy DEBUGINFOD_URLS=https://debuginfod.ubuntu.com /usr/bin/cmake --build /home/sang/ros2_ws/build/ros2_control_demo_example_12 -- -j2 -l2
[1.123s] Invoking command in '/home/sang/ros2_ws/build/ros2_control_demo_example_12': AMENT_PREFIX_PATH=/home/sang/ros2_ws/install/ros2_control_demo_description:${AMENT_PREFIX_PATH} CMAKE_PREFIX_PATH=/home/sang/ros2_ws/install/ros2_control_demo_description:/opt/ros/jazzy/opt/gz_sim_vendor:/opt/ros/jazzy/opt/gz_sensors_vendor:/opt/ros/jazzy/opt/gz_physics_vendor:/opt/ros/jazzy/opt/sdformat_vendor:/opt/ros/jazzy/opt/gz_gui_vendor:/opt/ros/jazzy/opt/gz_transport_vendor:/opt/ros/jazzy/opt/gz_rendering_vendor:/opt/ros/jazzy/opt/gz_plugin_vendor:/opt/ros/jazzy/opt/gz_fuel_tools_vendor:/opt/ros/jazzy/opt/gz_msgs_vendor:/opt/ros/jazzy/opt/gz_common_vendor:/opt/ros/jazzy/opt/gz_math_vendor:/opt/ros/jazzy/opt/gz_utils_vendor:/opt/ros/jazzy/opt/gz_tools_vendor:/opt/ros/jazzy/opt/gz_ogre_next_vendor:/opt/ros/jazzy/opt/gz_dartsim_vendor:/opt/ros/jazzy/opt/gz_cmake_vendor:/opt/ros/jazzy DEBUGINFOD_URLS=https://debuginfod.ubuntu.com /usr/bin/cmake --install /home/sang/ros2_ws/build/ros2_control_demo_example_12
[1.204s] -- Install configuration: ""
[1.214s] -- Execute custom install script
[1.219s] -- Up-to-date symlink: /home/sang/ros2_ws/install/ros2_control_demo_example_12/share/ros2_control_demo_example_12//ros2_control_demo_example_12.xml
[1.223s] -- Up-to-date symlink: /home/sang/ros2_ws/install/ros2_control_demo_example_12/include/ros2_control_demo_example_12/passthrough_controller_parameters.hpp
[1.231s] -- Up-to-date symlink: /home/sang/ros2_ws/install/ros2_control_demo_example_12/share/ros2_control_demo_example_12//passthrough_controller.xml
[1.232s] -- Up-to-date symlink: /home/sang/ros2_ws/install/ros2_control_demo_example_12/include/ros2_control_demo_example_12/ros2_control_demo_example_12/rrbot.hpp
[1.238s] -- Up-to-date symlink: /home/sang/ros2_ws/install/ros2_control_demo_example_12/share/ros2_control_demo_example_12/launch/view_robot.launch.py
[1.241s] -- Up-to-date symlink: /home/sang/ros2_ws/install/ros2_control_demo_example_12/share/ros2_control_demo_example_12/ros2_control/rrbot.ros2_control.xacro
[1.249s] -- Up-to-date symlink: /home/sang/ros2_ws/install/ros2_control_demo_example_12/share/ros2_control_demo_example_12/urdf/rrbot.urdf.xacro
[1.253s] -- Up-to-date symlink: /home/sang/ros2_ws/install/ros2_control_demo_example_12/share/ros2_control_demo_example_12/launch/launch_chained_controllers.launch.py
[1.255s] -- Up-to-date symlink: /home/sang/ros2_ws/install/ros2_control_demo_example_12/share/ros2_control_demo_example_12/launch/rrbot.launch.py
[1.260s] -- Up-to-date symlink: /home/sang/ros2_ws/install/ros2_control_demo_example_12/share/ros2_control_demo_example_12/config/rrbot_chained_controllers.yaml
[1.266s] -- Up-to-date symlink: /home/sang/ros2_ws/install/ros2_control_demo_example_12/include/passthrough_controller/passthrough_controller/passthrough_controller.hpp
[1.270s] -- Up-to-date symlink: /home/sang/ros2_ws/install/ros2_control_demo_example_12/share/ros2_control_demo_example_12/environment/library_path.sh
[1.275s] -- Up-to-date symlink: /home/sang/ros2_ws/install/ros2_control_demo_example_12/share/ros2_control_demo_example_12/environment/library_path.dsv
[1.280s] -- Up-to-date symlink: /home/sang/ros2_ws/install/ros2_control_demo_example_12/share/ament_index/resource_index/package_run_dependencies/ros2_control_demo_example_12
[1.282s] -- Up-to-date symlink: /home/sang/ros2_ws/install/ros2_control_demo_example_12/share/ament_index/resource_index/parent_prefix_path/ros2_control_demo_example_12
[1.286s] -- Up-to-date symlink: /home/sang/ros2_ws/install/ros2_control_demo_example_12/share/ros2_control_demo_example_12/environment/ament_prefix_path.sh
[1.288s] -- Up-to-date symlink: /home/sang/ros2_ws/install/ros2_control_demo_example_12/share/ros2_control_demo_example_12/environment/ament_prefix_path.dsv
[1.290s] -- Up-to-date symlink: /home/sang/ros2_ws/install/ros2_control_demo_example_12/share/ros2_control_demo_example_12/environment/path.sh
[1.294s] -- Up-to-date symlink: /home/sang/ros2_ws/install/ros2_control_demo_example_12/share/ros2_control_demo_example_12/environment/path.dsv
[1.300s] -- Up-to-date symlink: /home/sang/ros2_ws/install/ros2_control_demo_example_12/share/ros2_control_demo_example_12/local_setup.bash
[1.303s] -- Up-to-date symlink: /home/sang/ros2_ws/install/ros2_control_demo_example_12/share/ros2_control_demo_example_12/local_setup.sh
[1.304s] -- Up-to-date symlink: /home/sang/ros2_ws/install/ros2_control_demo_example_12/share/ros2_control_demo_example_12/local_setup.zsh
[1.309s] -- Up-to-date symlink: /home/sang/ros2_ws/install/ros2_control_demo_example_12/share/ros2_control_demo_example_12/local_setup.dsv
[1.309s] -- Symlinking: /home/sang/ros2_ws/install/ros2_control_demo_example_12/share/ros2_control_demo_example_12/package.dsv
[1.399s] -- Up-to-date symlink: /home/sang/ros2_ws/install/ros2_control_demo_example_12/share/ament_index/resource_index/packages/ros2_control_demo_example_12
[1.407s] -- Up-to-date symlink: /home/sang/ros2_ws/install/ros2_control_demo_example_12/share/ament_index/resource_index/hardware_interface__pluginlib__plugin/ros2_control_demo_example_12
[1.407s] -- Up-to-date symlink: /home/sang/ros2_ws/install/ros2_control_demo_example_12/share/ament_index/resource_index/controller_interface__pluginlib__plugin/ros2_control_demo_example_12
[1.412s] -- Up-to-date symlink: /home/sang/ros2_ws/install/ros2_control_demo_example_12/share/ros2_control_demo_example_12/cmake/ament_cmake_export_dependencies-extras.cmake
[1.413s] -- Up-to-date symlink: /home/sang/ros2_ws/install/ros2_control_demo_example_12/share/ros2_control_demo_example_12/cmake/ament_cmake_export_targets-extras.cmake
[1.414s] -- Up-to-date symlink: /home/sang/ros2_ws/install/ros2_control_demo_example_12/share/ros2_control_demo_example_12/cmake/ros2_control_demo_example_12Config.cmake
[1.429s] -- Up-to-date symlink: /home/sang/ros2_ws/install/ros2_control_demo_example_12/share/ros2_control_demo_example_12/cmake/ros2_control_demo_example_12Config-version.cmake
[1.430s] -- Up-to-date symlink: /home/sang/ros2_ws/install/ros2_control_demo_example_12/share/ros2_control_demo_example_12/package.xml
[1.430s] -- Up-to-date: /home/sang/ros2_ws/install/ros2_control_demo_example_12/lib/libros2_control_demo_example_12.so
[1.446s] -- Up-to-date: /home/sang/ros2_ws/install/ros2_control_demo_example_12/lib/libpassthrough_controller.so
[1.446s] -- Up-to-date: /home/sang/ros2_ws/install/ros2_control_demo_example_12/share/ros2_control_demo_example_12/cmake/export_passthrough_controllerExport.cmake
[1.447s] -- Up-to-date: /home/sang/ros2_ws/install/ros2_control_demo_example_12/share/ros2_control_demo_example_12/cmake/export_passthrough_controllerExport-noconfig.cmake
[1.447s] -- Up-to-date: /home/sang/ros2_ws/install/ros2_control_demo_example_12/share/ros2_control_demo_example_12/cmake/export_ros2_control_demo_example_12Export.cmake
[1.448s] -- Up-to-date: /home/sang/ros2_ws/install/ros2_control_demo_example_12/share/ros2_control_demo_example_12/cmake/export_ros2_control_demo_example_12Export-noconfig.cmake
[1.523s] Invoked command in '/home/sang/ros2_ws/build/ros2_control_demo_example_12' returned '0': AMENT_PREFIX_PATH=/home/sang/ros2_ws/install/ros2_control_demo_description:${AMENT_PREFIX_PATH} CMAKE_PREFIX_PATH=/home/sang/ros2_ws/install/ros2_control_demo_description:/opt/ros/jazzy/opt/gz_sim_vendor:/opt/ros/jazzy/opt/gz_sensors_vendor:/opt/ros/jazzy/opt/gz_physics_vendor:/opt/ros/jazzy/opt/sdformat_vendor:/opt/ros/jazzy/opt/gz_gui_vendor:/opt/ros/jazzy/opt/gz_transport_vendor:/opt/ros/jazzy/opt/gz_rendering_vendor:/opt/ros/jazzy/opt/gz_plugin_vendor:/opt/ros/jazzy/opt/gz_fuel_tools_vendor:/opt/ros/jazzy/opt/gz_msgs_vendor:/opt/ros/jazzy/opt/gz_common_vendor:/opt/ros/jazzy/opt/gz_math_vendor:/opt/ros/jazzy/opt/gz_utils_vendor:/opt/ros/jazzy/opt/gz_tools_vendor:/opt/ros/jazzy/opt/gz_ogre_next_vendor:/opt/ros/jazzy/opt/gz_dartsim_vendor:/opt/ros/jazzy/opt/gz_cmake_vendor:/opt/ros/jazzy DEBUGINFOD_URLS=https://debuginfod.ubuntu.com /usr/bin/cmake --install /home/sang/ros2_ws/build/ros2_control_demo_example_12
