[0.053s] Invoking command in '/home/sang/ros2_ws/build/ros2_control_demo_example_2': AMENT_PREFIX_PATH=/home/sang/ros2_ws/install/ros2_control_demo_description:${AMENT_PREFIX_PATH} CMAKE_PREFIX_PATH=/home/sang/ros2_ws/install/ros2_control_demo_description:/opt/ros/jazzy/opt/gz_sim_vendor:/opt/ros/jazzy/opt/gz_sensors_vendor:/opt/ros/jazzy/opt/gz_physics_vendor:/opt/ros/jazzy/opt/sdformat_vendor:/opt/ros/jazzy/opt/gz_gui_vendor:/opt/ros/jazzy/opt/gz_transport_vendor:/opt/ros/jazzy/opt/gz_rendering_vendor:/opt/ros/jazzy/opt/gz_plugin_vendor:/opt/ros/jazzy/opt/gz_fuel_tools_vendor:/opt/ros/jazzy/opt/gz_msgs_vendor:/opt/ros/jazzy/opt/gz_common_vendor:/opt/ros/jazzy/opt/gz_math_vendor:/opt/ros/jazzy/opt/gz_utils_vendor:/opt/ros/jazzy/opt/gz_tools_vendor:/opt/ros/jazzy/opt/gz_ogre_next_vendor:/opt/ros/jazzy/opt/gz_dartsim_vendor:/opt/ros/jazzy/opt/gz_cmake_vendor:/opt/ros/jazzy DEBUGINFOD_URLS=https://debuginfod.ubuntu.com /usr/bin/cmake /home/sang/ros2_ws/src/ros2_control_demos/example_2 -DAMENT_CMAKE_SYMLINK_INSTALL=1 -DCMAKE_INSTALL_PREFIX=/home/sang/ros2_ws/install/ros2_control_demo_example_2
[0.115s] -- Found ros2_control_cmake: 0.1.1 (/opt/ros/jazzy/share/ros2_control_cmake/cmake)
[0.117s] -- Compiler warnings enabled for GNU
[0.118s] -- Detected GCC Version: 13.3.0 (Major: 13, Minor: 3)
[0.118s] -- Found controller_manager: 4.27.0 (/opt/ros/jazzy/share/controller_manager/cmake)
[0.767s] -- Override CMake install command with custom implementation using symlinks instead of copying resources
[0.902s] -- Found rosidl_generator_c: 4.6.5 (/opt/ros/jazzy/share/rosidl_generator_c/cmake)
[0.926s] -- Found rosidl_generator_cpp: 4.6.5 (/opt/ros/jazzy/share/rosidl_generator_cpp/cmake)
[0.960s] -- Using all available rosidl_typesupport_c: rosidl_typesupport_fastrtps_c;rosidl_typesupport_introspection_c
[0.995s] -- Using all available rosidl_typesupport_cpp: rosidl_typesupport_fastrtps_cpp;rosidl_typesupport_introspection_cpp
[1.106s] -- Found rmw_implementation_cmake: 7.3.2 (/opt/ros/jazzy/share/rmw_implementation_cmake/cmake)
[1.110s] -- Found rmw_fastrtps_cpp: 8.4.2 (/opt/ros/jazzy/share/rmw_fastrtps_cpp/cmake)
[1.296s] -- Using RMW implementation 'rmw_fastrtps_cpp' as default
[2.141s] -- Found ament_cmake_pytest: 2.5.3 (/opt/ros/jazzy/share/ament_cmake_pytest/cmake)
[5.678s] -- Configuring done (5.6s)
[5.826s] -- Generating done (0.1s)
[5.841s] -- Build files have been written to: /home/sang/ros2_ws/build/ros2_control_demo_example_2
[5.895s] Invoked command in '/home/sang/ros2_ws/build/ros2_control_demo_example_2' returned '0': AMENT_PREFIX_PATH=/home/sang/ros2_ws/install/ros2_control_demo_description:${AMENT_PREFIX_PATH} CMAKE_PREFIX_PATH=/home/sang/ros2_ws/install/ros2_control_demo_description:/opt/ros/jazzy/opt/gz_sim_vendor:/opt/ros/jazzy/opt/gz_sensors_vendor:/opt/ros/jazzy/opt/gz_physics_vendor:/opt/ros/jazzy/opt/sdformat_vendor:/opt/ros/jazzy/opt/gz_gui_vendor:/opt/ros/jazzy/opt/gz_transport_vendor:/opt/ros/jazzy/opt/gz_rendering_vendor:/opt/ros/jazzy/opt/gz_plugin_vendor:/opt/ros/jazzy/opt/gz_fuel_tools_vendor:/opt/ros/jazzy/opt/gz_msgs_vendor:/opt/ros/jazzy/opt/gz_common_vendor:/opt/ros/jazzy/opt/gz_math_vendor:/opt/ros/jazzy/opt/gz_utils_vendor:/opt/ros/jazzy/opt/gz_tools_vendor:/opt/ros/jazzy/opt/gz_ogre_next_vendor:/opt/ros/jazzy/opt/gz_dartsim_vendor:/opt/ros/jazzy/opt/gz_cmake_vendor:/opt/ros/jazzy DEBUGINFOD_URLS=https://debuginfod.ubuntu.com /usr/bin/cmake /home/sang/ros2_ws/src/ros2_control_demos/example_2 -DAMENT_CMAKE_SYMLINK_INSTALL=1 -DCMAKE_INSTALL_PREFIX=/home/sang/ros2_ws/install/ros2_control_demo_example_2
[5.898s] Invoking command in '/home/sang/ros2_ws/build/ros2_control_demo_example_2': AMENT_PREFIX_PATH=/home/sang/ros2_ws/install/ros2_control_demo_description:${AMENT_PREFIX_PATH} CMAKE_PREFIX_PATH=/home/sang/ros2_ws/install/ros2_control_demo_description:/opt/ros/jazzy/opt/gz_sim_vendor:/opt/ros/jazzy/opt/gz_sensors_vendor:/opt/ros/jazzy/opt/gz_physics_vendor:/opt/ros/jazzy/opt/sdformat_vendor:/opt/ros/jazzy/opt/gz_gui_vendor:/opt/ros/jazzy/opt/gz_transport_vendor:/opt/ros/jazzy/opt/gz_rendering_vendor:/opt/ros/jazzy/opt/gz_plugin_vendor:/opt/ros/jazzy/opt/gz_fuel_tools_vendor:/opt/ros/jazzy/opt/gz_msgs_vendor:/opt/ros/jazzy/opt/gz_common_vendor:/opt/ros/jazzy/opt/gz_math_vendor:/opt/ros/jazzy/opt/gz_utils_vendor:/opt/ros/jazzy/opt/gz_tools_vendor:/opt/ros/jazzy/opt/gz_ogre_next_vendor:/opt/ros/jazzy/opt/gz_dartsim_vendor:/opt/ros/jazzy/opt/gz_cmake_vendor:/opt/ros/jazzy DEBUGINFOD_URLS=https://debuginfod.ubuntu.com /usr/bin/cmake --build /home/sang/ros2_ws/build/ros2_control_demo_example_2 -- -j2 -l2
[6.228s] [100%] Built target ros2_control_demo_example_2
[6.322s] Invoked command in '/home/sang/ros2_ws/build/ros2_control_demo_example_2' returned '0': AMENT_PREFIX_PATH=/home/sang/ros2_ws/install/ros2_control_demo_description:${AMENT_PREFIX_PATH} CMAKE_PREFIX_PATH=/home/sang/ros2_ws/install/ros2_control_demo_description:/opt/ros/jazzy/opt/gz_sim_vendor:/opt/ros/jazzy/opt/gz_sensors_vendor:/opt/ros/jazzy/opt/gz_physics_vendor:/opt/ros/jazzy/opt/sdformat_vendor:/opt/ros/jazzy/opt/gz_gui_vendor:/opt/ros/jazzy/opt/gz_transport_vendor:/opt/ros/jazzy/opt/gz_rendering_vendor:/opt/ros/jazzy/opt/gz_plugin_vendor:/opt/ros/jazzy/opt/gz_fuel_tools_vendor:/opt/ros/jazzy/opt/gz_msgs_vendor:/opt/ros/jazzy/opt/gz_common_vendor:/opt/ros/jazzy/opt/gz_math_vendor:/opt/ros/jazzy/opt/gz_utils_vendor:/opt/ros/jazzy/opt/gz_tools_vendor:/opt/ros/jazzy/opt/gz_ogre_next_vendor:/opt/ros/jazzy/opt/gz_dartsim_vendor:/opt/ros/jazzy/opt/gz_cmake_vendor:/opt/ros/jazzy DEBUGINFOD_URLS=https://debuginfod.ubuntu.com /usr/bin/cmake --build /home/sang/ros2_ws/build/ros2_control_demo_example_2 -- -j2 -l2
[6.335s] Invoking command in '/home/sang/ros2_ws/build/ros2_control_demo_example_2': AMENT_PREFIX_PATH=/home/sang/ros2_ws/install/ros2_control_demo_description:${AMENT_PREFIX_PATH} CMAKE_PREFIX_PATH=/home/sang/ros2_ws/install/ros2_control_demo_description:/opt/ros/jazzy/opt/gz_sim_vendor:/opt/ros/jazzy/opt/gz_sensors_vendor:/opt/ros/jazzy/opt/gz_physics_vendor:/opt/ros/jazzy/opt/sdformat_vendor:/opt/ros/jazzy/opt/gz_gui_vendor:/opt/ros/jazzy/opt/gz_transport_vendor:/opt/ros/jazzy/opt/gz_rendering_vendor:/opt/ros/jazzy/opt/gz_plugin_vendor:/opt/ros/jazzy/opt/gz_fuel_tools_vendor:/opt/ros/jazzy/opt/gz_msgs_vendor:/opt/ros/jazzy/opt/gz_common_vendor:/opt/ros/jazzy/opt/gz_math_vendor:/opt/ros/jazzy/opt/gz_utils_vendor:/opt/ros/jazzy/opt/gz_tools_vendor:/opt/ros/jazzy/opt/gz_ogre_next_vendor:/opt/ros/jazzy/opt/gz_dartsim_vendor:/opt/ros/jazzy/opt/gz_cmake_vendor:/opt/ros/jazzy DEBUGINFOD_URLS=https://debuginfod.ubuntu.com /usr/bin/cmake --install /home/sang/ros2_ws/build/ros2_control_demo_example_2
[6.400s] -- Install configuration: ""
[6.413s] -- Execute custom install script
[6.413s] -- Up-to-date symlink: /home/sang/ros2_ws/install/ros2_control_demo_example_2/share/ros2_control_demo_example_2//ros2_control_demo_example_2.xml
[6.421s] -- Up-to-date symlink: /home/sang/ros2_ws/install/ros2_control_demo_example_2/include/ros2_control_demo_example_2/ros2_control_demo_example_2/diffbot_system.hpp
[6.425s] -- Up-to-date symlink: /home/sang/ros2_ws/install/ros2_control_demo_example_2/share/ros2_control_demo_example_2/launch/view_robot.launch.py
[6.428s] -- Up-to-date symlink: /home/sang/ros2_ws/install/ros2_control_demo_example_2/share/ros2_control_demo_example_2/ros2_control/diffbot.ros2_control.xacro
[6.433s] -- Up-to-date symlink: /home/sang/ros2_ws/install/ros2_control_demo_example_2/share/ros2_control_demo_example_2/urdf/diffbot.urdf.xacro
[6.435s] -- Up-to-date symlink: /home/sang/ros2_ws/install/ros2_control_demo_example_2/share/ros2_control_demo_example_2/launch/diffbot.launch.py
[6.438s] -- Up-to-date symlink: /home/sang/ros2_ws/install/ros2_control_demo_example_2/share/ros2_control_demo_example_2/config/diffbot_controllers.yaml
[6.441s] -- Up-to-date symlink: /home/sang/ros2_ws/install/ros2_control_demo_example_2/share/ros2_control_demo_example_2/environment/library_path.sh
[6.442s] -- Up-to-date symlink: /home/sang/ros2_ws/install/ros2_control_demo_example_2/share/ros2_control_demo_example_2/environment/library_path.dsv
[6.444s] -- Up-to-date symlink: /home/sang/ros2_ws/install/ros2_control_demo_example_2/share/ament_index/resource_index/package_run_dependencies/ros2_control_demo_example_2
[6.447s] -- Up-to-date symlink: /home/sang/ros2_ws/install/ros2_control_demo_example_2/share/ament_index/resource_index/parent_prefix_path/ros2_control_demo_example_2
[6.449s] -- Up-to-date symlink: /home/sang/ros2_ws/install/ros2_control_demo_example_2/share/ros2_control_demo_example_2/environment/ament_prefix_path.sh
[6.451s] -- Up-to-date symlink: /home/sang/ros2_ws/install/ros2_control_demo_example_2/share/ros2_control_demo_example_2/environment/ament_prefix_path.dsv
[6.453s] -- Up-to-date symlink: /home/sang/ros2_ws/install/ros2_control_demo_example_2/share/ros2_control_demo_example_2/environment/path.sh
[6.454s] -- Up-to-date symlink: /home/sang/ros2_ws/install/ros2_control_demo_example_2/share/ros2_control_demo_example_2/environment/path.dsv
[6.455s] -- Up-to-date symlink: /home/sang/ros2_ws/install/ros2_control_demo_example_2/share/ros2_control_demo_example_2/local_setup.bash
[6.457s] -- Up-to-date symlink: /home/sang/ros2_ws/install/ros2_control_demo_example_2/share/ros2_control_demo_example_2/local_setup.sh
[6.459s] -- Up-to-date symlink: /home/sang/ros2_ws/install/ros2_control_demo_example_2/share/ros2_control_demo_example_2/local_setup.zsh
[6.462s] -- Up-to-date symlink: /home/sang/ros2_ws/install/ros2_control_demo_example_2/share/ros2_control_demo_example_2/local_setup.dsv
[6.462s] -- Symlinking: /home/sang/ros2_ws/install/ros2_control_demo_example_2/share/ros2_control_demo_example_2/package.dsv
[6.529s] -- Up-to-date symlink: /home/sang/ros2_ws/install/ros2_control_demo_example_2/share/ament_index/resource_index/packages/ros2_control_demo_example_2
[6.532s] -- Up-to-date symlink: /home/sang/ros2_ws/install/ros2_control_demo_example_2/share/ament_index/resource_index/hardware_interface__pluginlib__plugin/ros2_control_demo_example_2
[6.535s] -- Up-to-date symlink: /home/sang/ros2_ws/install/ros2_control_demo_example_2/share/ros2_control_demo_example_2/cmake/ament_cmake_export_targets-extras.cmake
[6.538s] -- Up-to-date symlink: /home/sang/ros2_ws/install/ros2_control_demo_example_2/share/ros2_control_demo_example_2/cmake/ament_cmake_export_dependencies-extras.cmake
[6.541s] -- Up-to-date symlink: /home/sang/ros2_ws/install/ros2_control_demo_example_2/share/ros2_control_demo_example_2/cmake/ros2_control_demo_example_2Config.cmake
[6.543s] -- Up-to-date symlink: /home/sang/ros2_ws/install/ros2_control_demo_example_2/share/ros2_control_demo_example_2/cmake/ros2_control_demo_example_2Config-version.cmake
[6.545s] -- Up-to-date symlink: /home/sang/ros2_ws/install/ros2_control_demo_example_2/share/ros2_control_demo_example_2/package.xml
[6.552s] -- Up-to-date: /home/sang/ros2_ws/install/ros2_control_demo_example_2/lib/libros2_control_demo_example_2.so
[6.555s] -- Up-to-date: /home/sang/ros2_ws/install/ros2_control_demo_example_2/share/ros2_control_demo_example_2/cmake/export_ros2_control_demo_example_2Export.cmake
[6.556s] -- Up-to-date: /home/sang/ros2_ws/install/ros2_control_demo_example_2/share/ros2_control_demo_example_2/cmake/export_ros2_control_demo_example_2Export-noconfig.cmake
[6.567s] Invoked command in '/home/sang/ros2_ws/build/ros2_control_demo_example_2' returned '0': AMENT_PREFIX_PATH=/home/sang/ros2_ws/install/ros2_control_demo_description:${AMENT_PREFIX_PATH} CMAKE_PREFIX_PATH=/home/sang/ros2_ws/install/ros2_control_demo_description:/opt/ros/jazzy/opt/gz_sim_vendor:/opt/ros/jazzy/opt/gz_sensors_vendor:/opt/ros/jazzy/opt/gz_physics_vendor:/opt/ros/jazzy/opt/sdformat_vendor:/opt/ros/jazzy/opt/gz_gui_vendor:/opt/ros/jazzy/opt/gz_transport_vendor:/opt/ros/jazzy/opt/gz_rendering_vendor:/opt/ros/jazzy/opt/gz_plugin_vendor:/opt/ros/jazzy/opt/gz_fuel_tools_vendor:/opt/ros/jazzy/opt/gz_msgs_vendor:/opt/ros/jazzy/opt/gz_common_vendor:/opt/ros/jazzy/opt/gz_math_vendor:/opt/ros/jazzy/opt/gz_utils_vendor:/opt/ros/jazzy/opt/gz_tools_vendor:/opt/ros/jazzy/opt/gz_ogre_next_vendor:/opt/ros/jazzy/opt/gz_dartsim_vendor:/opt/ros/jazzy/opt/gz_cmake_vendor:/opt/ros/jazzy DEBUGINFOD_URLS=https://debuginfod.ubuntu.com /usr/bin/cmake --install /home/sang/ros2_ws/build/ros2_control_demo_example_2
