-- Found ros2_control_cmake: 0.1.1 (/opt/ros/jazzy/share/ros2_control_cmake/cmake)
-- Compiler warnings enabled for GNU
-- Detected GCC Version: 13.3.0 (Major: 13, Minor: 3)
-- Found controller_manager: 4.27.0 (/opt/ros/jazzy/share/controller_manager/cmake)
-- Override CMake install command with custom implementation using symlinks instead of copying resources
-- Found rosidl_generator_c: 4.6.5 (/opt/ros/jazzy/share/rosidl_generator_c/cmake)
-- Found rosidl_generator_cpp: 4.6.5 (/opt/ros/jazzy/share/rosidl_generator_cpp/cmake)
-- Using all available rosidl_typesupport_c: rosidl_typesupport_fastrtps_c;rosidl_typesupport_introspection_c
-- Using all available rosidl_typesupport_cpp: rosidl_typesupport_fastrtps_cpp;rosidl_typesupport_introspection_cpp
-- Found rmw_implementation_cmake: 7.3.2 (/opt/ros/jazzy/share/rmw_implementation_cmake/cmake)
-- Found rmw_fastrtps_cpp: 8.4.2 (/opt/ros/jazzy/share/rmw_fastrtps_cpp/cmake)
-- Using RMW implementation 'rmw_fastrtps_cpp' as default
-- Found ament_cmake_ros: 0.12.0 (/opt/ros/jazzy/share/ament_cmake_ros/cmake)
-- Found launch_testing_ament_cmake: 3.4.4 (/opt/ros/jazzy/share/launch_testing_ament_cmake/cmake)
-- Found python_cmake_module: 0.11.1 (/opt/ros/jazzy/share/python_cmake_module/cmake)
-- Configuring done (4.6s)
-- Generating done (0.0s)
-- Build files have been written to: /home/sang/ros2_ws/build/ros2_control_demo_example_13
-- Install configuration: ""
-- Execute custom install script
-- Up-to-date symlink: /home/sang/ros2_ws/install/ros2_control_demo_example_13/share/ros2_control_demo_example_13/ros2_control/threedofbot.ros2_control.xacro
-- Up-to-date symlink: /home/sang/ros2_ws/install/ros2_control_demo_example_13/share/ros2_control_demo_example_13/urdf/three_robots.urdf.xacro
-- Up-to-date symlink: /home/sang/ros2_ws/install/ros2_control_demo_example_13/share/ros2_control_demo_example_13/rviz/three_robots.rviz
-- Up-to-date symlink: /home/sang/ros2_ws/install/ros2_control_demo_example_13/share/ros2_control_demo_example_13/launch/three_robots.launch.py
-- Up-to-date symlink: /home/sang/ros2_ws/install/ros2_control_demo_example_13/share/ros2_control_demo_example_13/config/three_robots_controllers.yaml
-- Up-to-date symlink: /home/sang/ros2_ws/install/ros2_control_demo_example_13/share/ros2_control_demo_example_13/config/three_robots_position_command_publishers.yaml
-- Up-to-date symlink: /home/sang/ros2_ws/install/ros2_control_demo_example_13/share/ament_index/resource_index/package_run_dependencies/ros2_control_demo_example_13
-- Up-to-date symlink: /home/sang/ros2_ws/install/ros2_control_demo_example_13/share/ament_index/resource_index/parent_prefix_path/ros2_control_demo_example_13
-- Up-to-date symlink: /home/sang/ros2_ws/install/ros2_control_demo_example_13/share/ros2_control_demo_example_13/environment/ament_prefix_path.sh
-- Up-to-date symlink: /home/sang/ros2_ws/install/ros2_control_demo_example_13/share/ros2_control_demo_example_13/environment/ament_prefix_path.dsv
-- Up-to-date symlink: /home/sang/ros2_ws/install/ros2_control_demo_example_13/share/ros2_control_demo_example_13/environment/path.sh
-- Up-to-date symlink: /home/sang/ros2_ws/install/ros2_control_demo_example_13/share/ros2_control_demo_example_13/environment/path.dsv
-- Up-to-date symlink: /home/sang/ros2_ws/install/ros2_control_demo_example_13/share/ros2_control_demo_example_13/local_setup.bash
-- Up-to-date symlink: /home/sang/ros2_ws/install/ros2_control_demo_example_13/share/ros2_control_demo_example_13/local_setup.sh
-- Up-to-date symlink: /home/sang/ros2_ws/install/ros2_control_demo_example_13/share/ros2_control_demo_example_13/local_setup.zsh
-- Up-to-date symlink: /home/sang/ros2_ws/install/ros2_control_demo_example_13/share/ros2_control_demo_example_13/local_setup.dsv
-- Symlinking: /home/sang/ros2_ws/install/ros2_control_demo_example_13/share/ros2_control_demo_example_13/package.dsv
-- Up-to-date symlink: /home/sang/ros2_ws/install/ros2_control_demo_example_13/share/ament_index/resource_index/packages/ros2_control_demo_example_13
-- Up-to-date symlink: /home/sang/ros2_ws/install/ros2_control_demo_example_13/share/ros2_control_demo_example_13/cmake/ros2_control_demo_example_13Config.cmake
-- Up-to-date symlink: /home/sang/ros2_ws/install/ros2_control_demo_example_13/share/ros2_control_demo_example_13/cmake/ros2_control_demo_example_13Config-version.cmake
-- Up-to-date symlink: /home/sang/ros2_ws/install/ros2_control_demo_example_13/share/ros2_control_demo_example_13/package.xml
