[0.089s] Invoking command in '/home/sang/ros2_ws/build/ros2_control_demo_description': CMAKE_PREFIX_PATH=${CMAKE_PREFIX_PATH}:/opt/ros/jazzy DEBUGINFOD_URLS=https://debuginfod.ubuntu.com /usr/bin/cmake /home/sang/ros2_ws/src/ros2_control_demos/ros2_control_demo_description -DCMAKE_INSTALL_PREFIX=/home/sang/ros2_ws/install/ros2_control_demo_description
[0.326s] -- Found ament_cmake: 2.5.3 (/opt/ros/jazzy/share/ament_cmake/cmake)
[1.612s] -- Override CMake install command with custom implementation using symlinks instead of copying resources
[2.296s] -- Configuring done (2.0s)
[2.338s] -- Generating done (0.0s)
[2.356s] -- Build files have been written to: /home/sang/ros2_ws/build/ros2_control_demo_description
[2.384s] Invoked command in '/home/sang/ros2_ws/build/ros2_control_demo_description' returned '0': CMAKE_PREFIX_PATH=${CMAKE_PREFIX_PATH}:/opt/ros/jazzy DEBUGINFOD_URLS=https://debuginfod.ubuntu.com /usr/bin/cmake /home/sang/ros2_ws/src/ros2_control_demos/ros2_control_demo_description -DCMAKE_INSTALL_PREFIX=/home/sang/ros2_ws/install/ros2_control_demo_description
[2.390s] Invoking command in '/home/sang/ros2_ws/build/ros2_control_demo_description': CMAKE_PREFIX_PATH=${CMAKE_PREFIX_PATH}:/opt/ros/jazzy DEBUGINFOD_URLS=https://debuginfod.ubuntu.com /usr/bin/cmake --build /home/sang/ros2_ws/build/ros2_control_demo_description -- -j2 -l2
[2.749s] Invoked command in '/home/sang/ros2_ws/build/ros2_control_demo_description' returned '0': CMAKE_PREFIX_PATH=${CMAKE_PREFIX_PATH}:/opt/ros/jazzy DEBUGINFOD_URLS=https://debuginfod.ubuntu.com /usr/bin/cmake --build /home/sang/ros2_ws/build/ros2_control_demo_description -- -j2 -l2
[2.868s] Invoking command in '/home/sang/ros2_ws/build/ros2_control_demo_description': CMAKE_PREFIX_PATH=${CMAKE_PREFIX_PATH}:/opt/ros/jazzy DEBUGINFOD_URLS=https://debuginfod.ubuntu.com /usr/bin/cmake --install /home/sang/ros2_ws/build/ros2_control_demo_description
[2.957s] -- Install configuration: ""
[2.962s] -- Execute custom install script
[2.968s] -- Up-to-date symlink: /home/sang/ros2_ws/install/ros2_control_demo_description/share/ros2_control_demo_description/rrbot/urdf/rrbot.materials.xacro
[2.969s] -- Up-to-date symlink: /home/sang/ros2_ws/install/ros2_control_demo_description/share/ros2_control_demo_description/rrbot/urdf/rrbot_description.urdf.xacro
[2.976s] -- Up-to-date symlink: /home/sang/ros2_ws/install/ros2_control_demo_description/share/ros2_control_demo_description/rrbot/rviz/rrbot.rviz
[2.981s] -- Up-to-date symlink: /home/sang/ros2_ws/install/ros2_control_demo_description/share/ros2_control_demo_description/diffbot/urdf/diffbot.materials.xacro
[2.984s] -- Up-to-date symlink: /home/sang/ros2_ws/install/ros2_control_demo_description/share/ros2_control_demo_description/diffbot/urdf/diffbot_description.urdf.xacro
[2.987s] -- Up-to-date symlink: /home/sang/ros2_ws/install/ros2_control_demo_description/share/ros2_control_demo_description/diffbot/rviz/diffbot.rviz
[2.991s] -- Up-to-date symlink: /home/sang/ros2_ws/install/ros2_control_demo_description/share/ros2_control_demo_description/diffbot/rviz/diffbot_view.rviz
[3.000s] -- Up-to-date symlink: /home/sang/ros2_ws/install/ros2_control_demo_description/share/ros2_control_demo_description/carlikebot/urdf/carlikebot.materials.xacro
[3.002s] -- Up-to-date symlink: /home/sang/ros2_ws/install/ros2_control_demo_description/share/ros2_control_demo_description/carlikebot/urdf/carlikebot_description.urdf.xacro
[3.005s] -- Up-to-date symlink: /home/sang/ros2_ws/install/ros2_control_demo_description/share/ros2_control_demo_description/carlikebot/rviz/carlikebot.rviz
[3.008s] -- Up-to-date symlink: /home/sang/ros2_ws/install/ros2_control_demo_description/share/ros2_control_demo_description/carlikebot/rviz/carlikebot_view.rviz
[3.011s] -- Up-to-date symlink: /home/sang/ros2_ws/install/ros2_control_demo_description/share/ros2_control_demo_description/r3bot/urdf/threedofbot_description.urdf.xacro
[3.016s] -- Up-to-date symlink: /home/sang/ros2_ws/install/ros2_control_demo_description/share/ros2_control_demo_description/r6bot/meshes/collision/link_0.stl
[3.018s] -- Up-to-date symlink: /home/sang/ros2_ws/install/ros2_control_demo_description/share/ros2_control_demo_description/r6bot/meshes/collision/link_1.stl
[3.022s] -- Up-to-date symlink: /home/sang/ros2_ws/install/ros2_control_demo_description/share/ros2_control_demo_description/r6bot/meshes/collision/link_2.stl
[3.024s] -- Up-to-date symlink: /home/sang/ros2_ws/install/ros2_control_demo_description/share/ros2_control_demo_description/r6bot/meshes/collision/link_3.stl
[3.026s] -- Up-to-date symlink: /home/sang/ros2_ws/install/ros2_control_demo_description/share/ros2_control_demo_description/r6bot/meshes/collision/link_4.stl
[3.029s] -- Up-to-date symlink: /home/sang/ros2_ws/install/ros2_control_demo_description/share/ros2_control_demo_description/r6bot/meshes/collision/link_5.stl
[3.031s] -- Up-to-date symlink: /home/sang/ros2_ws/install/ros2_control_demo_description/share/ros2_control_demo_description/r6bot/meshes/collision/link_6.stl
[3.035s] -- Up-to-date symlink: /home/sang/ros2_ws/install/ros2_control_demo_description/share/ros2_control_demo_description/r6bot/meshes/visual/link_0.dae
[3.035s] -- Up-to-date symlink: /home/sang/ros2_ws/install/ros2_control_demo_description/share/ros2_control_demo_description/r6bot/meshes/visual/link_1.dae
[3.039s] -- Up-to-date symlink: /home/sang/ros2_ws/install/ros2_control_demo_description/share/ros2_control_demo_description/r6bot/meshes/visual/link_2.dae
[3.041s] -- Up-to-date symlink: /home/sang/ros2_ws/install/ros2_control_demo_description/share/ros2_control_demo_description/r6bot/meshes/visual/link_3.dae
[3.044s] -- Up-to-date symlink: /home/sang/ros2_ws/install/ros2_control_demo_description/share/ros2_control_demo_description/r6bot/meshes/visual/link_4.dae
[3.049s] -- Up-to-date symlink: /home/sang/ros2_ws/install/ros2_control_demo_description/share/ros2_control_demo_description/r6bot/meshes/visual/link_5.dae
[3.050s] -- Up-to-date symlink: /home/sang/ros2_ws/install/ros2_control_demo_description/share/ros2_control_demo_description/r6bot/meshes/visual/link_6.dae
[3.054s] -- Up-to-date symlink: /home/sang/ros2_ws/install/ros2_control_demo_description/share/ros2_control_demo_description/r6bot/srdf/r6bot.srdf
[3.059s] -- Up-to-date symlink: /home/sang/ros2_ws/install/ros2_control_demo_description/share/ros2_control_demo_description/r6bot/urdf/inc/create_link.xacro
[3.064s] -- Up-to-date symlink: /home/sang/ros2_ws/install/ros2_control_demo_description/share/ros2_control_demo_description/r6bot/urdf/r6bot_description.urdf.xacro
[3.069s] -- Up-to-date symlink: /home/sang/ros2_ws/install/ros2_control_demo_description/share/ros2_control_demo_description/r6bot/rviz/view_robot.rviz
[3.073s] -- Up-to-date symlink: /home/sang/ros2_ws/install/ros2_control_demo_description/share/ament_index/resource_index/package_run_dependencies/ros2_control_demo_description
[3.079s] -- Up-to-date symlink: /home/sang/ros2_ws/install/ros2_control_demo_description/share/ament_index/resource_index/parent_prefix_path/ros2_control_demo_description
[3.083s] -- Up-to-date symlink: /home/sang/ros2_ws/install/ros2_control_demo_description/share/ros2_control_demo_description/environment/ament_prefix_path.sh
[3.085s] -- Up-to-date symlink: /home/sang/ros2_ws/install/ros2_control_demo_description/share/ros2_control_demo_description/environment/ament_prefix_path.dsv
[3.088s] -- Up-to-date symlink: /home/sang/ros2_ws/install/ros2_control_demo_description/share/ros2_control_demo_description/environment/path.sh
[3.098s] -- Up-to-date symlink: /home/sang/ros2_ws/install/ros2_control_demo_description/share/ros2_control_demo_description/environment/path.dsv
[3.099s] -- Up-to-date symlink: /home/sang/ros2_ws/install/ros2_control_demo_description/share/ros2_control_demo_description/local_setup.bash
[3.108s] -- Up-to-date symlink: /home/sang/ros2_ws/install/ros2_control_demo_description/share/ros2_control_demo_description/local_setup.sh
[3.111s] -- Up-to-date symlink: /home/sang/ros2_ws/install/ros2_control_demo_description/share/ros2_control_demo_description/local_setup.zsh
[3.114s] -- Up-to-date symlink: /home/sang/ros2_ws/install/ros2_control_demo_description/share/ros2_control_demo_description/local_setup.dsv
[3.114s] -- Symlinking: /home/sang/ros2_ws/install/ros2_control_demo_description/share/ros2_control_demo_description/package.dsv
[3.212s] -- Up-to-date symlink: /home/sang/ros2_ws/install/ros2_control_demo_description/share/ament_index/resource_index/packages/ros2_control_demo_description
[3.212s] -- Up-to-date symlink: /home/sang/ros2_ws/install/ros2_control_demo_description/share/ros2_control_demo_description/cmake/ros2_control_demo_descriptionConfig.cmake
[3.215s] -- Up-to-date symlink: /home/sang/ros2_ws/install/ros2_control_demo_description/share/ros2_control_demo_description/cmake/ros2_control_demo_descriptionConfig-version.cmake
[3.219s] -- Up-to-date symlink: /home/sang/ros2_ws/install/ros2_control_demo_description/share/ros2_control_demo_description/package.xml
[3.226s] Invoked command in '/home/sang/ros2_ws/build/ros2_control_demo_description' returned '0': CMAKE_PREFIX_PATH=${CMAKE_PREFIX_PATH}:/opt/ros/jazzy DEBUGINFOD_URLS=https://debuginfod.ubuntu.com /usr/bin/cmake --install /home/sang/ros2_ws/build/ros2_control_demo_description
