[0.073s] Invoking command in '/home/sang/ros2_ws/build/ros2_control_demo_example_4': AMENT_PREFIX_PATH=/home/sang/ros2_ws/install/ros2_control_demo_description:${AMENT_PREFIX_PATH} CMAKE_PREFIX_PATH=/home/sang/ros2_ws/install/ros2_control_demo_description:/opt/ros/jazzy/opt/gz_sim_vendor:/opt/ros/jazzy/opt/gz_sensors_vendor:/opt/ros/jazzy/opt/gz_physics_vendor:/opt/ros/jazzy/opt/sdformat_vendor:/opt/ros/jazzy/opt/gz_gui_vendor:/opt/ros/jazzy/opt/gz_transport_vendor:/opt/ros/jazzy/opt/gz_rendering_vendor:/opt/ros/jazzy/opt/gz_plugin_vendor:/opt/ros/jazzy/opt/gz_fuel_tools_vendor:/opt/ros/jazzy/opt/gz_msgs_vendor:/opt/ros/jazzy/opt/gz_common_vendor:/opt/ros/jazzy/opt/gz_math_vendor:/opt/ros/jazzy/opt/gz_utils_vendor:/opt/ros/jazzy/opt/gz_tools_vendor:/opt/ros/jazzy/opt/gz_ogre_next_vendor:/opt/ros/jazzy/opt/gz_dartsim_vendor:/opt/ros/jazzy/opt/gz_cmake_vendor:/opt/ros/jazzy DEBUGINFOD_URLS=https://debuginfod.ubuntu.com /usr/bin/cmake --build /home/sang/ros2_ws/build/ros2_control_demo_example_4 -- -j2 -l2
[0.498s] [100%] Built target ros2_control_demo_example_4
[0.578s] Invoked command in '/home/sang/ros2_ws/build/ros2_control_demo_example_4' returned '0': AMENT_PREFIX_PATH=/home/sang/ros2_ws/install/ros2_control_demo_description:${AMENT_PREFIX_PATH} CMAKE_PREFIX_PATH=/home/sang/ros2_ws/install/ros2_control_demo_description:/opt/ros/jazzy/opt/gz_sim_vendor:/opt/ros/jazzy/opt/gz_sensors_vendor:/opt/ros/jazzy/opt/gz_physics_vendor:/opt/ros/jazzy/opt/sdformat_vendor:/opt/ros/jazzy/opt/gz_gui_vendor:/opt/ros/jazzy/opt/gz_transport_vendor:/opt/ros/jazzy/opt/gz_rendering_vendor:/opt/ros/jazzy/opt/gz_plugin_vendor:/opt/ros/jazzy/opt/gz_fuel_tools_vendor:/opt/ros/jazzy/opt/gz_msgs_vendor:/opt/ros/jazzy/opt/gz_common_vendor:/opt/ros/jazzy/opt/gz_math_vendor:/opt/ros/jazzy/opt/gz_utils_vendor:/opt/ros/jazzy/opt/gz_tools_vendor:/opt/ros/jazzy/opt/gz_ogre_next_vendor:/opt/ros/jazzy/opt/gz_dartsim_vendor:/opt/ros/jazzy/opt/gz_cmake_vendor:/opt/ros/jazzy DEBUGINFOD_URLS=https://debuginfod.ubuntu.com /usr/bin/cmake --build /home/sang/ros2_ws/build/ros2_control_demo_example_4 -- -j2 -l2
[0.590s] Invoking command in '/home/sang/ros2_ws/build/ros2_control_demo_example_4': AMENT_PREFIX_PATH=/home/sang/ros2_ws/install/ros2_control_demo_description:${AMENT_PREFIX_PATH} CMAKE_PREFIX_PATH=/home/sang/ros2_ws/install/ros2_control_demo_description:/opt/ros/jazzy/opt/gz_sim_vendor:/opt/ros/jazzy/opt/gz_sensors_vendor:/opt/ros/jazzy/opt/gz_physics_vendor:/opt/ros/jazzy/opt/sdformat_vendor:/opt/ros/jazzy/opt/gz_gui_vendor:/opt/ros/jazzy/opt/gz_transport_vendor:/opt/ros/jazzy/opt/gz_rendering_vendor:/opt/ros/jazzy/opt/gz_plugin_vendor:/opt/ros/jazzy/opt/gz_fuel_tools_vendor:/opt/ros/jazzy/opt/gz_msgs_vendor:/opt/ros/jazzy/opt/gz_common_vendor:/opt/ros/jazzy/opt/gz_math_vendor:/opt/ros/jazzy/opt/gz_utils_vendor:/opt/ros/jazzy/opt/gz_tools_vendor:/opt/ros/jazzy/opt/gz_ogre_next_vendor:/opt/ros/jazzy/opt/gz_dartsim_vendor:/opt/ros/jazzy/opt/gz_cmake_vendor:/opt/ros/jazzy DEBUGINFOD_URLS=https://debuginfod.ubuntu.com /usr/bin/cmake --install /home/sang/ros2_ws/build/ros2_control_demo_example_4
[0.666s] -- Install configuration: ""
[0.668s] -- Execute custom install script
[0.673s] -- Up-to-date symlink: /home/sang/ros2_ws/install/ros2_control_demo_example_4/share/ros2_control_demo_example_4//ros2_control_demo_example_4.xml
[0.682s] -- Up-to-date symlink: /home/sang/ros2_ws/install/ros2_control_demo_example_4/include/ros2_control_demo_example_4/ros2_control_demo_example_4/rrbot_system_with_sensor.hpp
[0.683s] -- Up-to-date symlink: /home/sang/ros2_ws/install/ros2_control_demo_example_4/share/ros2_control_demo_example_4/launch/view_robot.launch.py
[0.685s] -- Up-to-date symlink: /home/sang/ros2_ws/install/ros2_control_demo_example_4/share/ros2_control_demo_example_4/ros2_control/rrbot_system_with_sensor.ros2_control.xacro
[0.690s] -- Up-to-date symlink: /home/sang/ros2_ws/install/ros2_control_demo_example_4/share/ros2_control_demo_example_4/urdf/rrbot_system_with_sensor.urdf.xacro
[0.691s] -- Up-to-date symlink: /home/sang/ros2_ws/install/ros2_control_demo_example_4/share/ros2_control_demo_example_4/rviz/rrbot.rviz
[0.695s] -- Up-to-date symlink: /home/sang/ros2_ws/install/ros2_control_demo_example_4/share/ros2_control_demo_example_4/launch/rrbot_system_with_sensor.launch.py
[0.696s] -- Up-to-date symlink: /home/sang/ros2_ws/install/ros2_control_demo_example_4/share/ros2_control_demo_example_4/launch/test_forward_position_controller.launch.py
[0.700s] -- Up-to-date symlink: /home/sang/ros2_ws/install/ros2_control_demo_example_4/share/ros2_control_demo_example_4/config/rrbot_forward_position_publisher.yaml
[0.702s] -- Up-to-date symlink: /home/sang/ros2_ws/install/ros2_control_demo_example_4/share/ros2_control_demo_example_4/config/rrbot_with_sensor_controllers.yaml
[0.705s] -- Up-to-date symlink: /home/sang/ros2_ws/install/ros2_control_demo_example_4/share/ros2_control_demo_example_4/environment/library_path.sh
[0.707s] -- Up-to-date symlink: /home/sang/ros2_ws/install/ros2_control_demo_example_4/share/ros2_control_demo_example_4/environment/library_path.dsv
[0.713s] -- Up-to-date symlink: /home/sang/ros2_ws/install/ros2_control_demo_example_4/share/ament_index/resource_index/package_run_dependencies/ros2_control_demo_example_4
[0.715s] -- Up-to-date symlink: /home/sang/ros2_ws/install/ros2_control_demo_example_4/share/ament_index/resource_index/parent_prefix_path/ros2_control_demo_example_4
[0.717s] -- Up-to-date symlink: /home/sang/ros2_ws/install/ros2_control_demo_example_4/share/ros2_control_demo_example_4/environment/ament_prefix_path.sh
[0.720s] -- Up-to-date symlink: /home/sang/ros2_ws/install/ros2_control_demo_example_4/share/ros2_control_demo_example_4/environment/ament_prefix_path.dsv
[0.722s] -- Up-to-date symlink: /home/sang/ros2_ws/install/ros2_control_demo_example_4/share/ros2_control_demo_example_4/environment/path.sh
[0.724s] -- Up-to-date symlink: /home/sang/ros2_ws/install/ros2_control_demo_example_4/share/ros2_control_demo_example_4/environment/path.dsv
[0.727s] -- Up-to-date symlink: /home/sang/ros2_ws/install/ros2_control_demo_example_4/share/ros2_control_demo_example_4/local_setup.bash
[0.729s] -- Up-to-date symlink: /home/sang/ros2_ws/install/ros2_control_demo_example_4/share/ros2_control_demo_example_4/local_setup.sh
[0.732s] -- Up-to-date symlink: /home/sang/ros2_ws/install/ros2_control_demo_example_4/share/ros2_control_demo_example_4/local_setup.zsh
[0.736s] -- Up-to-date symlink: /home/sang/ros2_ws/install/ros2_control_demo_example_4/share/ros2_control_demo_example_4/local_setup.dsv
[0.737s] -- Symlinking: /home/sang/ros2_ws/install/ros2_control_demo_example_4/share/ros2_control_demo_example_4/package.dsv
[0.792s] -- Up-to-date symlink: /home/sang/ros2_ws/install/ros2_control_demo_example_4/share/ament_index/resource_index/packages/ros2_control_demo_example_4
[0.793s] -- Up-to-date symlink: /home/sang/ros2_ws/install/ros2_control_demo_example_4/share/ament_index/resource_index/hardware_interface__pluginlib__plugin/ros2_control_demo_example_4
[0.795s] -- Up-to-date symlink: /home/sang/ros2_ws/install/ros2_control_demo_example_4/share/ros2_control_demo_example_4/cmake/ament_cmake_export_targets-extras.cmake
[0.797s] -- Up-to-date symlink: /home/sang/ros2_ws/install/ros2_control_demo_example_4/share/ros2_control_demo_example_4/cmake/ament_cmake_export_dependencies-extras.cmake
[0.798s] -- Up-to-date symlink: /home/sang/ros2_ws/install/ros2_control_demo_example_4/share/ros2_control_demo_example_4/cmake/ros2_control_demo_example_4Config.cmake
[0.801s] -- Up-to-date symlink: /home/sang/ros2_ws/install/ros2_control_demo_example_4/share/ros2_control_demo_example_4/cmake/ros2_control_demo_example_4Config-version.cmake
[0.803s] -- Up-to-date symlink: /home/sang/ros2_ws/install/ros2_control_demo_example_4/share/ros2_control_demo_example_4/package.xml
[0.810s] -- Up-to-date: /home/sang/ros2_ws/install/ros2_control_demo_example_4/lib/libros2_control_demo_example_4.so
[0.816s] -- Up-to-date: /home/sang/ros2_ws/install/ros2_control_demo_example_4/share/ros2_control_demo_example_4/cmake/export_ros2_control_demo_example_4Export.cmake
[0.818s] -- Up-to-date: /home/sang/ros2_ws/install/ros2_control_demo_example_4/share/ros2_control_demo_example_4/cmake/export_ros2_control_demo_example_4Export-noconfig.cmake
[0.828s] Invoked command in '/home/sang/ros2_ws/build/ros2_control_demo_example_4' returned '0': AMENT_PREFIX_PATH=/home/sang/ros2_ws/install/ros2_control_demo_description:${AMENT_PREFIX_PATH} CMAKE_PREFIX_PATH=/home/sang/ros2_ws/install/ros2_control_demo_description:/opt/ros/jazzy/opt/gz_sim_vendor:/opt/ros/jazzy/opt/gz_sensors_vendor:/opt/ros/jazzy/opt/gz_physics_vendor:/opt/ros/jazzy/opt/sdformat_vendor:/opt/ros/jazzy/opt/gz_gui_vendor:/opt/ros/jazzy/opt/gz_transport_vendor:/opt/ros/jazzy/opt/gz_rendering_vendor:/opt/ros/jazzy/opt/gz_plugin_vendor:/opt/ros/jazzy/opt/gz_fuel_tools_vendor:/opt/ros/jazzy/opt/gz_msgs_vendor:/opt/ros/jazzy/opt/gz_common_vendor:/opt/ros/jazzy/opt/gz_math_vendor:/opt/ros/jazzy/opt/gz_utils_vendor:/opt/ros/jazzy/opt/gz_tools_vendor:/opt/ros/jazzy/opt/gz_ogre_next_vendor:/opt/ros/jazzy/opt/gz_dartsim_vendor:/opt/ros/jazzy/opt/gz_cmake_vendor:/opt/ros/jazzy DEBUGINFOD_URLS=https://debuginfod.ubuntu.com /usr/bin/cmake --install /home/sang/ros2_ws/build/ros2_control_demo_example_4
