[0.078s] Invoking command in '/home/sang/ros2_ws/build/ros2_control_demo_example_1': CMAKE_PREFIX_PATH=/home/sang/ros2_ws/install/ros2_control_demo_description:/home/sang/ros2_ws/install/diffbot_description:/home/sang/ros2_ws/install/mec_mobile:/home/sang/ros2_ws/install/mec_mobile_description:/home/sang/ros2_ws/install/ros2_control_demos:/home/sang/ros2_ws/install/ros2_control_demo_example_9:/home/sang/ros2_ws/install/ros2_control_demo_example_8:/home/sang/ros2_ws/install/ros2_control_demo_example_7:/home/sang/ros2_ws/install/ros2_control_demo_example_6:/home/sang/ros2_ws/install/ros2_control_demo_example_15:/home/sang/ros2_ws/install/ros2_control_demo_example_13:/home/sang/ros2_ws/install/ros2_control_demo_example_5:/home/sang/ros2_ws/install/ros2_control_demo_example_4:/home/sang/ros2_ws/install/ros2_control_demo_example_3:/home/sang/ros2_ws/install/ros2_control_demo_example_2:/home/sang/ros2_ws/install/ros2_control_demo_example_16:/home/sang/ros2_ws/install/ros2_control_demo_example_14:/home/sang/ros2_ws/install/ros2_control_demo_example_12:/home/sang/ros2_ws/install/ros2_control_demo_example_11:/home/sang/ros2_ws/install/ros2_control_demo_example_10:/home/sang/ros2_ws/install/ros2_control_demo_example_1:/opt/ros/jazzy/opt/gz_sim_vendor:/opt/ros/jazzy/opt/gz_sensors_vendor:/opt/ros/jazzy/opt/gz_physics_vendor:/opt/ros/jazzy/opt/sdformat_vendor:/opt/ros/jazzy/opt/gz_gui_vendor:/opt/ros/jazzy/opt/gz_transport_vendor:/opt/ros/jazzy/opt/gz_rendering_vendor:/opt/ros/jazzy/opt/gz_plugin_vendor:/opt/ros/jazzy/opt/gz_fuel_tools_vendor:/opt/ros/jazzy/opt/gz_msgs_vendor:/opt/ros/jazzy/opt/gz_common_vendor:/opt/ros/jazzy/opt/gz_math_vendor:/opt/ros/jazzy/opt/gz_utils_vendor:/opt/ros/jazzy/opt/gz_tools_vendor:/opt/ros/jazzy/opt/gz_ogre_next_vendor:/opt/ros/jazzy/opt/gz_dartsim_vendor:/opt/ros/jazzy/opt/gz_cmake_vendor:/opt/ros/jazzy DEBUGINFOD_URLS=https://debuginfod.ubuntu.com /usr/bin/cmake --build /home/sang/ros2_ws/build/ros2_control_demo_example_1 -- -j2 -l2
[0.549s] [100%] Built target ros2_control_demo_example_1
[0.615s] Invoked command in '/home/sang/ros2_ws/build/ros2_control_demo_example_1' returned '0': CMAKE_PREFIX_PATH=/home/sang/ros2_ws/install/ros2_control_demo_description:/home/sang/ros2_ws/install/diffbot_description:/home/sang/ros2_ws/install/mec_mobile:/home/sang/ros2_ws/install/mec_mobile_description:/home/sang/ros2_ws/install/ros2_control_demos:/home/sang/ros2_ws/install/ros2_control_demo_example_9:/home/sang/ros2_ws/install/ros2_control_demo_example_8:/home/sang/ros2_ws/install/ros2_control_demo_example_7:/home/sang/ros2_ws/install/ros2_control_demo_example_6:/home/sang/ros2_ws/install/ros2_control_demo_example_15:/home/sang/ros2_ws/install/ros2_control_demo_example_13:/home/sang/ros2_ws/install/ros2_control_demo_example_5:/home/sang/ros2_ws/install/ros2_control_demo_example_4:/home/sang/ros2_ws/install/ros2_control_demo_example_3:/home/sang/ros2_ws/install/ros2_control_demo_example_2:/home/sang/ros2_ws/install/ros2_control_demo_example_16:/home/sang/ros2_ws/install/ros2_control_demo_example_14:/home/sang/ros2_ws/install/ros2_control_demo_example_12:/home/sang/ros2_ws/install/ros2_control_demo_example_11:/home/sang/ros2_ws/install/ros2_control_demo_example_10:/home/sang/ros2_ws/install/ros2_control_demo_example_1:/opt/ros/jazzy/opt/gz_sim_vendor:/opt/ros/jazzy/opt/gz_sensors_vendor:/opt/ros/jazzy/opt/gz_physics_vendor:/opt/ros/jazzy/opt/sdformat_vendor:/opt/ros/jazzy/opt/gz_gui_vendor:/opt/ros/jazzy/opt/gz_transport_vendor:/opt/ros/jazzy/opt/gz_rendering_vendor:/opt/ros/jazzy/opt/gz_plugin_vendor:/opt/ros/jazzy/opt/gz_fuel_tools_vendor:/opt/ros/jazzy/opt/gz_msgs_vendor:/opt/ros/jazzy/opt/gz_common_vendor:/opt/ros/jazzy/opt/gz_math_vendor:/opt/ros/jazzy/opt/gz_utils_vendor:/opt/ros/jazzy/opt/gz_tools_vendor:/opt/ros/jazzy/opt/gz_ogre_next_vendor:/opt/ros/jazzy/opt/gz_dartsim_vendor:/opt/ros/jazzy/opt/gz_cmake_vendor:/opt/ros/jazzy DEBUGINFOD_URLS=https://debuginfod.ubuntu.com /usr/bin/cmake --build /home/sang/ros2_ws/build/ros2_control_demo_example_1 -- -j2 -l2
[0.618s] Invoking command in '/home/sang/ros2_ws/build/ros2_control_demo_example_1': CMAKE_PREFIX_PATH=/home/sang/ros2_ws/install/ros2_control_demo_description:/home/sang/ros2_ws/install/diffbot_description:/home/sang/ros2_ws/install/mec_mobile:/home/sang/ros2_ws/install/mec_mobile_description:/home/sang/ros2_ws/install/ros2_control_demos:/home/sang/ros2_ws/install/ros2_control_demo_example_9:/home/sang/ros2_ws/install/ros2_control_demo_example_8:/home/sang/ros2_ws/install/ros2_control_demo_example_7:/home/sang/ros2_ws/install/ros2_control_demo_example_6:/home/sang/ros2_ws/install/ros2_control_demo_example_15:/home/sang/ros2_ws/install/ros2_control_demo_example_13:/home/sang/ros2_ws/install/ros2_control_demo_example_5:/home/sang/ros2_ws/install/ros2_control_demo_example_4:/home/sang/ros2_ws/install/ros2_control_demo_example_3:/home/sang/ros2_ws/install/ros2_control_demo_example_2:/home/sang/ros2_ws/install/ros2_control_demo_example_16:/home/sang/ros2_ws/install/ros2_control_demo_example_14:/home/sang/ros2_ws/install/ros2_control_demo_example_12:/home/sang/ros2_ws/install/ros2_control_demo_example_11:/home/sang/ros2_ws/install/ros2_control_demo_example_10:/home/sang/ros2_ws/install/ros2_control_demo_example_1:/opt/ros/jazzy/opt/gz_sim_vendor:/opt/ros/jazzy/opt/gz_sensors_vendor:/opt/ros/jazzy/opt/gz_physics_vendor:/opt/ros/jazzy/opt/sdformat_vendor:/opt/ros/jazzy/opt/gz_gui_vendor:/opt/ros/jazzy/opt/gz_transport_vendor:/opt/ros/jazzy/opt/gz_rendering_vendor:/opt/ros/jazzy/opt/gz_plugin_vendor:/opt/ros/jazzy/opt/gz_fuel_tools_vendor:/opt/ros/jazzy/opt/gz_msgs_vendor:/opt/ros/jazzy/opt/gz_common_vendor:/opt/ros/jazzy/opt/gz_math_vendor:/opt/ros/jazzy/opt/gz_utils_vendor:/opt/ros/jazzy/opt/gz_tools_vendor:/opt/ros/jazzy/opt/gz_ogre_next_vendor:/opt/ros/jazzy/opt/gz_dartsim_vendor:/opt/ros/jazzy/opt/gz_cmake_vendor:/opt/ros/jazzy DEBUGINFOD_URLS=https://debuginfod.ubuntu.com /usr/bin/cmake --install /home/sang/ros2_ws/build/ros2_control_demo_example_1
[0.671s] -- Install configuration: ""
[0.672s] -- Execute custom install script
[0.674s] -- Up-to-date symlink: /home/sang/ros2_ws/install/ros2_control_demo_example_1/share/ros2_control_demo_example_1//ros2_control_demo_example_1.xml
[0.678s] -- Up-to-date symlink: /home/sang/ros2_ws/install/ros2_control_demo_example_1/include/ros2_control_demo_example_1/ros2_control_demo_example_1/rrbot.hpp
[0.680s] -- Up-to-date symlink: /home/sang/ros2_ws/install/ros2_control_demo_example_1/share/ros2_control_demo_example_1/launch/view_robot.launch.py
[0.683s] -- Up-to-date symlink: /home/sang/ros2_ws/install/ros2_control_demo_example_1/share/ros2_control_demo_example_1/ros2_control/rrbot.ros2_control.xacro
[0.685s] -- Up-to-date symlink: /home/sang/ros2_ws/install/ros2_control_demo_example_1/share/ros2_control_demo_example_1/urdf/rrbot.urdf.xacro
[0.687s] -- Up-to-date symlink: /home/sang/ros2_ws/install/ros2_control_demo_example_1/share/ros2_control_demo_example_1/launch/rrbot.launch.py
[0.691s] -- Up-to-date symlink: /home/sang/ros2_ws/install/ros2_control_demo_example_1/share/ros2_control_demo_example_1/launch/test_forward_position_controller.launch.py
[0.692s] -- Up-to-date symlink: /home/sang/ros2_ws/install/ros2_control_demo_example_1/share/ros2_control_demo_example_1/launch/test_joint_trajectory_controller.launch.py
[0.694s] -- Up-to-date symlink: /home/sang/ros2_ws/install/ros2_control_demo_example_1/share/ros2_control_demo_example_1/config/rrbot_controllers.yaml
[0.696s] -- Up-to-date symlink: /home/sang/ros2_ws/install/ros2_control_demo_example_1/share/ros2_control_demo_example_1/config/rrbot_forward_position_publisher.yaml
[0.699s] -- Up-to-date symlink: /home/sang/ros2_ws/install/ros2_control_demo_example_1/share/ros2_control_demo_example_1/config/rrbot_joint_trajectory_publisher.yaml
[0.700s] -- Up-to-date symlink: /home/sang/ros2_ws/install/ros2_control_demo_example_1/share/ros2_control_demo_example_1/config/rrbot_jtc.yaml
[0.704s] -- Up-to-date symlink: /home/sang/ros2_ws/install/ros2_control_demo_example_1/share/ros2_control_demo_example_1/environment/library_path.sh
[0.704s] -- Up-to-date symlink: /home/sang/ros2_ws/install/ros2_control_demo_example_1/share/ros2_control_demo_example_1/environment/library_path.dsv
[0.705s] -- Up-to-date symlink: /home/sang/ros2_ws/install/ros2_control_demo_example_1/share/ament_index/resource_index/package_run_dependencies/ros2_control_demo_example_1
[0.707s] -- Up-to-date symlink: /home/sang/ros2_ws/install/ros2_control_demo_example_1/share/ament_index/resource_index/parent_prefix_path/ros2_control_demo_example_1
[0.708s] -- Up-to-date symlink: /home/sang/ros2_ws/install/ros2_control_demo_example_1/share/ros2_control_demo_example_1/environment/ament_prefix_path.sh
[0.710s] -- Up-to-date symlink: /home/sang/ros2_ws/install/ros2_control_demo_example_1/share/ros2_control_demo_example_1/environment/ament_prefix_path.dsv
[0.711s] -- Up-to-date symlink: /home/sang/ros2_ws/install/ros2_control_demo_example_1/share/ros2_control_demo_example_1/environment/path.sh
[0.712s] -- Up-to-date symlink: /home/sang/ros2_ws/install/ros2_control_demo_example_1/share/ros2_control_demo_example_1/environment/path.dsv
[0.713s] -- Up-to-date symlink: /home/sang/ros2_ws/install/ros2_control_demo_example_1/share/ros2_control_demo_example_1/local_setup.bash
[0.716s] -- Up-to-date symlink: /home/sang/ros2_ws/install/ros2_control_demo_example_1/share/ros2_control_demo_example_1/local_setup.sh
[0.716s] -- Up-to-date symlink: /home/sang/ros2_ws/install/ros2_control_demo_example_1/share/ros2_control_demo_example_1/local_setup.zsh
[0.717s] -- Up-to-date symlink: /home/sang/ros2_ws/install/ros2_control_demo_example_1/share/ros2_control_demo_example_1/local_setup.dsv
[0.719s] -- Symlinking: /home/sang/ros2_ws/install/ros2_control_demo_example_1/share/ros2_control_demo_example_1/package.dsv
[0.787s] -- Up-to-date symlink: /home/sang/ros2_ws/install/ros2_control_demo_example_1/share/ament_index/resource_index/packages/ros2_control_demo_example_1
[0.789s] -- Up-to-date symlink: /home/sang/ros2_ws/install/ros2_control_demo_example_1/share/ament_index/resource_index/hardware_interface__pluginlib__plugin/ros2_control_demo_example_1
[0.791s] -- Up-to-date symlink: /home/sang/ros2_ws/install/ros2_control_demo_example_1/share/ros2_control_demo_example_1/cmake/ament_cmake_export_targets-extras.cmake
[0.792s] -- Up-to-date symlink: /home/sang/ros2_ws/install/ros2_control_demo_example_1/share/ros2_control_demo_example_1/cmake/ament_cmake_export_dependencies-extras.cmake
[0.794s] -- Up-to-date symlink: /home/sang/ros2_ws/install/ros2_control_demo_example_1/share/ros2_control_demo_example_1/cmake/ros2_control_demo_example_1Config.cmake
[0.794s] -- Up-to-date symlink: /home/sang/ros2_ws/install/ros2_control_demo_example_1/share/ros2_control_demo_example_1/cmake/ros2_control_demo_example_1Config-version.cmake
[0.798s] -- Up-to-date symlink: /home/sang/ros2_ws/install/ros2_control_demo_example_1/share/ros2_control_demo_example_1/package.xml
[0.799s] -- Up-to-date: /home/sang/ros2_ws/install/ros2_control_demo_example_1/lib/libros2_control_demo_example_1.so
[0.800s] -- Up-to-date: /home/sang/ros2_ws/install/ros2_control_demo_example_1/share/ros2_control_demo_example_1/cmake/export_ros2_control_demo_example_1Export.cmake
[0.800s] -- Up-to-date: /home/sang/ros2_ws/install/ros2_control_demo_example_1/share/ros2_control_demo_example_1/cmake/export_ros2_control_demo_example_1Export-noconfig.cmake
