[0.159s] Invoking command in '/home/sang/ros2_ws/build/ros2_control_demo_example_16': AMENT_PREFIX_PATH=/home/sang/ros2_ws/install/ros2_control_demo_description:${AMENT_PREFIX_PATH} CMAKE_PREFIX_PATH=/home/sang/ros2_ws/install/ros2_control_demo_description:/opt/ros/jazzy/opt/gz_sim_vendor:/opt/ros/jazzy/opt/gz_sensors_vendor:/opt/ros/jazzy/opt/gz_physics_vendor:/opt/ros/jazzy/opt/sdformat_vendor:/opt/ros/jazzy/opt/gz_gui_vendor:/opt/ros/jazzy/opt/gz_transport_vendor:/opt/ros/jazzy/opt/gz_rendering_vendor:/opt/ros/jazzy/opt/gz_plugin_vendor:/opt/ros/jazzy/opt/gz_fuel_tools_vendor:/opt/ros/jazzy/opt/gz_msgs_vendor:/opt/ros/jazzy/opt/gz_common_vendor:/opt/ros/jazzy/opt/gz_math_vendor:/opt/ros/jazzy/opt/gz_utils_vendor:/opt/ros/jazzy/opt/gz_tools_vendor:/opt/ros/jazzy/opt/gz_ogre_next_vendor:/opt/ros/jazzy/opt/gz_dartsim_vendor:/opt/ros/jazzy/opt/gz_cmake_vendor:/opt/ros/jazzy DEBUGINFOD_URLS=https://debuginfod.ubuntu.com /usr/bin/cmake /home/sang/ros2_ws/src/ros2_control_demos/example_16 -DAMENT_CMAKE_SYMLINK_INSTALL=1 -DCMAKE_INSTALL_PREFIX=/home/sang/ros2_ws/install/ros2_control_demo_example_16
[0.249s] -- Found ros2_control_cmake: 0.1.1 (/opt/ros/jazzy/share/ros2_control_cmake/cmake)
[0.249s] -- Compiler warnings enabled for GNU
[0.251s] -- Detected GCC Version: 13.3.0 (Major: 13, Minor: 3)
[0.251s] -- Found controller_manager: 4.27.0 (/opt/ros/jazzy/share/controller_manager/cmake)
[1.017s] -- Override CMake install command with custom implementation using symlinks instead of copying resources
[1.120s] -- Found rosidl_generator_c: 4.6.5 (/opt/ros/jazzy/share/rosidl_generator_c/cmake)
[1.151s] -- Found rosidl_generator_cpp: 4.6.5 (/opt/ros/jazzy/share/rosidl_generator_cpp/cmake)
[1.175s] -- Using all available rosidl_typesupport_c: rosidl_typesupport_fastrtps_c;rosidl_typesupport_introspection_c
[1.214s] -- Using all available rosidl_typesupport_cpp: rosidl_typesupport_fastrtps_cpp;rosidl_typesupport_introspection_cpp
[1.346s] -- Found rmw_implementation_cmake: 7.3.2 (/opt/ros/jazzy/share/rmw_implementation_cmake/cmake)
[1.351s] -- Found rmw_fastrtps_cpp: 8.4.2 (/opt/ros/jazzy/share/rmw_fastrtps_cpp/cmake)
[1.554s] -- Using RMW implementation 'rmw_fastrtps_cpp' as default
[2.435s] -- Found ament_cmake_pytest: 2.5.3 (/opt/ros/jazzy/share/ament_cmake_pytest/cmake)
[6.081s] -- Configuring done (5.9s)
[6.267s] -- Generating done (0.1s)
[6.285s] -- Build files have been written to: /home/sang/ros2_ws/build/ros2_control_demo_example_16
[6.336s] Invoked command in '/home/sang/ros2_ws/build/ros2_control_demo_example_16' returned '0': AMENT_PREFIX_PATH=/home/sang/ros2_ws/install/ros2_control_demo_description:${AMENT_PREFIX_PATH} CMAKE_PREFIX_PATH=/home/sang/ros2_ws/install/ros2_control_demo_description:/opt/ros/jazzy/opt/gz_sim_vendor:/opt/ros/jazzy/opt/gz_sensors_vendor:/opt/ros/jazzy/opt/gz_physics_vendor:/opt/ros/jazzy/opt/sdformat_vendor:/opt/ros/jazzy/opt/gz_gui_vendor:/opt/ros/jazzy/opt/gz_transport_vendor:/opt/ros/jazzy/opt/gz_rendering_vendor:/opt/ros/jazzy/opt/gz_plugin_vendor:/opt/ros/jazzy/opt/gz_fuel_tools_vendor:/opt/ros/jazzy/opt/gz_msgs_vendor:/opt/ros/jazzy/opt/gz_common_vendor:/opt/ros/jazzy/opt/gz_math_vendor:/opt/ros/jazzy/opt/gz_utils_vendor:/opt/ros/jazzy/opt/gz_tools_vendor:/opt/ros/jazzy/opt/gz_ogre_next_vendor:/opt/ros/jazzy/opt/gz_dartsim_vendor:/opt/ros/jazzy/opt/gz_cmake_vendor:/opt/ros/jazzy DEBUGINFOD_URLS=https://debuginfod.ubuntu.com /usr/bin/cmake /home/sang/ros2_ws/src/ros2_control_demos/example_16 -DAMENT_CMAKE_SYMLINK_INSTALL=1 -DCMAKE_INSTALL_PREFIX=/home/sang/ros2_ws/install/ros2_control_demo_example_16
[6.337s] Invoking command in '/home/sang/ros2_ws/build/ros2_control_demo_example_16': AMENT_PREFIX_PATH=/home/sang/ros2_ws/install/ros2_control_demo_description:${AMENT_PREFIX_PATH} CMAKE_PREFIX_PATH=/home/sang/ros2_ws/install/ros2_control_demo_description:/opt/ros/jazzy/opt/gz_sim_vendor:/opt/ros/jazzy/opt/gz_sensors_vendor:/opt/ros/jazzy/opt/gz_physics_vendor:/opt/ros/jazzy/opt/sdformat_vendor:/opt/ros/jazzy/opt/gz_gui_vendor:/opt/ros/jazzy/opt/gz_transport_vendor:/opt/ros/jazzy/opt/gz_rendering_vendor:/opt/ros/jazzy/opt/gz_plugin_vendor:/opt/ros/jazzy/opt/gz_fuel_tools_vendor:/opt/ros/jazzy/opt/gz_msgs_vendor:/opt/ros/jazzy/opt/gz_common_vendor:/opt/ros/jazzy/opt/gz_math_vendor:/opt/ros/jazzy/opt/gz_utils_vendor:/opt/ros/jazzy/opt/gz_tools_vendor:/opt/ros/jazzy/opt/gz_ogre_next_vendor:/opt/ros/jazzy/opt/gz_dartsim_vendor:/opt/ros/jazzy/opt/gz_cmake_vendor:/opt/ros/jazzy DEBUGINFOD_URLS=https://debuginfod.ubuntu.com /usr/bin/cmake --build /home/sang/ros2_ws/build/ros2_control_demo_example_16 -- -j2 -l2
[6.675s] [100%] Built target ros2_control_demo_example_16
[6.727s] Invoked command in '/home/sang/ros2_ws/build/ros2_control_demo_example_16' returned '0': AMENT_PREFIX_PATH=/home/sang/ros2_ws/install/ros2_control_demo_description:${AMENT_PREFIX_PATH} CMAKE_PREFIX_PATH=/home/sang/ros2_ws/install/ros2_control_demo_description:/opt/ros/jazzy/opt/gz_sim_vendor:/opt/ros/jazzy/opt/gz_sensors_vendor:/opt/ros/jazzy/opt/gz_physics_vendor:/opt/ros/jazzy/opt/sdformat_vendor:/opt/ros/jazzy/opt/gz_gui_vendor:/opt/ros/jazzy/opt/gz_transport_vendor:/opt/ros/jazzy/opt/gz_rendering_vendor:/opt/ros/jazzy/opt/gz_plugin_vendor:/opt/ros/jazzy/opt/gz_fuel_tools_vendor:/opt/ros/jazzy/opt/gz_msgs_vendor:/opt/ros/jazzy/opt/gz_common_vendor:/opt/ros/jazzy/opt/gz_math_vendor:/opt/ros/jazzy/opt/gz_utils_vendor:/opt/ros/jazzy/opt/gz_tools_vendor:/opt/ros/jazzy/opt/gz_ogre_next_vendor:/opt/ros/jazzy/opt/gz_dartsim_vendor:/opt/ros/jazzy/opt/gz_cmake_vendor:/opt/ros/jazzy DEBUGINFOD_URLS=https://debuginfod.ubuntu.com /usr/bin/cmake --build /home/sang/ros2_ws/build/ros2_control_demo_example_16 -- -j2 -l2
[6.732s] Invoking command in '/home/sang/ros2_ws/build/ros2_control_demo_example_16': AMENT_PREFIX_PATH=/home/sang/ros2_ws/install/ros2_control_demo_description:${AMENT_PREFIX_PATH} CMAKE_PREFIX_PATH=/home/sang/ros2_ws/install/ros2_control_demo_description:/opt/ros/jazzy/opt/gz_sim_vendor:/opt/ros/jazzy/opt/gz_sensors_vendor:/opt/ros/jazzy/opt/gz_physics_vendor:/opt/ros/jazzy/opt/sdformat_vendor:/opt/ros/jazzy/opt/gz_gui_vendor:/opt/ros/jazzy/opt/gz_transport_vendor:/opt/ros/jazzy/opt/gz_rendering_vendor:/opt/ros/jazzy/opt/gz_plugin_vendor:/opt/ros/jazzy/opt/gz_fuel_tools_vendor:/opt/ros/jazzy/opt/gz_msgs_vendor:/opt/ros/jazzy/opt/gz_common_vendor:/opt/ros/jazzy/opt/gz_math_vendor:/opt/ros/jazzy/opt/gz_utils_vendor:/opt/ros/jazzy/opt/gz_tools_vendor:/opt/ros/jazzy/opt/gz_ogre_next_vendor:/opt/ros/jazzy/opt/gz_dartsim_vendor:/opt/ros/jazzy/opt/gz_cmake_vendor:/opt/ros/jazzy DEBUGINFOD_URLS=https://debuginfod.ubuntu.com /usr/bin/cmake --install /home/sang/ros2_ws/build/ros2_control_demo_example_16
[6.769s] -- Install configuration: ""
[6.771s] -- Execute custom install script
[6.773s] -- Up-to-date symlink: /home/sang/ros2_ws/install/ros2_control_demo_example_16/share/ros2_control_demo_example_16//ros2_control_demo_example_16.xml
[6.778s] -- Up-to-date symlink: /home/sang/ros2_ws/install/ros2_control_demo_example_16/include/ros2_control_demo_example_16/ros2_control_demo_example_16/diffbot_system.hpp
[6.782s] -- Up-to-date symlink: /home/sang/ros2_ws/install/ros2_control_demo_example_16/share/ros2_control_demo_example_16/launch/view_robot.launch.py
[6.785s] -- Up-to-date symlink: /home/sang/ros2_ws/install/ros2_control_demo_example_16/share/ros2_control_demo_example_16/ros2_control/diffbot.ros2_control.xacro
[6.787s] -- Up-to-date symlink: /home/sang/ros2_ws/install/ros2_control_demo_example_16/share/ros2_control_demo_example_16/urdf/diffbot.urdf.xacro
[6.789s] -- Up-to-date symlink: /home/sang/ros2_ws/install/ros2_control_demo_example_16/share/ros2_control_demo_example_16/launch/demo_test.launch.py
[6.791s] -- Up-to-date symlink: /home/sang/ros2_ws/install/ros2_control_demo_example_16/share/ros2_control_demo_example_16/launch/demo_test_helper.py
[6.793s] -- Up-to-date symlink: /home/sang/ros2_ws/install/ros2_control_demo_example_16/share/ros2_control_demo_example_16/launch/diffbot.launch.py
[6.797s] -- Up-to-date symlink: /home/sang/ros2_ws/install/ros2_control_demo_example_16/share/ros2_control_demo_example_16/config/diffbot_chained_controllers.yaml
[6.797s] -- Up-to-date symlink: /home/sang/ros2_ws/install/ros2_control_demo_example_16/share/ros2_control_demo_example_16/config/plotjuggler.xml
[6.799s] -- Up-to-date symlink: /home/sang/ros2_ws/install/ros2_control_demo_example_16/share/ros2_control_demo_example_16/environment/library_path.sh
[6.799s] -- Up-to-date symlink: /home/sang/ros2_ws/install/ros2_control_demo_example_16/share/ros2_control_demo_example_16/environment/library_path.dsv
[6.801s] -- Up-to-date symlink: /home/sang/ros2_ws/install/ros2_control_demo_example_16/share/ament_index/resource_index/package_run_dependencies/ros2_control_demo_example_16
[6.803s] -- Up-to-date symlink: /home/sang/ros2_ws/install/ros2_control_demo_example_16/share/ament_index/resource_index/parent_prefix_path/ros2_control_demo_example_16
[6.804s] -- Up-to-date symlink: /home/sang/ros2_ws/install/ros2_control_demo_example_16/share/ros2_control_demo_example_16/environment/ament_prefix_path.sh
[6.805s] -- Up-to-date symlink: /home/sang/ros2_ws/install/ros2_control_demo_example_16/share/ros2_control_demo_example_16/environment/ament_prefix_path.dsv
[6.806s] -- Up-to-date symlink: /home/sang/ros2_ws/install/ros2_control_demo_example_16/share/ros2_control_demo_example_16/environment/path.sh
[6.806s] -- Up-to-date symlink: /home/sang/ros2_ws/install/ros2_control_demo_example_16/share/ros2_control_demo_example_16/environment/path.dsv
[6.807s] -- Up-to-date symlink: /home/sang/ros2_ws/install/ros2_control_demo_example_16/share/ros2_control_demo_example_16/local_setup.bash
[6.810s] -- Up-to-date symlink: /home/sang/ros2_ws/install/ros2_control_demo_example_16/share/ros2_control_demo_example_16/local_setup.sh
[6.812s] -- Up-to-date symlink: /home/sang/ros2_ws/install/ros2_control_demo_example_16/share/ros2_control_demo_example_16/local_setup.zsh
[6.816s] -- Up-to-date symlink: /home/sang/ros2_ws/install/ros2_control_demo_example_16/share/ros2_control_demo_example_16/local_setup.dsv
[6.816s] -- Symlinking: /home/sang/ros2_ws/install/ros2_control_demo_example_16/share/ros2_control_demo_example_16/package.dsv
[6.853s] -- Up-to-date symlink: /home/sang/ros2_ws/install/ros2_control_demo_example_16/share/ament_index/resource_index/packages/ros2_control_demo_example_16
[6.855s] -- Up-to-date symlink: /home/sang/ros2_ws/install/ros2_control_demo_example_16/share/ament_index/resource_index/hardware_interface__pluginlib__plugin/ros2_control_demo_example_16
[6.855s] -- Up-to-date symlink: /home/sang/ros2_ws/install/ros2_control_demo_example_16/share/ros2_control_demo_example_16/cmake/ament_cmake_export_targets-extras.cmake
[6.857s] -- Up-to-date symlink: /home/sang/ros2_ws/install/ros2_control_demo_example_16/share/ros2_control_demo_example_16/cmake/ament_cmake_export_dependencies-extras.cmake
[6.859s] -- Up-to-date symlink: /home/sang/ros2_ws/install/ros2_control_demo_example_16/share/ros2_control_demo_example_16/cmake/ros2_control_demo_example_16Config.cmake
[6.860s] -- Up-to-date symlink: /home/sang/ros2_ws/install/ros2_control_demo_example_16/share/ros2_control_demo_example_16/cmake/ros2_control_demo_example_16Config-version.cmake
[6.861s] -- Up-to-date symlink: /home/sang/ros2_ws/install/ros2_control_demo_example_16/share/ros2_control_demo_example_16/package.xml
[6.864s] -- Up-to-date: /home/sang/ros2_ws/install/ros2_control_demo_example_16/lib/libros2_control_demo_example_16.so
[6.867s] -- Up-to-date: /home/sang/ros2_ws/install/ros2_control_demo_example_16/share/ros2_control_demo_example_16/cmake/export_ros2_control_demo_example_16Export.cmake
[6.868s] -- Up-to-date: /home/sang/ros2_ws/install/ros2_control_demo_example_16/share/ros2_control_demo_example_16/cmake/export_ros2_control_demo_example_16Export-noconfig.cmake
[6.874s] Invoked command in '/home/sang/ros2_ws/build/ros2_control_demo_example_16' returned '0': AMENT_PREFIX_PATH=/home/sang/ros2_ws/install/ros2_control_demo_description:${AMENT_PREFIX_PATH} CMAKE_PREFIX_PATH=/home/sang/ros2_ws/install/ros2_control_demo_description:/opt/ros/jazzy/opt/gz_sim_vendor:/opt/ros/jazzy/opt/gz_sensors_vendor:/opt/ros/jazzy/opt/gz_physics_vendor:/opt/ros/jazzy/opt/sdformat_vendor:/opt/ros/jazzy/opt/gz_gui_vendor:/opt/ros/jazzy/opt/gz_transport_vendor:/opt/ros/jazzy/opt/gz_rendering_vendor:/opt/ros/jazzy/opt/gz_plugin_vendor:/opt/ros/jazzy/opt/gz_fuel_tools_vendor:/opt/ros/jazzy/opt/gz_msgs_vendor:/opt/ros/jazzy/opt/gz_common_vendor:/opt/ros/jazzy/opt/gz_math_vendor:/opt/ros/jazzy/opt/gz_utils_vendor:/opt/ros/jazzy/opt/gz_tools_vendor:/opt/ros/jazzy/opt/gz_ogre_next_vendor:/opt/ros/jazzy/opt/gz_dartsim_vendor:/opt/ros/jazzy/opt/gz_cmake_vendor:/opt/ros/jazzy DEBUGINFOD_URLS=https://debuginfod.ubuntu.com /usr/bin/cmake --install /home/sang/ros2_ws/build/ros2_control_demo_example_16
