[0.031s] Invoking command in '/home/sang/ros2_ws/build/ros2_control_demo_example_6': AMENT_PREFIX_PATH=/home/sang/ros2_ws/install/ros2_control_demo_description:${AMENT_PREFIX_PATH} CMAKE_PREFIX_PATH=/home/sang/ros2_ws/install/ros2_control_demo_description:/opt/ros/jazzy/opt/gz_sim_vendor:/opt/ros/jazzy/opt/gz_sensors_vendor:/opt/ros/jazzy/opt/gz_physics_vendor:/opt/ros/jazzy/opt/sdformat_vendor:/opt/ros/jazzy/opt/gz_gui_vendor:/opt/ros/jazzy/opt/gz_transport_vendor:/opt/ros/jazzy/opt/gz_rendering_vendor:/opt/ros/jazzy/opt/gz_plugin_vendor:/opt/ros/jazzy/opt/gz_fuel_tools_vendor:/opt/ros/jazzy/opt/gz_msgs_vendor:/opt/ros/jazzy/opt/gz_common_vendor:/opt/ros/jazzy/opt/gz_math_vendor:/opt/ros/jazzy/opt/gz_utils_vendor:/opt/ros/jazzy/opt/gz_tools_vendor:/opt/ros/jazzy/opt/gz_ogre_next_vendor:/opt/ros/jazzy/opt/gz_dartsim_vendor:/opt/ros/jazzy/opt/gz_cmake_vendor:/opt/ros/jazzy DEBUGINFOD_URLS=https://debuginfod.ubuntu.com /usr/bin/cmake --build /home/sang/ros2_ws/build/ros2_control_demo_example_6 -- -j2 -l2
[0.340s] [100%] Built target ros2_control_demo_example_6
[0.395s] Invoked command in '/home/sang/ros2_ws/build/ros2_control_demo_example_6' returned '0': AMENT_PREFIX_PATH=/home/sang/ros2_ws/install/ros2_control_demo_description:${AMENT_PREFIX_PATH} CMAKE_PREFIX_PATH=/home/sang/ros2_ws/install/ros2_control_demo_description:/opt/ros/jazzy/opt/gz_sim_vendor:/opt/ros/jazzy/opt/gz_sensors_vendor:/opt/ros/jazzy/opt/gz_physics_vendor:/opt/ros/jazzy/opt/sdformat_vendor:/opt/ros/jazzy/opt/gz_gui_vendor:/opt/ros/jazzy/opt/gz_transport_vendor:/opt/ros/jazzy/opt/gz_rendering_vendor:/opt/ros/jazzy/opt/gz_plugin_vendor:/opt/ros/jazzy/opt/gz_fuel_tools_vendor:/opt/ros/jazzy/opt/gz_msgs_vendor:/opt/ros/jazzy/opt/gz_common_vendor:/opt/ros/jazzy/opt/gz_math_vendor:/opt/ros/jazzy/opt/gz_utils_vendor:/opt/ros/jazzy/opt/gz_tools_vendor:/opt/ros/jazzy/opt/gz_ogre_next_vendor:/opt/ros/jazzy/opt/gz_dartsim_vendor:/opt/ros/jazzy/opt/gz_cmake_vendor:/opt/ros/jazzy DEBUGINFOD_URLS=https://debuginfod.ubuntu.com /usr/bin/cmake --build /home/sang/ros2_ws/build/ros2_control_demo_example_6 -- -j2 -l2
[0.400s] Invoking command in '/home/sang/ros2_ws/build/ros2_control_demo_example_6': AMENT_PREFIX_PATH=/home/sang/ros2_ws/install/ros2_control_demo_description:${AMENT_PREFIX_PATH} CMAKE_PREFIX_PATH=/home/sang/ros2_ws/install/ros2_control_demo_description:/opt/ros/jazzy/opt/gz_sim_vendor:/opt/ros/jazzy/opt/gz_sensors_vendor:/opt/ros/jazzy/opt/gz_physics_vendor:/opt/ros/jazzy/opt/sdformat_vendor:/opt/ros/jazzy/opt/gz_gui_vendor:/opt/ros/jazzy/opt/gz_transport_vendor:/opt/ros/jazzy/opt/gz_rendering_vendor:/opt/ros/jazzy/opt/gz_plugin_vendor:/opt/ros/jazzy/opt/gz_fuel_tools_vendor:/opt/ros/jazzy/opt/gz_msgs_vendor:/opt/ros/jazzy/opt/gz_common_vendor:/opt/ros/jazzy/opt/gz_math_vendor:/opt/ros/jazzy/opt/gz_utils_vendor:/opt/ros/jazzy/opt/gz_tools_vendor:/opt/ros/jazzy/opt/gz_ogre_next_vendor:/opt/ros/jazzy/opt/gz_dartsim_vendor:/opt/ros/jazzy/opt/gz_cmake_vendor:/opt/ros/jazzy DEBUGINFOD_URLS=https://debuginfod.ubuntu.com /usr/bin/cmake --install /home/sang/ros2_ws/build/ros2_control_demo_example_6
[0.435s] -- Install configuration: ""
[0.435s] -- Execute custom install script
[0.438s] -- Up-to-date symlink: /home/sang/ros2_ws/install/ros2_control_demo_example_6/share/ros2_control_demo_example_6//ros2_control_demo_example_6.xml
[0.439s] -- Up-to-date symlink: /home/sang/ros2_ws/install/ros2_control_demo_example_6/include/ros2_control_demo_example_6/ros2_control_demo_example_6/rrbot_actuator.hpp
[0.441s] -- Up-to-date symlink: /home/sang/ros2_ws/install/ros2_control_demo_example_6/share/ros2_control_demo_example_6/launch/view_robot.launch.py
[0.444s] -- Up-to-date symlink: /home/sang/ros2_ws/install/ros2_control_demo_example_6/share/ros2_control_demo_example_6/ros2_control/rrbot_modular_actuators.ros2_control.xacro
[0.447s] -- Up-to-date symlink: /home/sang/ros2_ws/install/ros2_control_demo_example_6/share/ros2_control_demo_example_6/urdf/rrbot_modular_actuators.urdf.xacro
[0.451s] -- Up-to-date symlink: /home/sang/ros2_ws/install/ros2_control_demo_example_6/share/ros2_control_demo_example_6/launch/rrbot_modular_actuators.launch.py
[0.456s] -- Up-to-date symlink: /home/sang/ros2_ws/install/ros2_control_demo_example_6/share/ros2_control_demo_example_6/launch/test_forward_position_controller.launch.py
[0.459s] -- Up-to-date symlink: /home/sang/ros2_ws/install/ros2_control_demo_example_6/share/ros2_control_demo_example_6/config/rrbot_forward_position_publisher.yaml
[0.461s] -- Up-to-date symlink: /home/sang/ros2_ws/install/ros2_control_demo_example_6/share/ros2_control_demo_example_6/config/rrbot_modular_actuators.yaml
[0.463s] -- Up-to-date symlink: /home/sang/ros2_ws/install/ros2_control_demo_example_6/share/ros2_control_demo_example_6/environment/library_path.sh
[0.464s] -- Up-to-date symlink: /home/sang/ros2_ws/install/ros2_control_demo_example_6/share/ros2_control_demo_example_6/environment/library_path.dsv
[0.466s] -- Up-to-date symlink: /home/sang/ros2_ws/install/ros2_control_demo_example_6/share/ament_index/resource_index/package_run_dependencies/ros2_control_demo_example_6
[0.469s] -- Up-to-date symlink: /home/sang/ros2_ws/install/ros2_control_demo_example_6/share/ament_index/resource_index/parent_prefix_path/ros2_control_demo_example_6
[0.471s] -- Up-to-date symlink: /home/sang/ros2_ws/install/ros2_control_demo_example_6/share/ros2_control_demo_example_6/environment/ament_prefix_path.sh
[0.473s] -- Up-to-date symlink: /home/sang/ros2_ws/install/ros2_control_demo_example_6/share/ros2_control_demo_example_6/environment/ament_prefix_path.dsv
[0.479s] -- Up-to-date symlink: /home/sang/ros2_ws/install/ros2_control_demo_example_6/share/ros2_control_demo_example_6/environment/path.sh
[0.479s] -- Up-to-date symlink: /home/sang/ros2_ws/install/ros2_control_demo_example_6/share/ros2_control_demo_example_6/environment/path.dsv
[0.484s] -- Up-to-date symlink: /home/sang/ros2_ws/install/ros2_control_demo_example_6/share/ros2_control_demo_example_6/local_setup.bash
[0.487s] -- Up-to-date symlink: /home/sang/ros2_ws/install/ros2_control_demo_example_6/share/ros2_control_demo_example_6/local_setup.sh
[0.489s] -- Up-to-date symlink: /home/sang/ros2_ws/install/ros2_control_demo_example_6/share/ros2_control_demo_example_6/local_setup.zsh
[0.492s] -- Up-to-date symlink: /home/sang/ros2_ws/install/ros2_control_demo_example_6/share/ros2_control_demo_example_6/local_setup.dsv
[0.493s] -- Symlinking: /home/sang/ros2_ws/install/ros2_control_demo_example_6/share/ros2_control_demo_example_6/package.dsv
[0.528s] -- Up-to-date symlink: /home/sang/ros2_ws/install/ros2_control_demo_example_6/share/ament_index/resource_index/packages/ros2_control_demo_example_6
[0.530s] -- Up-to-date symlink: /home/sang/ros2_ws/install/ros2_control_demo_example_6/share/ament_index/resource_index/hardware_interface__pluginlib__plugin/ros2_control_demo_example_6
[0.532s] -- Up-to-date symlink: /home/sang/ros2_ws/install/ros2_control_demo_example_6/share/ros2_control_demo_example_6/cmake/ament_cmake_export_targets-extras.cmake
[0.534s] -- Up-to-date symlink: /home/sang/ros2_ws/install/ros2_control_demo_example_6/share/ros2_control_demo_example_6/cmake/ament_cmake_export_dependencies-extras.cmake
[0.536s] -- Up-to-date symlink: /home/sang/ros2_ws/install/ros2_control_demo_example_6/share/ros2_control_demo_example_6/cmake/ros2_control_demo_example_6Config.cmake
[0.536s] -- Up-to-date symlink: /home/sang/ros2_ws/install/ros2_control_demo_example_6/share/ros2_control_demo_example_6/cmake/ros2_control_demo_example_6Config-version.cmake
[0.540s] -- Up-to-date symlink: /home/sang/ros2_ws/install/ros2_control_demo_example_6/share/ros2_control_demo_example_6/package.xml
[0.545s] -- Up-to-date: /home/sang/ros2_ws/install/ros2_control_demo_example_6/lib/libros2_control_demo_example_6.so
[0.548s] -- Up-to-date: /home/sang/ros2_ws/install/ros2_control_demo_example_6/share/ros2_control_demo_example_6/cmake/export_ros2_control_demo_example_6Export.cmake
[0.552s] -- Up-to-date: /home/sang/ros2_ws/install/ros2_control_demo_example_6/share/ros2_control_demo_example_6/cmake/export_ros2_control_demo_example_6Export-noconfig.cmake
[0.560s] Invoked command in '/home/sang/ros2_ws/build/ros2_control_demo_example_6' returned '0': AMENT_PREFIX_PATH=/home/sang/ros2_ws/install/ros2_control_demo_description:${AMENT_PREFIX_PATH} CMAKE_PREFIX_PATH=/home/sang/ros2_ws/install/ros2_control_demo_description:/opt/ros/jazzy/opt/gz_sim_vendor:/opt/ros/jazzy/opt/gz_sensors_vendor:/opt/ros/jazzy/opt/gz_physics_vendor:/opt/ros/jazzy/opt/sdformat_vendor:/opt/ros/jazzy/opt/gz_gui_vendor:/opt/ros/jazzy/opt/gz_transport_vendor:/opt/ros/jazzy/opt/gz_rendering_vendor:/opt/ros/jazzy/opt/gz_plugin_vendor:/opt/ros/jazzy/opt/gz_fuel_tools_vendor:/opt/ros/jazzy/opt/gz_msgs_vendor:/opt/ros/jazzy/opt/gz_common_vendor:/opt/ros/jazzy/opt/gz_math_vendor:/opt/ros/jazzy/opt/gz_utils_vendor:/opt/ros/jazzy/opt/gz_tools_vendor:/opt/ros/jazzy/opt/gz_ogre_next_vendor:/opt/ros/jazzy/opt/gz_dartsim_vendor:/opt/ros/jazzy/opt/gz_cmake_vendor:/opt/ros/jazzy DEBUGINFOD_URLS=https://debuginfod.ubuntu.com /usr/bin/cmake --install /home/sang/ros2_ws/build/ros2_control_demo_example_6
