-- The C compiler identification is GNU 13.3.0
-- The CXX compiler identification is GNU 13.3.0
-- Detecting C compiler ABI info
-- Detecting C compiler ABI info - done
-- Check for working C compiler: /usr/bin/cc - skipped
-- Detecting C compile features
-- Detecting C compile features - done
-- Detecting CXX compiler ABI info
-- Detecting CXX compiler ABI info - done
-- Check for working CXX compiler: /usr/bin/c++ - skipped
-- Detecting CXX compile features
-- Detecting CXX compile features - done
-- Found ament_cmake: 2.5.3 (/opt/ros/jazzy/share/ament_cmake/cmake)
-- Found Python3: /usr/bin/python3 (found version "3.12.3") found components: Interpreter 
-- Found ament_lint_auto: 0.17.2 (/opt/ros/jazzy/share/ament_lint_auto/cmake)
-- Added test 'copyright' to check source files copyright and LICENSE
-- Added test 'cppcheck' to perform static code analysis on C / C++ code
-- Configured cppcheck include dirs: $<BUILD_INTERFACE:/home/sang/ros2_ws/src/my_first_pkg/include>
-- Configured cppcheck exclude dirs and/or files: 
-- Added test 'cpplint' to check C / C++ code against the Google style
-- Configured cpplint exclude dirs and/or files: 
-- Added test 'flake8' to check Python code syntax and style conventions
-- Configured 'flake8' exclude dirs and/or files: 
-- Added test 'lint_cmake' to check CMake code style
-- Added test 'pep257' to check Python code against some of the docstring style conventions in PEP 257
-- Added test 'uncrustify' to check C / C++ code style
-- Configured uncrustify additional arguments: 
-- Added test 'xmllint' to check XML markup files
-- Configuring done (4.2s)
-- Generating done (0.0s)
-- Build files have been written to: /home/sang/ros2_ws/build/my_first_pkg
[ 50%] [32mBuilding CXX object CMakeFiles/my_node.dir/src/my_node.cpp.o[0m
[100%] [32m[1mLinking CXX executable my_node[0m
[100%] Built target my_node
-- Install configuration: ""
-- Installing: /home/sang/ros2_ws/install/my_first_pkg/lib/my_first_pkg/my_node
-- Installing: /home/sang/ros2_ws/install/my_first_pkg/share/my_first_pkg//launch
-- Installing: /home/sang/ros2_ws/install/my_first_pkg/share/my_first_pkg//launch/gazebo.launch.py
-- Installing: /home/sang/ros2_ws/install/my_first_pkg/share/my_first_pkg//launch/display.launch.py
-- Installing: /home/sang/ros2_ws/install/my_first_pkg/share/my_first_pkg//urdf
-- Installing: /home/sang/ros2_ws/install/my_first_pkg/share/my_first_pkg//urdf/my_robot.urdf
-- Installing: /home/sang/ros2_ws/install/my_first_pkg/share/my_first_pkg//rviz
-- Installing: /home/sang/ros2_ws/install/my_first_pkg/share/my_first_pkg//rviz/config.rviz
-- Installing: /home/sang/ros2_ws/install/my_first_pkg/share/ament_index/resource_index/package_run_dependencies/my_first_pkg
-- Installing: /home/sang/ros2_ws/install/my_first_pkg/share/ament_index/resource_index/parent_prefix_path/my_first_pkg
-- Installing: /home/sang/ros2_ws/install/my_first_pkg/share/my_first_pkg/environment/ament_prefix_path.sh
-- Installing: /home/sang/ros2_ws/install/my_first_pkg/share/my_first_pkg/environment/ament_prefix_path.dsv
-- Installing: /home/sang/ros2_ws/install/my_first_pkg/share/my_first_pkg/environment/path.sh
-- Installing: /home/sang/ros2_ws/install/my_first_pkg/share/my_first_pkg/environment/path.dsv
-- Installing: /home/sang/ros2_ws/install/my_first_pkg/share/my_first_pkg/local_setup.bash
-- Installing: /home/sang/ros2_ws/install/my_first_pkg/share/my_first_pkg/local_setup.sh
-- Installing: /home/sang/ros2_ws/install/my_first_pkg/share/my_first_pkg/local_setup.zsh
-- Installing: /home/sang/ros2_ws/install/my_first_pkg/share/my_first_pkg/local_setup.dsv
-- Installing: /home/sang/ros2_ws/install/my_first_pkg/share/my_first_pkg/package.dsv
-- Installing: /home/sang/ros2_ws/install/my_first_pkg/share/ament_index/resource_index/packages/my_first_pkg
-- Installing: /home/sang/ros2_ws/install/my_first_pkg/share/my_first_pkg/cmake/my_first_pkgConfig.cmake
-- Installing: /home/sang/ros2_ws/install/my_first_pkg/share/my_first_pkg/cmake/my_first_pkgConfig-version.cmake
-- Installing: /home/sang/ros2_ws/install/my_first_pkg/share/my_first_pkg/package.xml
