[0.037s] Invoking command in '/home/sang/ros2_ws/build/ros2_control_demo_example_10': AMENT_PREFIX_PATH=/home/sang/ros2_ws/install/ros2_control_demo_description:${AMENT_PREFIX_PATH} CMAKE_PREFIX_PATH=/home/sang/ros2_ws/install/ros2_control_demo_description:/opt/ros/jazzy/opt/gz_sim_vendor:/opt/ros/jazzy/opt/gz_sensors_vendor:/opt/ros/jazzy/opt/gz_physics_vendor:/opt/ros/jazzy/opt/sdformat_vendor:/opt/ros/jazzy/opt/gz_gui_vendor:/opt/ros/jazzy/opt/gz_transport_vendor:/opt/ros/jazzy/opt/gz_rendering_vendor:/opt/ros/jazzy/opt/gz_plugin_vendor:/opt/ros/jazzy/opt/gz_fuel_tools_vendor:/opt/ros/jazzy/opt/gz_msgs_vendor:/opt/ros/jazzy/opt/gz_common_vendor:/opt/ros/jazzy/opt/gz_math_vendor:/opt/ros/jazzy/opt/gz_utils_vendor:/opt/ros/jazzy/opt/gz_tools_vendor:/opt/ros/jazzy/opt/gz_ogre_next_vendor:/opt/ros/jazzy/opt/gz_dartsim_vendor:/opt/ros/jazzy/opt/gz_cmake_vendor:/opt/ros/jazzy DEBUGINFOD_URLS=https://debuginfod.ubuntu.com /usr/bin/cmake --build /home/sang/ros2_ws/build/ros2_control_demo_example_10 -- -j2 -l2
[0.326s] [100%] Built target ros2_control_demo_example_10
[0.371s] Invoked command in '/home/sang/ros2_ws/build/ros2_control_demo_example_10' returned '0': AMENT_PREFIX_PATH=/home/sang/ros2_ws/install/ros2_control_demo_description:${AMENT_PREFIX_PATH} CMAKE_PREFIX_PATH=/home/sang/ros2_ws/install/ros2_control_demo_description:/opt/ros/jazzy/opt/gz_sim_vendor:/opt/ros/jazzy/opt/gz_sensors_vendor:/opt/ros/jazzy/opt/gz_physics_vendor:/opt/ros/jazzy/opt/sdformat_vendor:/opt/ros/jazzy/opt/gz_gui_vendor:/opt/ros/jazzy/opt/gz_transport_vendor:/opt/ros/jazzy/opt/gz_rendering_vendor:/opt/ros/jazzy/opt/gz_plugin_vendor:/opt/ros/jazzy/opt/gz_fuel_tools_vendor:/opt/ros/jazzy/opt/gz_msgs_vendor:/opt/ros/jazzy/opt/gz_common_vendor:/opt/ros/jazzy/opt/gz_math_vendor:/opt/ros/jazzy/opt/gz_utils_vendor:/opt/ros/jazzy/opt/gz_tools_vendor:/opt/ros/jazzy/opt/gz_ogre_next_vendor:/opt/ros/jazzy/opt/gz_dartsim_vendor:/opt/ros/jazzy/opt/gz_cmake_vendor:/opt/ros/jazzy DEBUGINFOD_URLS=https://debuginfod.ubuntu.com /usr/bin/cmake --build /home/sang/ros2_ws/build/ros2_control_demo_example_10 -- -j2 -l2
[0.374s] Invoking command in '/home/sang/ros2_ws/build/ros2_control_demo_example_10': AMENT_PREFIX_PATH=/home/sang/ros2_ws/install/ros2_control_demo_description:${AMENT_PREFIX_PATH} CMAKE_PREFIX_PATH=/home/sang/ros2_ws/install/ros2_control_demo_description:/opt/ros/jazzy/opt/gz_sim_vendor:/opt/ros/jazzy/opt/gz_sensors_vendor:/opt/ros/jazzy/opt/gz_physics_vendor:/opt/ros/jazzy/opt/sdformat_vendor:/opt/ros/jazzy/opt/gz_gui_vendor:/opt/ros/jazzy/opt/gz_transport_vendor:/opt/ros/jazzy/opt/gz_rendering_vendor:/opt/ros/jazzy/opt/gz_plugin_vendor:/opt/ros/jazzy/opt/gz_fuel_tools_vendor:/opt/ros/jazzy/opt/gz_msgs_vendor:/opt/ros/jazzy/opt/gz_common_vendor:/opt/ros/jazzy/opt/gz_math_vendor:/opt/ros/jazzy/opt/gz_utils_vendor:/opt/ros/jazzy/opt/gz_tools_vendor:/opt/ros/jazzy/opt/gz_ogre_next_vendor:/opt/ros/jazzy/opt/gz_dartsim_vendor:/opt/ros/jazzy/opt/gz_cmake_vendor:/opt/ros/jazzy DEBUGINFOD_URLS=https://debuginfod.ubuntu.com /usr/bin/cmake --install /home/sang/ros2_ws/build/ros2_control_demo_example_10
[0.421s] -- Install configuration: ""
[0.421s] -- Execute custom install script
[0.426s] -- Up-to-date symlink: /home/sang/ros2_ws/install/ros2_control_demo_example_10/share/ros2_control_demo_example_10//ros2_control_demo_example_10.xml
[0.426s] -- Up-to-date symlink: /home/sang/ros2_ws/install/ros2_control_demo_example_10/include/ros2_control_demo_example_10/ros2_control_demo_example_10/rrbot.hpp
[0.427s] -- Up-to-date symlink: /home/sang/ros2_ws/install/ros2_control_demo_example_10/share/ros2_control_demo_example_10/launch/view_robot.launch.py
[0.430s] -- Up-to-date symlink: /home/sang/ros2_ws/install/ros2_control_demo_example_10/share/ros2_control_demo_example_10/ros2_control/rrbot.ros2_control.xacro
[0.431s] -- Up-to-date symlink: /home/sang/ros2_ws/install/ros2_control_demo_example_10/share/ros2_control_demo_example_10/urdf/rrbot.urdf.xacro
[0.432s] -- Up-to-date symlink: /home/sang/ros2_ws/install/ros2_control_demo_example_10/share/ros2_control_demo_example_10/launch/rrbot.launch.py
[0.435s] -- Up-to-date symlink: /home/sang/ros2_ws/install/ros2_control_demo_example_10/share/ros2_control_demo_example_10/launch/test_forward_position_controller.launch.py
[0.436s] -- Up-to-date symlink: /home/sang/ros2_ws/install/ros2_control_demo_example_10/share/ros2_control_demo_example_10/config/rrbot_controllers.yaml
[0.436s] -- Up-to-date symlink: /home/sang/ros2_ws/install/ros2_control_demo_example_10/share/ros2_control_demo_example_10/config/rrbot_forward_position_publisher.yaml
[0.437s] -- Up-to-date symlink: /home/sang/ros2_ws/install/ros2_control_demo_example_10/share/ros2_control_demo_example_10/environment/library_path.sh
[0.446s] -- Up-to-date symlink: /home/sang/ros2_ws/install/ros2_control_demo_example_10/share/ros2_control_demo_example_10/environment/library_path.dsv
[0.447s] -- Up-to-date symlink: /home/sang/ros2_ws/install/ros2_control_demo_example_10/share/ament_index/resource_index/package_run_dependencies/ros2_control_demo_example_10
[0.447s] -- Up-to-date symlink: /home/sang/ros2_ws/install/ros2_control_demo_example_10/share/ament_index/resource_index/parent_prefix_path/ros2_control_demo_example_10
[0.450s] -- Up-to-date symlink: /home/sang/ros2_ws/install/ros2_control_demo_example_10/share/ros2_control_demo_example_10/environment/ament_prefix_path.sh
[0.453s] -- Up-to-date symlink: /home/sang/ros2_ws/install/ros2_control_demo_example_10/share/ros2_control_demo_example_10/environment/ament_prefix_path.dsv
[0.453s] -- Up-to-date symlink: /home/sang/ros2_ws/install/ros2_control_demo_example_10/share/ros2_control_demo_example_10/environment/path.sh
[0.454s] -- Up-to-date symlink: /home/sang/ros2_ws/install/ros2_control_demo_example_10/share/ros2_control_demo_example_10/environment/path.dsv
[0.456s] -- Up-to-date symlink: /home/sang/ros2_ws/install/ros2_control_demo_example_10/share/ros2_control_demo_example_10/local_setup.bash
[0.459s] -- Up-to-date symlink: /home/sang/ros2_ws/install/ros2_control_demo_example_10/share/ros2_control_demo_example_10/local_setup.sh
[0.461s] -- Up-to-date symlink: /home/sang/ros2_ws/install/ros2_control_demo_example_10/share/ros2_control_demo_example_10/local_setup.zsh
[0.463s] -- Up-to-date symlink: /home/sang/ros2_ws/install/ros2_control_demo_example_10/share/ros2_control_demo_example_10/local_setup.dsv
[0.463s] -- Symlinking: /home/sang/ros2_ws/install/ros2_control_demo_example_10/share/ros2_control_demo_example_10/package.dsv
[0.508s] -- Up-to-date symlink: /home/sang/ros2_ws/install/ros2_control_demo_example_10/share/ament_index/resource_index/packages/ros2_control_demo_example_10
[0.508s] -- Up-to-date symlink: /home/sang/ros2_ws/install/ros2_control_demo_example_10/share/ament_index/resource_index/hardware_interface__pluginlib__plugin/ros2_control_demo_example_10
[0.508s] -- Up-to-date symlink: /home/sang/ros2_ws/install/ros2_control_demo_example_10/share/ros2_control_demo_example_10/cmake/ament_cmake_export_targets-extras.cmake
[0.508s] -- Up-to-date symlink: /home/sang/ros2_ws/install/ros2_control_demo_example_10/share/ros2_control_demo_example_10/cmake/ament_cmake_export_dependencies-extras.cmake
[0.521s] -- Up-to-date symlink: /home/sang/ros2_ws/install/ros2_control_demo_example_10/share/ros2_control_demo_example_10/cmake/ros2_control_demo_example_10Config.cmake
[0.521s] -- Up-to-date symlink: /home/sang/ros2_ws/install/ros2_control_demo_example_10/share/ros2_control_demo_example_10/cmake/ros2_control_demo_example_10Config-version.cmake
[0.521s] -- Up-to-date symlink: /home/sang/ros2_ws/install/ros2_control_demo_example_10/share/ros2_control_demo_example_10/package.xml
[0.522s] -- Up-to-date: /home/sang/ros2_ws/install/ros2_control_demo_example_10/lib/libros2_control_demo_example_10.so
[0.522s] -- Up-to-date: /home/sang/ros2_ws/install/ros2_control_demo_example_10/share/ros2_control_demo_example_10/cmake/export_ros2_control_demo_example_10Export.cmake
[0.522s] -- Up-to-date: /home/sang/ros2_ws/install/ros2_control_demo_example_10/share/ros2_control_demo_example_10/cmake/export_ros2_control_demo_example_10Export-noconfig.cmake
[0.537s] Invoked command in '/home/sang/ros2_ws/build/ros2_control_demo_example_10' returned '0': AMENT_PREFIX_PATH=/home/sang/ros2_ws/install/ros2_control_demo_description:${AMENT_PREFIX_PATH} CMAKE_PREFIX_PATH=/home/sang/ros2_ws/install/ros2_control_demo_description:/opt/ros/jazzy/opt/gz_sim_vendor:/opt/ros/jazzy/opt/gz_sensors_vendor:/opt/ros/jazzy/opt/gz_physics_vendor:/opt/ros/jazzy/opt/sdformat_vendor:/opt/ros/jazzy/opt/gz_gui_vendor:/opt/ros/jazzy/opt/gz_transport_vendor:/opt/ros/jazzy/opt/gz_rendering_vendor:/opt/ros/jazzy/opt/gz_plugin_vendor:/opt/ros/jazzy/opt/gz_fuel_tools_vendor:/opt/ros/jazzy/opt/gz_msgs_vendor:/opt/ros/jazzy/opt/gz_common_vendor:/opt/ros/jazzy/opt/gz_math_vendor:/opt/ros/jazzy/opt/gz_utils_vendor:/opt/ros/jazzy/opt/gz_tools_vendor:/opt/ros/jazzy/opt/gz_ogre_next_vendor:/opt/ros/jazzy/opt/gz_dartsim_vendor:/opt/ros/jazzy/opt/gz_cmake_vendor:/opt/ros/jazzy DEBUGINFOD_URLS=https://debuginfod.ubuntu.com /usr/bin/cmake --install /home/sang/ros2_ws/build/ros2_control_demo_example_10
