[100%] Built target ros2_control_demo_example_16
-- Install configuration: ""
-- Execute custom install script
-- Up-to-date symlink: /home/sang/ros2_ws/install/ros2_control_demo_example_16/share/ros2_control_demo_example_16//ros2_control_demo_example_16.xml
-- Up-to-date symlink: /home/sang/ros2_ws/install/ros2_control_demo_example_16/include/ros2_control_demo_example_16/ros2_control_demo_example_16/diffbot_system.hpp
-- Up-to-date symlink: /home/sang/ros2_ws/install/ros2_control_demo_example_16/share/ros2_control_demo_example_16/launch/view_robot.launch.py
-- Up-to-date symlink: /home/sang/ros2_ws/install/ros2_control_demo_example_16/share/ros2_control_demo_example_16/ros2_control/diffbot.ros2_control.xacro
-- Up-to-date symlink: /home/sang/ros2_ws/install/ros2_control_demo_example_16/share/ros2_control_demo_example_16/urdf/diffbot.urdf.xacro
-- Up-to-date symlink: /home/sang/ros2_ws/install/ros2_control_demo_example_16/share/ros2_control_demo_example_16/launch/demo_test.launch.py
-- Up-to-date symlink: /home/sang/ros2_ws/install/ros2_control_demo_example_16/share/ros2_control_demo_example_16/launch/demo_test_helper.py
-- Up-to-date symlink: /home/sang/ros2_ws/install/ros2_control_demo_example_16/share/ros2_control_demo_example_16/launch/diffbot.launch.py
-- Up-to-date symlink: /home/sang/ros2_ws/install/ros2_control_demo_example_16/share/ros2_control_demo_example_16/config/diffbot_chained_controllers.yaml
-- Up-to-date symlink: /home/sang/ros2_ws/install/ros2_control_demo_example_16/share/ros2_control_demo_example_16/config/plotjuggler.xml
-- Up-to-date symlink: /home/sang/ros2_ws/install/ros2_control_demo_example_16/share/ros2_control_demo_example_16/environment/library_path.sh
-- Up-to-date symlink: /home/sang/ros2_ws/install/ros2_control_demo_example_16/share/ros2_control_demo_example_16/environment/library_path.dsv
-- Up-to-date symlink: /home/sang/ros2_ws/install/ros2_control_demo_example_16/share/ament_index/resource_index/package_run_dependencies/ros2_control_demo_example_16
-- Up-to-date symlink: /home/sang/ros2_ws/install/ros2_control_demo_example_16/share/ament_index/resource_index/parent_prefix_path/ros2_control_demo_example_16
-- Up-to-date symlink: /home/sang/ros2_ws/install/ros2_control_demo_example_16/share/ros2_control_demo_example_16/environment/ament_prefix_path.sh
-- Up-to-date symlink: /home/sang/ros2_ws/install/ros2_control_demo_example_16/share/ros2_control_demo_example_16/environment/ament_prefix_path.dsv
-- Up-to-date symlink: /home/sang/ros2_ws/install/ros2_control_demo_example_16/share/ros2_control_demo_example_16/environment/path.sh
-- Up-to-date symlink: /home/sang/ros2_ws/install/ros2_control_demo_example_16/share/ros2_control_demo_example_16/environment/path.dsv
-- Up-to-date symlink: /home/sang/ros2_ws/install/ros2_control_demo_example_16/share/ros2_control_demo_example_16/local_setup.bash
-- Up-to-date symlink: /home/sang/ros2_ws/install/ros2_control_demo_example_16/share/ros2_control_demo_example_16/local_setup.sh
-- Up-to-date symlink: /home/sang/ros2_ws/install/ros2_control_demo_example_16/share/ros2_control_demo_example_16/local_setup.zsh
-- Up-to-date symlink: /home/sang/ros2_ws/install/ros2_control_demo_example_16/share/ros2_control_demo_example_16/local_setup.dsv
-- Symlinking: /home/sang/ros2_ws/install/ros2_control_demo_example_16/share/ros2_control_demo_example_16/package.dsv
-- Up-to-date symlink: /home/sang/ros2_ws/install/ros2_control_demo_example_16/share/ament_index/resource_index/packages/ros2_control_demo_example_16
-- Up-to-date symlink: /home/sang/ros2_ws/install/ros2_control_demo_example_16/share/ament_index/resource_index/hardware_interface__pluginlib__plugin/ros2_control_demo_example_16
-- Up-to-date symlink: /home/sang/ros2_ws/install/ros2_control_demo_example_16/share/ros2_control_demo_example_16/cmake/ament_cmake_export_targets-extras.cmake
-- Up-to-date symlink: /home/sang/ros2_ws/install/ros2_control_demo_example_16/share/ros2_control_demo_example_16/cmake/ament_cmake_export_dependencies-extras.cmake
-- Up-to-date symlink: /home/sang/ros2_ws/install/ros2_control_demo_example_16/share/ros2_control_demo_example_16/cmake/ros2_control_demo_example_16Config.cmake
-- Up-to-date symlink: /home/sang/ros2_ws/install/ros2_control_demo_example_16/share/ros2_control_demo_example_16/cmake/ros2_control_demo_example_16Config-version.cmake
-- Up-to-date symlink: /home/sang/ros2_ws/install/ros2_control_demo_example_16/share/ros2_control_demo_example_16/package.xml
-- Up-to-date: /home/sang/ros2_ws/install/ros2_control_demo_example_16/lib/libros2_control_demo_example_16.so
-- Up-to-date: /home/sang/ros2_ws/install/ros2_control_demo_example_16/share/ros2_control_demo_example_16/cmake/export_ros2_control_demo_example_16Export.cmake
-- Up-to-date: /home/sang/ros2_ws/install/ros2_control_demo_example_16/share/ros2_control_demo_example_16/cmake/export_ros2_control_demo_example_16Export-noconfig.cmake
