[0.051s] Invoking command in '/home/sang/ros2_ws/build/diffbot_description': CMAKE_PREFIX_PATH=${CMAKE_PREFIX_PATH}:/opt/ros/jazzy DEBUGINFOD_URLS=https://debuginfod.ubuntu.com /usr/bin/cmake /home/sang/ros2_ws/src/ros2_control_practice/diffbot_description -DCMAKE_INSTALL_PREFIX=/home/sang/ros2_ws/install/diffbot_description
[0.323s] -- The C compiler identification is GNU 13.3.0
[0.589s] -- The CXX compiler identification is GNU 13.3.0
[0.666s] -- Detecting C compiler ABI info
[1.213s] -- Detecting C compiler ABI info - done
[1.238s] -- Check for working C compiler: /usr/bin/cc - skipped
[1.240s] -- Detecting C compile features
[1.241s] -- Detecting C compile features - done
[1.315s] -- Detecting CXX compiler ABI info
[1.807s] -- Detecting CXX compiler ABI info - done
[1.844s] -- Check for working CXX compiler: /usr/bin/c++ - skipped
[1.848s] -- Detecting CXX compile features
[1.848s] -- Detecting CXX compile features - done
[1.883s] -- Found ament_cmake: 2.5.3 (/opt/ros/jazzy/share/ament_cmake/cmake)
[2.613s] -- Found Python3: /usr/bin/python3 (found version "3.12.3") found components: Interpreter 
[3.292s] -- Found ament_lint_auto: 0.17.2 (/opt/ros/jazzy/share/ament_lint_auto/cmake)
[3.834s] -- Added test 'flake8' to check Python code syntax and style conventions
[3.835s] -- Configured 'flake8' exclude dirs and/or files: 
[3.839s] -- Added test 'lint_cmake' to check CMake code style
[3.845s] -- Added test 'pep257' to check Python code against some of the docstring style conventions in PEP 257
[3.851s] -- Added test 'xmllint' to check XML markup files
[3.863s] -- Configuring done (3.8s)
[3.878s] -- Generating done (0.0s)
[3.887s] -- Build files have been written to: /home/sang/ros2_ws/build/diffbot_description
[3.907s] Invoked command in '/home/sang/ros2_ws/build/diffbot_description' returned '0': CMAKE_PREFIX_PATH=${CMAKE_PREFIX_PATH}:/opt/ros/jazzy DEBUGINFOD_URLS=https://debuginfod.ubuntu.com /usr/bin/cmake /home/sang/ros2_ws/src/ros2_control_practice/diffbot_description -DCMAKE_INSTALL_PREFIX=/home/sang/ros2_ws/install/diffbot_description
[3.910s] Invoking command in '/home/sang/ros2_ws/build/diffbot_description': CMAKE_PREFIX_PATH=${CMAKE_PREFIX_PATH}:/opt/ros/jazzy DEBUGINFOD_URLS=https://debuginfod.ubuntu.com /usr/bin/cmake --build /home/sang/ros2_ws/build/diffbot_description -- -j2 -l2
[4.165s] Invoked command in '/home/sang/ros2_ws/build/diffbot_description' returned '0': CMAKE_PREFIX_PATH=${CMAKE_PREFIX_PATH}:/opt/ros/jazzy DEBUGINFOD_URLS=https://debuginfod.ubuntu.com /usr/bin/cmake --build /home/sang/ros2_ws/build/diffbot_description -- -j2 -l2
[4.170s] Invoking command in '/home/sang/ros2_ws/build/diffbot_description': CMAKE_PREFIX_PATH=${CMAKE_PREFIX_PATH}:/opt/ros/jazzy DEBUGINFOD_URLS=https://debuginfod.ubuntu.com /usr/bin/cmake --install /home/sang/ros2_ws/build/diffbot_description
[4.213s] -- Install configuration: ""
[4.215s] -- Installing: /home/sang/ros2_ws/install/diffbot_description/share/diffbot_description/urdf
[4.215s] -- Installing: /home/sang/ros2_ws/install/diffbot_description/share/diffbot_description/urdf/inertial_macros.xacro
[4.218s] -- Installing: /home/sang/ros2_ws/install/diffbot_description/share/diffbot_description/urdf/diffbot_description.urdf.xacro
[4.218s] -- Installing: /home/sang/ros2_ws/install/diffbot_description/share/diffbot_description/urdf/diffbot.urdf.xacro
[4.219s] -- Installing: /home/sang/ros2_ws/install/diffbot_description/share/diffbot_description/launch
[4.220s] -- Installing: /home/sang/ros2_ws/install/diffbot_description/share/diffbot_description/launch/view_robot.launch.py
[4.222s] -- Installing: /home/sang/ros2_ws/install/diffbot_description/share/diffbot_description/rviz
[4.222s] -- Installing: /home/sang/ros2_ws/install/diffbot_description/share/diffbot_description/rviz/diffbot.rviz
[4.224s] -- Installing: /home/sang/ros2_ws/install/diffbot_description/share/ament_index/resource_index/package_run_dependencies/diffbot_description
[4.225s] -- Installing: /home/sang/ros2_ws/install/diffbot_description/share/ament_index/resource_index/parent_prefix_path/diffbot_description
[4.228s] -- Installing: /home/sang/ros2_ws/install/diffbot_description/share/diffbot_description/environment/ament_prefix_path.sh
[4.229s] -- Installing: /home/sang/ros2_ws/install/diffbot_description/share/diffbot_description/environment/ament_prefix_path.dsv
[4.232s] -- Installing: /home/sang/ros2_ws/install/diffbot_description/share/diffbot_description/environment/path.sh
[4.236s] -- Installing: /home/sang/ros2_ws/install/diffbot_description/share/diffbot_description/environment/path.dsv
[4.236s] -- Installing: /home/sang/ros2_ws/install/diffbot_description/share/diffbot_description/local_setup.bash
[4.237s] -- Installing: /home/sang/ros2_ws/install/diffbot_description/share/diffbot_description/local_setup.sh
[4.243s] -- Installing: /home/sang/ros2_ws/install/diffbot_description/share/diffbot_description/local_setup.zsh
[4.246s] -- Installing: /home/sang/ros2_ws/install/diffbot_description/share/diffbot_description/local_setup.dsv
[4.246s] -- Installing: /home/sang/ros2_ws/install/diffbot_description/share/diffbot_description/package.dsv
[4.251s] -- Installing: /home/sang/ros2_ws/install/diffbot_description/share/ament_index/resource_index/packages/diffbot_description
[4.251s] -- Installing: /home/sang/ros2_ws/install/diffbot_description/share/diffbot_description/cmake/diffbot_descriptionConfig.cmake
[4.252s] -- Installing: /home/sang/ros2_ws/install/diffbot_description/share/diffbot_description/cmake/diffbot_descriptionConfig-version.cmake
[4.252s] -- Installing: /home/sang/ros2_ws/install/diffbot_description/share/diffbot_description/package.xml
[4.260s] Invoked command in '/home/sang/ros2_ws/build/diffbot_description' returned '0': CMAKE_PREFIX_PATH=${CMAKE_PREFIX_PATH}:/opt/ros/jazzy DEBUGINFOD_URLS=https://debuginfod.ubuntu.com /usr/bin/cmake --install /home/sang/ros2_ws/build/diffbot_description
