[0.045s] Invoking command in '/home/sang/ros2_ws/build/ros2_control_demo_example_12': AMENT_PREFIX_PATH=/home/sang/ros2_ws/install/ros2_control_demo_description:${AMENT_PREFIX_PATH} CMAKE_PREFIX_PATH=/home/sang/ros2_ws/install/ros2_control_demo_description:/opt/ros/jazzy/opt/gz_sim_vendor:/opt/ros/jazzy/opt/gz_sensors_vendor:/opt/ros/jazzy/opt/gz_physics_vendor:/opt/ros/jazzy/opt/sdformat_vendor:/opt/ros/jazzy/opt/gz_gui_vendor:/opt/ros/jazzy/opt/gz_transport_vendor:/opt/ros/jazzy/opt/gz_rendering_vendor:/opt/ros/jazzy/opt/gz_plugin_vendor:/opt/ros/jazzy/opt/gz_fuel_tools_vendor:/opt/ros/jazzy/opt/gz_msgs_vendor:/opt/ros/jazzy/opt/gz_common_vendor:/opt/ros/jazzy/opt/gz_math_vendor:/opt/ros/jazzy/opt/gz_utils_vendor:/opt/ros/jazzy/opt/gz_tools_vendor:/opt/ros/jazzy/opt/gz_ogre_next_vendor:/opt/ros/jazzy/opt/gz_dartsim_vendor:/opt/ros/jazzy/opt/gz_cmake_vendor:/opt/ros/jazzy DEBUGINFOD_URLS=https://debuginfod.ubuntu.com /usr/bin/cmake --build /home/sang/ros2_ws/build/ros2_control_demo_example_12 -- -j2 -l2
[0.421s] [ 33%] Built target passthrough_controller_parameters
[0.457s] [ 66%] Built target ros2_control_demo_example_12
[0.589s] [100%] Built target passthrough_controller
[0.648s] Invoked command in '/home/sang/ros2_ws/build/ros2_control_demo_example_12' returned '0': AMENT_PREFIX_PATH=/home/sang/ros2_ws/install/ros2_control_demo_description:${AMENT_PREFIX_PATH} CMAKE_PREFIX_PATH=/home/sang/ros2_ws/install/ros2_control_demo_description:/opt/ros/jazzy/opt/gz_sim_vendor:/opt/ros/jazzy/opt/gz_sensors_vendor:/opt/ros/jazzy/opt/gz_physics_vendor:/opt/ros/jazzy/opt/sdformat_vendor:/opt/ros/jazzy/opt/gz_gui_vendor:/opt/ros/jazzy/opt/gz_transport_vendor:/opt/ros/jazzy/opt/gz_rendering_vendor:/opt/ros/jazzy/opt/gz_plugin_vendor:/opt/ros/jazzy/opt/gz_fuel_tools_vendor:/opt/ros/jazzy/opt/gz_msgs_vendor:/opt/ros/jazzy/opt/gz_common_vendor:/opt/ros/jazzy/opt/gz_math_vendor:/opt/ros/jazzy/opt/gz_utils_vendor:/opt/ros/jazzy/opt/gz_tools_vendor:/opt/ros/jazzy/opt/gz_ogre_next_vendor:/opt/ros/jazzy/opt/gz_dartsim_vendor:/opt/ros/jazzy/opt/gz_cmake_vendor:/opt/ros/jazzy DEBUGINFOD_URLS=https://debuginfod.ubuntu.com /usr/bin/cmake --build /home/sang/ros2_ws/build/ros2_control_demo_example_12 -- -j2 -l2
[0.659s] Invoking command in '/home/sang/ros2_ws/build/ros2_control_demo_example_12': AMENT_PREFIX_PATH=/home/sang/ros2_ws/install/ros2_control_demo_description:${AMENT_PREFIX_PATH} CMAKE_PREFIX_PATH=/home/sang/ros2_ws/install/ros2_control_demo_description:/opt/ros/jazzy/opt/gz_sim_vendor:/opt/ros/jazzy/opt/gz_sensors_vendor:/opt/ros/jazzy/opt/gz_physics_vendor:/opt/ros/jazzy/opt/sdformat_vendor:/opt/ros/jazzy/opt/gz_gui_vendor:/opt/ros/jazzy/opt/gz_transport_vendor:/opt/ros/jazzy/opt/gz_rendering_vendor:/opt/ros/jazzy/opt/gz_plugin_vendor:/opt/ros/jazzy/opt/gz_fuel_tools_vendor:/opt/ros/jazzy/opt/gz_msgs_vendor:/opt/ros/jazzy/opt/gz_common_vendor:/opt/ros/jazzy/opt/gz_math_vendor:/opt/ros/jazzy/opt/gz_utils_vendor:/opt/ros/jazzy/opt/gz_tools_vendor:/opt/ros/jazzy/opt/gz_ogre_next_vendor:/opt/ros/jazzy/opt/gz_dartsim_vendor:/opt/ros/jazzy/opt/gz_cmake_vendor:/opt/ros/jazzy DEBUGINFOD_URLS=https://debuginfod.ubuntu.com /usr/bin/cmake --install /home/sang/ros2_ws/build/ros2_control_demo_example_12
[0.706s] -- Install configuration: ""
[0.709s] -- Execute custom install script
[0.716s] -- Up-to-date symlink: /home/sang/ros2_ws/install/ros2_control_demo_example_12/share/ros2_control_demo_example_12//ros2_control_demo_example_12.xml
[0.718s] -- Up-to-date symlink: /home/sang/ros2_ws/install/ros2_control_demo_example_12/include/ros2_control_demo_example_12/passthrough_controller_parameters.hpp
[0.722s] -- Up-to-date symlink: /home/sang/ros2_ws/install/ros2_control_demo_example_12/share/ros2_control_demo_example_12//passthrough_controller.xml
[0.724s] -- Up-to-date symlink: /home/sang/ros2_ws/install/ros2_control_demo_example_12/include/ros2_control_demo_example_12/ros2_control_demo_example_12/rrbot.hpp
[0.728s] -- Up-to-date symlink: /home/sang/ros2_ws/install/ros2_control_demo_example_12/share/ros2_control_demo_example_12/launch/view_robot.launch.py
[0.732s] -- Up-to-date symlink: /home/sang/ros2_ws/install/ros2_control_demo_example_12/share/ros2_control_demo_example_12/ros2_control/rrbot.ros2_control.xacro
[0.736s] -- Up-to-date symlink: /home/sang/ros2_ws/install/ros2_control_demo_example_12/share/ros2_control_demo_example_12/urdf/rrbot.urdf.xacro
[0.740s] -- Up-to-date symlink: /home/sang/ros2_ws/install/ros2_control_demo_example_12/share/ros2_control_demo_example_12/launch/launch_chained_controllers.launch.py
[0.742s] -- Up-to-date symlink: /home/sang/ros2_ws/install/ros2_control_demo_example_12/share/ros2_control_demo_example_12/launch/rrbot.launch.py
[0.746s] -- Up-to-date symlink: /home/sang/ros2_ws/install/ros2_control_demo_example_12/share/ros2_control_demo_example_12/config/rrbot_chained_controllers.yaml
[0.750s] -- Up-to-date symlink: /home/sang/ros2_ws/install/ros2_control_demo_example_12/include/passthrough_controller/passthrough_controller/passthrough_controller.hpp
[0.753s] -- Up-to-date symlink: /home/sang/ros2_ws/install/ros2_control_demo_example_12/share/ros2_control_demo_example_12/environment/library_path.sh
[0.755s] -- Up-to-date symlink: /home/sang/ros2_ws/install/ros2_control_demo_example_12/share/ros2_control_demo_example_12/environment/library_path.dsv
[0.758s] -- Up-to-date symlink: /home/sang/ros2_ws/install/ros2_control_demo_example_12/share/ament_index/resource_index/package_run_dependencies/ros2_control_demo_example_12
[0.762s] -- Up-to-date symlink: /home/sang/ros2_ws/install/ros2_control_demo_example_12/share/ament_index/resource_index/parent_prefix_path/ros2_control_demo_example_12
[0.764s] -- Up-to-date symlink: /home/sang/ros2_ws/install/ros2_control_demo_example_12/share/ros2_control_demo_example_12/environment/ament_prefix_path.sh
[0.767s] -- Up-to-date symlink: /home/sang/ros2_ws/install/ros2_control_demo_example_12/share/ros2_control_demo_example_12/environment/ament_prefix_path.dsv
[0.769s] -- Up-to-date symlink: /home/sang/ros2_ws/install/ros2_control_demo_example_12/share/ros2_control_demo_example_12/environment/path.sh
[0.772s] -- Up-to-date symlink: /home/sang/ros2_ws/install/ros2_control_demo_example_12/share/ros2_control_demo_example_12/environment/path.dsv
[0.774s] -- Up-to-date symlink: /home/sang/ros2_ws/install/ros2_control_demo_example_12/share/ros2_control_demo_example_12/local_setup.bash
[0.777s] -- Up-to-date symlink: /home/sang/ros2_ws/install/ros2_control_demo_example_12/share/ros2_control_demo_example_12/local_setup.sh
[0.779s] -- Up-to-date symlink: /home/sang/ros2_ws/install/ros2_control_demo_example_12/share/ros2_control_demo_example_12/local_setup.zsh
[0.780s] -- Up-to-date symlink: /home/sang/ros2_ws/install/ros2_control_demo_example_12/share/ros2_control_demo_example_12/local_setup.dsv
[0.783s] -- Symlinking: /home/sang/ros2_ws/install/ros2_control_demo_example_12/share/ros2_control_demo_example_12/package.dsv
[0.844s] -- Up-to-date symlink: /home/sang/ros2_ws/install/ros2_control_demo_example_12/share/ament_index/resource_index/packages/ros2_control_demo_example_12
[0.846s] -- Up-to-date symlink: /home/sang/ros2_ws/install/ros2_control_demo_example_12/share/ament_index/resource_index/hardware_interface__pluginlib__plugin/ros2_control_demo_example_12
[0.848s] -- Up-to-date symlink: /home/sang/ros2_ws/install/ros2_control_demo_example_12/share/ament_index/resource_index/controller_interface__pluginlib__plugin/ros2_control_demo_example_12
[0.853s] -- Up-to-date symlink: /home/sang/ros2_ws/install/ros2_control_demo_example_12/share/ros2_control_demo_example_12/cmake/ament_cmake_export_dependencies-extras.cmake
[0.856s] -- Up-to-date symlink: /home/sang/ros2_ws/install/ros2_control_demo_example_12/share/ros2_control_demo_example_12/cmake/ament_cmake_export_targets-extras.cmake
[0.861s] -- Up-to-date symlink: /home/sang/ros2_ws/install/ros2_control_demo_example_12/share/ros2_control_demo_example_12/cmake/ros2_control_demo_example_12Config.cmake
[0.862s] -- Up-to-date symlink: /home/sang/ros2_ws/install/ros2_control_demo_example_12/share/ros2_control_demo_example_12/cmake/ros2_control_demo_example_12Config-version.cmake
[0.867s] -- Up-to-date symlink: /home/sang/ros2_ws/install/ros2_control_demo_example_12/share/ros2_control_demo_example_12/package.xml
[0.875s] -- Up-to-date: /home/sang/ros2_ws/install/ros2_control_demo_example_12/lib/libros2_control_demo_example_12.so
[0.884s] -- Up-to-date: /home/sang/ros2_ws/install/ros2_control_demo_example_12/lib/libpassthrough_controller.so
[0.892s] -- Up-to-date: /home/sang/ros2_ws/install/ros2_control_demo_example_12/share/ros2_control_demo_example_12/cmake/export_passthrough_controllerExport.cmake
[0.892s] -- Up-to-date: /home/sang/ros2_ws/install/ros2_control_demo_example_12/share/ros2_control_demo_example_12/cmake/export_passthrough_controllerExport-noconfig.cmake
[0.894s] -- Up-to-date: /home/sang/ros2_ws/install/ros2_control_demo_example_12/share/ros2_control_demo_example_12/cmake/export_ros2_control_demo_example_12Export.cmake
[0.896s] -- Up-to-date: /home/sang/ros2_ws/install/ros2_control_demo_example_12/share/ros2_control_demo_example_12/cmake/export_ros2_control_demo_example_12Export-noconfig.cmake
[0.907s] Invoked command in '/home/sang/ros2_ws/build/ros2_control_demo_example_12' returned '0': AMENT_PREFIX_PATH=/home/sang/ros2_ws/install/ros2_control_demo_description:${AMENT_PREFIX_PATH} CMAKE_PREFIX_PATH=/home/sang/ros2_ws/install/ros2_control_demo_description:/opt/ros/jazzy/opt/gz_sim_vendor:/opt/ros/jazzy/opt/gz_sensors_vendor:/opt/ros/jazzy/opt/gz_physics_vendor:/opt/ros/jazzy/opt/sdformat_vendor:/opt/ros/jazzy/opt/gz_gui_vendor:/opt/ros/jazzy/opt/gz_transport_vendor:/opt/ros/jazzy/opt/gz_rendering_vendor:/opt/ros/jazzy/opt/gz_plugin_vendor:/opt/ros/jazzy/opt/gz_fuel_tools_vendor:/opt/ros/jazzy/opt/gz_msgs_vendor:/opt/ros/jazzy/opt/gz_common_vendor:/opt/ros/jazzy/opt/gz_math_vendor:/opt/ros/jazzy/opt/gz_utils_vendor:/opt/ros/jazzy/opt/gz_tools_vendor:/opt/ros/jazzy/opt/gz_ogre_next_vendor:/opt/ros/jazzy/opt/gz_dartsim_vendor:/opt/ros/jazzy/opt/gz_cmake_vendor:/opt/ros/jazzy DEBUGINFOD_URLS=https://debuginfod.ubuntu.com /usr/bin/cmake --install /home/sang/ros2_ws/build/ros2_control_demo_example_12
