[0.045s] Invoking command in '/home/sang/ros2_ws/build/ros2_control_demo_example_6': AMENT_PREFIX_PATH=/home/sang/ros2_ws/install/ros2_control_demo_description:${AMENT_PREFIX_PATH} CMAKE_PREFIX_PATH=/home/sang/ros2_ws/install/ros2_control_demo_description:/opt/ros/jazzy/opt/gz_sim_vendor:/opt/ros/jazzy/opt/gz_sensors_vendor:/opt/ros/jazzy/opt/gz_physics_vendor:/opt/ros/jazzy/opt/sdformat_vendor:/opt/ros/jazzy/opt/gz_gui_vendor:/opt/ros/jazzy/opt/gz_transport_vendor:/opt/ros/jazzy/opt/gz_rendering_vendor:/opt/ros/jazzy/opt/gz_plugin_vendor:/opt/ros/jazzy/opt/gz_fuel_tools_vendor:/opt/ros/jazzy/opt/gz_msgs_vendor:/opt/ros/jazzy/opt/gz_common_vendor:/opt/ros/jazzy/opt/gz_math_vendor:/opt/ros/jazzy/opt/gz_utils_vendor:/opt/ros/jazzy/opt/gz_tools_vendor:/opt/ros/jazzy/opt/gz_ogre_next_vendor:/opt/ros/jazzy/opt/gz_dartsim_vendor:/opt/ros/jazzy/opt/gz_cmake_vendor:/opt/ros/jazzy DEBUGINFOD_URLS=https://debuginfod.ubuntu.com /usr/bin/cmake /home/sang/ros2_ws/src/ros2_control_demos/example_6 -DAMENT_CMAKE_SYMLINK_INSTALL=1 -DCMAKE_INSTALL_PREFIX=/home/sang/ros2_ws/install/ros2_control_demo_example_6
[0.118s] -- Found ros2_control_cmake: 0.1.1 (/opt/ros/jazzy/share/ros2_control_cmake/cmake)
[0.119s] -- Compiler warnings enabled for GNU
[0.119s] -- Detected GCC Version: 13.3.0 (Major: 13, Minor: 3)
[0.124s] -- Found controller_manager: 4.27.0 (/opt/ros/jazzy/share/controller_manager/cmake)
[0.717s] -- Override CMake install command with custom implementation using symlinks instead of copying resources
[0.838s] -- Found rosidl_generator_c: 4.6.5 (/opt/ros/jazzy/share/rosidl_generator_c/cmake)
[0.860s] -- Found rosidl_generator_cpp: 4.6.5 (/opt/ros/jazzy/share/rosidl_generator_cpp/cmake)
[0.906s] -- Using all available rosidl_typesupport_c: rosidl_typesupport_fastrtps_c;rosidl_typesupport_introspection_c
[0.948s] -- Using all available rosidl_typesupport_cpp: rosidl_typesupport_fastrtps_cpp;rosidl_typesupport_introspection_cpp
[1.063s] -- Found rmw_implementation_cmake: 7.3.2 (/opt/ros/jazzy/share/rmw_implementation_cmake/cmake)
[1.068s] -- Found rmw_fastrtps_cpp: 8.4.2 (/opt/ros/jazzy/share/rmw_fastrtps_cpp/cmake)
[1.248s] -- Using RMW implementation 'rmw_fastrtps_cpp' as default
[2.054s] -- Found ament_cmake_pytest: 2.5.3 (/opt/ros/jazzy/share/ament_cmake_pytest/cmake)
[5.752s] -- Configuring done (5.6s)
[5.925s] -- Generating done (0.1s)
[5.961s] -- Build files have been written to: /home/sang/ros2_ws/build/ros2_control_demo_example_6
[5.999s] Invoked command in '/home/sang/ros2_ws/build/ros2_control_demo_example_6' returned '0': AMENT_PREFIX_PATH=/home/sang/ros2_ws/install/ros2_control_demo_description:${AMENT_PREFIX_PATH} CMAKE_PREFIX_PATH=/home/sang/ros2_ws/install/ros2_control_demo_description:/opt/ros/jazzy/opt/gz_sim_vendor:/opt/ros/jazzy/opt/gz_sensors_vendor:/opt/ros/jazzy/opt/gz_physics_vendor:/opt/ros/jazzy/opt/sdformat_vendor:/opt/ros/jazzy/opt/gz_gui_vendor:/opt/ros/jazzy/opt/gz_transport_vendor:/opt/ros/jazzy/opt/gz_rendering_vendor:/opt/ros/jazzy/opt/gz_plugin_vendor:/opt/ros/jazzy/opt/gz_fuel_tools_vendor:/opt/ros/jazzy/opt/gz_msgs_vendor:/opt/ros/jazzy/opt/gz_common_vendor:/opt/ros/jazzy/opt/gz_math_vendor:/opt/ros/jazzy/opt/gz_utils_vendor:/opt/ros/jazzy/opt/gz_tools_vendor:/opt/ros/jazzy/opt/gz_ogre_next_vendor:/opt/ros/jazzy/opt/gz_dartsim_vendor:/opt/ros/jazzy/opt/gz_cmake_vendor:/opt/ros/jazzy DEBUGINFOD_URLS=https://debuginfod.ubuntu.com /usr/bin/cmake /home/sang/ros2_ws/src/ros2_control_demos/example_6 -DAMENT_CMAKE_SYMLINK_INSTALL=1 -DCMAKE_INSTALL_PREFIX=/home/sang/ros2_ws/install/ros2_control_demo_example_6
[6.001s] Invoking command in '/home/sang/ros2_ws/build/ros2_control_demo_example_6': AMENT_PREFIX_PATH=/home/sang/ros2_ws/install/ros2_control_demo_description:${AMENT_PREFIX_PATH} CMAKE_PREFIX_PATH=/home/sang/ros2_ws/install/ros2_control_demo_description:/opt/ros/jazzy/opt/gz_sim_vendor:/opt/ros/jazzy/opt/gz_sensors_vendor:/opt/ros/jazzy/opt/gz_physics_vendor:/opt/ros/jazzy/opt/sdformat_vendor:/opt/ros/jazzy/opt/gz_gui_vendor:/opt/ros/jazzy/opt/gz_transport_vendor:/opt/ros/jazzy/opt/gz_rendering_vendor:/opt/ros/jazzy/opt/gz_plugin_vendor:/opt/ros/jazzy/opt/gz_fuel_tools_vendor:/opt/ros/jazzy/opt/gz_msgs_vendor:/opt/ros/jazzy/opt/gz_common_vendor:/opt/ros/jazzy/opt/gz_math_vendor:/opt/ros/jazzy/opt/gz_utils_vendor:/opt/ros/jazzy/opt/gz_tools_vendor:/opt/ros/jazzy/opt/gz_ogre_next_vendor:/opt/ros/jazzy/opt/gz_dartsim_vendor:/opt/ros/jazzy/opt/gz_cmake_vendor:/opt/ros/jazzy DEBUGINFOD_URLS=https://debuginfod.ubuntu.com /usr/bin/cmake --build /home/sang/ros2_ws/build/ros2_control_demo_example_6 -- -j2 -l2
[6.326s] [100%] Built target ros2_control_demo_example_6
[6.402s] Invoked command in '/home/sang/ros2_ws/build/ros2_control_demo_example_6' returned '0': AMENT_PREFIX_PATH=/home/sang/ros2_ws/install/ros2_control_demo_description:${AMENT_PREFIX_PATH} CMAKE_PREFIX_PATH=/home/sang/ros2_ws/install/ros2_control_demo_description:/opt/ros/jazzy/opt/gz_sim_vendor:/opt/ros/jazzy/opt/gz_sensors_vendor:/opt/ros/jazzy/opt/gz_physics_vendor:/opt/ros/jazzy/opt/sdformat_vendor:/opt/ros/jazzy/opt/gz_gui_vendor:/opt/ros/jazzy/opt/gz_transport_vendor:/opt/ros/jazzy/opt/gz_rendering_vendor:/opt/ros/jazzy/opt/gz_plugin_vendor:/opt/ros/jazzy/opt/gz_fuel_tools_vendor:/opt/ros/jazzy/opt/gz_msgs_vendor:/opt/ros/jazzy/opt/gz_common_vendor:/opt/ros/jazzy/opt/gz_math_vendor:/opt/ros/jazzy/opt/gz_utils_vendor:/opt/ros/jazzy/opt/gz_tools_vendor:/opt/ros/jazzy/opt/gz_ogre_next_vendor:/opt/ros/jazzy/opt/gz_dartsim_vendor:/opt/ros/jazzy/opt/gz_cmake_vendor:/opt/ros/jazzy DEBUGINFOD_URLS=https://debuginfod.ubuntu.com /usr/bin/cmake --build /home/sang/ros2_ws/build/ros2_control_demo_example_6 -- -j2 -l2
[6.406s] Invoking command in '/home/sang/ros2_ws/build/ros2_control_demo_example_6': AMENT_PREFIX_PATH=/home/sang/ros2_ws/install/ros2_control_demo_description:${AMENT_PREFIX_PATH} CMAKE_PREFIX_PATH=/home/sang/ros2_ws/install/ros2_control_demo_description:/opt/ros/jazzy/opt/gz_sim_vendor:/opt/ros/jazzy/opt/gz_sensors_vendor:/opt/ros/jazzy/opt/gz_physics_vendor:/opt/ros/jazzy/opt/sdformat_vendor:/opt/ros/jazzy/opt/gz_gui_vendor:/opt/ros/jazzy/opt/gz_transport_vendor:/opt/ros/jazzy/opt/gz_rendering_vendor:/opt/ros/jazzy/opt/gz_plugin_vendor:/opt/ros/jazzy/opt/gz_fuel_tools_vendor:/opt/ros/jazzy/opt/gz_msgs_vendor:/opt/ros/jazzy/opt/gz_common_vendor:/opt/ros/jazzy/opt/gz_math_vendor:/opt/ros/jazzy/opt/gz_utils_vendor:/opt/ros/jazzy/opt/gz_tools_vendor:/opt/ros/jazzy/opt/gz_ogre_next_vendor:/opt/ros/jazzy/opt/gz_dartsim_vendor:/opt/ros/jazzy/opt/gz_cmake_vendor:/opt/ros/jazzy DEBUGINFOD_URLS=https://debuginfod.ubuntu.com /usr/bin/cmake --install /home/sang/ros2_ws/build/ros2_control_demo_example_6
[6.455s] -- Install configuration: ""
[6.460s] -- Execute custom install script
[6.462s] -- Up-to-date symlink: /home/sang/ros2_ws/install/ros2_control_demo_example_6/share/ros2_control_demo_example_6//ros2_control_demo_example_6.xml
[6.469s] -- Up-to-date symlink: /home/sang/ros2_ws/install/ros2_control_demo_example_6/include/ros2_control_demo_example_6/ros2_control_demo_example_6/rrbot_actuator.hpp
[6.473s] -- Up-to-date symlink: /home/sang/ros2_ws/install/ros2_control_demo_example_6/share/ros2_control_demo_example_6/launch/view_robot.launch.py
[6.481s] -- Up-to-date symlink: /home/sang/ros2_ws/install/ros2_control_demo_example_6/share/ros2_control_demo_example_6/ros2_control/rrbot_modular_actuators.ros2_control.xacro
[6.485s] -- Up-to-date symlink: /home/sang/ros2_ws/install/ros2_control_demo_example_6/share/ros2_control_demo_example_6/urdf/rrbot_modular_actuators.urdf.xacro
[6.491s] -- Up-to-date symlink: /home/sang/ros2_ws/install/ros2_control_demo_example_6/share/ros2_control_demo_example_6/launch/rrbot_modular_actuators.launch.py
[6.495s] -- Up-to-date symlink: /home/sang/ros2_ws/install/ros2_control_demo_example_6/share/ros2_control_demo_example_6/launch/test_forward_position_controller.launch.py
[6.498s] -- Up-to-date symlink: /home/sang/ros2_ws/install/ros2_control_demo_example_6/share/ros2_control_demo_example_6/config/rrbot_forward_position_publisher.yaml
[6.501s] -- Up-to-date symlink: /home/sang/ros2_ws/install/ros2_control_demo_example_6/share/ros2_control_demo_example_6/config/rrbot_modular_actuators.yaml
[6.506s] -- Up-to-date symlink: /home/sang/ros2_ws/install/ros2_control_demo_example_6/share/ros2_control_demo_example_6/environment/library_path.sh
[6.506s] -- Up-to-date symlink: /home/sang/ros2_ws/install/ros2_control_demo_example_6/share/ros2_control_demo_example_6/environment/library_path.dsv
[6.507s] -- Up-to-date symlink: /home/sang/ros2_ws/install/ros2_control_demo_example_6/share/ament_index/resource_index/package_run_dependencies/ros2_control_demo_example_6
[6.508s] -- Up-to-date symlink: /home/sang/ros2_ws/install/ros2_control_demo_example_6/share/ament_index/resource_index/parent_prefix_path/ros2_control_demo_example_6
[6.512s] -- Up-to-date symlink: /home/sang/ros2_ws/install/ros2_control_demo_example_6/share/ros2_control_demo_example_6/environment/ament_prefix_path.sh
[6.512s] -- Up-to-date symlink: /home/sang/ros2_ws/install/ros2_control_demo_example_6/share/ros2_control_demo_example_6/environment/ament_prefix_path.dsv
[6.513s] -- Up-to-date symlink: /home/sang/ros2_ws/install/ros2_control_demo_example_6/share/ros2_control_demo_example_6/environment/path.sh
[6.514s] -- Up-to-date symlink: /home/sang/ros2_ws/install/ros2_control_demo_example_6/share/ros2_control_demo_example_6/environment/path.dsv
[6.519s] -- Up-to-date symlink: /home/sang/ros2_ws/install/ros2_control_demo_example_6/share/ros2_control_demo_example_6/local_setup.bash
[6.519s] -- Up-to-date symlink: /home/sang/ros2_ws/install/ros2_control_demo_example_6/share/ros2_control_demo_example_6/local_setup.sh
[6.523s] -- Up-to-date symlink: /home/sang/ros2_ws/install/ros2_control_demo_example_6/share/ros2_control_demo_example_6/local_setup.zsh
[6.525s] -- Up-to-date symlink: /home/sang/ros2_ws/install/ros2_control_demo_example_6/share/ros2_control_demo_example_6/local_setup.dsv
[6.525s] -- Symlinking: /home/sang/ros2_ws/install/ros2_control_demo_example_6/share/ros2_control_demo_example_6/package.dsv
[6.581s] -- Up-to-date symlink: /home/sang/ros2_ws/install/ros2_control_demo_example_6/share/ament_index/resource_index/packages/ros2_control_demo_example_6
[6.583s] -- Up-to-date symlink: /home/sang/ros2_ws/install/ros2_control_demo_example_6/share/ament_index/resource_index/hardware_interface__pluginlib__plugin/ros2_control_demo_example_6
[6.585s] -- Up-to-date symlink: /home/sang/ros2_ws/install/ros2_control_demo_example_6/share/ros2_control_demo_example_6/cmake/ament_cmake_export_targets-extras.cmake
[6.594s] -- Up-to-date symlink: /home/sang/ros2_ws/install/ros2_control_demo_example_6/share/ros2_control_demo_example_6/cmake/ament_cmake_export_dependencies-extras.cmake
[6.595s] -- Up-to-date symlink: /home/sang/ros2_ws/install/ros2_control_demo_example_6/share/ros2_control_demo_example_6/cmake/ros2_control_demo_example_6Config.cmake
[6.601s] -- Up-to-date symlink: /home/sang/ros2_ws/install/ros2_control_demo_example_6/share/ros2_control_demo_example_6/cmake/ros2_control_demo_example_6Config-version.cmake
[6.601s] -- Up-to-date symlink: /home/sang/ros2_ws/install/ros2_control_demo_example_6/share/ros2_control_demo_example_6/package.xml
[6.607s] -- Up-to-date: /home/sang/ros2_ws/install/ros2_control_demo_example_6/lib/libros2_control_demo_example_6.so
[6.610s] -- Up-to-date: /home/sang/ros2_ws/install/ros2_control_demo_example_6/share/ros2_control_demo_example_6/cmake/export_ros2_control_demo_example_6Export.cmake
[6.611s] -- Up-to-date: /home/sang/ros2_ws/install/ros2_control_demo_example_6/share/ros2_control_demo_example_6/cmake/export_ros2_control_demo_example_6Export-noconfig.cmake
[6.636s] Invoked command in '/home/sang/ros2_ws/build/ros2_control_demo_example_6' returned '0': AMENT_PREFIX_PATH=/home/sang/ros2_ws/install/ros2_control_demo_description:${AMENT_PREFIX_PATH} CMAKE_PREFIX_PATH=/home/sang/ros2_ws/install/ros2_control_demo_description:/opt/ros/jazzy/opt/gz_sim_vendor:/opt/ros/jazzy/opt/gz_sensors_vendor:/opt/ros/jazzy/opt/gz_physics_vendor:/opt/ros/jazzy/opt/sdformat_vendor:/opt/ros/jazzy/opt/gz_gui_vendor:/opt/ros/jazzy/opt/gz_transport_vendor:/opt/ros/jazzy/opt/gz_rendering_vendor:/opt/ros/jazzy/opt/gz_plugin_vendor:/opt/ros/jazzy/opt/gz_fuel_tools_vendor:/opt/ros/jazzy/opt/gz_msgs_vendor:/opt/ros/jazzy/opt/gz_common_vendor:/opt/ros/jazzy/opt/gz_math_vendor:/opt/ros/jazzy/opt/gz_utils_vendor:/opt/ros/jazzy/opt/gz_tools_vendor:/opt/ros/jazzy/opt/gz_ogre_next_vendor:/opt/ros/jazzy/opt/gz_dartsim_vendor:/opt/ros/jazzy/opt/gz_cmake_vendor:/opt/ros/jazzy DEBUGINFOD_URLS=https://debuginfod.ubuntu.com /usr/bin/cmake --install /home/sang/ros2_ws/build/ros2_control_demo_example_6
