[0.060s] Invoking command in '/home/sang/ros2_ws/build/ros2_control_demo_example_7': AMENT_PREFIX_PATH=/home/sang/ros2_ws/install/ros2_control_demo_description:${AMENT_PREFIX_PATH} CMAKE_PREFIX_PATH=/home/sang/ros2_ws/install/ros2_control_demo_description:/opt/ros/jazzy/opt/gz_sim_vendor:/opt/ros/jazzy/opt/gz_sensors_vendor:/opt/ros/jazzy/opt/gz_physics_vendor:/opt/ros/jazzy/opt/sdformat_vendor:/opt/ros/jazzy/opt/gz_gui_vendor:/opt/ros/jazzy/opt/gz_transport_vendor:/opt/ros/jazzy/opt/gz_rendering_vendor:/opt/ros/jazzy/opt/gz_plugin_vendor:/opt/ros/jazzy/opt/gz_fuel_tools_vendor:/opt/ros/jazzy/opt/gz_msgs_vendor:/opt/ros/jazzy/opt/gz_common_vendor:/opt/ros/jazzy/opt/gz_math_vendor:/opt/ros/jazzy/opt/gz_utils_vendor:/opt/ros/jazzy/opt/gz_tools_vendor:/opt/ros/jazzy/opt/gz_ogre_next_vendor:/opt/ros/jazzy/opt/gz_dartsim_vendor:/opt/ros/jazzy/opt/gz_cmake_vendor:/opt/ros/jazzy DEBUGINFOD_URLS=https://debuginfod.ubuntu.com /usr/bin/cmake --build /home/sang/ros2_ws/build/ros2_control_demo_example_7 -- -j2 -l2
[0.554s] [ 40%] Built target send_trajectory
[0.862s] [100%] Built target ros2_control_demo_example_7
[0.999s] Invoked command in '/home/sang/ros2_ws/build/ros2_control_demo_example_7' returned '0': AMENT_PREFIX_PATH=/home/sang/ros2_ws/install/ros2_control_demo_description:${AMENT_PREFIX_PATH} CMAKE_PREFIX_PATH=/home/sang/ros2_ws/install/ros2_control_demo_description:/opt/ros/jazzy/opt/gz_sim_vendor:/opt/ros/jazzy/opt/gz_sensors_vendor:/opt/ros/jazzy/opt/gz_physics_vendor:/opt/ros/jazzy/opt/sdformat_vendor:/opt/ros/jazzy/opt/gz_gui_vendor:/opt/ros/jazzy/opt/gz_transport_vendor:/opt/ros/jazzy/opt/gz_rendering_vendor:/opt/ros/jazzy/opt/gz_plugin_vendor:/opt/ros/jazzy/opt/gz_fuel_tools_vendor:/opt/ros/jazzy/opt/gz_msgs_vendor:/opt/ros/jazzy/opt/gz_common_vendor:/opt/ros/jazzy/opt/gz_math_vendor:/opt/ros/jazzy/opt/gz_utils_vendor:/opt/ros/jazzy/opt/gz_tools_vendor:/opt/ros/jazzy/opt/gz_ogre_next_vendor:/opt/ros/jazzy/opt/gz_dartsim_vendor:/opt/ros/jazzy/opt/gz_cmake_vendor:/opt/ros/jazzy DEBUGINFOD_URLS=https://debuginfod.ubuntu.com /usr/bin/cmake --build /home/sang/ros2_ws/build/ros2_control_demo_example_7 -- -j2 -l2
[1.013s] Invoking command in '/home/sang/ros2_ws/build/ros2_control_demo_example_7': AMENT_PREFIX_PATH=/home/sang/ros2_ws/install/ros2_control_demo_description:${AMENT_PREFIX_PATH} CMAKE_PREFIX_PATH=/home/sang/ros2_ws/install/ros2_control_demo_description:/opt/ros/jazzy/opt/gz_sim_vendor:/opt/ros/jazzy/opt/gz_sensors_vendor:/opt/ros/jazzy/opt/gz_physics_vendor:/opt/ros/jazzy/opt/sdformat_vendor:/opt/ros/jazzy/opt/gz_gui_vendor:/opt/ros/jazzy/opt/gz_transport_vendor:/opt/ros/jazzy/opt/gz_rendering_vendor:/opt/ros/jazzy/opt/gz_plugin_vendor:/opt/ros/jazzy/opt/gz_fuel_tools_vendor:/opt/ros/jazzy/opt/gz_msgs_vendor:/opt/ros/jazzy/opt/gz_common_vendor:/opt/ros/jazzy/opt/gz_math_vendor:/opt/ros/jazzy/opt/gz_utils_vendor:/opt/ros/jazzy/opt/gz_tools_vendor:/opt/ros/jazzy/opt/gz_ogre_next_vendor:/opt/ros/jazzy/opt/gz_dartsim_vendor:/opt/ros/jazzy/opt/gz_cmake_vendor:/opt/ros/jazzy DEBUGINFOD_URLS=https://debuginfod.ubuntu.com /usr/bin/cmake --install /home/sang/ros2_ws/build/ros2_control_demo_example_7
[1.078s] -- Install configuration: ""
[1.081s] -- Execute custom install script
[1.087s] -- Up-to-date symlink: /home/sang/ros2_ws/install/ros2_control_demo_example_7/share/ros2_control_demo_example_7//ros2_control_demo_example_7.xml
[1.088s] -- Up-to-date symlink: /home/sang/ros2_ws/install/ros2_control_demo_example_7/share/ros2_control_demo_example_7//ros2_control_demo_example_7.xml
[1.096s] -- Up-to-date symlink: /home/sang/ros2_ws/install/ros2_control_demo_example_7/include/ros2_control_demo_example_7/ros2_control_demo_example_7/r6bot_hardware.hpp
[1.100s] -- Up-to-date symlink: /home/sang/ros2_ws/install/ros2_control_demo_example_7/share/ros2_control_demo_example_7/launch/view_r6bot.launch.py
[1.107s] -- Up-to-date symlink: /home/sang/ros2_ws/install/ros2_control_demo_example_7/share/ros2_control_demo_example_7/ros2_control/r6bot.ros2_control.xacro
[1.112s] -- Up-to-date symlink: /home/sang/ros2_ws/install/ros2_control_demo_example_7/share/ros2_control_demo_example_7/urdf/r6bot.urdf.xacro
[1.118s] -- Up-to-date symlink: /home/sang/ros2_ws/install/ros2_control_demo_example_7/share/ros2_control_demo_example_7/launch/r6bot_controller.launch.py
[1.124s] -- Up-to-date symlink: /home/sang/ros2_ws/install/ros2_control_demo_example_7/share/ros2_control_demo_example_7/launch/send_trajectory.launch.py
[1.133s] -- Up-to-date symlink: /home/sang/ros2_ws/install/ros2_control_demo_example_7/share/ros2_control_demo_example_7/config/r6bot_controller.yaml
[1.140s] -- Up-to-date symlink: /home/sang/ros2_ws/install/ros2_control_demo_example_7/lib/ros2_control_demo_example_7/send_trajectory
[1.142s] -- Up-to-date symlink: /home/sang/ros2_ws/install/ros2_control_demo_example_7/share/ros2_control_demo_example_7/environment/library_path.sh
[1.145s] -- Up-to-date symlink: /home/sang/ros2_ws/install/ros2_control_demo_example_7/share/ros2_control_demo_example_7/environment/library_path.dsv
[1.152s] -- Up-to-date symlink: /home/sang/ros2_ws/install/ros2_control_demo_example_7/share/ament_index/resource_index/package_run_dependencies/ros2_control_demo_example_7
[1.153s] -- Up-to-date symlink: /home/sang/ros2_ws/install/ros2_control_demo_example_7/share/ament_index/resource_index/parent_prefix_path/ros2_control_demo_example_7
[1.155s] -- Up-to-date symlink: /home/sang/ros2_ws/install/ros2_control_demo_example_7/share/ros2_control_demo_example_7/environment/ament_prefix_path.sh
[1.157s] -- Up-to-date symlink: /home/sang/ros2_ws/install/ros2_control_demo_example_7/share/ros2_control_demo_example_7/environment/ament_prefix_path.dsv
[1.158s] -- Up-to-date symlink: /home/sang/ros2_ws/install/ros2_control_demo_example_7/share/ros2_control_demo_example_7/environment/path.sh
[1.166s] -- Up-to-date symlink: /home/sang/ros2_ws/install/ros2_control_demo_example_7/share/ros2_control_demo_example_7/environment/path.dsv
[1.167s] -- Up-to-date symlink: /home/sang/ros2_ws/install/ros2_control_demo_example_7/share/ros2_control_demo_example_7/local_setup.bash
[1.175s] -- Up-to-date symlink: /home/sang/ros2_ws/install/ros2_control_demo_example_7/share/ros2_control_demo_example_7/local_setup.sh
[1.176s] -- Up-to-date symlink: /home/sang/ros2_ws/install/ros2_control_demo_example_7/share/ros2_control_demo_example_7/local_setup.zsh
[1.179s] -- Up-to-date symlink: /home/sang/ros2_ws/install/ros2_control_demo_example_7/share/ros2_control_demo_example_7/local_setup.dsv
[1.180s] -- Symlinking: /home/sang/ros2_ws/install/ros2_control_demo_example_7/share/ros2_control_demo_example_7/package.dsv
[1.245s] -- Up-to-date symlink: /home/sang/ros2_ws/install/ros2_control_demo_example_7/share/ament_index/resource_index/packages/ros2_control_demo_example_7
[1.248s] -- Up-to-date symlink: /home/sang/ros2_ws/install/ros2_control_demo_example_7/share/ament_index/resource_index/hardware_interface__pluginlib__plugin/ros2_control_demo_example_7
[1.251s] -- Up-to-date symlink: /home/sang/ros2_ws/install/ros2_control_demo_example_7/share/ament_index/resource_index/controller_interface__pluginlib__plugin/ros2_control_demo_example_7
[1.254s] -- Up-to-date symlink: /home/sang/ros2_ws/install/ros2_control_demo_example_7/share/ros2_control_demo_example_7/cmake/ament_cmake_export_targets-extras.cmake
[1.256s] -- Up-to-date symlink: /home/sang/ros2_ws/install/ros2_control_demo_example_7/share/ros2_control_demo_example_7/cmake/ament_cmake_export_dependencies-extras.cmake
[1.259s] -- Up-to-date symlink: /home/sang/ros2_ws/install/ros2_control_demo_example_7/share/ros2_control_demo_example_7/cmake/ros2_control_demo_example_7Config.cmake
[1.261s] -- Up-to-date symlink: /home/sang/ros2_ws/install/ros2_control_demo_example_7/share/ros2_control_demo_example_7/cmake/ros2_control_demo_example_7Config-version.cmake
[1.265s] -- Up-to-date symlink: /home/sang/ros2_ws/install/ros2_control_demo_example_7/share/ros2_control_demo_example_7/package.xml
[1.271s] -- Up-to-date: /home/sang/ros2_ws/install/ros2_control_demo_example_7/lib/libros2_control_demo_example_7.so
[1.277s] -- Up-to-date: /home/sang/ros2_ws/install/ros2_control_demo_example_7/share/ros2_control_demo_example_7/cmake/export_ros2_control_demo_example_7Export.cmake
[1.277s] -- Up-to-date: /home/sang/ros2_ws/install/ros2_control_demo_example_7/share/ros2_control_demo_example_7/cmake/export_ros2_control_demo_example_7Export-noconfig.cmake
[1.288s] Invoked command in '/home/sang/ros2_ws/build/ros2_control_demo_example_7' returned '0': AMENT_PREFIX_PATH=/home/sang/ros2_ws/install/ros2_control_demo_description:${AMENT_PREFIX_PATH} CMAKE_PREFIX_PATH=/home/sang/ros2_ws/install/ros2_control_demo_description:/opt/ros/jazzy/opt/gz_sim_vendor:/opt/ros/jazzy/opt/gz_sensors_vendor:/opt/ros/jazzy/opt/gz_physics_vendor:/opt/ros/jazzy/opt/sdformat_vendor:/opt/ros/jazzy/opt/gz_gui_vendor:/opt/ros/jazzy/opt/gz_transport_vendor:/opt/ros/jazzy/opt/gz_rendering_vendor:/opt/ros/jazzy/opt/gz_plugin_vendor:/opt/ros/jazzy/opt/gz_fuel_tools_vendor:/opt/ros/jazzy/opt/gz_msgs_vendor:/opt/ros/jazzy/opt/gz_common_vendor:/opt/ros/jazzy/opt/gz_math_vendor:/opt/ros/jazzy/opt/gz_utils_vendor:/opt/ros/jazzy/opt/gz_tools_vendor:/opt/ros/jazzy/opt/gz_ogre_next_vendor:/opt/ros/jazzy/opt/gz_dartsim_vendor:/opt/ros/jazzy/opt/gz_cmake_vendor:/opt/ros/jazzy DEBUGINFOD_URLS=https://debuginfod.ubuntu.com /usr/bin/cmake --install /home/sang/ros2_ws/build/ros2_control_demo_example_7
