[0.037s] Invoking command in '/home/sang/ros2_ws/build/Assem3': DEBUGINFOD_URLS=https://debuginfod.ubuntu.com /usr/bin/cmake /home/sang/ros2_ws/src/Assem3 -DCATKIN_INSTALL_INTO_PREFIX_ROOT=0 -DCMAKE_INSTALL_PREFIX=/home/sang/ros2_ws/install/Assem3
[0.128s] [0mCMake Deprecation Warning at CMakeLists.txt:1 (cmake_minimum_required):
[0.129s]   Compatibility with CMake < 3.5 will be removed from a future version of
[0.129s]   CMake.
[0.129s] 
[0.130s]   Update the VERSION argument <min> value or use a ...<max> suffix to tell
[0.130s]   CMake that the project does not need compatibility with older versions.
[0.130s] 
[0.130s] [0m
[0.618s] -- The C compiler identification is GNU 13.3.0
[0.942s] -- The CXX compiler identification is GNU 13.3.0
[1.009s] -- Detecting C compiler ABI info
[1.330s] -- Detecting C compiler ABI info - done
[1.345s] -- Check for working C compiler: /usr/bin/cc - skipped
[1.348s] -- Detecting C compile features
[1.350s] -- Detecting C compile features - done
[1.394s] -- Detecting CXX compiler ABI info
[1.717s] -- Detecting CXX compiler ABI info - done
[1.728s] -- Check for working CXX compiler: /usr/bin/c++ - skipped
[1.729s] -- Detecting CXX compile features
[1.731s] -- Detecting CXX compile features - done
[1.789s] [31mCMake Error at CMakeLists.txt:5 (find_package):
[1.790s]   By not providing "Findcatkin.cmake" in CMAKE_MODULE_PATH this project has
[1.790s]   asked CMake to find a package configuration file provided by "catkin", but
[1.791s]   CMake did not find one.
[1.791s] 
[1.791s]   Could not find a package configuration file provided by "catkin" with any
[1.796s]   of the following names:
[1.796s] 
[1.796s]     catkinConfig.cmake
[1.796s]     catkin-config.cmake
[1.796s] 
[1.797s]   Add the installation prefix of "catkin" to CMAKE_PREFIX_PATH or set
[1.797s]   "catkin_DIR" to a directory containing one of the above files.  If "catkin"
[1.797s]   provides a separate development package or SDK, be sure it has been
[1.797s]   installed.
[1.797s] 
[1.798s] [0m
[1.798s] -- Configuring incomplete, errors occurred!
[1.807s] Invoked command in '/home/sang/ros2_ws/build/Assem3' returned '1': DEBUGINFOD_URLS=https://debuginfod.ubuntu.com /usr/bin/cmake /home/sang/ros2_ws/src/Assem3 -DCATKIN_INSTALL_INTO_PREFIX_ROOT=0 -DCMAKE_INSTALL_PREFIX=/home/sang/ros2_ws/install/Assem3
